<?xml version="1.0" encoding="UTF-8"?>
<coverage generated="1594670590287" clover="3.2.0">
  <project timestamp="1594670590288" name="All files">
    <metrics statements="1572" coveredstatements="1410" conditionals="444" coveredconditionals="444" methods="384" coveredmethods="222" elements="2400" coveredelements="2076" complexity="0" loc="1572" ncloc="1572" packages="1" files="2" classes="2"/>
    <file name="UtilityTypes.ts" path="C:\Users\eric\dev\src\github.com\erichiller\inventory\client\src\lib\types\UtilityTypes.ts">
      <metrics statements="2" coveredstatements="2" conditionals="0" coveredconditionals="0" methods="0" coveredmethods="0"/>
      <line num="1" count="1" type="stmt"/>
      <line num="2" count="1" type="stmt"/>
    </file>
    <file name="graphql.tsx" path="C:\Users\eric\dev\src\github.com\erichiller\inventory\client\src\lib\types\graphql.tsx">
      <metrics statements="1570" coveredstatements="1408" conditionals="444" coveredconditionals="444" methods="384" coveredmethods="222"/>
      <line num="1" count="1" type="stmt"/>
      <line num="2" count="1" type="stmt"/>
      <line num="3" count="1" type="stmt"/>
      <line num="4" count="1" type="stmt"/>
      <line num="70" count="1" type="cond" truecount="2" falsecount="0"/>
      <line num="71" count="1" type="stmt"/>
      <line num="72" count="1" type="stmt"/>
      <line num="73" count="1" type="stmt"/>
      <line num="74" count="1" type="stmt"/>
      <line num="75" count="1" type="stmt"/>
      <line num="76" count="1" type="stmt"/>
      <line num="77" count="1" type="stmt"/>
      <line num="78" count="1" type="stmt"/>
      <line num="79" count="1" type="stmt"/>
      <line num="155" count="1" type="cond" truecount="2" falsecount="0"/>
      <line num="156" count="1" type="stmt"/>
      <line num="157" count="1" type="stmt"/>
      <line num="158" count="1" type="stmt"/>
      <line num="159" count="1" type="stmt"/>
      <line num="160" count="1" type="stmt"/>
      <line num="161" count="1" type="stmt"/>
      <line num="162" count="1" type="stmt"/>
      <line num="163" count="1" type="stmt"/>
      <line num="164" count="1" type="stmt"/>
      <line num="165" count="1" type="stmt"/>
      <line num="166" count="1" type="stmt"/>
      <line num="167" count="1" type="stmt"/>
      <line num="168" count="1" type="stmt"/>
      <line num="169" count="1" type="stmt"/>
      <line num="170" count="1" type="stmt"/>
      <line num="171" count="1" type="stmt"/>
      <line num="172" count="1" type="stmt"/>
      <line num="173" count="1" type="stmt"/>
      <line num="174" count="1" type="stmt"/>
      <line num="175" count="1" type="stmt"/>
      <line num="176" count="1" type="stmt"/>
      <line num="177" count="1" type="stmt"/>
      <line num="178" count="1" type="stmt"/>
      <line num="179" count="1" type="stmt"/>
      <line num="180" count="1" type="stmt"/>
      <line num="181" count="1" type="stmt"/>
      <line num="182" count="1" type="stmt"/>
      <line num="183" count="1" type="stmt"/>
      <line num="184" count="1" type="stmt"/>
      <line num="185" count="1" type="stmt"/>
      <line num="188" count="1" type="cond" truecount="2" falsecount="0"/>
      <line num="189" count="1" type="stmt"/>
      <line num="190" count="1" type="stmt"/>
      <line num="191" count="1" type="stmt"/>
      <line num="192" count="1" type="stmt"/>
      <line num="193" count="1" type="stmt"/>
      <line num="194" count="1" type="stmt"/>
      <line num="195" count="1" type="stmt"/>
      <line num="196" count="1" type="stmt"/>
      <line num="197" count="1" type="stmt"/>
      <line num="198" count="1" type="stmt"/>
      <line num="282" count="1" type="cond" truecount="2" falsecount="0"/>
      <line num="284" count="1" type="stmt"/>
      <line num="353" count="1" type="cond" truecount="2" falsecount="0"/>
      <line num="355" count="1" type="stmt"/>
      <line num="357" count="1" type="stmt"/>
      <line num="367" count="1" type="cond" truecount="2" falsecount="0"/>
      <line num="369" count="1" type="stmt"/>
      <line num="371" count="1" type="stmt"/>
      <line num="426" count="1" type="cond" truecount="2" falsecount="0"/>
      <line num="428" count="1" type="stmt"/>
      <line num="430" count="1" type="stmt"/>
      <line num="433" count="1" type="cond" truecount="2" falsecount="0"/>
      <line num="434" count="1" type="stmt"/>
      <line num="435" count="1" type="stmt"/>
      <line num="436" count="1" type="stmt"/>
      <line num="437" count="1" type="stmt"/>
      <line num="438" count="1" type="stmt"/>
      <line num="440" count="1" type="stmt"/>
      <line num="518" count="1" type="cond" truecount="2" falsecount="0"/>
      <line num="520" count="1" type="stmt"/>
      <line num="522" count="1" type="stmt"/>
      <line num="532" count="1" type="cond" truecount="2" falsecount="0"/>
      <line num="534" count="1" type="stmt"/>
      <line num="536" count="1" type="stmt"/>
      <line num="591" count="1" type="cond" truecount="2" falsecount="0"/>
      <line num="593" count="1" type="stmt"/>
      <line num="596" count="1" type="cond" truecount="2" falsecount="0"/>
      <line num="598" count="1" type="stmt"/>
      <line num="600" count="1" type="stmt"/>
      <line num="678" count="1" type="cond" truecount="2" falsecount="0"/>
      <line num="680" count="1" type="stmt"/>
      <line num="682" count="1" type="stmt"/>
      <line num="692" count="1" type="cond" truecount="2" falsecount="0"/>
      <line num="694" count="1" type="stmt"/>
      <line num="696" count="1" type="stmt"/>
      <line num="756" count="1" type="cond" truecount="2" falsecount="0"/>
      <line num="758" count="1" type="stmt"/>
      <line num="761" count="1" type="cond" truecount="2" falsecount="0"/>
      <line num="763" count="1" type="stmt"/>
      <line num="765" count="1" type="stmt"/>
      <line num="767" count="1" type="stmt"/>
      <line num="769" count="1" type="stmt"/>
      <line num="771" count="1" type="stmt"/>
      <line num="773" count="1" type="stmt"/>
      <line num="775" count="1" type="stmt"/>
      <line num="777" count="1" type="stmt"/>
      <line num="779" count="1" type="stmt"/>
      <line num="781" count="1" type="stmt"/>
      <line num="783" count="1" type="stmt"/>
      <line num="785" count="1" type="stmt"/>
      <line num="787" count="1" type="stmt"/>
      <line num="789" count="1" type="stmt"/>
      <line num="791" count="1" type="stmt"/>
      <line num="793" count="1" type="stmt"/>
      <line num="795" count="1" type="stmt"/>
      <line num="797" count="1" type="stmt"/>
      <line num="799" count="1" type="stmt"/>
      <line num="801" count="1" type="stmt"/>
      <line num="803" count="1" type="stmt"/>
      <line num="805" count="1" type="stmt"/>
      <line num="807" count="1" type="stmt"/>
      <line num="885" count="1" type="cond" truecount="2" falsecount="0"/>
      <line num="887" count="1" type="stmt"/>
      <line num="889" count="1" type="stmt"/>
      <line num="899" count="1" type="cond" truecount="2" falsecount="0"/>
      <line num="901" count="1" type="stmt"/>
      <line num="903" count="1" type="stmt"/>
      <line num="965" count="1" type="cond" truecount="2" falsecount="0"/>
      <line num="967" count="1" type="stmt"/>
      <line num="970" count="1" type="cond" truecount="2" falsecount="0"/>
      <line num="972" count="1" type="stmt"/>
      <line num="974" count="1" type="stmt"/>
      <line num="976" count="1" type="stmt"/>
      <line num="977" count="1" type="stmt"/>
      <line num="979" count="1" type="stmt"/>
      <line num="981" count="1" type="stmt"/>
      <line num="983" count="1" type="stmt"/>
      <line num="985" count="1" type="stmt"/>
      <line num="987" count="1" type="stmt"/>
      <line num="989" count="1" type="stmt"/>
      <line num="991" count="1" type="stmt"/>
      <line num="992" count="1" type="stmt"/>
      <line num="1070" count="1" type="cond" truecount="2" falsecount="0"/>
      <line num="1072" count="1" type="stmt"/>
      <line num="1074" count="1" type="stmt"/>
      <line num="1084" count="1" type="cond" truecount="2" falsecount="0"/>
      <line num="1086" count="1" type="stmt"/>
      <line num="1088" count="1" type="stmt"/>
      <line num="1143" count="1" type="cond" truecount="2" falsecount="0"/>
      <line num="1145" count="1" type="stmt"/>
      <line num="1148" count="1" type="cond" truecount="2" falsecount="0"/>
      <line num="1150" count="1" type="stmt"/>
      <line num="1152" count="1" type="stmt"/>
      <line num="1154" count="1" type="stmt"/>
      <line num="1156" count="1" type="stmt"/>
      <line num="1158" count="1" type="stmt"/>
      <line num="1160" count="1" type="stmt"/>
      <line num="1162" count="1" type="stmt"/>
      <line num="1164" count="1" type="stmt"/>
      <line num="1166" count="1" type="stmt"/>
      <line num="1168" count="1" type="stmt"/>
      <line num="1170" count="1" type="stmt"/>
      <line num="1172" count="1" type="stmt"/>
      <line num="1174" count="1" type="stmt"/>
      <line num="1176" count="1" type="stmt"/>
      <line num="1178" count="1" type="stmt"/>
      <line num="1256" count="1" type="cond" truecount="2" falsecount="0"/>
      <line num="1258" count="1" type="stmt"/>
      <line num="1260" count="1" type="stmt"/>
      <line num="1270" count="1" type="cond" truecount="2" falsecount="0"/>
      <line num="1272" count="1" type="stmt"/>
      <line num="1274" count="1" type="stmt"/>
      <line num="1329" count="1" type="cond" truecount="2" falsecount="0"/>
      <line num="1331" count="1" type="stmt"/>
      <line num="1334" count="1" type="cond" truecount="2" falsecount="0"/>
      <line num="1336" count="1" type="stmt"/>
      <line num="1338" count="1" type="stmt"/>
      <line num="1416" count="1" type="cond" truecount="2" falsecount="0"/>
      <line num="1418" count="1" type="stmt"/>
      <line num="1420" count="1" type="stmt"/>
      <line num="1430" count="1" type="cond" truecount="2" falsecount="0"/>
      <line num="1432" count="1" type="stmt"/>
      <line num="1434" count="1" type="stmt"/>
      <line num="1494" count="1" type="cond" truecount="2" falsecount="0"/>
      <line num="1496" count="1" type="stmt"/>
      <line num="1499" count="1" type="cond" truecount="2" falsecount="0"/>
      <line num="1500" count="1" type="stmt"/>
      <line num="1501" count="1" type="stmt"/>
      <line num="1502" count="1" type="stmt"/>
      <line num="1503" count="1" type="stmt"/>
      <line num="1508" count="1" type="stmt"/>
      <line num="1513" count="1" type="stmt"/>
      <line num="1591" count="1" type="cond" truecount="2" falsecount="0"/>
      <line num="1593" count="1" type="stmt"/>
      <line num="1595" count="1" type="stmt"/>
      <line num="1605" count="1" type="cond" truecount="2" falsecount="0"/>
      <line num="1607" count="1" type="stmt"/>
      <line num="1609" count="1" type="stmt"/>
      <line num="1664" count="1" type="cond" truecount="2" falsecount="0"/>
      <line num="1666" count="1" type="stmt"/>
      <line num="1669" count="1" type="cond" truecount="2" falsecount="0"/>
      <line num="1670" count="1" type="stmt"/>
      <line num="1671" count="1" type="stmt"/>
      <line num="1672" count="1" type="stmt"/>
      <line num="1673" count="1" type="stmt"/>
      <line num="1674" count="1" type="stmt"/>
      <line num="1675" count="1" type="stmt"/>
      <line num="1676" count="1" type="stmt"/>
      <line num="1677" count="1" type="stmt"/>
      <line num="1678" count="1" type="stmt"/>
      <line num="1679" count="1" type="stmt"/>
      <line num="1680" count="1" type="stmt"/>
      <line num="1681" count="1" type="stmt"/>
      <line num="1759" count="1" type="cond" truecount="2" falsecount="0"/>
      <line num="1761" count="1" type="stmt"/>
      <line num="1763" count="1" type="stmt"/>
      <line num="1773" count="1" type="cond" truecount="2" falsecount="0"/>
      <line num="1775" count="1" type="stmt"/>
      <line num="1777" count="1" type="stmt"/>
      <line num="1832" count="1" type="cond" truecount="2" falsecount="0"/>
      <line num="1834" count="1" type="stmt"/>
      <line num="1837" count="1" type="cond" truecount="2" falsecount="0"/>
      <line num="1839" count="1" type="stmt"/>
      <line num="1841" count="1" type="stmt"/>
      <line num="1842" count="1" type="stmt"/>
      <line num="1847" count="1" type="stmt"/>
      <line num="1848" count="1" type="stmt"/>
      <line num="1853" count="1" type="stmt"/>
      <line num="1855" count="1" type="stmt"/>
      <line num="1857" count="1" type="stmt"/>
      <line num="1859" count="1" type="stmt"/>
      <line num="1861" count="1" type="stmt"/>
      <line num="1863" count="1" type="stmt"/>
      <line num="1864" count="1" type="stmt"/>
      <line num="1866" count="1" type="stmt"/>
      <line num="1944" count="1" type="cond" truecount="2" falsecount="0"/>
      <line num="1946" count="1" type="stmt"/>
      <line num="1948" count="1" type="stmt"/>
      <line num="1958" count="1" type="cond" truecount="2" falsecount="0"/>
      <line num="1960" count="1" type="stmt"/>
      <line num="1962" count="1" type="stmt"/>
      <line num="2017" count="1" type="cond" truecount="2" falsecount="0"/>
      <line num="2019" count="1" type="stmt"/>
      <line num="2022" count="1" type="cond" truecount="2" falsecount="0"/>
      <line num="2023" count="1" type="stmt"/>
      <line num="2024" count="1" type="stmt"/>
      <line num="2025" count="1" type="stmt"/>
      <line num="2026" count="1" type="stmt"/>
      <line num="2104" count="1" type="cond" truecount="2" falsecount="0"/>
      <line num="2106" count="1" type="stmt"/>
      <line num="2108" count="1" type="stmt"/>
      <line num="2118" count="1" type="cond" truecount="2" falsecount="0"/>
      <line num="2120" count="1" type="stmt"/>
      <line num="2122" count="1" type="stmt"/>
      <line num="2182" count="1" type="cond" truecount="2" falsecount="0"/>
      <line num="2184" count="1" type="stmt"/>
      <line num="2187" count="1" type="cond" truecount="2" falsecount="0"/>
      <line num="2189" count="1" type="stmt"/>
      <line num="2191" count="1" type="stmt"/>
      <line num="2193" count="1" type="stmt"/>
      <line num="2195" count="1" type="stmt"/>
      <line num="2197" count="1" type="stmt"/>
      <line num="2199" count="1" type="stmt"/>
      <line num="2201" count="1" type="stmt"/>
      <line num="2203" count="1" type="stmt"/>
      <line num="2205" count="1" type="stmt"/>
      <line num="2283" count="1" type="cond" truecount="2" falsecount="0"/>
      <line num="2285" count="1" type="stmt"/>
      <line num="2287" count="1" type="stmt"/>
      <line num="2297" count="1" type="cond" truecount="2" falsecount="0"/>
      <line num="2299" count="1" type="stmt"/>
      <line num="2301" count="1" type="stmt"/>
      <line num="2361" count="1" type="cond" truecount="2" falsecount="0"/>
      <line num="2363" count="1" type="stmt"/>
      <line num="2366" count="1" type="cond" truecount="2" falsecount="0"/>
      <line num="2367" count="1" type="stmt"/>
      <line num="2368" count="1" type="stmt"/>
      <line num="2369" count="1" type="stmt"/>
      <line num="2374" count="1" type="stmt"/>
      <line num="2375" count="1" type="stmt"/>
      <line num="2380" count="1" type="stmt"/>
      <line num="2382" count="1" type="stmt"/>
      <line num="2384" count="1" type="stmt"/>
      <line num="2462" count="1" type="cond" truecount="2" falsecount="0"/>
      <line num="2464" count="1" type="stmt"/>
      <line num="2466" count="1" type="stmt"/>
      <line num="2476" count="1" type="cond" truecount="2" falsecount="0"/>
      <line num="2478" count="1" type="stmt"/>
      <line num="2480" count="1" type="stmt"/>
      <line num="2535" count="1" type="cond" truecount="2" falsecount="0"/>
      <line num="2537" count="1" type="stmt"/>
      <line num="2540" count="1" type="cond" truecount="2" falsecount="0"/>
      <line num="2541" count="1" type="stmt"/>
      <line num="2542" count="1" type="stmt"/>
      <line num="2543" count="1" type="stmt"/>
      <line num="2544" count="1" type="stmt"/>
      <line num="2622" count="1" type="cond" truecount="2" falsecount="0"/>
      <line num="2624" count="1" type="stmt"/>
      <line num="2626" count="1" type="stmt"/>
      <line num="2636" count="1" type="cond" truecount="2" falsecount="0"/>
      <line num="2638" count="1" type="stmt"/>
      <line num="2640" count="1" type="stmt"/>
      <line num="2700" count="1" type="cond" truecount="2" falsecount="0"/>
      <line num="2702" count="1" type="stmt"/>
      <line num="2705" count="1" type="cond" truecount="2" falsecount="0"/>
      <line num="2707" count="1" type="stmt"/>
      <line num="2708" count="1" type="stmt"/>
      <line num="2709" count="1" type="stmt"/>
      <line num="2787" count="1" type="cond" truecount="2" falsecount="0"/>
      <line num="2789" count="1" type="stmt"/>
      <line num="2791" count="1" type="stmt"/>
      <line num="2801" count="1" type="cond" truecount="2" falsecount="0"/>
      <line num="2803" count="1" type="stmt"/>
      <line num="2805" count="1" type="stmt"/>
      <line num="2865" count="1" type="cond" truecount="2" falsecount="0"/>
      <line num="2867" count="1" type="stmt"/>
      <line num="2870" count="1" type="cond" truecount="2" falsecount="0"/>
      <line num="2872" count="1" type="stmt"/>
      <line num="2874" count="1" type="stmt"/>
      <line num="2876" count="1" type="stmt"/>
      <line num="2878" count="1" type="stmt"/>
      <line num="2880" count="1" type="stmt"/>
      <line num="2882" count="1" type="stmt"/>
      <line num="2960" count="1" type="cond" truecount="2" falsecount="0"/>
      <line num="2962" count="1" type="stmt"/>
      <line num="2964" count="1" type="stmt"/>
      <line num="2974" count="1" type="cond" truecount="2" falsecount="0"/>
      <line num="2976" count="1" type="stmt"/>
      <line num="2978" count="1" type="stmt"/>
      <line num="3038" count="1" type="cond" truecount="2" falsecount="0"/>
      <line num="3040" count="1" type="stmt"/>
      <line num="3043" count="1" type="cond" truecount="2" falsecount="0"/>
      <line num="3045" count="1" type="stmt"/>
      <line num="3047" count="1" type="stmt"/>
      <line num="3049" count="1" type="stmt"/>
      <line num="3051" count="1" type="stmt"/>
      <line num="3053" count="1" type="stmt"/>
      <line num="3054" count="1" type="stmt"/>
      <line num="3132" count="1" type="cond" truecount="2" falsecount="0"/>
      <line num="3134" count="1" type="stmt"/>
      <line num="3136" count="1" type="stmt"/>
      <line num="3146" count="1" type="cond" truecount="2" falsecount="0"/>
      <line num="3148" count="1" type="stmt"/>
      <line num="3150" count="1" type="stmt"/>
      <line num="3205" count="1" type="cond" truecount="2" falsecount="0"/>
      <line num="3207" count="1" type="stmt"/>
      <line num="3210" count="1" type="cond" truecount="2" falsecount="0"/>
      <line num="3212" count="1" type="stmt"/>
      <line num="3214" count="1" type="stmt"/>
      <line num="3216" count="1" type="stmt"/>
      <line num="3294" count="1" type="cond" truecount="2" falsecount="0"/>
      <line num="3296" count="1" type="stmt"/>
      <line num="3298" count="1" type="stmt"/>
      <line num="3308" count="1" type="cond" truecount="2" falsecount="0"/>
      <line num="3310" count="1" type="stmt"/>
      <line num="3312" count="1" type="stmt"/>
      <line num="3372" count="1" type="cond" truecount="2" falsecount="0"/>
      <line num="3374" count="1" type="stmt"/>
      <line num="3377" count="1" type="cond" truecount="2" falsecount="0"/>
      <line num="3379" count="1" type="stmt"/>
      <line num="3381" count="1" type="stmt"/>
      <line num="3383" count="1" type="stmt"/>
      <line num="3385" count="1" type="stmt"/>
      <line num="3463" count="1" type="cond" truecount="2" falsecount="0"/>
      <line num="3465" count="1" type="stmt"/>
      <line num="3467" count="1" type="stmt"/>
      <line num="3477" count="1" type="cond" truecount="2" falsecount="0"/>
      <line num="3479" count="1" type="stmt"/>
      <line num="3481" count="1" type="stmt"/>
      <line num="3541" count="1" type="cond" truecount="2" falsecount="0"/>
      <line num="3543" count="1" type="stmt"/>
      <line num="3546" count="1" type="cond" truecount="2" falsecount="0"/>
      <line num="3548" count="1" type="stmt"/>
      <line num="3549" count="1" type="stmt"/>
      <line num="3550" count="1" type="stmt"/>
      <line num="3552" count="1" type="stmt"/>
      <line num="3557" count="1" type="stmt"/>
      <line num="3559" count="1" type="stmt"/>
      <line num="3560" count="1" type="stmt"/>
      <line num="3561" count="1" type="stmt"/>
      <line num="3562" count="1" type="stmt"/>
      <line num="3567" count="1" type="stmt"/>
      <line num="3645" count="1" type="cond" truecount="2" falsecount="0"/>
      <line num="3647" count="1" type="stmt"/>
      <line num="3649" count="1" type="stmt"/>
      <line num="3659" count="1" type="cond" truecount="2" falsecount="0"/>
      <line num="3661" count="1" type="stmt"/>
      <line num="3663" count="1" type="stmt"/>
      <line num="3723" count="1" type="cond" truecount="2" falsecount="0"/>
      <line num="3725" count="1" type="stmt"/>
      <line num="3728" count="1" type="cond" truecount="2" falsecount="0"/>
      <line num="3729" count="1" type="stmt"/>
      <line num="3731" count="1" type="stmt"/>
      <line num="3732" count="1" type="stmt"/>
      <line num="3733" count="1" type="stmt"/>
      <line num="3811" count="1" type="cond" truecount="2" falsecount="0"/>
      <line num="3813" count="1" type="stmt"/>
      <line num="3815" count="1" type="stmt"/>
      <line num="3825" count="1" type="cond" truecount="2" falsecount="0"/>
      <line num="3827" count="1" type="stmt"/>
      <line num="3829" count="1" type="stmt"/>
      <line num="3884" count="1" type="cond" truecount="2" falsecount="0"/>
      <line num="3886" count="1" type="stmt"/>
      <line num="3955" count="1" type="cond" truecount="2" falsecount="0"/>
      <line num="3957" count="1" type="stmt"/>
      <line num="3959" count="1" type="stmt"/>
      <line num="3969" count="1" type="cond" truecount="2" falsecount="0"/>
      <line num="3971" count="1" type="stmt"/>
      <line num="3973" count="1" type="stmt"/>
      <line num="4028" count="1" type="cond" truecount="2" falsecount="0"/>
      <line num="4030" count="1" type="stmt"/>
      <line num="4099" count="1" type="cond" truecount="2" falsecount="0"/>
      <line num="4101" count="1" type="stmt"/>
      <line num="4103" count="1" type="stmt"/>
      <line num="4113" count="1" type="cond" truecount="2" falsecount="0"/>
      <line num="4115" count="1" type="stmt"/>
      <line num="4117" count="1" type="stmt"/>
      <line num="4172" count="1" type="cond" truecount="2" falsecount="0"/>
      <line num="4174" count="1" type="stmt"/>
      <line num="4243" count="1" type="cond" truecount="2" falsecount="0"/>
      <line num="4245" count="1" type="stmt"/>
      <line num="4247" count="1" type="stmt"/>
      <line num="4257" count="1" type="cond" truecount="2" falsecount="0"/>
      <line num="4259" count="1" type="stmt"/>
      <line num="4261" count="1" type="stmt"/>
      <line num="4316" count="1" type="cond" truecount="2" falsecount="0"/>
      <line num="4318" count="1" type="stmt"/>
      <line num="4387" count="1" type="cond" truecount="2" falsecount="0"/>
      <line num="4389" count="1" type="stmt"/>
      <line num="4391" count="1" type="stmt"/>
      <line num="4401" count="1" type="cond" truecount="2" falsecount="0"/>
      <line num="4403" count="1" type="stmt"/>
      <line num="4405" count="1" type="stmt"/>
      <line num="4460" count="1" type="cond" truecount="2" falsecount="0"/>
      <line num="4462" count="1" type="stmt"/>
      <line num="4531" count="1" type="cond" truecount="2" falsecount="0"/>
      <line num="4533" count="1" type="stmt"/>
      <line num="4535" count="1" type="stmt"/>
      <line num="4545" count="1" type="cond" truecount="2" falsecount="0"/>
      <line num="4547" count="1" type="stmt"/>
      <line num="4549" count="1" type="stmt"/>
      <line num="4604" count="1" type="cond" truecount="2" falsecount="0"/>
      <line num="4606" count="1" type="stmt"/>
      <line num="4675" count="1" type="cond" truecount="2" falsecount="0"/>
      <line num="4677" count="1" type="stmt"/>
      <line num="4679" count="1" type="stmt"/>
      <line num="4689" count="1" type="cond" truecount="2" falsecount="0"/>
      <line num="4691" count="1" type="stmt"/>
      <line num="4693" count="1" type="stmt"/>
      <line num="4753" count="1" type="cond" truecount="2" falsecount="0"/>
      <line num="4755" count="1" type="stmt"/>
      <line num="4758" count="1" type="cond" truecount="2" falsecount="0"/>
      <line num="4759" count="1" type="stmt"/>
      <line num="4760" count="1" type="stmt"/>
      <line num="4761" count="1" type="stmt"/>
      <line num="4762" count="1" type="stmt"/>
      <line num="4763" count="1" type="stmt"/>
      <line num="4764" count="1" type="stmt"/>
      <line num="4766" count="1" type="stmt"/>
      <line num="4844" count="1" type="cond" truecount="2" falsecount="0"/>
      <line num="4846" count="1" type="stmt"/>
      <line num="4848" count="1" type="stmt"/>
      <line num="4858" count="1" type="cond" truecount="2" falsecount="0"/>
      <line num="4860" count="1" type="stmt"/>
      <line num="4862" count="1" type="stmt"/>
      <line num="4917" count="1" type="cond" truecount="2" falsecount="0"/>
      <line num="4919" count="1" type="stmt"/>
      <line num="4922" count="1" type="cond" truecount="2" falsecount="0"/>
      <line num="4924" count="1" type="stmt"/>
      <line num="4926" count="1" type="stmt"/>
      <line num="4928" count="1" type="stmt"/>
      <line num="4930" count="1" type="stmt"/>
      <line num="5008" count="1" type="cond" truecount="2" falsecount="0"/>
      <line num="5010" count="1" type="stmt"/>
      <line num="5012" count="1" type="stmt"/>
      <line num="5022" count="1" type="cond" truecount="2" falsecount="0"/>
      <line num="5024" count="1" type="stmt"/>
      <line num="5026" count="1" type="stmt"/>
      <line num="5086" count="1" type="cond" truecount="2" falsecount="0"/>
      <line num="5088" count="1" type="stmt"/>
      <line num="5091" count="1" type="cond" truecount="2" falsecount="0"/>
      <line num="5092" count="1" type="stmt"/>
      <line num="5093" count="1" type="stmt"/>
      <line num="5094" count="1" type="stmt"/>
      <line num="5095" count="1" type="stmt"/>
      <line num="5096" count="1" type="stmt"/>
      <line num="5097" count="1" type="stmt"/>
      <line num="5098" count="1" type="stmt"/>
      <line num="5176" count="1" type="cond" truecount="2" falsecount="0"/>
      <line num="5178" count="1" type="stmt"/>
      <line num="5180" count="1" type="stmt"/>
      <line num="5190" count="1" type="cond" truecount="2" falsecount="0"/>
      <line num="5192" count="1" type="stmt"/>
      <line num="5194" count="1" type="stmt"/>
      <line num="5254" count="1" type="cond" truecount="2" falsecount="0"/>
      <line num="5256" count="1" type="stmt"/>
      <line num="5259" count="1" type="cond" truecount="2" falsecount="0"/>
      <line num="5261" count="1" type="stmt"/>
      <line num="5263" count="1" type="stmt"/>
      <line num="5265" count="1" type="stmt"/>
      <line num="5267" count="1" type="stmt"/>
      <line num="5345" count="1" type="cond" truecount="2" falsecount="0"/>
      <line num="5347" count="1" type="stmt"/>
      <line num="5349" count="1" type="stmt"/>
      <line num="5359" count="1" type="cond" truecount="2" falsecount="0"/>
      <line num="5361" count="1" type="stmt"/>
      <line num="5363" count="1" type="stmt"/>
      <line num="5418" count="1" type="cond" truecount="2" falsecount="0"/>
      <line num="5420" count="1" type="stmt"/>
      <line num="5423" count="1" type="cond" truecount="2" falsecount="0"/>
      <line num="5424" count="1" type="stmt"/>
      <line num="5426" count="1" type="stmt"/>
      <line num="5504" count="1" type="cond" truecount="2" falsecount="0"/>
      <line num="5506" count="1" type="stmt"/>
      <line num="5508" count="1" type="stmt"/>
      <line num="5518" count="1" type="cond" truecount="2" falsecount="0"/>
      <line num="5520" count="1" type="stmt"/>
      <line num="5522" count="1" type="stmt"/>
      <line num="5694" count="1" type="cond" truecount="2" falsecount="0"/>
      <line num="5696" count="1" type="stmt"/>
      <line num="5698" count="1" type="stmt"/>
      <line num="5813" count="1" type="cond" truecount="2" falsecount="0"/>
      <line num="5815" count="1" type="stmt"/>
      <line num="5817" count="1" type="stmt"/>
      <line num="5917" count="1" type="cond" truecount="2" falsecount="0"/>
      <line num="5919" count="1" type="stmt"/>
      <line num="5921" count="1" type="stmt"/>
      <line num="5923" count="1" type="stmt"/>
      <line num="5925" count="1" type="stmt"/>
      <line num="5981" count="1" type="cond" truecount="2" falsecount="0"/>
      <line num="5983" count="1" type="stmt"/>
      <line num="5985" count="1" type="stmt"/>
      <line num="5987" count="1" type="stmt"/>
      <line num="5989" count="1" type="stmt"/>
      <line num="6115" count="1" type="cond" truecount="2" falsecount="0"/>
      <line num="6117" count="1" type="stmt"/>
      <line num="6196" count="1" type="cond" truecount="2" falsecount="0"/>
      <line num="6198" count="1" type="stmt"/>
      <line num="6200" count="1" type="stmt"/>
      <line num="6254" count="1" type="cond" truecount="2" falsecount="0"/>
      <line num="6256" count="1" type="stmt"/>
      <line num="6258" count="1" type="stmt"/>
      <line num="6349" count="1" type="cond" truecount="2" falsecount="0"/>
      <line num="6351" count="1" type="stmt"/>
      <line num="6423" count="1" type="cond" truecount="2" falsecount="0"/>
      <line num="6425" count="1" type="stmt"/>
      <line num="6427" count="1" type="stmt"/>
      <line num="6437" count="1" type="cond" truecount="2" falsecount="0"/>
      <line num="6439" count="1" type="stmt"/>
      <line num="6441" count="1" type="stmt"/>
      <line num="6522" count="1" type="cond" truecount="2" falsecount="0"/>
      <line num="6524" count="1" type="stmt"/>
      <line num="6526" count="1" type="stmt"/>
      <line num="6528" count="1" type="stmt"/>
      <line num="6530" count="1" type="stmt"/>
      <line num="6532" count="1" type="stmt"/>
      <line num="6545" count="1" type="cond" truecount="2" falsecount="0"/>
      <line num="6547" count="1" type="stmt"/>
      <line num="6549" count="1" type="stmt"/>
      <line num="6551" count="1" type="stmt"/>
      <line num="6553" count="1" type="stmt"/>
      <line num="6555" count="1" type="stmt"/>
      <line num="6952" count="1" type="cond" truecount="2" falsecount="0"/>
      <line num="6954" count="1" type="stmt"/>
      <line num="6956" count="1" type="stmt"/>
      <line num="7066" count="1" type="cond" truecount="2" falsecount="0"/>
      <line num="7068" count="1" type="stmt"/>
      <line num="7155" count="1" type="cond" truecount="2" falsecount="0"/>
      <line num="7157" count="1" type="stmt"/>
      <line num="7159" count="1" type="stmt"/>
      <line num="7161" count="1" type="stmt"/>
      <line num="7232" count="1" type="cond" truecount="2" falsecount="0"/>
      <line num="7234" count="1" type="stmt"/>
      <line num="7236" count="1" type="stmt"/>
      <line num="7238" count="1" type="stmt"/>
      <line num="7363" count="1" type="cond" truecount="2" falsecount="0"/>
      <line num="7365" count="1" type="stmt"/>
      <line num="7367" count="1" type="stmt"/>
      <line num="7369" count="1" type="stmt"/>
      <line num="7371" count="1" type="stmt"/>
      <line num="7373" count="1" type="stmt"/>
      <line num="7430" count="1" type="cond" truecount="2" falsecount="0"/>
      <line num="7432" count="1" type="stmt"/>
      <line num="7434" count="1" type="stmt"/>
      <line num="7436" count="1" type="stmt"/>
      <line num="7438" count="1" type="stmt"/>
      <line num="7440" count="1" type="stmt"/>
      <line num="7642" count="1" type="cond" truecount="2" falsecount="0"/>
      <line num="7644" count="1" type="stmt"/>
      <line num="7857" count="1" type="cond" truecount="2" falsecount="0"/>
      <line num="7859" count="1" type="stmt"/>
      <line num="7861" count="1" type="stmt"/>
      <line num="7863" count="1" type="stmt"/>
      <line num="7865" count="1" type="stmt"/>
      <line num="7867" count="1" type="stmt"/>
      <line num="7869" count="1" type="stmt"/>
      <line num="7871" count="1" type="stmt"/>
      <line num="7873" count="1" type="stmt"/>
      <line num="7875" count="1" type="stmt"/>
      <line num="7877" count="1" type="stmt"/>
      <line num="7879" count="1" type="stmt"/>
      <line num="7881" count="1" type="stmt"/>
      <line num="7883" count="1" type="stmt"/>
      <line num="7885" count="1" type="stmt"/>
      <line num="7887" count="1" type="stmt"/>
      <line num="7889" count="1" type="stmt"/>
      <line num="7891" count="1" type="stmt"/>
      <line num="7893" count="1" type="stmt"/>
      <line num="7895" count="1" type="stmt"/>
      <line num="7897" count="1" type="stmt"/>
      <line num="7899" count="1" type="stmt"/>
      <line num="7901" count="1" type="stmt"/>
      <line num="8031" count="1" type="cond" truecount="2" falsecount="0"/>
      <line num="8033" count="1" type="stmt"/>
      <line num="8035" count="1" type="stmt"/>
      <line num="8037" count="1" type="stmt"/>
      <line num="8039" count="1" type="stmt"/>
      <line num="8041" count="1" type="stmt"/>
      <line num="8043" count="1" type="stmt"/>
      <line num="8045" count="1" type="stmt"/>
      <line num="8047" count="1" type="stmt"/>
      <line num="8049" count="1" type="stmt"/>
      <line num="8051" count="1" type="stmt"/>
      <line num="8053" count="1" type="stmt"/>
      <line num="8055" count="1" type="stmt"/>
      <line num="8057" count="1" type="stmt"/>
      <line num="8059" count="1" type="stmt"/>
      <line num="8061" count="1" type="stmt"/>
      <line num="8063" count="1" type="stmt"/>
      <line num="8065" count="1" type="stmt"/>
      <line num="8067" count="1" type="stmt"/>
      <line num="8069" count="1" type="stmt"/>
      <line num="8071" count="1" type="stmt"/>
      <line num="8073" count="1" type="stmt"/>
      <line num="8075" count="1" type="stmt"/>
      <line num="8154" count="1" type="cond" truecount="2" falsecount="0"/>
      <line num="8156" count="1" type="stmt"/>
      <line num="8318" count="1" type="cond" truecount="2" falsecount="0"/>
      <line num="8320" count="1" type="stmt"/>
      <line num="8509" count="1" type="cond" truecount="2" falsecount="0"/>
      <line num="8511" count="1" type="stmt"/>
      <line num="8513" count="1" type="stmt"/>
      <line num="8515" count="1" type="stmt"/>
      <line num="8517" count="1" type="stmt"/>
      <line num="8519" count="1" type="stmt"/>
      <line num="8521" count="1" type="stmt"/>
      <line num="8523" count="1" type="stmt"/>
      <line num="8525" count="1" type="stmt"/>
      <line num="8527" count="1" type="stmt"/>
      <line num="8529" count="1" type="stmt"/>
      <line num="8531" count="1" type="stmt"/>
      <line num="8533" count="1" type="stmt"/>
      <line num="8535" count="1" type="stmt"/>
      <line num="8537" count="1" type="stmt"/>
      <line num="8539" count="1" type="stmt"/>
      <line num="8541" count="1" type="stmt"/>
      <line num="8543" count="1" type="stmt"/>
      <line num="8545" count="1" type="stmt"/>
      <line num="8547" count="1" type="stmt"/>
      <line num="8658" count="1" type="cond" truecount="2" falsecount="0"/>
      <line num="8660" count="1" type="stmt"/>
      <line num="8662" count="1" type="stmt"/>
      <line num="8664" count="1" type="stmt"/>
      <line num="8666" count="1" type="stmt"/>
      <line num="8668" count="1" type="stmt"/>
      <line num="8670" count="1" type="stmt"/>
      <line num="8672" count="1" type="stmt"/>
      <line num="8674" count="1" type="stmt"/>
      <line num="8676" count="1" type="stmt"/>
      <line num="8678" count="1" type="stmt"/>
      <line num="8680" count="1" type="stmt"/>
      <line num="8682" count="1" type="stmt"/>
      <line num="8684" count="1" type="stmt"/>
      <line num="8686" count="1" type="stmt"/>
      <line num="8688" count="1" type="stmt"/>
      <line num="8690" count="1" type="stmt"/>
      <line num="8692" count="1" type="stmt"/>
      <line num="8694" count="1" type="stmt"/>
      <line num="8696" count="1" type="stmt"/>
      <line num="8841" count="1" type="cond" truecount="2" falsecount="0"/>
      <line num="8843" count="1" type="stmt"/>
      <line num="8917" count="1" type="cond" truecount="2" falsecount="0"/>
      <line num="8919" count="1" type="stmt"/>
      <line num="8921" count="1" type="stmt"/>
      <line num="8975" count="1" type="cond" truecount="2" falsecount="0"/>
      <line num="8977" count="1" type="stmt"/>
      <line num="8979" count="1" type="stmt"/>
      <line num="9109" count="1" type="cond" truecount="2" falsecount="0"/>
      <line num="9111" count="1" type="stmt"/>
      <line num="9199" count="1" type="cond" truecount="2" falsecount="0"/>
      <line num="9201" count="1" type="stmt"/>
      <line num="9203" count="1" type="stmt"/>
      <line num="9205" count="1" type="stmt"/>
      <line num="9207" count="1" type="stmt"/>
      <line num="9209" count="1" type="stmt"/>
      <line num="9211" count="1" type="stmt"/>
      <line num="9213" count="1" type="stmt"/>
      <line num="9272" count="1" type="cond" truecount="2" falsecount="0"/>
      <line num="9274" count="1" type="stmt"/>
      <line num="9276" count="1" type="stmt"/>
      <line num="9278" count="1" type="stmt"/>
      <line num="9280" count="1" type="stmt"/>
      <line num="9282" count="1" type="stmt"/>
      <line num="9284" count="1" type="stmt"/>
      <line num="9286" count="1" type="stmt"/>
      <line num="9409" count="1" type="cond" truecount="2" falsecount="0"/>
      <line num="9411" count="1" type="stmt"/>
      <line num="9618" count="1" type="cond" truecount="2" falsecount="0"/>
      <line num="9620" count="1" type="stmt"/>
      <line num="9823" count="1" type="cond" truecount="2" falsecount="0"/>
      <line num="9825" count="1" type="stmt"/>
      <line num="9827" count="1" type="stmt"/>
      <line num="9829" count="1" type="stmt"/>
      <line num="9831" count="1" type="stmt"/>
      <line num="9833" count="1" type="stmt"/>
      <line num="9835" count="1" type="stmt"/>
      <line num="9837" count="1" type="stmt"/>
      <line num="9839" count="1" type="stmt"/>
      <line num="9841" count="1" type="stmt"/>
      <line num="9843" count="1" type="stmt"/>
      <line num="9845" count="1" type="stmt"/>
      <line num="9847" count="1" type="stmt"/>
      <line num="9849" count="1" type="stmt"/>
      <line num="9851" count="1" type="stmt"/>
      <line num="9853" count="1" type="stmt"/>
      <line num="9855" count="1" type="stmt"/>
      <line num="9857" count="1" type="stmt"/>
      <line num="9859" count="1" type="stmt"/>
      <line num="9861" count="1" type="stmt"/>
      <line num="9863" count="1" type="stmt"/>
      <line num="9865" count="1" type="stmt"/>
      <line num="9867" count="1" type="stmt"/>
      <line num="9869" count="1" type="stmt"/>
      <line num="9871" count="1" type="stmt"/>
      <line num="9873" count="1" type="stmt"/>
      <line num="9875" count="1" type="stmt"/>
      <line num="9877" count="1" type="stmt"/>
      <line num="9879" count="1" type="stmt"/>
      <line num="10031" count="1" type="cond" truecount="2" falsecount="0"/>
      <line num="10033" count="1" type="stmt"/>
      <line num="10035" count="1" type="stmt"/>
      <line num="10037" count="1" type="stmt"/>
      <line num="10039" count="1" type="stmt"/>
      <line num="10041" count="1" type="stmt"/>
      <line num="10043" count="1" type="stmt"/>
      <line num="10045" count="1" type="stmt"/>
      <line num="10047" count="1" type="stmt"/>
      <line num="10049" count="1" type="stmt"/>
      <line num="10051" count="1" type="stmt"/>
      <line num="10053" count="1" type="stmt"/>
      <line num="10055" count="1" type="stmt"/>
      <line num="10057" count="1" type="stmt"/>
      <line num="10059" count="1" type="stmt"/>
      <line num="10061" count="1" type="stmt"/>
      <line num="10063" count="1" type="stmt"/>
      <line num="10065" count="1" type="stmt"/>
      <line num="10067" count="1" type="stmt"/>
      <line num="10069" count="1" type="stmt"/>
      <line num="10071" count="1" type="stmt"/>
      <line num="10073" count="1" type="stmt"/>
      <line num="10075" count="1" type="stmt"/>
      <line num="10077" count="1" type="stmt"/>
      <line num="10079" count="1" type="stmt"/>
      <line num="10081" count="1" type="stmt"/>
      <line num="10083" count="1" type="stmt"/>
      <line num="10085" count="1" type="stmt"/>
      <line num="10087" count="1" type="stmt"/>
      <line num="10245" count="1" type="cond" truecount="2" falsecount="0"/>
      <line num="10247" count="1" type="stmt"/>
      <line num="10249" count="1" type="stmt"/>
      <line num="10251" count="1" type="stmt"/>
      <line num="10253" count="1" type="stmt"/>
      <line num="10255" count="1" type="stmt"/>
      <line num="10257" count="1" type="stmt"/>
      <line num="10315" count="1" type="cond" truecount="2" falsecount="0"/>
      <line num="10317" count="1" type="stmt"/>
      <line num="10319" count="1" type="stmt"/>
      <line num="10321" count="1" type="stmt"/>
      <line num="10323" count="1" type="stmt"/>
      <line num="10325" count="1" type="stmt"/>
      <line num="10327" count="1" type="stmt"/>
      <line num="10498" count="1" type="cond" truecount="2" falsecount="0"/>
      <line num="10500" count="1" type="stmt"/>
      <line num="10670" count="1" type="cond" truecount="2" falsecount="0"/>
      <line num="10672" count="1" type="stmt"/>
      <line num="10674" count="1" type="stmt"/>
      <line num="10676" count="1" type="stmt"/>
      <line num="10678" count="1" type="stmt"/>
      <line num="10680" count="1" type="stmt"/>
      <line num="10682" count="1" type="stmt"/>
      <line num="10684" count="1" type="stmt"/>
      <line num="10686" count="1" type="stmt"/>
      <line num="10688" count="1" type="stmt"/>
      <line num="10690" count="1" type="stmt"/>
      <line num="10692" count="1" type="stmt"/>
      <line num="10694" count="1" type="stmt"/>
      <line num="10696" count="1" type="stmt"/>
      <line num="10698" count="1" type="stmt"/>
      <line num="10700" count="1" type="stmt"/>
      <line num="10702" count="1" type="stmt"/>
      <line num="10704" count="1" type="stmt"/>
      <line num="10706" count="1" type="stmt"/>
      <line num="10708" count="1" type="stmt"/>
      <line num="10859" count="1" type="cond" truecount="2" falsecount="0"/>
      <line num="10861" count="1" type="stmt"/>
      <line num="10863" count="1" type="stmt"/>
      <line num="10865" count="1" type="stmt"/>
      <line num="10867" count="1" type="stmt"/>
      <line num="10869" count="1" type="stmt"/>
      <line num="10871" count="1" type="stmt"/>
      <line num="10873" count="1" type="stmt"/>
      <line num="10875" count="1" type="stmt"/>
      <line num="10877" count="1" type="stmt"/>
      <line num="10879" count="1" type="stmt"/>
      <line num="10881" count="1" type="stmt"/>
      <line num="10883" count="1" type="stmt"/>
      <line num="10885" count="1" type="stmt"/>
      <line num="10887" count="1" type="stmt"/>
      <line num="10889" count="1" type="stmt"/>
      <line num="10891" count="1" type="stmt"/>
      <line num="10893" count="1" type="stmt"/>
      <line num="10895" count="1" type="stmt"/>
      <line num="10897" count="1" type="stmt"/>
      <line num="11107" count="1" type="cond" truecount="2" falsecount="0"/>
      <line num="11109" count="1" type="stmt"/>
      <line num="11229" count="1" type="cond" truecount="2" falsecount="0"/>
      <line num="11231" count="1" type="stmt"/>
      <line num="11233" count="1" type="stmt"/>
      <line num="11235" count="1" type="stmt"/>
      <line num="11237" count="1" type="stmt"/>
      <line num="11239" count="1" type="stmt"/>
      <line num="11241" count="1" type="stmt"/>
      <line num="11243" count="1" type="stmt"/>
      <line num="11245" count="1" type="stmt"/>
      <line num="11247" count="1" type="stmt"/>
      <line num="11249" count="1" type="stmt"/>
      <line num="11251" count="1" type="stmt"/>
      <line num="11253" count="1" type="stmt"/>
      <line num="11255" count="1" type="stmt"/>
      <line num="11352" count="1" type="cond" truecount="2" falsecount="0"/>
      <line num="11354" count="1" type="stmt"/>
      <line num="11356" count="1" type="stmt"/>
      <line num="11358" count="1" type="stmt"/>
      <line num="11360" count="1" type="stmt"/>
      <line num="11362" count="1" type="stmt"/>
      <line num="11364" count="1" type="stmt"/>
      <line num="11366" count="1" type="stmt"/>
      <line num="11368" count="1" type="stmt"/>
      <line num="11370" count="1" type="stmt"/>
      <line num="11372" count="1" type="stmt"/>
      <line num="11374" count="1" type="stmt"/>
      <line num="11376" count="1" type="stmt"/>
      <line num="11378" count="1" type="stmt"/>
      <line num="11525" count="1" type="cond" truecount="2" falsecount="0"/>
      <line num="11527" count="1" type="stmt"/>
      <line num="11529" count="1" type="stmt"/>
      <line num="11531" count="1" type="stmt"/>
      <line num="11586" count="1" type="cond" truecount="2" falsecount="0"/>
      <line num="11588" count="1" type="stmt"/>
      <line num="11590" count="1" type="stmt"/>
      <line num="11592" count="1" type="stmt"/>
      <line num="11860" count="1" type="cond" truecount="2" falsecount="0"/>
      <line num="11862" count="1" type="stmt"/>
      <line num="11864" count="1" type="stmt"/>
      <line num="11866" count="1" type="stmt"/>
      <line num="11868" count="1" type="stmt"/>
      <line num="11870" count="1" type="stmt"/>
      <line num="11872" count="1" type="stmt"/>
      <line num="11874" count="1" type="stmt"/>
      <line num="11876" count="1" type="stmt"/>
      <line num="11878" count="1" type="stmt"/>
      <line num="11880" count="1" type="stmt"/>
      <line num="12276" count="1" type="cond" truecount="2" falsecount="0"/>
      <line num="12278" count="1" type="stmt"/>
      <line num="12280" count="1" type="stmt"/>
      <line num="12401" count="1" type="cond" truecount="2" falsecount="0"/>
      <line num="12403" count="1" type="stmt"/>
      <line num="12478" count="1" type="cond" truecount="2" falsecount="0"/>
      <line num="12480" count="1" type="stmt"/>
      <line num="12482" count="1" type="stmt"/>
      <line num="12536" count="1" type="cond" truecount="2" falsecount="0"/>
      <line num="12538" count="1" type="stmt"/>
      <line num="12540" count="1" type="stmt"/>
      <line num="12676" count="1" type="cond" truecount="2" falsecount="0"/>
      <line num="12678" count="1" type="stmt"/>
      <line num="12680" count="1" type="stmt"/>
      <line num="12682" count="1" type="stmt"/>
      <line num="12684" count="1" type="stmt"/>
      <line num="12686" count="1" type="stmt"/>
      <line num="12688" count="1" type="stmt"/>
      <line num="12690" count="1" type="stmt"/>
      <line num="12692" count="1" type="stmt"/>
      <line num="12694" count="1" type="stmt"/>
      <line num="12887" count="1" type="cond" truecount="2" falsecount="0"/>
      <line num="12889" count="1" type="stmt"/>
      <line num="12891" count="1" type="stmt"/>
      <line num="13004" count="1" type="cond" truecount="2" falsecount="0"/>
      <line num="13006" count="1" type="stmt"/>
      <line num="13008" count="1" type="stmt"/>
      <line num="13010" count="1" type="stmt"/>
      <line num="13012" count="1" type="stmt"/>
      <line num="13014" count="1" type="stmt"/>
      <line num="13079" count="1" type="cond" truecount="2" falsecount="0"/>
      <line num="13081" count="1" type="stmt"/>
      <line num="13083" count="1" type="stmt"/>
      <line num="13085" count="1" type="stmt"/>
      <line num="13087" count="1" type="stmt"/>
      <line num="13089" count="1" type="stmt"/>
      <line num="13132" count="1" type="cond" truecount="2" falsecount="0"/>
      <line num="13134" count="1" type="stmt"/>
      <line num="13136" count="1" type="stmt"/>
      <line num="13138" count="1" type="stmt"/>
      <line num="13140" count="1" type="stmt"/>
      <line num="13142" count="1" type="stmt"/>
      <line num="13144" count="1" type="stmt"/>
      <line num="13146" count="1" type="stmt"/>
      <line num="13148" count="1" type="stmt"/>
      <line num="13150" count="1" type="stmt"/>
      <line num="13311" count="1" type="cond" truecount="2" falsecount="0"/>
      <line num="13313" count="1" type="stmt"/>
      <line num="13315" count="1" type="stmt"/>
      <line num="13463" count="1" type="cond" truecount="2" falsecount="0"/>
      <line num="13465" count="1" type="stmt"/>
      <line num="13467" count="1" type="stmt"/>
      <line num="13585" count="1" type="cond" truecount="2" falsecount="0"/>
      <line num="13587" count="1" type="stmt"/>
      <line num="13589" count="1" type="stmt"/>
      <line num="13591" count="1" type="stmt"/>
      <line num="13593" count="1" type="stmt"/>
      <line num="13595" count="1" type="stmt"/>
      <line num="13597" count="1" type="stmt"/>
      <line num="13599" count="1" type="stmt"/>
      <line num="13601" count="1" type="stmt"/>
      <line num="13677" count="1" type="cond" truecount="2" falsecount="0"/>
      <line num="13679" count="1" type="stmt"/>
      <line num="13681" count="1" type="stmt"/>
      <line num="13683" count="1" type="stmt"/>
      <line num="13685" count="1" type="stmt"/>
      <line num="13687" count="1" type="stmt"/>
      <line num="13689" count="1" type="stmt"/>
      <line num="13691" count="1" type="stmt"/>
      <line num="13693" count="1" type="stmt"/>
      <line num="13813" count="1" type="cond" truecount="2" falsecount="0"/>
      <line num="13815" count="1" type="stmt"/>
      <line num="13817" count="1" type="stmt"/>
      <line num="13819" count="1" type="stmt"/>
      <line num="13821" count="1" type="stmt"/>
      <line num="13885" count="1" type="cond" truecount="2" falsecount="0"/>
      <line num="13887" count="1" type="stmt"/>
      <line num="13889" count="1" type="stmt"/>
      <line num="13891" count="1" type="stmt"/>
      <line num="13893" count="1" type="stmt"/>
      <line num="17615" count="1" type="cond" truecount="2" falsecount="0"/>
      <line num="17617" count="1" type="stmt"/>
      <line num="17619" count="1" type="stmt"/>
      <line num="17621" count="1" type="stmt"/>
      <line num="17623" count="1" type="stmt"/>
      <line num="17625" count="1" type="stmt"/>
      <line num="17627" count="1" type="stmt"/>
      <line num="17631" count="1" type="cond" truecount="2" falsecount="0"/>
      <line num="17633" count="1" type="stmt"/>
      <line num="17802" count="1" type="cond" truecount="2" falsecount="0"/>
      <line num="17804" count="1" type="stmt"/>
      <line num="17806" count="1" type="stmt"/>
      <line num="17808" count="1" type="stmt"/>
      <line num="17810" count="1" type="stmt"/>
      <line num="17812" count="1" type="stmt"/>
      <line num="17814" count="1" type="stmt"/>
      <line num="17961" count="1" type="cond" truecount="2" falsecount="0"/>
      <line num="17963" count="1" type="stmt"/>
      <line num="17965" count="1" type="stmt"/>
      <line num="17967" count="1" type="stmt"/>
      <line num="17969" count="1" type="stmt"/>
      <line num="17971" count="1" type="stmt"/>
      <line num="17973" count="1" type="stmt"/>
      <line num="17975" count="1" type="stmt"/>
      <line num="17977" count="1" type="stmt"/>
      <line num="17979" count="1" type="stmt"/>
      <line num="17981" count="1" type="stmt"/>
      <line num="17983" count="1" type="stmt"/>
      <line num="18118" count="1" type="cond" truecount="2" falsecount="0"/>
      <line num="18120" count="1" type="stmt"/>
      <line num="18122" count="1" type="stmt"/>
      <line num="18124" count="1" type="stmt"/>
      <line num="18126" count="1" type="stmt"/>
      <line num="18128" count="1" type="stmt"/>
      <line num="18130" count="1" type="stmt"/>
      <line num="18132" count="1" type="stmt"/>
      <line num="18134" count="1" type="stmt"/>
      <line num="18136" count="1" type="stmt"/>
      <line num="18138" count="1" type="stmt"/>
      <line num="18140" count="1" type="stmt"/>
      <line num="18339" count="1" type="cond" truecount="2" falsecount="0"/>
      <line num="18341" count="1" type="stmt"/>
      <line num="18343" count="1" type="stmt"/>
      <line num="18345" count="1" type="stmt"/>
      <line num="18347" count="1" type="stmt"/>
      <line num="18349" count="1" type="stmt"/>
      <line num="18351" count="1" type="stmt"/>
      <line num="18353" count="1" type="stmt"/>
      <line num="18355" count="1" type="stmt"/>
      <line num="18357" count="1" type="stmt"/>
      <line num="18359" count="1" type="stmt"/>
      <line num="18361" count="1" type="stmt"/>
      <line num="18464" count="1" type="cond" truecount="2" falsecount="0"/>
      <line num="18466" count="1" type="stmt"/>
      <line num="18468" count="1" type="stmt"/>
      <line num="18470" count="1" type="stmt"/>
      <line num="18472" count="1" type="stmt"/>
      <line num="18474" count="1" type="stmt"/>
      <line num="18476" count="1" type="stmt"/>
      <line num="18478" count="1" type="stmt"/>
      <line num="18480" count="1" type="stmt"/>
      <line num="18482" count="1" type="stmt"/>
      <line num="18484" count="1" type="stmt"/>
      <line num="18486" count="1" type="stmt"/>
      <line num="18633" count="1" type="cond" truecount="2" falsecount="0"/>
      <line num="18635" count="1" type="stmt"/>
      <line num="18711" count="1" type="cond" truecount="2" falsecount="0"/>
      <line num="18713" count="1" type="stmt"/>
      <line num="18715" count="1" type="stmt"/>
      <line num="18717" count="1" type="stmt"/>
      <line num="18772" count="1" type="cond" truecount="2" falsecount="0"/>
      <line num="18774" count="1" type="stmt"/>
      <line num="18776" count="1" type="stmt"/>
      <line num="18778" count="1" type="stmt"/>
      <line num="18905" count="1" type="cond" truecount="2" falsecount="0"/>
      <line num="18907" count="1" type="stmt"/>
      <line num="19004" count="1" type="cond" truecount="2" falsecount="0"/>
      <line num="19006" count="1" type="stmt"/>
      <line num="19008" count="1" type="stmt"/>
      <line num="19010" count="1" type="stmt"/>
      <line num="19012" count="1" type="stmt"/>
      <line num="19014" count="1" type="stmt"/>
      <line num="19095" count="1" type="cond" truecount="2" falsecount="0"/>
      <line num="19097" count="1" type="stmt"/>
      <line num="19099" count="1" type="stmt"/>
      <line num="19101" count="1" type="stmt"/>
      <line num="19103" count="1" type="stmt"/>
      <line num="19105" count="1" type="stmt"/>
      <line num="19265" count="1" type="cond" truecount="2" falsecount="0"/>
      <line num="19267" count="1" type="stmt"/>
      <line num="19378" count="1" type="cond" truecount="2" falsecount="0"/>
      <line num="19380" count="1" type="stmt"/>
      <line num="19382" count="1" type="stmt"/>
      <line num="19384" count="1" type="stmt"/>
      <line num="19386" count="1" type="stmt"/>
      <line num="19388" count="1" type="stmt"/>
      <line num="19390" count="1" type="stmt"/>
      <line num="19392" count="1" type="stmt"/>
      <line num="19394" count="1" type="stmt"/>
      <line num="19396" count="1" type="stmt"/>
      <line num="19398" count="1" type="stmt"/>
      <line num="19484" count="1" type="cond" truecount="2" falsecount="0"/>
      <line num="19486" count="1" type="stmt"/>
      <line num="19488" count="1" type="stmt"/>
      <line num="19490" count="1" type="stmt"/>
      <line num="19492" count="1" type="stmt"/>
      <line num="19494" count="1" type="stmt"/>
      <line num="19496" count="1" type="stmt"/>
      <line num="19498" count="1" type="stmt"/>
      <line num="19500" count="1" type="stmt"/>
      <line num="19502" count="1" type="stmt"/>
      <line num="19504" count="1" type="stmt"/>
      <line num="21830" count="1" type="cond" truecount="2" falsecount="0"/>
      <line num="21832" count="1" type="stmt"/>
      <line num="21932" count="1" type="cond" truecount="2" falsecount="0"/>
      <line num="21934" count="1" type="stmt"/>
      <line num="21936" count="1" type="stmt"/>
      <line num="21938" count="1" type="stmt"/>
      <line num="21940" count="1" type="stmt"/>
      <line num="21942" count="1" type="stmt"/>
      <line num="21999" count="1" type="cond" truecount="2" falsecount="0"/>
      <line num="22001" count="1" type="stmt"/>
      <line num="22003" count="1" type="stmt"/>
      <line num="22005" count="1" type="stmt"/>
      <line num="22007" count="1" type="stmt"/>
      <line num="22009" count="1" type="stmt"/>
      <line num="22194" count="1" type="cond" truecount="2" falsecount="0"/>
      <line num="22196" count="1" type="stmt"/>
      <line num="22198" count="1" type="stmt"/>
      <line num="22310" count="1" type="cond" truecount="2" falsecount="0"/>
      <line num="22312" count="1" type="stmt"/>
      <line num="22314" count="1" type="stmt"/>
      <line num="22316" count="1" type="stmt"/>
      <line num="22318" count="1" type="stmt"/>
      <line num="22320" count="1" type="stmt"/>
      <line num="22322" count="1" type="stmt"/>
      <line num="22324" count="1" type="stmt"/>
      <line num="22399" count="1" type="cond" truecount="2" falsecount="0"/>
      <line num="22401" count="1" type="stmt"/>
      <line num="22403" count="1" type="stmt"/>
      <line num="22405" count="1" type="stmt"/>
      <line num="22407" count="1" type="stmt"/>
      <line num="22409" count="1" type="stmt"/>
      <line num="22411" count="1" type="stmt"/>
      <line num="22413" count="1" type="stmt"/>
      <line num="22585" count="1" type="cond" truecount="2" falsecount="0"/>
      <line num="22587" count="1" type="stmt"/>
      <line num="22705" count="1" type="cond" truecount="2" falsecount="0"/>
      <line num="22707" count="1" type="stmt"/>
      <line num="22709" count="1" type="stmt"/>
      <line num="22711" count="1" type="stmt"/>
      <line num="22713" count="1" type="stmt"/>
      <line num="22715" count="1" type="stmt"/>
      <line num="22717" count="1" type="stmt"/>
      <line num="22719" count="1" type="stmt"/>
      <line num="22721" count="1" type="stmt"/>
      <line num="22723" count="1" type="stmt"/>
      <line num="22832" count="1" type="cond" truecount="2" falsecount="0"/>
      <line num="22834" count="1" type="stmt"/>
      <line num="22836" count="1" type="stmt"/>
      <line num="22838" count="1" type="stmt"/>
      <line num="22840" count="1" type="stmt"/>
      <line num="22842" count="1" type="stmt"/>
      <line num="22844" count="1" type="stmt"/>
      <line num="22846" count="1" type="stmt"/>
      <line num="22848" count="1" type="stmt"/>
      <line num="22850" count="1" type="stmt"/>
      <line num="23011" count="1" type="cond" truecount="2" falsecount="0"/>
      <line num="23013" count="1" type="stmt"/>
      <line num="23015" count="1" type="stmt"/>
      <line num="23110" count="1" type="cond" truecount="2" falsecount="0"/>
      <line num="23112" count="1" type="stmt"/>
      <line num="23114" count="1" type="stmt"/>
      <line num="23116" count="1" type="stmt"/>
      <line num="23118" count="1" type="stmt"/>
      <line num="23120" count="1" type="stmt"/>
      <line num="23122" count="1" type="stmt"/>
      <line num="23188" count="1" type="cond" truecount="2" falsecount="0"/>
      <line num="23190" count="1" type="stmt"/>
      <line num="23192" count="1" type="stmt"/>
      <line num="23194" count="1" type="stmt"/>
      <line num="23196" count="1" type="stmt"/>
      <line num="23198" count="1" type="stmt"/>
      <line num="23200" count="1" type="stmt"/>
      <line num="25488" count="1" type="cond" truecount="2" falsecount="0"/>
      <line num="25490" count="1" type="stmt"/>
      <line num="25492" count="1" type="stmt"/>
      <line num="25566" count="1" type="cond" truecount="2" falsecount="0"/>
      <line num="25568" count="1" type="stmt"/>
      <line num="25570" count="1" type="stmt"/>
      <line num="25624" count="1" type="cond" truecount="2" falsecount="0"/>
      <line num="25626" count="1" type="stmt"/>
      <line num="25628" count="1" type="stmt"/>
      <line num="25865" count="1" type="cond" truecount="2" falsecount="0"/>
      <line num="25867" count="1" type="stmt"/>
      <line num="26007" count="1" type="cond" truecount="2" falsecount="0"/>
      <line num="26009" count="1" type="stmt"/>
      <line num="26011" count="1" type="stmt"/>
      <line num="26111" count="1" type="cond" truecount="2" falsecount="0"/>
      <line num="26113" count="1" type="stmt"/>
      <line num="26115" count="1" type="stmt"/>
      <line num="26117" count="1" type="stmt"/>
      <line num="26119" count="1" type="stmt"/>
      <line num="26121" count="1" type="stmt"/>
      <line num="26194" count="1" type="cond" truecount="2" falsecount="0"/>
      <line num="26196" count="1" type="stmt"/>
      <line num="26198" count="1" type="stmt"/>
      <line num="26200" count="1" type="stmt"/>
      <line num="26202" count="1" type="stmt"/>
      <line num="26204" count="1" type="stmt"/>
      <line num="26325" count="1" type="cond" truecount="2" falsecount="0"/>
      <line num="26327" count="1" type="stmt"/>
      <line num="26329" count="1" type="stmt"/>
      <line num="26331" count="1" type="stmt"/>
      <line num="26333" count="1" type="stmt"/>
      <line num="26389" count="1" type="cond" truecount="2" falsecount="0"/>
      <line num="26391" count="1" type="stmt"/>
      <line num="26393" count="1" type="stmt"/>
      <line num="26395" count="1" type="stmt"/>
      <line num="26397" count="1" type="stmt"/>
      <line num="27607" count="1" type="stmt"/>
      <line num="27621" count="1" type="stmt"/>
      <line num="27629" count="1" type="stmt"/>
      <line num="27637" count="1" type="stmt"/>
      <line num="27649" count="1" type="stmt"/>
      <line num="27660" count="1" type="stmt"/>
      <line num="27667" count="1" type="stmt"/>
      <line num="27703" count="1" type="stmt"/>
      <line num="27714" count="1" type="stmt"/>
      <line num="27728" count="1" type="stmt"/>
      <line num="27743" count="1" type="stmt"/>
      <line num="27759" count="1" type="stmt"/>
      <line num="27774" count="1" type="stmt"/>
      <line num="27783" count="1" type="stmt"/>
      <line num="27791" count="1" type="stmt"/>
      <line num="27817" count="1" type="stmt"/>
      <line num="27828" count="1" type="stmt"/>
      <line num="27833" count="0" type="stmt"/>
      <line num="27861" count="1" type="stmt"/>
      <line num="27862" count="0" type="stmt"/>
      <line num="27867" count="1" type="stmt"/>
      <line num="27888" count="1" type="stmt"/>
      <line num="27893" count="0" type="stmt"/>
      <line num="27915" count="1" type="stmt"/>
      <line num="27916" count="0" type="stmt"/>
      <line num="27918" count="1" type="stmt"/>
      <line num="27919" count="0" type="stmt"/>
      <line num="27924" count="1" type="stmt"/>
      <line num="27945" count="1" type="stmt"/>
      <line num="27950" count="0" type="stmt"/>
      <line num="27971" count="1" type="stmt"/>
      <line num="27972" count="0" type="stmt"/>
      <line num="27974" count="1" type="stmt"/>
      <line num="27975" count="0" type="stmt"/>
      <line num="27980" count="1" type="stmt"/>
      <line num="27993" count="1" type="stmt"/>
      <line num="27998" count="0" type="stmt"/>
      <line num="28021" count="1" type="stmt"/>
      <line num="28022" count="0" type="stmt"/>
      <line num="28024" count="1" type="stmt"/>
      <line num="28025" count="0" type="stmt"/>
      <line num="28030" count="1" type="stmt"/>
      <line num="28040" count="1" type="stmt"/>
      <line num="28045" count="0" type="stmt"/>
      <line num="28066" count="1" type="stmt"/>
      <line num="28067" count="0" type="stmt"/>
      <line num="28069" count="1" type="stmt"/>
      <line num="28070" count="0" type="stmt"/>
      <line num="28075" count="1" type="stmt"/>
      <line num="28085" count="1" type="stmt"/>
      <line num="28090" count="0" type="stmt"/>
      <line num="28112" count="1" type="stmt"/>
      <line num="28113" count="0" type="stmt"/>
      <line num="28115" count="1" type="stmt"/>
      <line num="28116" count="0" type="stmt"/>
      <line num="28121" count="1" type="stmt"/>
      <line num="28131" count="1" type="stmt"/>
      <line num="28136" count="0" type="stmt"/>
      <line num="28158" count="1" type="stmt"/>
      <line num="28159" count="0" type="stmt"/>
      <line num="28161" count="1" type="stmt"/>
      <line num="28162" count="0" type="stmt"/>
      <line num="28167" count="1" type="stmt"/>
      <line num="28177" count="1" type="stmt"/>
      <line num="28182" count="0" type="stmt"/>
      <line num="28203" count="1" type="stmt"/>
      <line num="28204" count="0" type="stmt"/>
      <line num="28206" count="1" type="stmt"/>
      <line num="28207" count="0" type="stmt"/>
      <line num="28212" count="1" type="stmt"/>
      <line num="28222" count="1" type="stmt"/>
      <line num="28227" count="0" type="stmt"/>
      <line num="28248" count="1" type="stmt"/>
      <line num="28249" count="0" type="stmt"/>
      <line num="28251" count="1" type="stmt"/>
      <line num="28252" count="0" type="stmt"/>
      <line num="28257" count="1" type="stmt"/>
      <line num="28271" count="1" type="stmt"/>
      <line num="28276" count="0" type="stmt"/>
      <line num="28304" count="1" type="stmt"/>
      <line num="28305" count="0" type="stmt"/>
      <line num="28310" count="1" type="stmt"/>
      <line num="28325" count="1" type="stmt"/>
      <line num="28330" count="0" type="stmt"/>
      <line num="28358" count="1" type="stmt"/>
      <line num="28359" count="0" type="stmt"/>
      <line num="28364" count="1" type="stmt"/>
      <line num="28374" count="1" type="stmt"/>
      <line num="28379" count="0" type="stmt"/>
      <line num="28400" count="1" type="stmt"/>
      <line num="28401" count="0" type="stmt"/>
      <line num="28403" count="1" type="stmt"/>
      <line num="28404" count="0" type="stmt"/>
      <line num="28409" count="1" type="stmt"/>
      <line num="28421" count="1" type="stmt"/>
      <line num="28426" count="0" type="stmt"/>
      <line num="28448" count="1" type="stmt"/>
      <line num="28449" count="0" type="stmt"/>
      <line num="28451" count="1" type="stmt"/>
      <line num="28452" count="0" type="stmt"/>
      <line num="28457" count="1" type="stmt"/>
      <line num="28467" count="1" type="stmt"/>
      <line num="28472" count="0" type="stmt"/>
      <line num="28494" count="1" type="stmt"/>
      <line num="28495" count="0" type="stmt"/>
      <line num="28497" count="1" type="stmt"/>
      <line num="28498" count="0" type="stmt"/>
      <line num="28503" count="1" type="stmt"/>
      <line num="28514" count="1" type="stmt"/>
      <line num="28519" count="0" type="stmt"/>
      <line num="28544" count="1" type="stmt"/>
      <line num="28545" count="0" type="stmt"/>
      <line num="28550" count="1" type="stmt"/>
      <line num="28561" count="1" type="stmt"/>
      <line num="28566" count="0" type="stmt"/>
      <line num="28591" count="1" type="stmt"/>
      <line num="28592" count="0" type="stmt"/>
      <line num="28597" count="1" type="stmt"/>
      <line num="28610" count="1" type="stmt"/>
      <line num="28615" count="0" type="stmt"/>
      <line num="28640" count="1" type="stmt"/>
      <line num="28641" count="0" type="stmt"/>
      <line num="28646" count="1" type="stmt"/>
      <line num="28657" count="1" type="stmt"/>
      <line num="28662" count="0" type="stmt"/>
      <line num="28685" count="1" type="stmt"/>
      <line num="28686" count="0" type="stmt"/>
      <line num="28691" count="1" type="stmt"/>
      <line num="28709" count="1" type="stmt"/>
      <line num="28714" count="0" type="stmt"/>
      <line num="28740" count="1" type="stmt"/>
      <line num="28741" count="0" type="stmt"/>
      <line num="28746" count="1" type="stmt"/>
      <line num="28756" count="1" type="stmt"/>
      <line num="28761" count="0" type="stmt"/>
      <line num="28782" count="1" type="stmt"/>
      <line num="28783" count="0" type="stmt"/>
      <line num="28785" count="1" type="stmt"/>
      <line num="28786" count="0" type="stmt"/>
      <line num="28791" count="1" type="stmt"/>
      <line num="28811" count="1" type="stmt"/>
      <line num="28816" count="0" type="stmt"/>
      <line num="28839" count="1" type="stmt"/>
      <line num="28840" count="0" type="stmt"/>
      <line num="28842" count="1" type="stmt"/>
      <line num="28843" count="0" type="stmt"/>
      <line num="28848" count="1" type="stmt"/>
      <line num="28858" count="1" type="stmt"/>
      <line num="28863" count="0" type="stmt"/>
      <line num="28885" count="1" type="stmt"/>
      <line num="28886" count="0" type="stmt"/>
      <line num="28888" count="1" type="stmt"/>
      <line num="28889" count="0" type="stmt"/>
      <line num="28894" count="1" type="stmt"/>
      <line num="28905" count="1" type="stmt"/>
      <line num="28910" count="0" type="stmt"/>
      <line num="28940" count="1" type="stmt"/>
      <line num="28941" count="0" type="stmt"/>
      <line num="28946" count="1" type="stmt"/>
      <line num="28957" count="1" type="stmt"/>
      <line num="28962" count="0" type="stmt"/>
      <line num="28991" count="1" type="stmt"/>
      <line num="28992" count="0" type="stmt"/>
      <line num="28997" count="1" type="stmt"/>
      <line num="29008" count="1" type="stmt"/>
      <line num="29013" count="0" type="stmt"/>
      <line num="29036" count="1" type="stmt"/>
      <line num="29037" count="0" type="stmt"/>
      <line num="29042" count="1" type="stmt"/>
      <line num="29054" count="1" type="stmt"/>
      <line num="29059" count="0" type="stmt"/>
      <line num="29082" count="1" type="stmt"/>
      <line num="29083" count="0" type="stmt"/>
      <line num="29085" count="1" type="stmt"/>
      <line num="29086" count="0" type="stmt"/>
      <line num="29091" count="1" type="stmt"/>
      <line num="29103" count="1" type="stmt"/>
      <line num="29108" count="0" type="stmt"/>
      <line num="29129" count="1" type="stmt"/>
      <line num="29130" count="0" type="stmt"/>
      <line num="29132" count="1" type="stmt"/>
      <line num="29133" count="0" type="stmt"/>
      <line num="29138" count="1" type="stmt"/>
      <line num="29201" count="1" type="stmt"/>
      <line num="29206" count="0" type="stmt"/>
      <line num="29228" count="1" type="stmt"/>
      <line num="29229" count="0" type="stmt"/>
      <line num="29231" count="1" type="stmt"/>
      <line num="29232" count="0" type="stmt"/>
      <line num="29237" count="1" type="stmt"/>
      <line num="29250" count="1" type="stmt"/>
      <line num="29255" count="0" type="stmt"/>
      <line num="29291" count="1" type="stmt"/>
      <line num="29292" count="0" type="stmt"/>
      <line num="29297" count="1" type="stmt"/>
      <line num="29310" count="1" type="stmt"/>
      <line num="29315" count="0" type="stmt"/>
      <line num="29348" count="1" type="stmt"/>
      <line num="29349" count="0" type="stmt"/>
      <line num="29354" count="1" type="stmt"/>
      <line num="29365" count="1" type="stmt"/>
      <line num="29370" count="0" type="stmt"/>
      <line num="29393" count="1" type="stmt"/>
      <line num="29394" count="0" type="stmt"/>
      <line num="29399" count="1" type="stmt"/>
      <line num="29409" count="1" type="stmt"/>
      <line num="29414" count="0" type="stmt"/>
      <line num="29437" count="1" type="stmt"/>
      <line num="29438" count="0" type="stmt"/>
      <line num="29440" count="1" type="stmt"/>
      <line num="29441" count="0" type="stmt"/>
      <line num="29446" count="1" type="stmt"/>
      <line num="29456" count="1" type="stmt"/>
      <line num="29461" count="0" type="stmt"/>
      <line num="29487" count="1" type="stmt"/>
      <line num="29488" count="0" type="stmt"/>
      <line num="29490" count="1" type="stmt"/>
      <line num="29491" count="0" type="stmt"/>
      <line num="29496" count="1" type="stmt"/>
      <line num="29507" count="1" type="stmt"/>
      <line num="29512" count="0" type="stmt"/>
      <line num="29545" count="1" type="stmt"/>
      <line num="29546" count="0" type="stmt"/>
      <line num="29551" count="1" type="stmt"/>
      <line num="29573" count="1" type="stmt"/>
      <line num="29578" count="0" type="stmt"/>
      <line num="29599" count="1" type="stmt"/>
      <line num="29600" count="0" type="stmt"/>
      <line num="29602" count="1" type="stmt"/>
      <line num="29603" count="0" type="stmt"/>
      <line num="29608" count="1" type="stmt"/>
      <line num="29619" count="1" type="stmt"/>
      <line num="29624" count="0" type="stmt"/>
      <line num="29647" count="1" type="stmt"/>
      <line num="29648" count="0" type="stmt"/>
      <line num="29653" count="1" type="stmt"/>
      <line num="29665" count="1" type="stmt"/>
      <line num="29670" count="0" type="stmt"/>
      <line num="29691" count="1" type="stmt"/>
      <line num="29692" count="0" type="stmt"/>
      <line num="29694" count="1" type="stmt"/>
      <line num="29695" count="0" type="stmt"/>
      <line num="29700" count="1" type="stmt"/>
      <line num="29712" count="1" type="stmt"/>
      <line num="29717" count="0" type="stmt"/>
      <line num="29739" count="1" type="stmt"/>
      <line num="29740" count="0" type="stmt"/>
      <line num="29742" count="1" type="stmt"/>
      <line num="29743" count="0" type="stmt"/>
      <line num="29748" count="1" type="stmt"/>
      <line num="29760" count="1" type="stmt"/>
      <line num="29765" count="0" type="stmt"/>
      <line num="29787" count="1" type="stmt"/>
      <line num="29788" count="0" type="stmt"/>
      <line num="29790" count="1" type="stmt"/>
      <line num="29791" count="0" type="stmt"/>
      <line num="29796" count="1" type="stmt"/>
      <line num="29807" count="1" type="stmt"/>
      <line num="29812" count="0" type="stmt"/>
      <line num="29840" count="1" type="stmt"/>
      <line num="29841" count="0" type="stmt"/>
      <line num="29846" count="1" type="stmt"/>
      <line num="29857" count="1" type="stmt"/>
      <line num="29862" count="0" type="stmt"/>
      <line num="29891" count="1" type="stmt"/>
      <line num="29892" count="0" type="stmt"/>
      <line num="29897" count="1" type="stmt"/>
      <line num="29908" count="1" type="stmt"/>
      <line num="29913" count="0" type="stmt"/>
      <line num="29936" count="1" type="stmt"/>
      <line num="29937" count="0" type="stmt"/>
      <line num="29942" count="1" type="stmt"/>
      <line num="29955" count="1" type="stmt"/>
      <line num="29960" count="0" type="stmt"/>
      <line num="29981" count="1" type="stmt"/>
      <line num="29982" count="0" type="stmt"/>
      <line num="29984" count="1" type="stmt"/>
      <line num="29985" count="0" type="stmt"/>
      <line num="29990" count="1" type="stmt"/>
      <line num="30002" count="1" type="stmt"/>
      <line num="30007" count="0" type="stmt"/>
      <line num="30029" count="1" type="stmt"/>
      <line num="30030" count="0" type="stmt"/>
      <line num="30032" count="1" type="stmt"/>
      <line num="30033" count="0" type="stmt"/>
      <line num="30038" count="1" type="stmt"/>
      <line num="30048" count="1" type="stmt"/>
      <line num="30053" count="0" type="stmt"/>
      <line num="30075" count="1" type="stmt"/>
      <line num="30076" count="0" type="stmt"/>
      <line num="30078" count="1" type="stmt"/>
      <line num="30079" count="0" type="stmt"/>
      <line num="30084" count="1" type="stmt"/>
      <line num="30095" count="1" type="stmt"/>
      <line num="30100" count="0" type="stmt"/>
      <line num="30126" count="1" type="stmt"/>
      <line num="30127" count="0" type="stmt"/>
      <line num="30132" count="1" type="stmt"/>
      <line num="30145" count="1" type="stmt"/>
      <line num="30150" count="0" type="stmt"/>
      <line num="30176" count="1" type="stmt"/>
      <line num="30177" count="0" type="stmt"/>
      <line num="30182" count="1" type="stmt"/>
      <line num="30193" count="1" type="stmt"/>
      <line num="30198" count="0" type="stmt"/>
      <line num="30221" count="1" type="stmt"/>
      <line num="30222" count="0" type="stmt"/>
      <line num="30227" count="1" type="stmt"/>
      <line num="30237" count="1" type="stmt"/>
      <line num="30242" count="0" type="stmt"/>
      <line num="30263" count="1" type="stmt"/>
      <line num="30264" count="0" type="stmt"/>
      <line num="30266" count="1" type="stmt"/>
      <line num="30267" count="0" type="stmt"/>
      <line num="30272" count="1" type="stmt"/>
      <line num="30293" count="1" type="stmt"/>
      <line num="30298" count="0" type="stmt"/>
      <line num="30321" count="1" type="stmt"/>
      <line num="30322" count="0" type="stmt"/>
      <line num="30324" count="1" type="stmt"/>
      <line num="30325" count="0" type="stmt"/>
      <line num="30330" count="1" type="stmt"/>
      <line num="30340" count="1" type="stmt"/>
      <line num="30345" count="0" type="stmt"/>
      <line num="30367" count="1" type="stmt"/>
      <line num="30368" count="0" type="stmt"/>
      <line num="30370" count="1" type="stmt"/>
      <line num="30371" count="0" type="stmt"/>
      <line num="30376" count="1" type="stmt"/>
      <line num="30387" count="1" type="stmt"/>
      <line num="30392" count="0" type="stmt"/>
      <line num="30419" count="1" type="stmt"/>
      <line num="30420" count="0" type="stmt"/>
      <line num="30425" count="1" type="stmt"/>
      <line num="30436" count="1" type="stmt"/>
      <line num="30441" count="0" type="stmt"/>
      <line num="30467" count="1" type="stmt"/>
      <line num="30468" count="0" type="stmt"/>
      <line num="30473" count="1" type="stmt"/>
      <line num="30484" count="1" type="stmt"/>
      <line num="30489" count="0" type="stmt"/>
      <line num="30512" count="1" type="stmt"/>
      <line num="30513" count="0" type="stmt"/>
      <line num="30518" count="1" type="stmt"/>
      <line num="30528" count="1" type="stmt"/>
      <line num="30533" count="0" type="stmt"/>
      <line num="30555" count="1" type="stmt"/>
      <line num="30556" count="0" type="stmt"/>
      <line num="30558" count="1" type="stmt"/>
      <line num="30559" count="0" type="stmt"/>
      <line num="30564" count="1" type="stmt"/>
      <line num="30574" count="1" type="stmt"/>
      <line num="30579" count="0" type="stmt"/>
      <line num="30601" count="1" type="stmt"/>
      <line num="30602" count="0" type="stmt"/>
      <line num="30604" count="1" type="stmt"/>
      <line num="30605" count="0" type="stmt"/>
      <line num="30610" count="1" type="stmt"/>
      <line num="30620" count="1" type="stmt"/>
      <line num="30625" count="0" type="stmt"/>
      <line num="30647" count="1" type="stmt"/>
      <line num="30648" count="0" type="stmt"/>
      <line num="30650" count="1" type="stmt"/>
      <line num="30651" count="0" type="stmt"/>
      <line num="30656" count="1" type="stmt"/>
      <line num="30669" count="1" type="stmt"/>
      <line num="30674" count="0" type="stmt"/>
      <line num="30696" count="1" type="stmt"/>
      <line num="30697" count="0" type="stmt"/>
      <line num="30699" count="1" type="stmt"/>
      <line num="30700" count="0" type="stmt"/>
      <line num="30705" count="1" type="stmt"/>
      <line num="30722" count="1" type="stmt"/>
      <line num="30727" count="0" type="stmt"/>
      <line num="30748" count="1" type="stmt"/>
      <line num="30749" count="0" type="stmt"/>
      <line num="30751" count="1" type="stmt"/>
      <line num="30752" count="0" type="stmt"/>
      <line num="30757" count="1" type="stmt"/>
      <line num="30767" count="1" type="stmt"/>
      <line num="30772" count="0" type="stmt"/>
      <line num="30793" count="1" type="stmt"/>
      <line num="30794" count="0" type="stmt"/>
      <line num="30796" count="1" type="stmt"/>
      <line num="30797" count="0" type="stmt"/>
      <line num="30802" count="1" type="stmt"/>
      <line num="30813" count="1" type="stmt"/>
      <line num="30818" count="0" type="stmt"/>
      <line num="30868" count="1" type="stmt"/>
      <line num="30869" count="0" type="stmt"/>
      <line num="30874" count="1" type="stmt"/>
      <line num="30885" count="1" type="stmt"/>
      <line num="30890" count="0" type="stmt"/>
      <line num="30911" count="1" type="stmt"/>
      <line num="30912" count="0" type="stmt"/>
      <line num="30914" count="1" type="stmt"/>
      <line num="30915" count="0" type="stmt"/>
      <line num="30920" count="1" type="stmt"/>
      <line num="30931" count="1" type="stmt"/>
      <line num="30936" count="0" type="stmt"/>
      <line num="30986" count="1" type="stmt"/>
      <line num="30987" count="0" type="stmt"/>
    </file>
  </project>
</coverage>
