{"C:\\Users\\eric\\dev\\src\\github.com\\erichiller\\inventory\\client\\src\\lib\\UtilityFunctions.ts": {"path":"C:\\Users\\eric\\dev\\src\\github.com\\erichiller\\inventory\\client\\src\\lib\\UtilityFunctions.ts","statementMap":{"0":{"start":{"line":1,"column":0},"end":{"line":1,"column":40}},"1":{"start":{"line":2,"column":0},"end":{"line":2,"column":83}},"2":{"start":{"line":3,"column":0},"end":{"line":3,"column":47}},"3":{"start":{"line":4,"column":0},"end":{"line":4,"column":45}},"4":{"start":{"line":5,"column":0},"end":{"line":5,"column":47}},"5":{"start":{"line":7,"column":0},"end":{"line":7,"column":37}},"6":{"start":{"line":10,"column":4},"end":{"line":10,"column":121}},"7":{"start":{"line":10,"column":68},"end":{"line":10,"column":107}},"8":{"start":{"line":9,"column":0},"end":{"line":9,"column":16}},"9":{"start":{"line":15,"column":4},"end":{"line":15,"column":null}},"10":{"start":{"line":15,"column":41},"end":{"line":15,"column":51}},"11":{"start":{"line":17,"column":4},"end":{"line":17,"column":null}},"12":{"start":{"line":17,"column":42},"end":{"line":17,"column":51}},"13":{"start":{"line":19,"column":4},"end":{"line":19,"column":null}},"14":{"start":{"line":19,"column":80},"end":{"line":19,"column":109}},"15":{"start":{"line":21,"column":4},"end":{"line":21,"column":null}},"16":{"start":{"line":21,"column":35},"end":{"line":21,"column":44}},"17":{"start":{"line":22,"column":4},"end":{"line":24,"column":20}},"18":{"start":{"line":23,"column":8},"end":{"line":23,"column":78}},"19":{"start":{"line":13,"column":0},"end":{"line":13,"column":16}},"20":{"start":{"line":37,"column":35},"end":{"line":41,"column":29}},"21":{"start":{"line":38,"column":21},"end":{"line":38,"column":42}},"22":{"start":{"line":40,"column":25},"end":{"line":40,"column":49}},"23":{"start":{"line":41,"column":25},"end":{"line":41,"column":29}},"24":{"start":{"line":43,"column":4},"end":{"line":48,"column":16}},"25":{"start":{"line":46,"column":12},"end":{"line":46,"column":34}},"26":{"start":{"line":47,"column":12},"end":{"line":47,"column":23}},"27":{"start":{"line":36,"column":0},"end":{"line":36,"column":16}},"28":{"start":{"line":53,"column":42},"end":{"line":53,"column":44}},"29":{"start":{"line":54,"column":6},"end":{"line":58,"column":8}},"30":{"start":{"line":55,"column":8},"end":{"line":57,"column":null}},"31":{"start":{"line":56,"column":12},"end":{"line":56,"column":50}},"32":{"start":{"line":59,"column":4},"end":{"line":59,"column":27}},"33":{"start":{"line":52,"column":0},"end":{"line":52,"column":16}},"34":{"start":{"line":95,"column":4},"end":{"line":97,"column":null}},"35":{"start":{"line":96,"column":8},"end":{"line":96,"column":20}},"36":{"start":{"line":98,"column":4},"end":{"line":100,"column":null}},"37":{"start":{"line":99,"column":8},"end":{"line":99,"column":62}},"38":{"start":{"line":99,"column":33},"end":{"line":99,"column":45}},"39":{"start":{"line":101,"column":4},"end":{"line":101,"column":22}},"40":{"start":{"line":94,"column":0},"end":{"line":94,"column":16}},"41":{"start":{"line":111,"column":4},"end":{"line":116,"column":null}},"42":{"start":{"line":115,"column":8},"end":{"line":115,"column":26}},"43":{"start":{"line":117,"column":4},"end":{"line":117,"column":16}},"44":{"start":{"line":110,"column":0},"end":{"line":110,"column":16}},"45":{"start":{"line":126,"column":4},"end":{"line":131,"column":null}},"46":{"start":{"line":127,"column":8},"end":{"line":129,"column":null}},"47":{"start":{"line":128,"column":12},"end":{"line":128,"column":96}},"48":{"start":{"line":130,"column":8},"end":{"line":130,"column":25}},"49":{"start":{"line":132,"column":4},"end":{"line":132,"column":null}},"50":{"start":{"line":132,"column":39},"end":{"line":132,"column":52}},"51":{"start":{"line":133,"column":4},"end":{"line":133,"column":null}},"52":{"start":{"line":133,"column":39},"end":{"line":133,"column":64}},"53":{"start":{"line":134,"column":4},"end":{"line":134,"column":140}},"54":{"start":{"line":134,"column":57},"end":{"line":134,"column":137}},"55":{"start":{"line":124,"column":0},"end":{"line":124,"column":16}},"56":{"start":{"line":140,"column":4},"end":{"line":140,"column":null}},"57":{"start":{"line":140,"column":39},"end":{"line":140,"column":52}},"58":{"start":{"line":141,"column":12},"end":{"line":141,"column":31}},"59":{"start":{"line":142,"column":4},"end":{"line":142,"column":40}},"60":{"start":{"line":139,"column":0},"end":{"line":139,"column":16}},"61":{"start":{"line":150,"column":4},"end":{"line":152,"column":19}},"62":{"start":{"line":151,"column":8},"end":{"line":151,"column":78}},"63":{"start":{"line":149,"column":0},"end":{"line":149,"column":16}},"64":{"start":{"line":160,"column":4},"end":{"line":160,"column":95}},"65":{"start":{"line":159,"column":0},"end":{"line":159,"column":16}},"66":{"start":{"line":178,"column":4},"end":{"line":178,"column":null}},"67":{"start":{"line":178,"column":35},"end":{"line":178,"column":44}},"68":{"start":{"line":179,"column":15},"end":{"line":179,"column":31}},"69":{"start":{"line":181,"column":4},"end":{"line":184,"column":null}},"70":{"start":{"line":183,"column":8},"end":{"line":183,"column":49}},"71":{"start":{"line":185,"column":4},"end":{"line":185,"column":16}},"72":{"start":{"line":177,"column":0},"end":{"line":177,"column":16}},"73":{"start":{"line":193,"column":4},"end":{"line":193,"column":66}},"74":{"start":{"line":193,"column":38},"end":{"line":193,"column":63}},"75":{"start":{"line":192,"column":0},"end":{"line":192,"column":16}},"76":{"start":{"line":202,"column":4},"end":{"line":202,"column":36}},"77":{"start":{"line":203,"column":4},"end":{"line":203,"column":17}},"78":{"start":{"line":201,"column":0},"end":{"line":201,"column":16}},"79":{"start":{"line":221,"column":23},"end":{"line":221,"column":24}},"80":{"start":{"line":222,"column":24},"end":{"line":222,"column":25}},"81":{"start":{"line":223,"column":4},"end":{"line":230,"column":null}},"82":{"start":{"line":224,"column":20},"end":{"line":224,"column":37}},"83":{"start":{"line":225,"column":8},"end":{"line":225,"column":39}},"84":{"start":{"line":226,"column":8},"end":{"line":226,"column":38}},"85":{"start":{"line":228,"column":8},"end":{"line":228,"column":18}},"86":{"start":{"line":229,"column":8},"end":{"line":229,"column":17}},"87":{"start":{"line":233,"column":4},"end":{"line":233,"column":48}},"88":{"start":{"line":220,"column":0},"end":{"line":220,"column":16}},"89":{"start":{"line":242,"column":4},"end":{"line":248,"column":null}},"90":{"start":{"line":243,"column":8},"end":{"line":247,"column":null}},"91":{"start":{"line":244,"column":12},"end":{"line":246,"column":null}},"92":{"start":{"line":245,"column":16},"end":{"line":245,"column":28}},"93":{"start":{"line":249,"column":4},"end":{"line":249,"column":17}},"94":{"start":{"line":241,"column":0},"end":{"line":241,"column":16}},"95":{"start":{"line":293,"column":4},"end":{"line":293,"column":20}},"96":{"start":{"line":292,"column":0},"end":{"line":292,"column":16}},"97":{"start":{"line":304,"column":4},"end":{"line":306,"column":6}},"98":{"start":{"line":305,"column":8},"end":{"line":305,"column":38}},"99":{"start":{"line":303,"column":0},"end":{"line":303,"column":16}},"100":{"start":{"line":316,"column":4},"end":{"line":316,"column":44}},"101":{"start":{"line":315,"column":0},"end":{"line":315,"column":16}},"102":{"start":{"line":326,"column":4},"end":{"line":335,"column":null}},"103":{"start":{"line":329,"column":12},"end":{"line":329,"column":24}},"104":{"start":{"line":332,"column":12},"end":{"line":332,"column":25}},"105":{"start":{"line":334,"column":12},"end":{"line":334,"column":22}},"106":{"start":{"line":325,"column":0},"end":{"line":325,"column":16}},"107":{"start":{"line":341,"column":4},"end":{"line":352,"column":6}},"108":{"start":{"line":342,"column":17},"end":{"line":342,"column":69}},"109":{"start":{"line":343,"column":17},"end":{"line":343,"column":69}},"110":{"start":{"line":344,"column":8},"end":{"line":346,"column":null}},"111":{"start":{"line":345,"column":12},"end":{"line":345,"column":22}},"112":{"start":{"line":347,"column":8},"end":{"line":349,"column":null}},"113":{"start":{"line":348,"column":12},"end":{"line":348,"column":21}},"114":{"start":{"line":351,"column":8},"end":{"line":351,"column":17}},"115":{"start":{"line":340,"column":0},"end":{"line":340,"column":16}},"116":{"start":{"line":363,"column":4},"end":{"line":365,"column":6}},"117":{"start":{"line":364,"column":8},"end":{"line":364,"column":103}},"118":{"start":{"line":362,"column":0},"end":{"line":362,"column":16}},"119":{"start":{"line":373,"column":4},"end":{"line":378,"column":8}},"120":{"start":{"line":374,"column":8},"end":{"line":377,"column":10}},"121":{"start":{"line":372,"column":0},"end":{"line":372,"column":16}},"122":{"start":{"line":397,"column":4},"end":{"line":399,"column":null}},"123":{"start":{"line":398,"column":8},"end":{"line":398,"column":19}},"124":{"start":{"line":400,"column":4},"end":{"line":400,"column":62}},"125":{"start":{"line":401,"column":4},"end":{"line":401,"column":47}},"126":{"start":{"line":396,"column":0},"end":{"line":396,"column":16}},"127":{"start":{"line":411,"column":4},"end":{"line":413,"column":null}},"128":{"start":{"line":412,"column":8},"end":{"line":412,"column":21}},"129":{"start":{"line":414,"column":4},"end":{"line":414,"column":34}},"130":{"start":{"line":415,"column":4},"end":{"line":415,"column":142}},"131":{"start":{"line":416,"column":4},"end":{"line":416,"column":117}},"132":{"start":{"line":410,"column":0},"end":{"line":410,"column":16}},"133":{"start":{"line":458,"column":4},"end":{"line":469,"column":8}},"134":{"start":{"line":459,"column":27},"end":{"line":459,"column":80}},"135":{"start":{"line":460,"column":8},"end":{"line":468,"column":10}},"136":{"start":{"line":451,"column":0},"end":{"line":451,"column":16}},"137":{"start":{"line":478,"column":4},"end":{"line":482,"column":6}},"138":{"start":{"line":481,"column":69},"end":{"line":481,"column":107}},"139":{"start":{"line":477,"column":0},"end":{"line":477,"column":16}},"140":{"start":{"line":505,"column":39},"end":{"line":505,"column":41}},"141":{"start":{"line":506,"column":4},"end":{"line":518,"column":10}},"142":{"start":{"line":507,"column":43},"end":{"line":507,"column":56}},"143":{"start":{"line":508,"column":8},"end":{"line":510,"column":null}},"144":{"start":{"line":509,"column":12},"end":{"line":509,"column":22}},"145":{"start":{"line":511,"column":8},"end":{"line":517,"column":null}},"146":{"start":{"line":512,"column":12},"end":{"line":514,"column":16}},"147":{"start":{"line":513,"column":16},"end":{"line":513,"column":30}},"148":{"start":{"line":516,"column":12},"end":{"line":516,"column":38}},"149":{"start":{"line":519,"column":4},"end":{"line":519,"column":15}},"150":{"start":{"line":504,"column":0},"end":{"line":504,"column":16}},"151":{"start":{"line":528,"column":4},"end":{"line":532,"column":null}},"152":{"start":{"line":529,"column":8},"end":{"line":531,"column":null}},"153":{"start":{"line":530,"column":12},"end":{"line":530,"column":25}},"154":{"start":{"line":533,"column":4},"end":{"line":533,"column":16}},"155":{"start":{"line":527,"column":0},"end":{"line":527,"column":16}}},"fnMap":{"0":{"name":"buf2hex","decl":{"start":{"line":9,"column":16},"end":{"line":9,"column":23}},"loc":{"start":{"line":9,"column":45},"end":{"line":11,"column":1}}},"1":{"name":"(anonymous_5)","decl":{"start":{"line":10,"column":63},"end":{"line":10,"column":64}},"loc":{"start":{"line":10,"column":68},"end":{"line":10,"column":107}}},"2":{"name":"toTitleCase","decl":{"start":{"line":13,"column":16},"end":{"line":13,"column":27}},"loc":{"start":{"line":13,"column":39},"end":{"line":25,"column":1}}},"3":{"name":"(anonymous_7)","decl":{"start":{"line":22,"column":52},"end":{"line":22,"column":63}},"loc":{"start":{"line":22,"column":67},"end":{"line":24,"column":5}}},"4":{"name":"filterObject","decl":{"start":{"line":36,"column":16},"end":{"line":36,"column":28}},"loc":{"start":{"line":36,"column":149},"end":{"line":49,"column":1}}},"5":{"name":"(anonymous_9)","decl":{"start":{"line":38,"column":10},"end":{"line":38,"column":12}},"loc":{"start":{"line":38,"column":21},"end":{"line":38,"column":42}}},"6":{"name":"(anonymous_10)","decl":{"start":{"line":40,"column":14},"end":{"line":40,"column":16}},"loc":{"start":{"line":40,"column":25},"end":{"line":40,"column":49}}},"7":{"name":"(anonymous_11)","decl":{"start":{"line":41,"column":14},"end":{"line":41,"column":16}},"loc":{"start":{"line":41,"column":25},"end":{"line":41,"column":29}}},"8":{"name":"(anonymous_12)","decl":{"start":{"line":45,"column":17},"end":{"line":45,"column":19}},"loc":{"start":{"line":45,"column":32},"end":{"line":48,"column":9}}},"9":{"name":"filterObjectKeysWithProperty","decl":{"start":{"line":52,"column":16},"end":{"line":52,"column":44}},"loc":{"start":{"line":52,"column":92},"end":{"line":60,"column":1}}},"10":{"name":"(anonymous_14)","decl":{"start":{"line":54,"column":52},"end":{"line":54,"column":65}},"loc":{"start":{"line":54,"column":68},"end":{"line":58,"column":5}}},"11":{"name":"matchFirstOfArrayOrNull","decl":{"start":{"line":94,"column":16},"end":{"line":94,"column":39}},"loc":{"start":{"line":94,"column":66},"end":{"line":102,"column":1}}},"12":{"name":"(anonymous_16)","decl":{"start":{"line":99,"column":27},"end":{"line":99,"column":29}},"loc":{"start":{"line":99,"column":33},"end":{"line":99,"column":45}}},"13":{"name":"lengthZeroArrayToNull","decl":{"start":{"line":110,"column":16},"end":{"line":110,"column":37}},"loc":{"start":{"line":110,"column":83},"end":{"line":118,"column":1}}},"14":{"name":"parseIntSafe","decl":{"start":{"line":124,"column":16},"end":{"line":124,"column":28}},"loc":{"start":{"line":124,"column":107},"end":{"line":135,"column":1}}},"15":{"name":"parseFloatSafeWithDefault","decl":{"start":{"line":139,"column":16},"end":{"line":139,"column":41}},"loc":{"start":{"line":139,"column":88},"end":{"line":143,"column":1}}},"16":{"name":"toUpperCamelCase","decl":{"start":{"line":149,"column":16},"end":{"line":149,"column":32}},"loc":{"start":{"line":149,"column":44},"end":{"line":153,"column":1}}},"17":{"name":"(anonymous_21)","decl":{"start":{"line":150,"column":34},"end":{"line":150,"column":45}},"loc":{"start":{"line":150,"column":49},"end":{"line":152,"column":5}}},"18":{"name":"toLowerCamelCase","decl":{"start":{"line":159,"column":16},"end":{"line":159,"column":32}},"loc":{"start":{"line":159,"column":44},"end":{"line":161,"column":1}}},"19":{"name":"toMinimumFixed","decl":{"start":{"line":177,"column":16},"end":{"line":177,"column":30}},"loc":{"start":{"line":177,"column":92},"end":{"line":186,"column":1}}},"20":{"name":"eliminateArrayDuplicates","decl":{"start":{"line":192,"column":16},"end":{"line":192,"column":40}},"loc":{"start":{"line":192,"column":59},"end":{"line":194,"column":1}}},"21":{"name":"(anonymous_25)","decl":{"start":{"line":193,"column":23},"end":{"line":193,"column":25}},"loc":{"start":{"line":193,"column":38},"end":{"line":193,"column":63}}},"22":{"name":"transparentLog","decl":{"start":{"line":201,"column":16},"end":{"line":201,"column":30}},"loc":{"start":{"line":201,"column":82},"end":{"line":204,"column":1}}},"23":{"name":"getDaysInMonth","decl":{"start":{"line":220,"column":16},"end":{"line":220,"column":30}},"loc":{"start":{"line":220,"column":63},"end":{"line":234,"column":1}}},"24":{"name":"isNumberArray","decl":{"start":{"line":241,"column":16},"end":{"line":241,"column":29}},"loc":{"start":{"line":241,"column":40},"end":{"line":250,"column":1}}},"25":{"name":"is","decl":{"start":{"line":292,"column":16},"end":{"line":292,"column":18}},"loc":{"start":{"line":292,"column":55},"end":{"line":294,"column":1}}},"26":{"name":"enumerable","decl":{"start":{"line":303,"column":16},"end":{"line":303,"column":26}},"loc":{"start":{"line":303,"column":43},"end":{"line":307,"column":1}}},"27":{"name":"(anonymous_31)","decl":{"start":{"line":304,"column":11},"end":{"line":304,"column":22}},"loc":{"start":{"line":304,"column":86},"end":{"line":306,"column":5}}},"28":{"name":"computeDefaultPagination","decl":{"start":{"line":315,"column":16},"end":{"line":315,"column":40}},"loc":{"start":{"line":315,"column":40},"end":{"line":317,"column":1}}},"29":{"name":"getUnitFromUnitSystem","decl":{"start":{"line":325,"column":16},"end":{"line":325,"column":37}},"loc":{"start":{"line":325,"column":72},"end":{"line":336,"column":1}}},"30":{"name":"sortByCaseInsensitiveText","decl":{"start":{"line":340,"column":16},"end":{"line":340,"column":41}},"loc":{"start":{"line":340,"column":102},"end":{"line":353,"column":1}}},"31":{"name":"(anonymous_35)","decl":{"start":{"line":341,"column":11},"end":{"line":341,"column":13}},"loc":{"start":{"line":341,"column":28},"end":{"line":352,"column":5}}},"32":{"name":"sortByNumber","decl":{"start":{"line":362,"column":16},"end":{"line":362,"column":28}},"loc":{"start":{"line":362,"column":89},"end":{"line":366,"column":1}}},"33":{"name":"(anonymous_37)","decl":{"start":{"line":363,"column":11},"end":{"line":363,"column":13}},"loc":{"start":{"line":363,"column":28},"end":{"line":365,"column":5}}},"34":{"name":"tableFilterFromEnum","decl":{"start":{"line":372,"column":16},"end":{"line":372,"column":35}},"loc":{"start":{"line":372,"column":46},"end":{"line":379,"column":1}}},"35":{"name":"(anonymous_39)","decl":{"start":{"line":373,"column":33},"end":{"line":373,"column":34}},"loc":{"start":{"line":373,"column":37},"end":{"line":378,"column":5}}},"36":{"name":"deepCopy","decl":{"start":{"line":396,"column":16},"end":{"line":396,"column":24}},"loc":{"start":{"line":396,"column":50},"end":{"line":402,"column":1}}},"37":{"name":"deepEqual","decl":{"start":{"line":410,"column":16},"end":{"line":410,"column":25}},"loc":{"start":{"line":410,"column":47},"end":{"line":417,"column":1}}},"38":{"name":"makeColumn","decl":{"start":{"line":451,"column":16},"end":{"line":451,"column":26}},"loc":{"start":{"line":457,"column":5},"end":{"line":470,"column":1}}},"39":{"name":"(anonymous_43)","decl":{"start":{"line":458,"column":58},"end":{"line":458,"column":59}},"loc":{"start":{"line":458,"column":62},"end":{"line":469,"column":5}}},"40":{"name":"commonFilterConfig","decl":{"start":{"line":477,"column":16},"end":{"line":477,"column":34}},"loc":{"start":{"line":477,"column":96},"end":{"line":483,"column":1}}},"41":{"name":"(anonymous_45)","decl":{"start":{"line":481,"column":18},"end":{"line":481,"column":20}},"loc":{"start":{"line":481,"column":69},"end":{"line":481,"column":107}}},"42":{"name":"flatArrayObjectProperty","decl":{"start":{"line":504,"column":16},"end":{"line":504,"column":39}},"loc":{"start":{"line":504,"column":111},"end":{"line":520,"column":1}}},"43":{"name":"(anonymous_47)","decl":{"start":{"line":506,"column":19},"end":{"line":506,"column":22}},"loc":{"start":{"line":506,"column":25},"end":{"line":518,"column":5}}},"44":{"name":"(anonymous_48)","decl":{"start":{"line":512,"column":35},"end":{"line":512,"column":36}},"loc":{"start":{"line":512,"column":39},"end":{"line":514,"column":13}}},"45":{"name":"propValuesEqual","decl":{"start":{"line":527,"column":16},"end":{"line":527,"column":31}},"loc":{"start":{"line":527,"column":80},"end":{"line":534,"column":1}}}},"branchMap":{"0":{"loc":{"start":{"line":15,"column":4},"end":{"line":15,"column":null}},"type":"if","locations":[{"start":{"line":15,"column":4},"end":{"line":15,"column":null}},{"start":{"line":15,"column":4},"end":{"line":15,"column":null}}]},"1":{"loc":{"start":{"line":15,"column":9},"end":{"line":15,"column":11}},"type":"binary-expr","locations":[{"start":{"line":15,"column":9},"end":{"line":15,"column":11}},{"start":{"line":15,"column":15},"end":{"line":15,"column":36}}]},"2":{"loc":{"start":{"line":17,"column":4},"end":{"line":17,"column":null}},"type":"if","locations":[{"start":{"line":17,"column":4},"end":{"line":17,"column":null}},{"start":{"line":17,"column":4},"end":{"line":17,"column":null}}]},"3":{"loc":{"start":{"line":19,"column":4},"end":{"line":19,"column":null}},"type":"if","locations":[{"start":{"line":19,"column":4},"end":{"line":19,"column":null}},{"start":{"line":19,"column":4},"end":{"line":19,"column":null}}]},"4":{"loc":{"start":{"line":19,"column":9},"end":{"line":19,"column":22}},"type":"binary-expr","locations":[{"start":{"line":19,"column":9},"end":{"line":19,"column":22}},{"start":{"line":19,"column":26},"end":{"line":19,"column":40}},{"start":{"line":19,"column":44},"end":{"line":19,"column":75}}]},"5":{"loc":{"start":{"line":21,"column":4},"end":{"line":21,"column":null}},"type":"if","locations":[{"start":{"line":21,"column":4},"end":{"line":21,"column":null}},{"start":{"line":21,"column":4},"end":{"line":21,"column":null}}]},"6":{"loc":{"start":{"line":36,"column":145},"end":{"line":36,"column":149}},"type":"default-arg","locations":[{"start":{"line":36,"column":145},"end":{"line":36,"column":149}}]},"7":{"loc":{"start":{"line":38,"column":10},"end":{"line":38,"column":42}},"type":"cond-expr","locations":[{"start":{"line":38,"column":10},"end":{"line":38,"column":42}},{"start":{"line":39,"column":10},"end":{"line":41,"column":29}}]},"8":{"loc":{"start":{"line":40,"column":14},"end":{"line":40,"column":49}},"type":"cond-expr","locations":[{"start":{"line":40,"column":14},"end":{"line":40,"column":49}},{"start":{"line":41,"column":14},"end":{"line":41,"column":29}}]},"9":{"loc":{"start":{"line":55,"column":8},"end":{"line":57,"column":null}},"type":"if","locations":[{"start":{"line":55,"column":8},"end":{"line":57,"column":null}},{"start":{"line":55,"column":8},"end":{"line":57,"column":null}}]},"10":{"loc":{"start":{"line":95,"column":4},"end":{"line":97,"column":null}},"type":"if","locations":[{"start":{"line":95,"column":4},"end":{"line":97,"column":null}},{"start":{"line":95,"column":4},"end":{"line":97,"column":null}}]},"11":{"loc":{"start":{"line":95,"column":9},"end":{"line":95,"column":32}},"type":"binary-expr","locations":[{"start":{"line":95,"column":9},"end":{"line":95,"column":32}},{"start":{"line":95,"column":36},"end":{"line":95,"column":54}}]},"12":{"loc":{"start":{"line":98,"column":4},"end":{"line":100,"column":null}},"type":"if","locations":[{"start":{"line":98,"column":4},"end":{"line":100,"column":null}},{"start":{"line":98,"column":4},"end":{"line":100,"column":null}}]},"13":{"loc":{"start":{"line":99,"column":15},"end":{"line":99,"column":47}},"type":"binary-expr","locations":[{"start":{"line":99,"column":15},"end":{"line":99,"column":47}},{"start":{"line":99,"column":51},"end":{"line":99,"column":61}}]},"14":{"loc":{"start":{"line":111,"column":4},"end":{"line":116,"column":null}},"type":"if","locations":[{"start":{"line":111,"column":4},"end":{"line":116,"column":null}},{"start":{"line":111,"column":4},"end":{"line":116,"column":null}}]},"15":{"loc":{"start":{"line":111,"column":9},"end":{"line":111,"column":36}},"type":"binary-expr","locations":[{"start":{"line":111,"column":9},"end":{"line":111,"column":36}},{"start":{"line":111,"column":40},"end":{"line":111,"column":66}}]},"16":{"loc":{"start":{"line":126,"column":4},"end":{"line":131,"column":null}},"type":"if","locations":[{"start":{"line":126,"column":4},"end":{"line":131,"column":null}},{"start":{"line":126,"column":4},"end":{"line":131,"column":null}}]},"17":{"loc":{"start":{"line":127,"column":8},"end":{"line":129,"column":null}},"type":"if","locations":[{"start":{"line":127,"column":8},"end":{"line":129,"column":null}},{"start":{"line":127,"column":8},"end":{"line":129,"column":null}}]},"18":{"loc":{"start":{"line":132,"column":4},"end":{"line":132,"column":null}},"type":"if","locations":[{"start":{"line":132,"column":4},"end":{"line":132,"column":null}},{"start":{"line":132,"column":4},"end":{"line":132,"column":null}}]},"19":{"loc":{"start":{"line":133,"column":4},"end":{"line":133,"column":null}},"type":"if","locations":[{"start":{"line":133,"column":4},"end":{"line":133,"column":null}},{"start":{"line":133,"column":4},"end":{"line":133,"column":null}}]},"20":{"loc":{"start":{"line":134,"column":4},"end":{"line":134,"column":140}},"type":"if","locations":[{"start":{"line":134,"column":4},"end":{"line":134,"column":140}},{"start":{"line":134,"column":4},"end":{"line":134,"column":140}}]},"21":{"loc":{"start":{"line":134,"column":9},"end":{"line":134,"column":34}},"type":"binary-expr","locations":[{"start":{"line":134,"column":9},"end":{"line":134,"column":34}},{"start":{"line":134,"column":38},"end":{"line":134,"column":52}}]},"22":{"loc":{"start":{"line":134,"column":98},"end":{"line":134,"column":121}},"type":"cond-expr","locations":[{"start":{"line":134,"column":98},"end":{"line":134,"column":121}},{"start":{"line":134,"column":124},"end":{"line":134,"column":135}}]},"23":{"loc":{"start":{"line":140,"column":4},"end":{"line":140,"column":null}},"type":"if","locations":[{"start":{"line":140,"column":4},"end":{"line":140,"column":null}},{"start":{"line":140,"column":4},"end":{"line":140,"column":null}}]},"24":{"loc":{"start":{"line":142,"column":23},"end":{"line":142,"column":24}},"type":"cond-expr","locations":[{"start":{"line":142,"column":23},"end":{"line":142,"column":24}},{"start":{"line":142,"column":27},"end":{"line":142,"column":39}}]},"25":{"loc":{"start":{"line":177,"column":91},"end":{"line":177,"column":92}},"type":"default-arg","locations":[{"start":{"line":177,"column":91},"end":{"line":177,"column":92}}]},"26":{"loc":{"start":{"line":178,"column":4},"end":{"line":178,"column":null}},"type":"if","locations":[{"start":{"line":178,"column":4},"end":{"line":178,"column":null}},{"start":{"line":178,"column":4},"end":{"line":178,"column":null}}]},"27":{"loc":{"start":{"line":181,"column":4},"end":{"line":184,"column":null}},"type":"if","locations":[{"start":{"line":181,"column":4},"end":{"line":184,"column":null}},{"start":{"line":181,"column":4},"end":{"line":184,"column":null}}]},"28":{"loc":{"start":{"line":181,"column":9},"end":{"line":181,"column":18}},"type":"binary-expr","locations":[{"start":{"line":181,"column":9},"end":{"line":181,"column":18}},{"start":{"line":181,"column":22},"end":{"line":181,"column":47}}]},"29":{"loc":{"start":{"line":223,"column":4},"end":{"line":230,"column":null}},"type":"if","locations":[{"start":{"line":223,"column":4},"end":{"line":230,"column":null}},{"start":{"line":223,"column":4},"end":{"line":230,"column":null}}]},"30":{"loc":{"start":{"line":242,"column":4},"end":{"line":248,"column":null}},"type":"if","locations":[{"start":{"line":242,"column":4},"end":{"line":248,"column":null}},{"start":{"line":242,"column":4},"end":{"line":248,"column":null}}]},"31":{"loc":{"start":{"line":243,"column":8},"end":{"line":247,"column":null}},"type":"if","locations":[{"start":{"line":243,"column":8},"end":{"line":247,"column":null}},{"start":{"line":243,"column":8},"end":{"line":247,"column":null}}]},"32":{"loc":{"start":{"line":244,"column":12},"end":{"line":246,"column":null}},"type":"if","locations":[{"start":{"line":244,"column":12},"end":{"line":246,"column":null}},{"start":{"line":244,"column":12},"end":{"line":246,"column":null}}]},"33":{"loc":{"start":{"line":327,"column":8},"end":{"line":327,"column":33}},"type":"switch","locations":[{"start":{"line":327,"column":8},"end":{"line":327,"column":33}},{"start":{"line":328,"column":8},"end":{"line":329,"column":24}},{"start":{"line":330,"column":8},"end":{"line":330,"column":30}},{"start":{"line":331,"column":8},"end":{"line":332,"column":25}},{"start":{"line":333,"column":8},"end":{"line":334,"column":22}}]},"34":{"loc":{"start":{"line":342,"column":54},"end":{"line":342,"column":56}},"type":"cond-expr","locations":[{"start":{"line":342,"column":54},"end":{"line":342,"column":56}},{"start":{"line":342,"column":54},"end":{"line":342,"column":69}}]},"35":{"loc":{"start":{"line":342,"column":17},"end":{"line":342,"column":56}},"type":"binary-expr","locations":[{"start":{"line":342,"column":17},"end":{"line":342,"column":56}},{"start":{"line":342,"column":54},"end":{"line":342,"column":56}}]},"36":{"loc":{"start":{"line":343,"column":54},"end":{"line":343,"column":56}},"type":"cond-expr","locations":[{"start":{"line":343,"column":54},"end":{"line":343,"column":56}},{"start":{"line":343,"column":54},"end":{"line":343,"column":69}}]},"37":{"loc":{"start":{"line":343,"column":17},"end":{"line":343,"column":56}},"type":"binary-expr","locations":[{"start":{"line":343,"column":17},"end":{"line":343,"column":56}},{"start":{"line":343,"column":54},"end":{"line":343,"column":56}}]},"38":{"loc":{"start":{"line":344,"column":8},"end":{"line":346,"column":null}},"type":"if","locations":[{"start":{"line":344,"column":8},"end":{"line":346,"column":null}},{"start":{"line":344,"column":8},"end":{"line":346,"column":null}}]},"39":{"loc":{"start":{"line":347,"column":8},"end":{"line":349,"column":null}},"type":"if","locations":[{"start":{"line":347,"column":8},"end":{"line":349,"column":null}},{"start":{"line":347,"column":8},"end":{"line":349,"column":null}}]},"40":{"loc":{"start":{"line":397,"column":4},"end":{"line":399,"column":null}},"type":"if","locations":[{"start":{"line":397,"column":4},"end":{"line":399,"column":null}},{"start":{"line":397,"column":4},"end":{"line":399,"column":null}}]},"41":{"loc":{"start":{"line":411,"column":4},"end":{"line":413,"column":null}},"type":"if","locations":[{"start":{"line":411,"column":4},"end":{"line":413,"column":null}},{"start":{"line":411,"column":4},"end":{"line":413,"column":null}}]},"42":{"loc":{"start":{"line":411,"column":15},"end":{"line":411,"column":39}},"type":"binary-expr","locations":[{"start":{"line":411,"column":15},"end":{"line":411,"column":39}},{"start":{"line":411,"column":47},"end":{"line":411,"column":71}}]},"43":{"loc":{"start":{"line":458,"column":37},"end":{"line":458,"column":44}},"type":"cond-expr","locations":[{"start":{"line":458,"column":37},"end":{"line":458,"column":44}},{"start":{"line":458,"column":47},"end":{"line":458,"column":50}}]},"44":{"loc":{"start":{"line":459,"column":51},"end":{"line":459,"column":66}},"type":"cond-expr","locations":[{"start":{"line":459,"column":51},"end":{"line":459,"column":66}},{"start":{"line":459,"column":69},"end":{"line":459,"column":80}}]},"45":{"loc":{"start":{"line":467,"column":36},"end":{"line":467,"column":37}},"type":"cond-expr","locations":[{"start":{"line":467,"column":36},"end":{"line":467,"column":37}},{"start":{"line":467,"column":40},"end":{"line":467,"column":42}}]},"46":{"loc":{"start":{"line":508,"column":8},"end":{"line":510,"column":null}},"type":"if","locations":[{"start":{"line":508,"column":8},"end":{"line":510,"column":null}},{"start":{"line":508,"column":8},"end":{"line":510,"column":null}}]},"47":{"loc":{"start":{"line":511,"column":8},"end":{"line":517,"column":null}},"type":"if","locations":[{"start":{"line":511,"column":8},"end":{"line":517,"column":null}},{"start":{"line":511,"column":8},"end":{"line":517,"column":null}}]},"48":{"loc":{"start":{"line":529,"column":8},"end":{"line":531,"column":null}},"type":"if","locations":[{"start":{"line":529,"column":8},"end":{"line":531,"column":null}},{"start":{"line":529,"column":8},"end":{"line":531,"column":null}}]}},"s":{"0":1,"1":1,"2":1,"3":1,"4":1,"5":1,"6":0,"7":0,"8":1,"9":0,"10":0,"11":0,"12":0,"13":0,"14":0,"15":0,"16":0,"17":0,"18":0,"19":1,"20":0,"21":0,"22":0,"23":0,"24":0,"25":0,"26":0,"27":1,"28":0,"29":0,"30":0,"31":0,"32":0,"33":1,"34":0,"35":0,"36":0,"37":0,"38":0,"39":0,"40":1,"41":0,"42":0,"43":0,"44":1,"45":0,"46":0,"47":0,"48":0,"49":0,"50":0,"51":0,"52":0,"53":0,"54":0,"55":1,"56":0,"57":0,"58":0,"59":0,"60":1,"61":0,"62":0,"63":1,"64":0,"65":1,"66":0,"67":0,"68":0,"69":0,"70":0,"71":0,"72":1,"73":0,"74":0,"75":1,"76":0,"77":0,"78":1,"79":0,"80":0,"81":0,"82":0,"83":0,"84":0,"85":0,"86":0,"87":0,"88":1,"89":0,"90":0,"91":0,"92":0,"93":0,"94":1,"95":0,"96":1,"97":1,"98":1,"99":1,"100":0,"101":1,"102":0,"103":0,"104":0,"105":0,"106":1,"107":0,"108":0,"109":0,"110":0,"111":0,"112":0,"113":0,"114":0,"115":1,"116":0,"117":0,"118":1,"119":0,"120":0,"121":1,"122":0,"123":0,"124":0,"125":0,"126":1,"127":0,"128":0,"129":0,"130":0,"131":0,"132":1,"133":0,"134":0,"135":0,"136":1,"137":0,"138":0,"139":1,"140":1,"141":1,"142":3,"143":3,"144":0,"145":3,"146":2,"147":5,"148":1,"149":1,"150":1,"151":0,"152":0,"153":0,"154":0,"155":1},"f":{"0":0,"1":0,"2":0,"3":0,"4":0,"5":0,"6":0,"7":0,"8":0,"9":0,"10":0,"11":0,"12":0,"13":0,"14":0,"15":0,"16":0,"17":0,"18":0,"19":0,"20":0,"21":0,"22":0,"23":0,"24":0,"25":0,"26":1,"27":1,"28":0,"29":0,"30":0,"31":0,"32":0,"33":0,"34":0,"35":0,"36":0,"37":0,"38":0,"39":0,"40":0,"41":0,"42":1,"43":3,"44":5,"45":0},"b":{"0":[0,0],"1":[0,0],"2":[0,0],"3":[0,0],"4":[0,0,0],"5":[0,0],"6":[0],"7":[0,0],"8":[0,0],"9":[0,0],"10":[0,0],"11":[0,0],"12":[0,0],"13":[0,0],"14":[0,0],"15":[0,0],"16":[0,0],"17":[0,0],"18":[0,0],"19":[0,0],"20":[0,0],"21":[0,0],"22":[0,0],"23":[0,0],"24":[0,0],"25":[0],"26":[0,0],"27":[0,0],"28":[0,0],"29":[0,0],"30":[0,0],"31":[0,0],"32":[0,0],"33":[0,0,0,0,0],"34":[0,0],"35":[0,0],"36":[0,0],"37":[0,0],"38":[0,0],"39":[0,0],"40":[0,0],"41":[0,0],"42":[0,0],"43":[0,0],"44":[0,0],"45":[0,0],"46":[0,3],"47":[2,1],"48":[0,0]}}
,"C:\\Users\\eric\\dev\\src\\github.com\\erichiller\\inventory\\client\\src\\lib\\types\\UtilityTypes.ts": {"path":"C:\\Users\\eric\\dev\\src\\github.com\\erichiller\\inventory\\client\\src\\lib\\types\\UtilityTypes.ts","statementMap":{"0":{"start":{"line":1,"column":0},"end":{"line":1,"column":79}},"1":{"start":{"line":2,"column":0},"end":{"line":2,"column":48}}},"fnMap":{},"branchMap":{},"s":{"0":2,"1":2},"f":{},"b":{}}
,"C:\\Users\\eric\\dev\\src\\github.com\\erichiller\\inventory\\client\\src\\lib\\types\\graphql.tsx": {"path":"C:\\Users\\eric\\dev\\src\\github.com\\erichiller\\inventory\\client\\src\\lib\\types\\graphql.tsx","statementMap":{"0":{"start":{"line":1,"column":0},"end":{"line":1,"column":30}},"1":{"start":{"line":2,"column":0},"end":{"line":2,"column":58}},"2":{"start":{"line":3,"column":0},"end":{"line":3,"column":52}},"3":{"start":{"line":4,"column":0},"end":{"line":4,"column":56}},"4":{"start":{"line":70,"column":0},"end":{"line":70,"column":null}},"5":{"start":{"line":71,"column":2},"end":{"line":71,"column":null}},"6":{"start":{"line":72,"column":2},"end":{"line":72,"column":null}},"7":{"start":{"line":73,"column":2},"end":{"line":73,"column":null}},"8":{"start":{"line":74,"column":2},"end":{"line":74,"column":null}},"9":{"start":{"line":75,"column":2},"end":{"line":75,"column":null}},"10":{"start":{"line":76,"column":2},"end":{"line":76,"column":null}},"11":{"start":{"line":77,"column":2},"end":{"line":77,"column":null}},"12":{"start":{"line":78,"column":2},"end":{"line":78,"column":null}},"13":{"start":{"line":79,"column":2},"end":{"line":79,"column":null}},"14":{"start":{"line":155,"column":0},"end":{"line":155,"column":null}},"15":{"start":{"line":156,"column":2},"end":{"line":156,"column":null}},"16":{"start":{"line":157,"column":2},"end":{"line":157,"column":null}},"17":{"start":{"line":158,"column":2},"end":{"line":158,"column":null}},"18":{"start":{"line":159,"column":2},"end":{"line":159,"column":null}},"19":{"start":{"line":160,"column":2},"end":{"line":160,"column":null}},"20":{"start":{"line":161,"column":2},"end":{"line":161,"column":null}},"21":{"start":{"line":162,"column":2},"end":{"line":162,"column":null}},"22":{"start":{"line":163,"column":2},"end":{"line":163,"column":null}},"23":{"start":{"line":164,"column":2},"end":{"line":164,"column":null}},"24":{"start":{"line":165,"column":2},"end":{"line":165,"column":null}},"25":{"start":{"line":166,"column":2},"end":{"line":166,"column":null}},"26":{"start":{"line":167,"column":2},"end":{"line":167,"column":null}},"27":{"start":{"line":168,"column":2},"end":{"line":168,"column":null}},"28":{"start":{"line":169,"column":2},"end":{"line":169,"column":null}},"29":{"start":{"line":170,"column":2},"end":{"line":170,"column":null}},"30":{"start":{"line":171,"column":2},"end":{"line":171,"column":null}},"31":{"start":{"line":172,"column":2},"end":{"line":172,"column":null}},"32":{"start":{"line":173,"column":2},"end":{"line":173,"column":null}},"33":{"start":{"line":174,"column":2},"end":{"line":174,"column":null}},"34":{"start":{"line":175,"column":2},"end":{"line":175,"column":null}},"35":{"start":{"line":176,"column":2},"end":{"line":176,"column":null}},"36":{"start":{"line":177,"column":2},"end":{"line":177,"column":null}},"37":{"start":{"line":178,"column":2},"end":{"line":178,"column":null}},"38":{"start":{"line":179,"column":2},"end":{"line":179,"column":null}},"39":{"start":{"line":180,"column":2},"end":{"line":180,"column":null}},"40":{"start":{"line":181,"column":2},"end":{"line":181,"column":null}},"41":{"start":{"line":182,"column":2},"end":{"line":182,"column":null}},"42":{"start":{"line":183,"column":2},"end":{"line":183,"column":null}},"43":{"start":{"line":184,"column":2},"end":{"line":184,"column":null}},"44":{"start":{"line":185,"column":2},"end":{"line":185,"column":null}},"45":{"start":{"line":188,"column":0},"end":{"line":188,"column":null}},"46":{"start":{"line":189,"column":2},"end":{"line":189,"column":null}},"47":{"start":{"line":190,"column":2},"end":{"line":190,"column":null}},"48":{"start":{"line":191,"column":2},"end":{"line":191,"column":null}},"49":{"start":{"line":192,"column":2},"end":{"line":192,"column":null}},"50":{"start":{"line":193,"column":2},"end":{"line":193,"column":null}},"51":{"start":{"line":194,"column":2},"end":{"line":194,"column":null}},"52":{"start":{"line":195,"column":2},"end":{"line":195,"column":null}},"53":{"start":{"line":196,"column":2},"end":{"line":196,"column":null}},"54":{"start":{"line":197,"column":2},"end":{"line":197,"column":null}},"55":{"start":{"line":198,"column":2},"end":{"line":198,"column":null}},"56":{"start":{"line":282,"column":0},"end":{"line":282,"column":null}},"57":{"start":{"line":284,"column":2},"end":{"line":284,"column":null}},"58":{"start":{"line":353,"column":0},"end":{"line":353,"column":null}},"59":{"start":{"line":355,"column":2},"end":{"line":355,"column":null}},"60":{"start":{"line":357,"column":2},"end":{"line":357,"column":null}},"61":{"start":{"line":367,"column":0},"end":{"line":367,"column":null}},"62":{"start":{"line":369,"column":2},"end":{"line":369,"column":null}},"63":{"start":{"line":371,"column":2},"end":{"line":371,"column":null}},"64":{"start":{"line":426,"column":0},"end":{"line":426,"column":null}},"65":{"start":{"line":428,"column":2},"end":{"line":428,"column":null}},"66":{"start":{"line":430,"column":2},"end":{"line":430,"column":null}},"67":{"start":{"line":433,"column":0},"end":{"line":433,"column":null}},"68":{"start":{"line":434,"column":2},"end":{"line":434,"column":null}},"69":{"start":{"line":435,"column":2},"end":{"line":435,"column":null}},"70":{"start":{"line":436,"column":2},"end":{"line":436,"column":null}},"71":{"start":{"line":437,"column":2},"end":{"line":437,"column":null}},"72":{"start":{"line":438,"column":2},"end":{"line":438,"column":null}},"73":{"start":{"line":440,"column":2},"end":{"line":440,"column":null}},"74":{"start":{"line":518,"column":0},"end":{"line":518,"column":null}},"75":{"start":{"line":520,"column":2},"end":{"line":520,"column":null}},"76":{"start":{"line":522,"column":2},"end":{"line":522,"column":null}},"77":{"start":{"line":532,"column":0},"end":{"line":532,"column":null}},"78":{"start":{"line":534,"column":2},"end":{"line":534,"column":null}},"79":{"start":{"line":536,"column":2},"end":{"line":536,"column":null}},"80":{"start":{"line":591,"column":0},"end":{"line":591,"column":null}},"81":{"start":{"line":593,"column":2},"end":{"line":593,"column":null}},"82":{"start":{"line":596,"column":0},"end":{"line":596,"column":null}},"83":{"start":{"line":598,"column":2},"end":{"line":598,"column":null}},"84":{"start":{"line":600,"column":2},"end":{"line":600,"column":null}},"85":{"start":{"line":678,"column":0},"end":{"line":678,"column":null}},"86":{"start":{"line":680,"column":2},"end":{"line":680,"column":null}},"87":{"start":{"line":682,"column":2},"end":{"line":682,"column":null}},"88":{"start":{"line":692,"column":0},"end":{"line":692,"column":null}},"89":{"start":{"line":694,"column":2},"end":{"line":694,"column":null}},"90":{"start":{"line":696,"column":2},"end":{"line":696,"column":null}},"91":{"start":{"line":756,"column":0},"end":{"line":756,"column":null}},"92":{"start":{"line":758,"column":2},"end":{"line":758,"column":null}},"93":{"start":{"line":761,"column":0},"end":{"line":761,"column":null}},"94":{"start":{"line":763,"column":2},"end":{"line":763,"column":null}},"95":{"start":{"line":765,"column":2},"end":{"line":765,"column":null}},"96":{"start":{"line":767,"column":2},"end":{"line":767,"column":null}},"97":{"start":{"line":769,"column":2},"end":{"line":769,"column":null}},"98":{"start":{"line":771,"column":2},"end":{"line":771,"column":null}},"99":{"start":{"line":773,"column":2},"end":{"line":773,"column":null}},"100":{"start":{"line":775,"column":2},"end":{"line":775,"column":null}},"101":{"start":{"line":777,"column":2},"end":{"line":777,"column":null}},"102":{"start":{"line":779,"column":2},"end":{"line":779,"column":null}},"103":{"start":{"line":781,"column":2},"end":{"line":781,"column":null}},"104":{"start":{"line":783,"column":2},"end":{"line":783,"column":null}},"105":{"start":{"line":785,"column":2},"end":{"line":785,"column":null}},"106":{"start":{"line":787,"column":2},"end":{"line":787,"column":null}},"107":{"start":{"line":789,"column":2},"end":{"line":789,"column":null}},"108":{"start":{"line":791,"column":2},"end":{"line":791,"column":null}},"109":{"start":{"line":793,"column":2},"end":{"line":793,"column":null}},"110":{"start":{"line":795,"column":2},"end":{"line":795,"column":null}},"111":{"start":{"line":797,"column":2},"end":{"line":797,"column":null}},"112":{"start":{"line":799,"column":2},"end":{"line":799,"column":null}},"113":{"start":{"line":801,"column":2},"end":{"line":801,"column":null}},"114":{"start":{"line":803,"column":2},"end":{"line":803,"column":null}},"115":{"start":{"line":805,"column":2},"end":{"line":805,"column":null}},"116":{"start":{"line":807,"column":2},"end":{"line":807,"column":null}},"117":{"start":{"line":885,"column":0},"end":{"line":885,"column":null}},"118":{"start":{"line":887,"column":2},"end":{"line":887,"column":null}},"119":{"start":{"line":889,"column":2},"end":{"line":889,"column":null}},"120":{"start":{"line":899,"column":0},"end":{"line":899,"column":null}},"121":{"start":{"line":901,"column":2},"end":{"line":901,"column":null}},"122":{"start":{"line":903,"column":2},"end":{"line":903,"column":null}},"123":{"start":{"line":965,"column":0},"end":{"line":965,"column":null}},"124":{"start":{"line":967,"column":2},"end":{"line":967,"column":null}},"125":{"start":{"line":970,"column":0},"end":{"line":970,"column":null}},"126":{"start":{"line":972,"column":2},"end":{"line":972,"column":null}},"127":{"start":{"line":974,"column":2},"end":{"line":974,"column":null}},"128":{"start":{"line":976,"column":2},"end":{"line":976,"column":null}},"129":{"start":{"line":977,"column":2},"end":{"line":977,"column":null}},"130":{"start":{"line":979,"column":2},"end":{"line":979,"column":null}},"131":{"start":{"line":981,"column":2},"end":{"line":981,"column":null}},"132":{"start":{"line":983,"column":2},"end":{"line":983,"column":null}},"133":{"start":{"line":985,"column":2},"end":{"line":985,"column":null}},"134":{"start":{"line":987,"column":2},"end":{"line":987,"column":null}},"135":{"start":{"line":989,"column":2},"end":{"line":989,"column":null}},"136":{"start":{"line":991,"column":2},"end":{"line":991,"column":null}},"137":{"start":{"line":992,"column":2},"end":{"line":992,"column":null}},"138":{"start":{"line":1070,"column":0},"end":{"line":1070,"column":null}},"139":{"start":{"line":1072,"column":2},"end":{"line":1072,"column":null}},"140":{"start":{"line":1074,"column":2},"end":{"line":1074,"column":null}},"141":{"start":{"line":1084,"column":0},"end":{"line":1084,"column":null}},"142":{"start":{"line":1086,"column":2},"end":{"line":1086,"column":null}},"143":{"start":{"line":1088,"column":2},"end":{"line":1088,"column":null}},"144":{"start":{"line":1143,"column":0},"end":{"line":1143,"column":null}},"145":{"start":{"line":1145,"column":2},"end":{"line":1145,"column":null}},"146":{"start":{"line":1148,"column":0},"end":{"line":1148,"column":null}},"147":{"start":{"line":1150,"column":2},"end":{"line":1150,"column":null}},"148":{"start":{"line":1152,"column":2},"end":{"line":1152,"column":null}},"149":{"start":{"line":1154,"column":2},"end":{"line":1154,"column":null}},"150":{"start":{"line":1156,"column":2},"end":{"line":1156,"column":null}},"151":{"start":{"line":1158,"column":2},"end":{"line":1158,"column":null}},"152":{"start":{"line":1160,"column":2},"end":{"line":1160,"column":null}},"153":{"start":{"line":1162,"column":2},"end":{"line":1162,"column":null}},"154":{"start":{"line":1164,"column":2},"end":{"line":1164,"column":null}},"155":{"start":{"line":1166,"column":2},"end":{"line":1166,"column":null}},"156":{"start":{"line":1168,"column":2},"end":{"line":1168,"column":null}},"157":{"start":{"line":1170,"column":2},"end":{"line":1170,"column":null}},"158":{"start":{"line":1172,"column":2},"end":{"line":1172,"column":null}},"159":{"start":{"line":1174,"column":2},"end":{"line":1174,"column":null}},"160":{"start":{"line":1176,"column":2},"end":{"line":1176,"column":null}},"161":{"start":{"line":1178,"column":2},"end":{"line":1178,"column":null}},"162":{"start":{"line":1256,"column":0},"end":{"line":1256,"column":null}},"163":{"start":{"line":1258,"column":2},"end":{"line":1258,"column":null}},"164":{"start":{"line":1260,"column":2},"end":{"line":1260,"column":null}},"165":{"start":{"line":1270,"column":0},"end":{"line":1270,"column":null}},"166":{"start":{"line":1272,"column":2},"end":{"line":1272,"column":null}},"167":{"start":{"line":1274,"column":2},"end":{"line":1274,"column":null}},"168":{"start":{"line":1329,"column":0},"end":{"line":1329,"column":null}},"169":{"start":{"line":1331,"column":2},"end":{"line":1331,"column":null}},"170":{"start":{"line":1334,"column":0},"end":{"line":1334,"column":null}},"171":{"start":{"line":1336,"column":2},"end":{"line":1336,"column":null}},"172":{"start":{"line":1338,"column":2},"end":{"line":1338,"column":null}},"173":{"start":{"line":1416,"column":0},"end":{"line":1416,"column":null}},"174":{"start":{"line":1418,"column":2},"end":{"line":1418,"column":null}},"175":{"start":{"line":1420,"column":2},"end":{"line":1420,"column":null}},"176":{"start":{"line":1430,"column":0},"end":{"line":1430,"column":null}},"177":{"start":{"line":1432,"column":2},"end":{"line":1432,"column":null}},"178":{"start":{"line":1434,"column":2},"end":{"line":1434,"column":null}},"179":{"start":{"line":1494,"column":0},"end":{"line":1494,"column":null}},"180":{"start":{"line":1496,"column":2},"end":{"line":1496,"column":null}},"181":{"start":{"line":1499,"column":0},"end":{"line":1499,"column":null}},"182":{"start":{"line":1500,"column":2},"end":{"line":1500,"column":null}},"183":{"start":{"line":1501,"column":2},"end":{"line":1501,"column":null}},"184":{"start":{"line":1502,"column":2},"end":{"line":1502,"column":null}},"185":{"start":{"line":1503,"column":2},"end":{"line":1503,"column":null}},"186":{"start":{"line":1508,"column":2},"end":{"line":1508,"column":null}},"187":{"start":{"line":1513,"column":2},"end":{"line":1513,"column":null}},"188":{"start":{"line":1591,"column":0},"end":{"line":1591,"column":null}},"189":{"start":{"line":1593,"column":2},"end":{"line":1593,"column":null}},"190":{"start":{"line":1595,"column":2},"end":{"line":1595,"column":null}},"191":{"start":{"line":1605,"column":0},"end":{"line":1605,"column":null}},"192":{"start":{"line":1607,"column":2},"end":{"line":1607,"column":null}},"193":{"start":{"line":1609,"column":2},"end":{"line":1609,"column":null}},"194":{"start":{"line":1664,"column":0},"end":{"line":1664,"column":null}},"195":{"start":{"line":1666,"column":2},"end":{"line":1666,"column":null}},"196":{"start":{"line":1669,"column":0},"end":{"line":1669,"column":null}},"197":{"start":{"line":1670,"column":2},"end":{"line":1670,"column":null}},"198":{"start":{"line":1671,"column":2},"end":{"line":1671,"column":null}},"199":{"start":{"line":1672,"column":2},"end":{"line":1672,"column":null}},"200":{"start":{"line":1673,"column":2},"end":{"line":1673,"column":null}},"201":{"start":{"line":1674,"column":2},"end":{"line":1674,"column":null}},"202":{"start":{"line":1675,"column":2},"end":{"line":1675,"column":null}},"203":{"start":{"line":1676,"column":2},"end":{"line":1676,"column":null}},"204":{"start":{"line":1677,"column":2},"end":{"line":1677,"column":null}},"205":{"start":{"line":1678,"column":2},"end":{"line":1678,"column":null}},"206":{"start":{"line":1679,"column":2},"end":{"line":1679,"column":null}},"207":{"start":{"line":1680,"column":2},"end":{"line":1680,"column":null}},"208":{"start":{"line":1681,"column":2},"end":{"line":1681,"column":null}},"209":{"start":{"line":1759,"column":0},"end":{"line":1759,"column":null}},"210":{"start":{"line":1761,"column":2},"end":{"line":1761,"column":null}},"211":{"start":{"line":1763,"column":2},"end":{"line":1763,"column":null}},"212":{"start":{"line":1773,"column":0},"end":{"line":1773,"column":null}},"213":{"start":{"line":1775,"column":2},"end":{"line":1775,"column":null}},"214":{"start":{"line":1777,"column":2},"end":{"line":1777,"column":null}},"215":{"start":{"line":1832,"column":0},"end":{"line":1832,"column":null}},"216":{"start":{"line":1834,"column":2},"end":{"line":1834,"column":null}},"217":{"start":{"line":1837,"column":0},"end":{"line":1837,"column":null}},"218":{"start":{"line":1839,"column":2},"end":{"line":1839,"column":null}},"219":{"start":{"line":1841,"column":2},"end":{"line":1841,"column":null}},"220":{"start":{"line":1842,"column":2},"end":{"line":1842,"column":null}},"221":{"start":{"line":1847,"column":2},"end":{"line":1847,"column":null}},"222":{"start":{"line":1848,"column":2},"end":{"line":1848,"column":null}},"223":{"start":{"line":1853,"column":2},"end":{"line":1853,"column":null}},"224":{"start":{"line":1855,"column":2},"end":{"line":1855,"column":null}},"225":{"start":{"line":1857,"column":2},"end":{"line":1857,"column":null}},"226":{"start":{"line":1859,"column":2},"end":{"line":1859,"column":null}},"227":{"start":{"line":1861,"column":2},"end":{"line":1861,"column":null}},"228":{"start":{"line":1863,"column":2},"end":{"line":1863,"column":null}},"229":{"start":{"line":1864,"column":2},"end":{"line":1864,"column":null}},"230":{"start":{"line":1866,"column":2},"end":{"line":1866,"column":null}},"231":{"start":{"line":1944,"column":0},"end":{"line":1944,"column":null}},"232":{"start":{"line":1946,"column":2},"end":{"line":1946,"column":null}},"233":{"start":{"line":1948,"column":2},"end":{"line":1948,"column":null}},"234":{"start":{"line":1958,"column":0},"end":{"line":1958,"column":null}},"235":{"start":{"line":1960,"column":2},"end":{"line":1960,"column":null}},"236":{"start":{"line":1962,"column":2},"end":{"line":1962,"column":null}},"237":{"start":{"line":2017,"column":0},"end":{"line":2017,"column":null}},"238":{"start":{"line":2019,"column":2},"end":{"line":2019,"column":null}},"239":{"start":{"line":2022,"column":0},"end":{"line":2022,"column":null}},"240":{"start":{"line":2023,"column":2},"end":{"line":2023,"column":null}},"241":{"start":{"line":2024,"column":2},"end":{"line":2024,"column":null}},"242":{"start":{"line":2025,"column":2},"end":{"line":2025,"column":null}},"243":{"start":{"line":2026,"column":2},"end":{"line":2026,"column":null}},"244":{"start":{"line":2104,"column":0},"end":{"line":2104,"column":null}},"245":{"start":{"line":2106,"column":2},"end":{"line":2106,"column":null}},"246":{"start":{"line":2108,"column":2},"end":{"line":2108,"column":null}},"247":{"start":{"line":2118,"column":0},"end":{"line":2118,"column":null}},"248":{"start":{"line":2120,"column":2},"end":{"line":2120,"column":null}},"249":{"start":{"line":2122,"column":2},"end":{"line":2122,"column":null}},"250":{"start":{"line":2182,"column":0},"end":{"line":2182,"column":null}},"251":{"start":{"line":2184,"column":2},"end":{"line":2184,"column":null}},"252":{"start":{"line":2187,"column":0},"end":{"line":2187,"column":null}},"253":{"start":{"line":2189,"column":2},"end":{"line":2189,"column":null}},"254":{"start":{"line":2191,"column":2},"end":{"line":2191,"column":null}},"255":{"start":{"line":2193,"column":2},"end":{"line":2193,"column":null}},"256":{"start":{"line":2195,"column":2},"end":{"line":2195,"column":null}},"257":{"start":{"line":2197,"column":2},"end":{"line":2197,"column":null}},"258":{"start":{"line":2199,"column":2},"end":{"line":2199,"column":null}},"259":{"start":{"line":2201,"column":2},"end":{"line":2201,"column":null}},"260":{"start":{"line":2203,"column":2},"end":{"line":2203,"column":null}},"261":{"start":{"line":2205,"column":2},"end":{"line":2205,"column":null}},"262":{"start":{"line":2283,"column":0},"end":{"line":2283,"column":null}},"263":{"start":{"line":2285,"column":2},"end":{"line":2285,"column":null}},"264":{"start":{"line":2287,"column":2},"end":{"line":2287,"column":null}},"265":{"start":{"line":2297,"column":0},"end":{"line":2297,"column":null}},"266":{"start":{"line":2299,"column":2},"end":{"line":2299,"column":null}},"267":{"start":{"line":2301,"column":2},"end":{"line":2301,"column":null}},"268":{"start":{"line":2361,"column":0},"end":{"line":2361,"column":null}},"269":{"start":{"line":2363,"column":2},"end":{"line":2363,"column":null}},"270":{"start":{"line":2366,"column":0},"end":{"line":2366,"column":null}},"271":{"start":{"line":2367,"column":2},"end":{"line":2367,"column":null}},"272":{"start":{"line":2368,"column":2},"end":{"line":2368,"column":null}},"273":{"start":{"line":2369,"column":2},"end":{"line":2369,"column":null}},"274":{"start":{"line":2374,"column":2},"end":{"line":2374,"column":null}},"275":{"start":{"line":2375,"column":2},"end":{"line":2375,"column":null}},"276":{"start":{"line":2380,"column":2},"end":{"line":2380,"column":null}},"277":{"start":{"line":2382,"column":2},"end":{"line":2382,"column":null}},"278":{"start":{"line":2384,"column":2},"end":{"line":2384,"column":null}},"279":{"start":{"line":2462,"column":0},"end":{"line":2462,"column":null}},"280":{"start":{"line":2464,"column":2},"end":{"line":2464,"column":null}},"281":{"start":{"line":2466,"column":2},"end":{"line":2466,"column":null}},"282":{"start":{"line":2476,"column":0},"end":{"line":2476,"column":null}},"283":{"start":{"line":2478,"column":2},"end":{"line":2478,"column":null}},"284":{"start":{"line":2480,"column":2},"end":{"line":2480,"column":null}},"285":{"start":{"line":2535,"column":0},"end":{"line":2535,"column":null}},"286":{"start":{"line":2537,"column":2},"end":{"line":2537,"column":null}},"287":{"start":{"line":2540,"column":0},"end":{"line":2540,"column":null}},"288":{"start":{"line":2541,"column":2},"end":{"line":2541,"column":null}},"289":{"start":{"line":2542,"column":2},"end":{"line":2542,"column":null}},"290":{"start":{"line":2543,"column":2},"end":{"line":2543,"column":null}},"291":{"start":{"line":2544,"column":2},"end":{"line":2544,"column":null}},"292":{"start":{"line":2622,"column":0},"end":{"line":2622,"column":null}},"293":{"start":{"line":2624,"column":2},"end":{"line":2624,"column":null}},"294":{"start":{"line":2626,"column":2},"end":{"line":2626,"column":null}},"295":{"start":{"line":2636,"column":0},"end":{"line":2636,"column":null}},"296":{"start":{"line":2638,"column":2},"end":{"line":2638,"column":null}},"297":{"start":{"line":2640,"column":2},"end":{"line":2640,"column":null}},"298":{"start":{"line":2700,"column":0},"end":{"line":2700,"column":null}},"299":{"start":{"line":2702,"column":2},"end":{"line":2702,"column":null}},"300":{"start":{"line":2705,"column":0},"end":{"line":2705,"column":null}},"301":{"start":{"line":2707,"column":2},"end":{"line":2707,"column":null}},"302":{"start":{"line":2708,"column":2},"end":{"line":2708,"column":null}},"303":{"start":{"line":2709,"column":2},"end":{"line":2709,"column":null}},"304":{"start":{"line":2787,"column":0},"end":{"line":2787,"column":null}},"305":{"start":{"line":2789,"column":2},"end":{"line":2789,"column":null}},"306":{"start":{"line":2791,"column":2},"end":{"line":2791,"column":null}},"307":{"start":{"line":2801,"column":0},"end":{"line":2801,"column":null}},"308":{"start":{"line":2803,"column":2},"end":{"line":2803,"column":null}},"309":{"start":{"line":2805,"column":2},"end":{"line":2805,"column":null}},"310":{"start":{"line":2865,"column":0},"end":{"line":2865,"column":null}},"311":{"start":{"line":2867,"column":2},"end":{"line":2867,"column":null}},"312":{"start":{"line":2870,"column":0},"end":{"line":2870,"column":null}},"313":{"start":{"line":2872,"column":2},"end":{"line":2872,"column":null}},"314":{"start":{"line":2874,"column":2},"end":{"line":2874,"column":null}},"315":{"start":{"line":2876,"column":2},"end":{"line":2876,"column":null}},"316":{"start":{"line":2878,"column":2},"end":{"line":2878,"column":null}},"317":{"start":{"line":2880,"column":2},"end":{"line":2880,"column":null}},"318":{"start":{"line":2882,"column":2},"end":{"line":2882,"column":null}},"319":{"start":{"line":2960,"column":0},"end":{"line":2960,"column":null}},"320":{"start":{"line":2962,"column":2},"end":{"line":2962,"column":null}},"321":{"start":{"line":2964,"column":2},"end":{"line":2964,"column":null}},"322":{"start":{"line":2974,"column":0},"end":{"line":2974,"column":null}},"323":{"start":{"line":2976,"column":2},"end":{"line":2976,"column":null}},"324":{"start":{"line":2978,"column":2},"end":{"line":2978,"column":null}},"325":{"start":{"line":3038,"column":0},"end":{"line":3038,"column":null}},"326":{"start":{"line":3040,"column":2},"end":{"line":3040,"column":null}},"327":{"start":{"line":3043,"column":0},"end":{"line":3043,"column":null}},"328":{"start":{"line":3045,"column":2},"end":{"line":3045,"column":null}},"329":{"start":{"line":3047,"column":2},"end":{"line":3047,"column":null}},"330":{"start":{"line":3049,"column":2},"end":{"line":3049,"column":null}},"331":{"start":{"line":3051,"column":2},"end":{"line":3051,"column":null}},"332":{"start":{"line":3053,"column":2},"end":{"line":3053,"column":null}},"333":{"start":{"line":3054,"column":2},"end":{"line":3054,"column":null}},"334":{"start":{"line":3132,"column":0},"end":{"line":3132,"column":null}},"335":{"start":{"line":3134,"column":2},"end":{"line":3134,"column":null}},"336":{"start":{"line":3136,"column":2},"end":{"line":3136,"column":null}},"337":{"start":{"line":3146,"column":0},"end":{"line":3146,"column":null}},"338":{"start":{"line":3148,"column":2},"end":{"line":3148,"column":null}},"339":{"start":{"line":3150,"column":2},"end":{"line":3150,"column":null}},"340":{"start":{"line":3205,"column":0},"end":{"line":3205,"column":null}},"341":{"start":{"line":3207,"column":2},"end":{"line":3207,"column":null}},"342":{"start":{"line":3210,"column":0},"end":{"line":3210,"column":null}},"343":{"start":{"line":3212,"column":2},"end":{"line":3212,"column":null}},"344":{"start":{"line":3214,"column":2},"end":{"line":3214,"column":null}},"345":{"start":{"line":3216,"column":2},"end":{"line":3216,"column":null}},"346":{"start":{"line":3294,"column":0},"end":{"line":3294,"column":null}},"347":{"start":{"line":3296,"column":2},"end":{"line":3296,"column":null}},"348":{"start":{"line":3298,"column":2},"end":{"line":3298,"column":null}},"349":{"start":{"line":3308,"column":0},"end":{"line":3308,"column":null}},"350":{"start":{"line":3310,"column":2},"end":{"line":3310,"column":null}},"351":{"start":{"line":3312,"column":2},"end":{"line":3312,"column":null}},"352":{"start":{"line":3372,"column":0},"end":{"line":3372,"column":null}},"353":{"start":{"line":3374,"column":2},"end":{"line":3374,"column":null}},"354":{"start":{"line":3377,"column":0},"end":{"line":3377,"column":null}},"355":{"start":{"line":3379,"column":2},"end":{"line":3379,"column":null}},"356":{"start":{"line":3381,"column":2},"end":{"line":3381,"column":null}},"357":{"start":{"line":3383,"column":2},"end":{"line":3383,"column":null}},"358":{"start":{"line":3385,"column":2},"end":{"line":3385,"column":null}},"359":{"start":{"line":3463,"column":0},"end":{"line":3463,"column":null}},"360":{"start":{"line":3465,"column":2},"end":{"line":3465,"column":null}},"361":{"start":{"line":3467,"column":2},"end":{"line":3467,"column":null}},"362":{"start":{"line":3477,"column":0},"end":{"line":3477,"column":null}},"363":{"start":{"line":3479,"column":2},"end":{"line":3479,"column":null}},"364":{"start":{"line":3481,"column":2},"end":{"line":3481,"column":null}},"365":{"start":{"line":3541,"column":0},"end":{"line":3541,"column":null}},"366":{"start":{"line":3543,"column":2},"end":{"line":3543,"column":null}},"367":{"start":{"line":3546,"column":0},"end":{"line":3546,"column":null}},"368":{"start":{"line":3548,"column":2},"end":{"line":3548,"column":null}},"369":{"start":{"line":3549,"column":2},"end":{"line":3549,"column":null}},"370":{"start":{"line":3550,"column":2},"end":{"line":3550,"column":null}},"371":{"start":{"line":3552,"column":2},"end":{"line":3552,"column":null}},"372":{"start":{"line":3557,"column":2},"end":{"line":3557,"column":null}},"373":{"start":{"line":3559,"column":2},"end":{"line":3559,"column":null}},"374":{"start":{"line":3560,"column":2},"end":{"line":3560,"column":null}},"375":{"start":{"line":3561,"column":2},"end":{"line":3561,"column":null}},"376":{"start":{"line":3562,"column":2},"end":{"line":3562,"column":null}},"377":{"start":{"line":3567,"column":2},"end":{"line":3567,"column":null}},"378":{"start":{"line":3645,"column":0},"end":{"line":3645,"column":null}},"379":{"start":{"line":3647,"column":2},"end":{"line":3647,"column":null}},"380":{"start":{"line":3649,"column":2},"end":{"line":3649,"column":null}},"381":{"start":{"line":3659,"column":0},"end":{"line":3659,"column":null}},"382":{"start":{"line":3661,"column":2},"end":{"line":3661,"column":null}},"383":{"start":{"line":3663,"column":2},"end":{"line":3663,"column":null}},"384":{"start":{"line":3723,"column":0},"end":{"line":3723,"column":null}},"385":{"start":{"line":3725,"column":2},"end":{"line":3725,"column":null}},"386":{"start":{"line":3728,"column":0},"end":{"line":3728,"column":null}},"387":{"start":{"line":3729,"column":2},"end":{"line":3729,"column":null}},"388":{"start":{"line":3731,"column":2},"end":{"line":3731,"column":null}},"389":{"start":{"line":3732,"column":2},"end":{"line":3732,"column":null}},"390":{"start":{"line":3733,"column":2},"end":{"line":3733,"column":null}},"391":{"start":{"line":3811,"column":0},"end":{"line":3811,"column":null}},"392":{"start":{"line":3813,"column":2},"end":{"line":3813,"column":null}},"393":{"start":{"line":3815,"column":2},"end":{"line":3815,"column":null}},"394":{"start":{"line":3825,"column":0},"end":{"line":3825,"column":null}},"395":{"start":{"line":3827,"column":2},"end":{"line":3827,"column":null}},"396":{"start":{"line":3829,"column":2},"end":{"line":3829,"column":null}},"397":{"start":{"line":3884,"column":0},"end":{"line":3884,"column":null}},"398":{"start":{"line":3886,"column":2},"end":{"line":3886,"column":null}},"399":{"start":{"line":3955,"column":0},"end":{"line":3955,"column":null}},"400":{"start":{"line":3957,"column":2},"end":{"line":3957,"column":null}},"401":{"start":{"line":3959,"column":2},"end":{"line":3959,"column":null}},"402":{"start":{"line":3969,"column":0},"end":{"line":3969,"column":null}},"403":{"start":{"line":3971,"column":2},"end":{"line":3971,"column":null}},"404":{"start":{"line":3973,"column":2},"end":{"line":3973,"column":null}},"405":{"start":{"line":4028,"column":0},"end":{"line":4028,"column":null}},"406":{"start":{"line":4030,"column":2},"end":{"line":4030,"column":null}},"407":{"start":{"line":4099,"column":0},"end":{"line":4099,"column":null}},"408":{"start":{"line":4101,"column":2},"end":{"line":4101,"column":null}},"409":{"start":{"line":4103,"column":2},"end":{"line":4103,"column":null}},"410":{"start":{"line":4113,"column":0},"end":{"line":4113,"column":null}},"411":{"start":{"line":4115,"column":2},"end":{"line":4115,"column":null}},"412":{"start":{"line":4117,"column":2},"end":{"line":4117,"column":null}},"413":{"start":{"line":4172,"column":0},"end":{"line":4172,"column":null}},"414":{"start":{"line":4174,"column":2},"end":{"line":4174,"column":null}},"415":{"start":{"line":4243,"column":0},"end":{"line":4243,"column":null}},"416":{"start":{"line":4245,"column":2},"end":{"line":4245,"column":null}},"417":{"start":{"line":4247,"column":2},"end":{"line":4247,"column":null}},"418":{"start":{"line":4257,"column":0},"end":{"line":4257,"column":null}},"419":{"start":{"line":4259,"column":2},"end":{"line":4259,"column":null}},"420":{"start":{"line":4261,"column":2},"end":{"line":4261,"column":null}},"421":{"start":{"line":4316,"column":0},"end":{"line":4316,"column":null}},"422":{"start":{"line":4318,"column":2},"end":{"line":4318,"column":null}},"423":{"start":{"line":4387,"column":0},"end":{"line":4387,"column":null}},"424":{"start":{"line":4389,"column":2},"end":{"line":4389,"column":null}},"425":{"start":{"line":4391,"column":2},"end":{"line":4391,"column":null}},"426":{"start":{"line":4401,"column":0},"end":{"line":4401,"column":null}},"427":{"start":{"line":4403,"column":2},"end":{"line":4403,"column":null}},"428":{"start":{"line":4405,"column":2},"end":{"line":4405,"column":null}},"429":{"start":{"line":4460,"column":0},"end":{"line":4460,"column":null}},"430":{"start":{"line":4462,"column":2},"end":{"line":4462,"column":null}},"431":{"start":{"line":4531,"column":0},"end":{"line":4531,"column":null}},"432":{"start":{"line":4533,"column":2},"end":{"line":4533,"column":null}},"433":{"start":{"line":4535,"column":2},"end":{"line":4535,"column":null}},"434":{"start":{"line":4545,"column":0},"end":{"line":4545,"column":null}},"435":{"start":{"line":4547,"column":2},"end":{"line":4547,"column":null}},"436":{"start":{"line":4549,"column":2},"end":{"line":4549,"column":null}},"437":{"start":{"line":4604,"column":0},"end":{"line":4604,"column":null}},"438":{"start":{"line":4606,"column":2},"end":{"line":4606,"column":null}},"439":{"start":{"line":4675,"column":0},"end":{"line":4675,"column":null}},"440":{"start":{"line":4677,"column":2},"end":{"line":4677,"column":null}},"441":{"start":{"line":4679,"column":2},"end":{"line":4679,"column":null}},"442":{"start":{"line":4689,"column":0},"end":{"line":4689,"column":null}},"443":{"start":{"line":4691,"column":2},"end":{"line":4691,"column":null}},"444":{"start":{"line":4693,"column":2},"end":{"line":4693,"column":null}},"445":{"start":{"line":4753,"column":0},"end":{"line":4753,"column":null}},"446":{"start":{"line":4755,"column":2},"end":{"line":4755,"column":null}},"447":{"start":{"line":4758,"column":0},"end":{"line":4758,"column":null}},"448":{"start":{"line":4759,"column":2},"end":{"line":4759,"column":null}},"449":{"start":{"line":4760,"column":2},"end":{"line":4760,"column":null}},"450":{"start":{"line":4761,"column":2},"end":{"line":4761,"column":null}},"451":{"start":{"line":4762,"column":2},"end":{"line":4762,"column":null}},"452":{"start":{"line":4763,"column":2},"end":{"line":4763,"column":null}},"453":{"start":{"line":4764,"column":2},"end":{"line":4764,"column":null}},"454":{"start":{"line":4766,"column":2},"end":{"line":4766,"column":null}},"455":{"start":{"line":4844,"column":0},"end":{"line":4844,"column":null}},"456":{"start":{"line":4846,"column":2},"end":{"line":4846,"column":null}},"457":{"start":{"line":4848,"column":2},"end":{"line":4848,"column":null}},"458":{"start":{"line":4858,"column":0},"end":{"line":4858,"column":null}},"459":{"start":{"line":4860,"column":2},"end":{"line":4860,"column":null}},"460":{"start":{"line":4862,"column":2},"end":{"line":4862,"column":null}},"461":{"start":{"line":4917,"column":0},"end":{"line":4917,"column":null}},"462":{"start":{"line":4919,"column":2},"end":{"line":4919,"column":null}},"463":{"start":{"line":4922,"column":0},"end":{"line":4922,"column":null}},"464":{"start":{"line":4924,"column":2},"end":{"line":4924,"column":null}},"465":{"start":{"line":4926,"column":2},"end":{"line":4926,"column":null}},"466":{"start":{"line":4928,"column":2},"end":{"line":4928,"column":null}},"467":{"start":{"line":4930,"column":2},"end":{"line":4930,"column":null}},"468":{"start":{"line":5008,"column":0},"end":{"line":5008,"column":null}},"469":{"start":{"line":5010,"column":2},"end":{"line":5010,"column":null}},"470":{"start":{"line":5012,"column":2},"end":{"line":5012,"column":null}},"471":{"start":{"line":5022,"column":0},"end":{"line":5022,"column":null}},"472":{"start":{"line":5024,"column":2},"end":{"line":5024,"column":null}},"473":{"start":{"line":5026,"column":2},"end":{"line":5026,"column":null}},"474":{"start":{"line":5086,"column":0},"end":{"line":5086,"column":null}},"475":{"start":{"line":5088,"column":2},"end":{"line":5088,"column":null}},"476":{"start":{"line":5091,"column":0},"end":{"line":5091,"column":null}},"477":{"start":{"line":5092,"column":2},"end":{"line":5092,"column":null}},"478":{"start":{"line":5093,"column":2},"end":{"line":5093,"column":null}},"479":{"start":{"line":5094,"column":2},"end":{"line":5094,"column":null}},"480":{"start":{"line":5095,"column":2},"end":{"line":5095,"column":null}},"481":{"start":{"line":5096,"column":2},"end":{"line":5096,"column":null}},"482":{"start":{"line":5097,"column":2},"end":{"line":5097,"column":null}},"483":{"start":{"line":5098,"column":2},"end":{"line":5098,"column":null}},"484":{"start":{"line":5176,"column":0},"end":{"line":5176,"column":null}},"485":{"start":{"line":5178,"column":2},"end":{"line":5178,"column":null}},"486":{"start":{"line":5180,"column":2},"end":{"line":5180,"column":null}},"487":{"start":{"line":5190,"column":0},"end":{"line":5190,"column":null}},"488":{"start":{"line":5192,"column":2},"end":{"line":5192,"column":null}},"489":{"start":{"line":5194,"column":2},"end":{"line":5194,"column":null}},"490":{"start":{"line":5254,"column":0},"end":{"line":5254,"column":null}},"491":{"start":{"line":5256,"column":2},"end":{"line":5256,"column":null}},"492":{"start":{"line":5259,"column":0},"end":{"line":5259,"column":null}},"493":{"start":{"line":5261,"column":2},"end":{"line":5261,"column":null}},"494":{"start":{"line":5263,"column":2},"end":{"line":5263,"column":null}},"495":{"start":{"line":5265,"column":2},"end":{"line":5265,"column":null}},"496":{"start":{"line":5267,"column":2},"end":{"line":5267,"column":null}},"497":{"start":{"line":5345,"column":0},"end":{"line":5345,"column":null}},"498":{"start":{"line":5347,"column":2},"end":{"line":5347,"column":null}},"499":{"start":{"line":5349,"column":2},"end":{"line":5349,"column":null}},"500":{"start":{"line":5359,"column":0},"end":{"line":5359,"column":null}},"501":{"start":{"line":5361,"column":2},"end":{"line":5361,"column":null}},"502":{"start":{"line":5363,"column":2},"end":{"line":5363,"column":null}},"503":{"start":{"line":5418,"column":0},"end":{"line":5418,"column":null}},"504":{"start":{"line":5420,"column":2},"end":{"line":5420,"column":null}},"505":{"start":{"line":5423,"column":0},"end":{"line":5423,"column":null}},"506":{"start":{"line":5424,"column":2},"end":{"line":5424,"column":null}},"507":{"start":{"line":5426,"column":2},"end":{"line":5426,"column":null}},"508":{"start":{"line":5504,"column":0},"end":{"line":5504,"column":null}},"509":{"start":{"line":5506,"column":2},"end":{"line":5506,"column":null}},"510":{"start":{"line":5508,"column":2},"end":{"line":5508,"column":null}},"511":{"start":{"line":5518,"column":0},"end":{"line":5518,"column":null}},"512":{"start":{"line":5520,"column":2},"end":{"line":5520,"column":null}},"513":{"start":{"line":5522,"column":2},"end":{"line":5522,"column":null}},"514":{"start":{"line":5694,"column":0},"end":{"line":5694,"column":null}},"515":{"start":{"line":5696,"column":2},"end":{"line":5696,"column":null}},"516":{"start":{"line":5698,"column":2},"end":{"line":5698,"column":null}},"517":{"start":{"line":5813,"column":0},"end":{"line":5813,"column":null}},"518":{"start":{"line":5815,"column":2},"end":{"line":5815,"column":null}},"519":{"start":{"line":5817,"column":2},"end":{"line":5817,"column":null}},"520":{"start":{"line":5917,"column":0},"end":{"line":5917,"column":null}},"521":{"start":{"line":5919,"column":2},"end":{"line":5919,"column":null}},"522":{"start":{"line":5921,"column":2},"end":{"line":5921,"column":null}},"523":{"start":{"line":5923,"column":2},"end":{"line":5923,"column":null}},"524":{"start":{"line":5925,"column":2},"end":{"line":5925,"column":null}},"525":{"start":{"line":5981,"column":0},"end":{"line":5981,"column":null}},"526":{"start":{"line":5983,"column":2},"end":{"line":5983,"column":null}},"527":{"start":{"line":5985,"column":2},"end":{"line":5985,"column":null}},"528":{"start":{"line":5987,"column":2},"end":{"line":5987,"column":null}},"529":{"start":{"line":5989,"column":2},"end":{"line":5989,"column":null}},"530":{"start":{"line":6115,"column":0},"end":{"line":6115,"column":null}},"531":{"start":{"line":6117,"column":2},"end":{"line":6117,"column":null}},"532":{"start":{"line":6196,"column":0},"end":{"line":6196,"column":null}},"533":{"start":{"line":6198,"column":2},"end":{"line":6198,"column":null}},"534":{"start":{"line":6200,"column":2},"end":{"line":6200,"column":null}},"535":{"start":{"line":6254,"column":0},"end":{"line":6254,"column":null}},"536":{"start":{"line":6256,"column":2},"end":{"line":6256,"column":null}},"537":{"start":{"line":6258,"column":2},"end":{"line":6258,"column":null}},"538":{"start":{"line":6349,"column":0},"end":{"line":6349,"column":null}},"539":{"start":{"line":6351,"column":2},"end":{"line":6351,"column":null}},"540":{"start":{"line":6423,"column":0},"end":{"line":6423,"column":null}},"541":{"start":{"line":6425,"column":2},"end":{"line":6425,"column":null}},"542":{"start":{"line":6427,"column":2},"end":{"line":6427,"column":null}},"543":{"start":{"line":6437,"column":0},"end":{"line":6437,"column":null}},"544":{"start":{"line":6439,"column":2},"end":{"line":6439,"column":null}},"545":{"start":{"line":6441,"column":2},"end":{"line":6441,"column":null}},"546":{"start":{"line":6522,"column":0},"end":{"line":6522,"column":null}},"547":{"start":{"line":6524,"column":2},"end":{"line":6524,"column":null}},"548":{"start":{"line":6526,"column":2},"end":{"line":6526,"column":null}},"549":{"start":{"line":6528,"column":2},"end":{"line":6528,"column":null}},"550":{"start":{"line":6530,"column":2},"end":{"line":6530,"column":null}},"551":{"start":{"line":6532,"column":2},"end":{"line":6532,"column":null}},"552":{"start":{"line":6545,"column":0},"end":{"line":6545,"column":null}},"553":{"start":{"line":6547,"column":2},"end":{"line":6547,"column":null}},"554":{"start":{"line":6549,"column":2},"end":{"line":6549,"column":null}},"555":{"start":{"line":6551,"column":2},"end":{"line":6551,"column":null}},"556":{"start":{"line":6553,"column":2},"end":{"line":6553,"column":null}},"557":{"start":{"line":6555,"column":2},"end":{"line":6555,"column":null}},"558":{"start":{"line":6952,"column":0},"end":{"line":6952,"column":null}},"559":{"start":{"line":6954,"column":2},"end":{"line":6954,"column":null}},"560":{"start":{"line":6956,"column":2},"end":{"line":6956,"column":null}},"561":{"start":{"line":7066,"column":0},"end":{"line":7066,"column":null}},"562":{"start":{"line":7068,"column":2},"end":{"line":7068,"column":null}},"563":{"start":{"line":7155,"column":0},"end":{"line":7155,"column":null}},"564":{"start":{"line":7157,"column":2},"end":{"line":7157,"column":null}},"565":{"start":{"line":7159,"column":2},"end":{"line":7159,"column":null}},"566":{"start":{"line":7161,"column":2},"end":{"line":7161,"column":null}},"567":{"start":{"line":7232,"column":0},"end":{"line":7232,"column":null}},"568":{"start":{"line":7234,"column":2},"end":{"line":7234,"column":null}},"569":{"start":{"line":7236,"column":2},"end":{"line":7236,"column":null}},"570":{"start":{"line":7238,"column":2},"end":{"line":7238,"column":null}},"571":{"start":{"line":7363,"column":0},"end":{"line":7363,"column":null}},"572":{"start":{"line":7365,"column":2},"end":{"line":7365,"column":null}},"573":{"start":{"line":7367,"column":2},"end":{"line":7367,"column":null}},"574":{"start":{"line":7369,"column":2},"end":{"line":7369,"column":null}},"575":{"start":{"line":7371,"column":2},"end":{"line":7371,"column":null}},"576":{"start":{"line":7373,"column":2},"end":{"line":7373,"column":null}},"577":{"start":{"line":7430,"column":0},"end":{"line":7430,"column":null}},"578":{"start":{"line":7432,"column":2},"end":{"line":7432,"column":null}},"579":{"start":{"line":7434,"column":2},"end":{"line":7434,"column":null}},"580":{"start":{"line":7436,"column":2},"end":{"line":7436,"column":null}},"581":{"start":{"line":7438,"column":2},"end":{"line":7438,"column":null}},"582":{"start":{"line":7440,"column":2},"end":{"line":7440,"column":null}},"583":{"start":{"line":7642,"column":0},"end":{"line":7642,"column":null}},"584":{"start":{"line":7644,"column":2},"end":{"line":7644,"column":null}},"585":{"start":{"line":7857,"column":0},"end":{"line":7857,"column":null}},"586":{"start":{"line":7859,"column":2},"end":{"line":7859,"column":null}},"587":{"start":{"line":7861,"column":2},"end":{"line":7861,"column":null}},"588":{"start":{"line":7863,"column":2},"end":{"line":7863,"column":null}},"589":{"start":{"line":7865,"column":2},"end":{"line":7865,"column":null}},"590":{"start":{"line":7867,"column":2},"end":{"line":7867,"column":null}},"591":{"start":{"line":7869,"column":2},"end":{"line":7869,"column":null}},"592":{"start":{"line":7871,"column":2},"end":{"line":7871,"column":null}},"593":{"start":{"line":7873,"column":2},"end":{"line":7873,"column":null}},"594":{"start":{"line":7875,"column":2},"end":{"line":7875,"column":null}},"595":{"start":{"line":7877,"column":2},"end":{"line":7877,"column":null}},"596":{"start":{"line":7879,"column":2},"end":{"line":7879,"column":null}},"597":{"start":{"line":7881,"column":2},"end":{"line":7881,"column":null}},"598":{"start":{"line":7883,"column":2},"end":{"line":7883,"column":null}},"599":{"start":{"line":7885,"column":2},"end":{"line":7885,"column":null}},"600":{"start":{"line":7887,"column":2},"end":{"line":7887,"column":null}},"601":{"start":{"line":7889,"column":2},"end":{"line":7889,"column":null}},"602":{"start":{"line":7891,"column":2},"end":{"line":7891,"column":null}},"603":{"start":{"line":7893,"column":2},"end":{"line":7893,"column":null}},"604":{"start":{"line":7895,"column":2},"end":{"line":7895,"column":null}},"605":{"start":{"line":7897,"column":2},"end":{"line":7897,"column":null}},"606":{"start":{"line":7899,"column":2},"end":{"line":7899,"column":null}},"607":{"start":{"line":7901,"column":2},"end":{"line":7901,"column":null}},"608":{"start":{"line":8031,"column":0},"end":{"line":8031,"column":null}},"609":{"start":{"line":8033,"column":2},"end":{"line":8033,"column":null}},"610":{"start":{"line":8035,"column":2},"end":{"line":8035,"column":null}},"611":{"start":{"line":8037,"column":2},"end":{"line":8037,"column":null}},"612":{"start":{"line":8039,"column":2},"end":{"line":8039,"column":null}},"613":{"start":{"line":8041,"column":2},"end":{"line":8041,"column":null}},"614":{"start":{"line":8043,"column":2},"end":{"line":8043,"column":null}},"615":{"start":{"line":8045,"column":2},"end":{"line":8045,"column":null}},"616":{"start":{"line":8047,"column":2},"end":{"line":8047,"column":null}},"617":{"start":{"line":8049,"column":2},"end":{"line":8049,"column":null}},"618":{"start":{"line":8051,"column":2},"end":{"line":8051,"column":null}},"619":{"start":{"line":8053,"column":2},"end":{"line":8053,"column":null}},"620":{"start":{"line":8055,"column":2},"end":{"line":8055,"column":null}},"621":{"start":{"li
[...]
":{"line":25865,"column":12},"end":{"line":25865,"column":28}},{"start":{"line":25865,"column":12},"end":{"line":25865,"column":null}}]},"217":{"loc":{"start":{"line":26007,"column":12},"end":{"line":26007,"column":32}},"type":"binary-expr","locations":[{"start":{"line":26007,"column":12},"end":{"line":26007,"column":32}},{"start":{"line":26007,"column":12},"end":{"line":26007,"column":null}}]},"218":{"loc":{"start":{"line":26111,"column":12},"end":{"line":26111,"column":34}},"type":"binary-expr","locations":[{"start":{"line":26111,"column":12},"end":{"line":26111,"column":34}},{"start":{"line":26111,"column":12},"end":{"line":26111,"column":null}}]},"219":{"loc":{"start":{"line":26194,"column":12},"end":{"line":26194,"column":34}},"type":"binary-expr","locations":[{"start":{"line":26194,"column":12},"end":{"line":26194,"column":34}},{"start":{"line":26194,"column":12},"end":{"line":26194,"column":null}}]},"220":{"loc":{"start":{"line":26325,"column":12},"end":{"line":26325,"column":30}},"type":"binary-expr","locations":[{"start":{"line":26325,"column":12},"end":{"line":26325,"column":30}},{"start":{"line":26325,"column":12},"end":{"line":26325,"column":null}}]},"221":{"loc":{"start":{"line":26389,"column":12},"end":{"line":26389,"column":30}},"type":"binary-expr","locations":[{"start":{"line":26389,"column":12},"end":{"line":26389,"column":30}},{"start":{"line":26389,"column":12},"end":{"line":26389,"column":null}}]}},"s":{"0":2,"1":2,"2":2,"3":2,"4":2,"5":2,"6":2,"7":2,"8":2,"9":2,"10":2,"11":2,"12":2,"13":2,"14":2,"15":2,"16":2,"17":2,"18":2,"19":2,"20":2,"21":2,"22":2,"23":2,"24":2,"25":2,"26":2,"27":2,"28":2,"29":2,"30":2,"31":2,"32":2,"33":2,"34":2,"35":2,"36":2,"37":2,"38":2,"39":2,"40":2,"41":2,"42":2,"43":2,"44":2,"45":2,"46":2,"47":2,"48":2,"49":2,"50":2,"51":2,"52":2,"53":2,"54":2,"55":2,"56":2,"57":2,"58":2,"59":2,"60":2,"61":2,"62":2,"63":2,"64":2,"65":2,"66":2,"67":2,"68":2,"69":2,"70":2,"71":2,"72":2,"73":2,"74":2,"75":2,"76":2,"77":2,"78":2,"79":2,"80":2,"81":2,"82":2,"83":2,"84":2,"85":2,"86":2,"87":2,"88":2,"89":2,"90":2,"91":2,"92":2,"93":2,"94":2,"95":2,"96":2,"97":2,"98":2,"99":2,"100":2,"101":2,"102":2,"103":2,"104":2,"105":2,"106":2,"107":2,"108":2,"109":2,"110":2,"111":2,"112":2,"113":2,"114":2,"115":2,"116":2,"117":2,"118":2,"119":2,"120":2,"121":2,"122":2,"123":2,"124":2,"125":2,"126":2,"127":2,"128":2,"129":2,"130":2,"131":2,"132":2,"133":2,"134":2,"135":2,"136":2,"137":2,"138":2,"139":2,"140":2,"141":2,"142":2,"143":2,"144":2,"145":2,"146":2,"147":2,"148":2,"149":2,"150":2,"151":2,"152":2,"153":2,"154":2,"155":2,"156":2,"157":2,"158":2,"159":2,"160":2,"161":2,"162":2,"163":2,"164":2,"165":2,"166":2,"167":2,"168":2,"169":2,"170":2,"171":2,"172":2,"173":2,"174":2,"175":2,"176":2,"177":2,"178":2,"179":2,"180":2,"181":2,"182":2,"183":2,"184":2,"185":2,"186":2,"187":2,"188":2,"189":2,"190":2,"191":2,"192":2,"193":2,"194":2,"195":2,"196":2,"197":2,"198":2,"199":2,"200":2,"201":2,"202":2,"203":2,"204":2,"205":2,"206":2,"207":2,"208":2,"209":2,"210":2,"211":2,"212":2,"213":2,"214":2,"215":2,"216":2,"217":2,"218":2,"219":2,"220":2,"221":2,"222":2,"223":2,"224":2,"225":2,"226":2,"227":2,"228":2,"229":2,"230":2,"231":2,"232":2,"233":2,"234":2,"235":2,"236":2,"237":2,"238":2,"239":2,"240":2,"241":2,"242":2,"243":2,"244":2,"245":2,"246":2,"247":2,"248":2,"249":2,"250":2,"251":2,"252":2,"253":2,"254":2,"255":2,"256":2,"257":2,"258":2,"259":2,"260":2,"261":2,"262":2,"263":2,"264":2,"265":2,"266":2,"267":2,"268":2,"269":2,"270":2,"271":2,"272":2,"273":2,"274":2,"275":2,"276":2,"277":2,"278":2,"279":2,"280":2,"281":2,"282":2,"283":2,"284":2,"285":2,"286":2,"287":2,"288":2,"289":2,"290":2,"291":2,"292":2,"293":2,"294":2,"295":2,"296":2,"297":2,"298":2,"299":2,"300":2,"301":2,"302":2,"303":2,"304":2,"305":2,"306":2,"307":2,"308":2,"309":2,"310":2,"311":2,"312":2,"313":2,"314":2,"315":2,"316":2,"317":2,"318":2,"319":2,"320":2,"321":2,"322":2,"323":2,"324":2,"325":2,"326":2,"327":2,"328":2,"329":2,"330":2,"331":2,"332":2,"333":2,"334":2,"335":2,"336":2,"337":2,"338":2,"339":2,"340":2,"341":2,"342":2,"343":2,"344":2,"345":2,"346":2,"347":2,"348":2,"349":2,"350":2,"351":2,"352":2,"353":2,"354":2,"355":2,"356":2,"357":2,"358":2,"359":2,"360":2,"361":2,"362":2,"363":2,"364":2,"365":2,"366":2,"367":2,"368":2,"369":2,"370":2,"371":2,"372":2,"373":2,"374":2,"375":2,"376":2,"377":2,"378":2,"379":2,"380":2,"381":2,"382":2,"383":2,"384":2,"385":2,"386":2,"387":2,"388":2,"389":2,"390":2,"391":2,"392":2,"393":2,"394":2,"395":2,"396":2,"397":2,"398":2,"399":2,"400":2,"401":2,"402":2,"403":2,"404":2,"405":2,"406":2,"407":2,"408":2,"409":2,"410":2,"411":2,"412":2,"413":2,"414":2,"415":2,"416":2,"417":2,"418":2,"419":2,"420":2,"421":2,"422":2,"423":2,"424":2,"425":2,"426":2,"427":2,"428":2,"429":2,"430":2,"431":2,"432":2,"433":2,"434":2,"435":2,"436":2,"437":2,"438":2,"439":2,"440":2,"441":2,"442":2,"443":2,"444":2,"445":2,"446":2,"447":2,"448":2,"449":2,"450":2,"451":2,"452":2,"453":2,"454":2,"455":2,"456":2,"457":2,"458":2,"459":2,"460":2,"461":2,"462":2,"463":2,"464":2,"465":2,"466":2,"467":2,"468":2,"469":2,"470":2,"471":2,"472":2,"473":2,"474":2,"475":2,"476":2,"477":2,"478":2,"479":2,"480":2,"481":2,"482":2,"483":2,"484":2,"485":2,"486":2,"487":2,"488":2,"489":2,"490":2,"491":2,"492":2,"493":2,"494":2,"495":2,"496":2,"497":2,"498":2,"499":2,"500":2,"501":2,"502":2,"503":2,"504":2,"505":2,"506":2,"507":2,"508":2,"509":2,"510":2,"511":2,"512":2,"513":2,"514":2,"515":2,"516":2,"517":2,"518":2,"519":2,"520":2,"521":2,"522":2,"523":2,"524":2,"525":2,"526":2,"527":2,"528":2,"529":2,"530":2,"531":2,"532":2,"533":2,"534":2,"535":2,"536":2,"537":2,"538":2,"539":2,"540":2,"541":2,"542":2,"543":2,"544":2,"545":2,"546":2,"547":2,"548":2,"549":2,"550":2,"551":2,"552":2,"553":2,"554":2,"555":2,"556":2,"557":2,"558":2,"559":2,"560":2,"561":2,"562":2,"563":2,"564":2,"565":2,"566":2,"567":2,"568":2,"569":2,"570":2,"571":2,"572":2,"573":2,"574":2,"575":2,"576":2,"577":2,"578":2,"579":2,"580":2,"581":2,"582":2,"583":2,"584":2,"585":2,"586":2,"587":2,"588":2,"589":2,"590":2,"591":2,"592":2,"593":2,"594":2,"595":2,"596":2,"597":2,"598":2,"599":2,"600":2,"601":2,"602":2,"603":2,"604":2,"605":2,"606":2,"607":2,"608":2,"609":2,"610":2,"611":2,"612":2,"613":2,"614":2,"615":2,"616":2,"617":2,"618":2,"619":2,"620":2,"621":2,"622":2,"623":2,"624":2,"625":2,"626":2,"627":2,"628":2,"629":2,"630":2,"631":2,"632":2,"633":2,"634":2,"635":2,"636":2,"637":2,"638":2,"639":2,"640":2,"641":2,"642":2,"643":2,"644":2,"645":2,"646":2,"647":2,"648":2,"649":2,"650":2,"651":2,"652":2,"653":2,"654":2,"655":2,"656":2,"657":2,"658":2,"659":2,"660":2,"661":2,"662":2,"663":2,"664":2,"665":2,"666":2,"667":2,"668":2,"669":2,"670":2,"671":2,"672":2,"673":2,"674":2,"675":2,"676":2,"677":2,"678":2,"679":2,"680":2,"681":2,"682":2,"683":2,"684":2,"685":2,"686":2,"687":2,"688":2,"689":2,"690":2,"691":2,"692":2,"693":2,"694":2,"695":2,"696":2,"697":2,"698":2,"699":2,"700":2,"701":2,"702":2,"703":2,"704":2,"705":2,"706":2,"707":2,"708":2,"709":2,"710":2,"711":2,"712":2,"713":2,"714":2,"715":2,"716":2,"717":2,"718":2,"719":2,"720":2,"721":2,"722":2,"723":2,"724":2,"725":2,"726":2,"727":2,"728":2,"729":2,"730":2,"731":2,"732":2,"733":2,"734":2,"735":2,"736":2,"737":2,"738":2,"739":2,"740":2,"741":2,"742":2,"743":2,"744":2,"745":2,"746":2,"747":2,"748":2,"749":2,"750":2,"751":2,"752":2,"753":2,"754":2,"755":2,"756":2,"757":2,"758":2,"759":2,"760":2,"761":2,"762":2,"763":2,"764":2,"765":2,"766":2,"767":2,"768":2,"769":2,"770":2,"771":2,"772":2,"773":2,"774":2,"775":2,"776":2,"777":2,"778":2,"779":2,"780":2,"781":2,"782":2,"783":2,"784":2,"785":2,"786":2,"787":2,"788":2,"789":2,"790":2,"791":2,"792":2,"793":2,"794":2,"795":2,"796":2,"797":2,"798":2,"799":2,"800":2,"801":2,"802":2,"803":2,"804":2,"805":2,"806":2,"807":2,"808":2,"809":2,"810":2,"811":2,"812":2,"813":2,"814":2,"815":2,"816":2,"817":2,"818":2,"819":2,"820":2,"821":2,"822":2,"823":2,"824":2,"825":2,"826":2,"827":2,"828":2,"829":2,"830":2,"831":2,"832":2,"833":2,"834":2,"835":2,"836":2,"837":2,"838":2,"839":2,"840":2,"841":2,"842":2,"843":2,"844":2,"845":2,"846":2,"847":2,"848":2,"849":2,"850":2,"851":2,"852":2,"853":2,"854":2,"855":2,"856":2,"857":2,"858":2,"859":2,"860":2,"861":2,"862":2,"863":2,"864":2,"865":2,"866":2,"867":2,"868":2,"869":2,"870":2,"871":2,"872":2,"873":2,"874":2,"875":2,"876":2,"877":2,"878":2,"879":2,"880":2,"881":2,"882":2,"883":2,"884":2,"885":2,"886":2,"887":2,"888":2,"889":2,"890":2,"891":2,"892":2,"893":2,"894":2,"895":2,"896":2,"897":2,"898":2,"899":2,"900":2,"901":2,"902":2,"903":2,"904":2,"905":2,"906":2,"907":2,"908":2,"909":2,"910":2,"911":2,"912":2,"913":2,"914":2,"915":2,"916":2,"917":2,"918":2,"919":2,"920":2,"921":2,"922":2,"923":2,"924":2,"925":2,"926":2,"927":2,"928":2,"929":2,"930":2,"931":2,"932":2,"933":2,"934":2,"935":2,"936":2,"937":2,"938":2,"939":2,"940":2,"941":2,"942":2,"943":2,"944":2,"945":2,"946":2,"947":2,"948":2,"949":2,"950":2,"951":2,"952":2,"953":2,"954":2,"955":2,"956":2,"957":2,"958":2,"959":2,"960":2,"961":2,"962":2,"963":2,"964":2,"965":2,"966":2,"967":2,"968":2,"969":2,"970":2,"971":2,"972":2,"973":2,"974":2,"975":2,"976":2,"977":2,"978":2,"979":2,"980":2,"981":2,"982":2,"983":2,"984":2,"985":2,"986":2,"987":2,"988":2,"989":2,"990":2,"991":2,"992":2,"993":2,"994":2,"995":2,"996":2,"997":2,"998":2,"999":2,"1000":2,"1001":2,"1002":2,"1003":2,"1004":2,"1005":2,"1006":2,"1007":2,"1008":2,"1009":2,"1010":2,"1011":2,"1012":2,"1013":2,"1014":2,"1015":2,"1016":2,"1017":2,"1018":2,"1019":2,"1020":2,"1021":2,"1022":2,"1023":2,"1024":2,"1025":2,"1026":2,"1027":2,"1028":2,"1029":2,"1030":2,"1031":2,"1032":2,"1033":2,"1034":2,"1035":2,"1036":2,"1037":2,"1038":2,"1039":2,"1040":2,"1041":2,"1042":2,"1043":2,"1044":2,"1045":2,"1046":2,"1047":2,"1048":2,"1049":2,"1050":2,"1051":2,"1052":2,"1053":2,"1054":2,"1055":2,"1056":2,"1057":2,"1058":2,"1059":2,"1060":2,"1061":2,"1062":2,"1063":2,"1064":2,"1065":2,"1066":2,"1067":2,"1068":2,"1069":2,"1070":2,"1071":2,"1072":2,"1073":2,"1074":2,"1075":2,"1076":2,"1077":2,"1078":2,"1079":2,"1080":2,"1081":2,"1082":2,"1083":2,"1084":2,"1085":2,"1086":2,"1087":2,"1088":2,"1089":2,"1090":2,"1091":2,"1092":2,"1093":2,"1094":2,"1095":2,"1096":2,"1097":2,"1098":2,"1099":2,"1100":2,"1101":2,"1102":2,"1103":2,"1104":2,"1105":2,"1106":2,"1107":2,"1108":2,"1109":2,"1110":2,"1111":2,"1112":2,"1113":2,"1114":2,"1115":2,"1116":2,"1117":2,"1118":2,"1119":2,"1120":2,"1121":2,"1122":2,"1123":2,"1124":2,"1125":2,"1126":2,"1127":2,"1128":2,"1129":2,"1130":2,"1131":2,"1132":2,"1133":2,"1134":2,"1135":2,"1136":2,"1137":2,"1138":2,"1139":2,"1140":2,"1141":2,"1142":2,"1143":2,"1144":2,"1145":2,"1146":2,"1147":2,"1148":2,"1149":2,"1150":2,"1151":2,"1152":2,"1153":2,"1154":2,"1155":2,"1156":2,"1157":2,"1158":2,"1159":2,"1160":2,"1161":2,"1162":2,"1163":2,"1164":2,"1165":2,"1166":2,"1167":2,"1168":2,"1169":2,"1170":2,"1171":2,"1172":2,"1173":2,"1174":2,"1175":2,"1176":2,"1177":2,"1178":2,"1179":2,"1180":2,"1181":2,"1182":2,"1183":2,"1184":0,"1185":2,"1186":0,"1187":2,"1188":2,"1189":0,"1190":2,"1191":0,"1192":2,"1193":0,"1194":2,"1195":2,"1196":0,"1197":2,"1198":0,"1199":2,"1200":0,"1201":2,"1202":2,"1203":0,"1204":2,"1205":0,"1206":2,"1207":0,"1208":2,"1209":2,"1210":0,"1211":2,"1212":0,"1213":2,"1214":0,"1215":2,"1216":2,"1217":0,"1218":2,"1219":0,"1220":2,"1221":0,"1222":2,"1223":2,"1224":0,"1225":2,"1226":0,"1227":2,"1228":0,"1229":2,"1230":2,"1231":0,"1232":2,"1233":0,"1234":2,"1235":0,"1236":2,"1237":2,"1238":0,"1239":2,"1240":0,"1241":2,"1242":0,"1243":2,"1244":2,"1245":0,"1246":2,"1247":0,"1248":2,"1249":2,"1250":0,"1251":2,"1252":0,"1253":2,"1254":2,"1255":0,"1256":2,"1257":0,"1258":2,"1259":0,"1260":2,"1261":2,"1262":0,"1263":2,"1264":0,"1265":2,"1266":0,"1267":2,"1268":2,"1269":0,"1270":2,"1271":0,"1272":2,"1273":0,"1274":2,"1275":2,"1276":0,"1277":2,"1278":0,"1279":2,"1280":2,"1281":0,"1282":2,"1283":0,"1284":2,"1285":2,"1286":0,"1287":2,"1288":0,"1289":2,"1290":2,"1291":0,"1292":2,"1293":0,"1294":2,"1295":2,"1296":0,"1297":2,"1298":0,"1299":2,"1300":2,"1301":0,"1302":2,"1303":0,"1304":2,"1305":0,"1306":2,"1307":2,"1308":0,"1309":2,"1310":0,"1311":2,"1312":0,"1313":2,"1314":2,"1315":0,"1316":2,"1317":0,"1318":2,"1319":0,"1320":2,"1321":2,"1322":0,"1323":2,"1324":0,"1325":2,"1326":2,"1327":0,"1328":2,"1329":0,"1330":2,"1331":2,"1332":0,"1333":2,"1334":0,"1335":2,"1336":2,"1337":0,"1338":2,"1339":0,"1340":2,"1341":0,"1342":2,"1343":2,"1344":0,"1345":2,"1346":0,"1347":2,"1348":0,"1349":2,"1350":2,"1351":0,"1352":2,"1353":0,"1354":2,"1355":0,"1356":2,"1357":2,"1358":0,"1359":2,"1360":0,"1361":2,"1362":2,"1363":0,"1364":2,"1365":0,"1366":2,"1367":2,"1368":0,"1369":2,"1370":0,"1371":2,"1372":2,"1373":0,"1374":2,"1375":0,"1376":2,"1377":0,"1378":2,"1379":2,"1380":0,"1381":2,"1382":0,"1383":2,"1384":0,"1385":2,"1386":2,"1387":0,"1388":2,"1389":0,"1390":2,"1391":2,"1392":0,"1393":2,"1394":0,"1395":2,"1396":0,"1397":2,"1398":2,"1399":0,"1400":2,"1401":0,"1402":2,"1403":2,"1404":0,"1405":2,"1406":0,"1407":2,"1408":0,"1409":2,"1410":2,"1411":0,"1412":2,"1413":0,"1414":2,"1415":0,"1416":2,"1417":2,"1418":0,"1419":2,"1420":0,"1421":2,"1422":0,"1423":2,"1424":2,"1425":0,"1426":2,"1427":0,"1428":2,"1429":2,"1430":0,"1431":2,"1432":0,"1433":2,"1434":2,"1435":0,"1436":2,"1437":0,"1438":2,"1439":2,"1440":0,"1441":2,"1442":0,"1443":2,"1444":0,"1445":2,"1446":2,"1447":0,"1448":2,"1449":0,"1450":2,"1451":0,"1452":2,"1453":2,"1454":0,"1455":2,"1456":0,"1457":2,"1458":0,"1459":2,"1460":2,"1461":0,"1462":2,"1463":0,"1464":2,"1465":2,"1466":0,"1467":2,"1468":0,"1469":2,"1470":2,"1471":0,"1472":2,"1473":0,"1474":2,"1475":2,"1476":0,"1477":2,"1478":0,"1479":2,"1480":0,"1481":2,"1482":2,"1483":0,"1484":2,"1485":0,"1486":2,"1487":0,"1488":2,"1489":2,"1490":0,"1491":2,"1492":0,"1493":2,"1494":0,"1495":2,"1496":2,"1497":0,"1498":2,"1499":0,"1500":2,"1501":2,"1502":0,"1503":2,"1504":0,"1505":2,"1506":2,"1507":0,"1508":2,"1509":0,"1510":2,"1511":2,"1512":0,"1513":2,"1514":0,"1515":2,"1516":0,"1517":2,"1518":2,"1519":0,"1520":2,"1521":0,"1522":2,"1523":0,"1524":2,"1525":2,"1526":0,"1527":2,"1528":0,"1529":2,"1530":0,"1531":2,"1532":2,"1533":0,"1534":2,"1535":0,"1536":2,"1537":0,"1538":2,"1539":2,"1540":0,"1541":2,"1542":0,"1543":2,"1544":0,"1545":2,"1546":2,"1547":0,"1548":2,"1549":0,"1550":2,"1551":0,"1552":2,"1553":2,"1554":0,"1555":2,"1556":0,"1557":2,"1558":2,"1559":0,"1560":2,"1561":0,"1562":2,"1563":0,"1564":2,"1565":2,"1566":0,"1567":2,"1568":0,"1569":2},"f":{"0":2,"1":2,"2":2,"3":2,"4":2,"5":2,"6":2,"7":2,"8":2,"9":2,"10":2,"11":2,"12":2,"13":2,"14":2,"15":2,"16":2,"17":2,"18":2,"19":2,"20":2,"21":2,"22":2,"23":2,"24":2,"25":2,"26":2,"27":2,"28":2,"29":2,"30":2,"31":2,"32":2,"33":2,"34":2,"35":2,"36":2,"37":2,"38":2,"39":2,"40":2,"41":2,"42":2,"43":2,"44":2,"45":2,"46":2,"47":2,"48":2,"49":2,"50":2,"51":2,"52":2,"53":2,"54":2,"55":2,"56":2,"57":2,"58":2,"59":2,"60":2,"61":2,"62":2,"63":2,"64":2,"65":2,"66":2,"67":2,"68":2,"69":2,"70":2,"71":2,"72":2,"73":2,"74":2,"75":2,"76":2,"77":2,"78":2,"79":2,"80":2,"81":2,"82":2,"83":2,"84":2,"85":2,"86":2,"87":2,"88":2,"89":2,"90":2,"91":2,"92":2,"93":2,"94":2,"95":2,"96":2,"97":2,"98":2,"99":2,"100":2,"101":2,"102":2,"103":2,"104":2,"105":2,"106":2,"107":2,"108":2,"109":2,"110":2,"111":2,"112":2,"113":2,"114":2,"115":2,"116":2,"117":2,"118":2,"119":2,"120":2,"121":2,"122":2,"123":2,"124":2,"125":2,"126":2,"127":2,"128":2,"129":2,"130":2,"131":2,"132":2,"133":2,"134":2,"135":2,"136":2,"137":2,"138":2,"139":2,"140":2,"141":2,"142":2,"143":2,"144":2,"145":2,"146":2,"147":2,"148":2,"149":2,"150":2,"151":2,"152":2,"153":2,"154":2,"155":2,"156":2,"157":2,"158":2,"159":2,"160":2,"161":2,"162":2,"163":2,"164":2,"165":2,"166":2,"167":2,"168":2,"169":2,"170":2,"171":2,"172":2,"173":2,"174":2,"175":2,"176":2,"177":2,"178":2,"179":2,"180":2,"181":2,"182":2,"183":2,"184":2,"185":2,"186":2,"187":2,"188":2,"189":2,"190":2,"191":2,"192":2,"193":2,"194":2,"195":2,"196":2,"197":2,"198":2,"199":2,"200":2,"201":2,"202":2,"203":2,"204":2,"205":2,"206":2,"207":2,"208":2,"209":2,"210":2,"211":2,"212":2,"213":2,"214":2,"215":2,"216":2,"217":2,"218":2,"219":2,"220":2,"221":2,"222":0,"223":0,"224":0,"225":0,"226":0,"227":0,"228":0,"229":0,"230":0,"231":0,"232":0,"233":0,"234":0,"235":0,"236":0,"237":0,"238":0,"239":0,"240":0,"241":0,"242":0,"243":0,"244":0,"245":0,"246":0,"247":0,"248":0,"249":0,"250":0,"251":0,"252":0,"253":0,"254":0,"255":0,"256":0,"257":0,"258":0,"259":0,"260":0,"261":0,"262":0,"263":0,"264":0,"265":0,"266":0,"267":0,"268":0,"269":0,"270":0,"271":0,"272":0,"273":0,"274":0,"275":0,"276":0,"277":0,"278":0,"279":0,"280":0,"281":0,"282":0,"283":0,"284":0,"285":0,"286":0,"287":0,"288":0,"289":0,"290":0,"291":0,"292":0,"293":0,"294":0,"295":0,"296":0,"297":0,"298":0,"299":0,"300":0,"301":0,"302":0,"303":0,"304":0,"305":0,"306":0,"307":0,"308":0,"309":0,"310":0,"311":0,"312":0,"313":0,"314":0,"315":0,"316":0,"317":0,"318":0,"319":0,"320":0,"321":0,"322":0,"323":0,"324":0,"325":0,"326":0,"327":0,"328":0,"329":0,"330":0,"331":0,"332":0,"333":0,"334":0,"335":0,"336":0,"337":0,"338":0,"339":0,"340":0,"341":0,"342":0,"343":0,"344":0,"345":0,"346":0,"347":0,"348":0,"349":0,"350":0,"351":0,"352":0,"353":0,"354":0,"355":0,"356":0,"357":0,"358":0,"359":0,"360":0,"361":0,"362":0,"363":0,"364":0,"365":0,"366":0,"367":0,"368":0,"369":0,"370":0,"371":0,"372":0,"373":0,"374":0,"375":0,"376":0,"377":0,"378":0,"379":0,"380":0,"381":0,"382":0,"383":0},"b":{"0":[2,2],"1":[2,2],"2":[2,2],"3":[2,2],"4":[2,2],"5":[2,2],"6":[2,2],"7":[2,2],"8":[2,2],"9":[2,2],"10":[2,2],"11":[2,2],"12":[2,2],"13":[2,2],"14":[2,2],"15":[2,2],"16":[2,2],"17":[2,2],"18":[2,2],"19":[2,2],"20":[2,2],"21":[2,2],"22":[2,2],"23":[2,2],"24":[2,2],"25":[2,2],"26":[2,2],"27":[2,2],"28":[2,2],"29":[2,2],"30":[2,2],"31":[2,2],"32":[2,2],"33":[2,2],"34":[2,2],"35":[2,2],"36":[2,2],"37":[2,2],"38":[2,2],"39":[2,2],"40":[2,2],"41":[2,2],"42":[2,2],"43":[2,2],"44":[2,2],"45":[2,2],"46":[2,2],"47":[2,2],"48":[2,2],"49":[2,2],"50":[2,2],"51":[2,2],"52":[2,2],"53":[2,2],"54":[2,2],"55":[2,2],"56":[2,2],"57":[2,2],"58":[2,2],"59":[2,2],"60":[2,2],"61":[2,2],"62":[2,2],"63":[2,2],"64":[2,2],"65":[2,2],"66":[2,2],"67":[2,2],"68":[2,2],"69":[2,2],"70":[2,2],"71":[2,2],"72":[2,2],"73":[2,2],"74":[2,2],"75":[2,2],"76":[2,2],"77":[2,2],"78":[2,2],"79":[2,2],"80":[2,2],"81":[2,2],"82":[2,2],"83":[2,2],"84":[2,2],"85":[2,2],"86":[2,2],"87":[2,2],"88":[2,2],"89":[2,2],"90":[2,2],"91":[2,2],"92":[2,2],"93":[2,2],"94":[2,2],"95":[2,2],"96":[2,2],"97":[2,2],"98":[2,2],"99":[2,2],"100":[2,2],"101":[2,2],"102":[2,2],"103":[2,2],"104":[2,2],"105":[2,2],"106":[2,2],"107":[2,2],"108":[2,2],"109":[2,2],"110":[2,2],"111":[2,2],"112":[2,2],"113":[2,2],"114":[2,2],"115":[2,2],"116":[2,2],"117":[2,2],"118":[2,2],"119":[2,2],"120":[2,2],"121":[2,2],"122":[2,2],"123":[2,2],"124":[2,2],"125":[2,2],"126":[2,2],"127":[2,2],"128":[2,2],"129":[2,2],"130":[2,2],"131":[2,2],"132":[2,2],"133":[2,2],"134":[2,2],"135":[2,2],"136":[2,2],"137":[2,2],"138":[2,2],"139":[2,2],"140":[2,2],"141":[2,2],"142":[2,2],"143":[2,2],"144":[2,2],"145":[2,2],"146":[2,2],"147":[2,2],"148":[2,2],"149":[2,2],"150":[2,2],"151":[2,2],"152":[2,2],"153":[2,2],"154":[2,2],"155":[2,2],"156":[2,2],"157":[2,2],"158":[2,2],"159":[2,2],"160":[2,2],"161":[2,2],"162":[2,2],"163":[2,2],"164":[2,2],"165":[2,2],"166":[2,2],"167":[2,2],"168":[2,2],"169":[2,2],"170":[2,2],"171":[2,2],"172":[2,2],"173":[2,2],"174":[2,2],"175":[2,2],"176":[2,2],"177":[2,2],"178":[2,2],"179":[2,2],"180":[2,2],"181":[2,2],"182":[2,2],"183":[2,2],"184":[2,2],"185":[2,2],"186":[2,2],"187":[2,2],"188":[2,2],"189":[2,2],"190":[2,2],"191":[2,2],"192":[2,2],"193":[2,2],"194":[2,2],"195":[2,2],"196":[2,2],"197":[2,2],"198":[2,2],"199":[2,2],"200":[2,2],"201":[2,2],"202":[2,2],"203":[2,2],"204":[2,2],"205":[2,2],"206":[2,2],"207":[2,2],"208":[2,2],"209":[2,2],"210":[2,2],"211":[2,2],"212":[2,2],"213":[2,2],"214":[2,2],"215":[2,2],"216":[2,2],"217":[2,2],"218":[2,2],"219":[2,2],"220":[2,2],"221":[2,2]}}
}
