{"C:\\Users\\ehiller\\dev\\src\\github.com\\erichiller\\inventory-manager-server\\client\\src\\lib\\types\\UtilityTypes.ts": {"path":"C:\\Users\\ehiller\\dev\\src\\github.com\\erichiller\\inventory-manager-server\\client\\src\\lib\\types\\UtilityTypes.ts","statementMap":{"0":{"start":{"line":1,"column":0},"end":{"line":1,"column":79}},"1":{"start":{"line":2,"column":0},"end":{"line":2,"column":48}}},"fnMap":{},"branchMap":{},"s":{"0":1,"1":1},"f":{},"b":{}}
,"C:\\Users\\ehiller\\dev\\src\\github.com\\erichiller\\inventory-manager-server\\client\\src\\lib\\types\\graphql.tsx": {"path":"C:\\Users\\ehiller\\dev\\src\\github.com\\erichiller\\inventory-manager-server\\client\\src\\lib\\types\\graphql.tsx","statementMap":{"0":{"start":{"line":1,"column":0},"end":{"line":1,"column":30}},"1":{"start":{"line":2,"column":0},"end":{"line":2,"column":58}},"2":{"start":{"line":3,"column":0},"end":{"line":3,"column":52}},"3":{"start":{"line":4,"column":0},"end":{"line":4,"column":56}},"4":{"start":{"line":70,"column":0},"end":{"line":70,"column":null}},"5":{"start":{"line":71,"column":2},"end":{"line":71,"column":null}},"6":{"start":{"line":72,"column":2},"end":{"line":72,"column":null}},"7":{"start":{"line":73,"column":2},"end":{"line":73,"column":null}},"8":{"start":{"line":74,"column":2},"end":{"line":74,"column":null}},"9":{"start":{"line":75,"column":2},"end":{"line":75,"column":null}},"10":{"start":{"line":76,"column":2},"end":{"line":76,"column":null}},"11":{"start":{"line":77,"column":2},"end":{"line":77,"column":null}},"12":{"start":{"line":78,"column":2},"end":{"line":78,"column":null}},"13":{"start":{"line":79,"column":2},"end":{"line":79,"column":null}},"14":{"start":{"line":155,"column":0},"end":{"line":155,"column":null}},"15":{"start":{"line":156,"column":2},"end":{"line":156,"column":null}},"16":{"start":{"line":157,"column":2},"end":{"line":157,"column":null}},"17":{"start":{"line":158,"column":2},"end":{"line":158,"column":null}},"18":{"start":{"line":159,"column":2},"end":{"line":159,"column":null}},"19":{"start":{"line":160,"column":2},"end":{"line":160,"column":null}},"20":{"start":{"line":161,"column":2},"end":{"line":161,"column":null}},"21":{"start":{"line":162,"column":2},"end":{"line":162,"column":null}},"22":{"start":{"line":163,"column":2},"end":{"line":163,"column":null}},"23":{"start":{"line":164,"column":2},"end":{"line":164,"column":null}},"24":{"start":{"line":165,"column":2},"end":{"line":165,"column":null}},"25":{"start":{"line":166,"column":2},"end":{"line":166,"column":null}},"26":{"start":{"line":167,"column":2},"end":{"line":167,"column":null}},"27":{"start":{"line":168,"column":2},"end":{"line":168,"column":null}},"28":{"start":{"line":169,"column":2},"end":{"line":169,"column":null}},"29":{"start":{"line":170,"column":2},"end":{"line":170,"column":null}},"30":{"start":{"line":171,"column":2},"end":{"line":171,"column":null}},"31":{"start":{"line":172,"column":2},"end":{"line":172,"column":null}},"32":{"start":{"line":173,"column":2},"end":{"line":173,"column":null}},"33":{"start":{"line":174,"column":2},"end":{"line":174,"column":null}},"34":{"start":{"line":175,"column":2},"end":{"line":175,"column":null}},"35":{"start":{"line":176,"column":2},"end":{"line":176,"column":null}},"36":{"start":{"line":177,"column":2},"end":{"line":177,"column":null}},"37":{"start":{"line":178,"column":2},"end":{"line":178,"column":null}},"38":{"start":{"line":179,"column":2},"end":{"line":179,"column":null}},"39":{"start":{"line":180,"column":2},"end":{"line":180,"column":null}},"40":{"start":{"line":181,"column":2},"end":{"line":181,"column":null}},"41":{"start":{"line":182,"column":2},"end":{"line":182,"column":null}},"42":{"start":{"line":183,"column":2},"end":{"line":183,"column":null}},"43":{"start":{"line":184,"column":2},"end":{"line":184,"column":null}},"44":{"start":{"line":185,"column":2},"end":{"line":185,"column":null}},"45":{"start":{"line":188,"column":0},"end":{"line":188,"column":null}},"46":{"start":{"line":189,"column":2},"end":{"line":189,"column":null}},"47":{"start":{"line":190,"column":2},"end":{"line":190,"column":null}},"48":{"start":{"line":191,"column":2},"end":{"line":191,"column":null}},"49":{"start":{"line":192,"column":2},"end":{"line":192,"column":null}},"50":{"start":{"line":193,"column":2},"end":{"line":193,"column":null}},"51":{"start":{"line":194,"column":2},"end":{"line":194,"column":null}},"52":{"start":{"line":195,"column":2},"end":{"line":195,"column":null}},"53":{"start":{"line":196,"column":2},"end":{"line":196,"column":null}},"54":{"start":{"line":197,"column":2},"end":{"line":197,"column":null}},"55":{"start":{"line":198,"column":2},"end":{"line":198,"column":null}},"56":{"start":{"line":282,"column":0},"end":{"line":282,"column":null}},"57":{"start":{"line":284,"column":2},"end":{"line":284,"column":null}},"58":{"start":{"line":353,"column":0},"end":{"line":353,"column":null}},"59":{"start":{"line":355,"column":2},"end":{"line":355,"column":null}},"60":{"start":{"line":357,"column":2},"end":{"line":357,"column":null}},"61":{"start":{"line":367,"column":0},"end":{"line":367,"column":null}},"62":{"start":{"line":369,"column":2},"end":{"line":369,"column":null}},"63":{"start":{"line":371,"column":2},"end":{"line":371,"column":null}},"64":{"start":{"line":426,"column":0},"end":{"line":426,"column":null}},"65":{"start":{"line":428,"column":2},"end":{"line":428,"column":null}},"66":{"start":{"line":430,"column":2},"end":{"line":430,"column":null}},"67":{"start":{"line":433,"column":0},"end":{"line":433,"column":null}},"68":{"start":{"line":434,"column":2},"end":{"line":434,"column":null}},"69":{"start":{"line":435,"column":2},"end":{"line":435,"column":null}},"70":{"start":{"line":436,"column":2},"end":{"line":436,"column":null}},"71":{"start":{"line":437,"column":2},"end":{"line":437,"column":null}},"72":{"start":{"line":438,"column":2},"end":{"line":438,"column":null}},"73":{"start":{"line":440,"column":2},"end":{"line":440,"column":null}},"74":{"start":{"line":518,"column":0},"end":{"line":518,"column":null}},"75":{"start":{"line":520,"column":2},"end":{"line":520,"column":null}},"76":{"start":{"line":522,"column":2},"end":{"line":522,"column":null}},"77":{"start":{"line":532,"column":0},"end":{"line":532,"column":null}},"78":{"start":{"line":534,"column":2},"end":{"line":534,"column":null}},"79":{"start":{"line":536,"column":2},"end":{"line":536,"column":null}},"80":{"start":{"line":591,"column":0},"end":{"line":591,"column":null}},"81":{"start":{"line":593,"column":2},"end":{"line":593,"column":null}},"82":{"start":{"line":596,"column":0},"end":{"line":596,"column":null}},"83":{"start":{"line":598,"column":2},"end":{"line":598,"column":null}},"84":{"start":{"line":600,"column":2},"end":{"line":600,"column":null}},"85":{"start":{"line":678,"column":0},"end":{"line":678,"column":null}},"86":{"start":{"line":680,"column":2},"end":{"line":680,"column":null}},"87":{"start":{"line":682,"column":2},"end":{"line":682,"column":null}},"88":{"start":{"line":692,"column":0},"end":{"line":692,"column":null}},"89":{"start":{"line":694,"column":2},"end":{"line":694,"column":null}},"90":{"start":{"line":696,"column":2},"end":{"line":696,"column":null}},"91":{"start":{"line":756,"column":0},"end":{"line":756,"column":null}},"92":{"start":{"line":758,"column":2},"end":{"line":758,"column":null}},"93":{"start":{"line":761,"column":0},"end":{"line":761,"column":null}},"94":{"start":{"line":763,"column":2},"end":{"line":763,"column":null}},"95":{"start":{"line":765,"column":2},"end":{"line":765,"column":null}},"96":{"start":{"line":767,"column":2},"end":{"line":767,"column":null}},"97":{"start":{"line":769,"column":2},"end":{"line":769,"column":null}},"98":{"start":{"line":771,"column":2},"end":{"line":771,"column":null}},"99":{"start":{"line":773,"column":2},"end":{"line":773,"column":null}},"100":{"start":{"line":775,"column":2},"end":{"line":775,"column":null}},"101":{"start":{"line":777,"column":2},"end":{"line":777,"column":null}},"102":{"start":{"line":779,"column":2},"end":{"line":779,"column":null}},"103":{"start":{"line":781,"column":2},"end":{"line":781,"column":null}},"104":{"start":{"line":783,"column":2},"end":{"line":783,"column":null}},"105":{"start":{"line":785,"column":2},"end":{"line":785,"column":null}},"106":{"start":{"line":787,"column":2},"end":{"line":787,"column":null}},"107":{"start":{"line":789,"column":2},"end":{"line":789,"column":null}},"108":{"start":{"line":791,"column":2},"end":{"line":791,"column":null}},"109":{"start":{"line":793,"column":2},"end":{"line":793,"column":null}},"110":{"start":{"line":795,"column":2},"end":{"line":795,"column":null}},"111":{"start":{"line":797,"column":2},"end":{"line":797,"column":null}},"112":{"start":{"line":799,"column":2},"end":{"line":799,"column":null}},"113":{"start":{"line":801,"column":2},"end":{"line":801,"column":null}},"114":{"start":{"line":803,"column":2},"end":{"line":803,"column":null}},"115":{"start":{"line":805,"column":2},"end":{"line":805,"column":null}},"116":{"start":{"line":807,"column":2},"end":{"line":807,"column":null}},"117":{"start":{"line":885,"column":0},"end":{"line":885,"column":null}},"118":{"start":{"line":887,"column":2},"end":{"line":887,"column":null}},"119":{"start":{"line":889,"column":2},"end":{"line":889,"column":null}},"120":{"start":{"line":899,"column":0},"end":{"line":899,"column":null}},"121":{"start":{"line":901,"column":2},"end":{"line":901,"column":null}},"122":{"start":{"line":903,"column":2},"end":{"line":903,"column":null}},"123":{"start":{"line":965,"column":0},"end":{"line":965,"column":null}},"124":{"start":{"line":967,"column":2},"end":{"line":967,"column":null}},"125":{"start":{"line":970,"column":0},"end":{"line":970,"column":null}},"126":{"start":{"line":972,"column":2},"end":{"line":972,"column":null}},"127":{"start":{"line":974,"column":2},"end":{"line":974,"column":null}},"128":{"start":{"line":976,"column":2},"end":{"line":976,"column":null}},"129":{"start":{"line":977,"column":2},"end":{"line":977,"column":null}},"130":{"start":{"line":979,"column":2},"end":{"line":979,"column":null}},"131":{"start":{"line":981,"column":2},"end":{"line":981,"column":null}},"132":{"start":{"line":983,"column":2},"end":{"line":983,"column":null}},"133":{"start":{"line":985,"column":2},"end":{"line":985,"column":null}},"134":{"start":{"line":987,"column":2},"end":{"line":987,"column":null}},"135":{"start":{"line":989,"column":2},"end":{"line":989,"column":null}},"136":{"start":{"line":991,"column":2},"end":{"line":991,"column":null}},"137":{"start":{"line":992,"column":2},"end":{"line":992,"column":null}},"138":{"start":{"line":1070,"column":0},"end":{"line":1070,"column":null}},"139":{"start":{"line":1072,"column":2},"end":{"line":1072,"column":null}},"140":{"start":{"line":1074,"column":2},"end":{"line":1074,"column":null}},"141":{"start":{"line":1084,"column":0},"end":{"line":1084,"column":null}},"142":{"start":{"line":1086,"column":2},"end":{"line":1086,"column":null}},"143":{"start":{"line":1088,"column":2},"end":{"line":1088,"column":null}},"144":{"start":{"line":1143,"column":0},"end":{"line":1143,"column":null}},"145":{"start":{"line":1145,"column":2},"end":{"line":1145,"column":null}},"146":{"start":{"line":1148,"column":0},"end":{"line":1148,"column":null}},"147":{"start":{"line":1150,"column":2},"end":{"line":1150,"column":null}},"148":{"start":{"line":1152,"column":2},"end":{"line":1152,"column":null}},"149":{"start":{"line":1154,"column":2},"end":{"line":1154,"column":null}},"150":{"start":{"line":1156,"column":2},"end":{"line":1156,"column":null}},"151":{"start":{"line":1158,"column":2},"end":{"line":1158,"column":null}},"152":{"start":{"line":1160,"column":2},"end":{"line":1160,"column":null}},"153":{"start":{"line":1162,"column":2},"end":{"line":1162,"column":null}},"154":{"start":{"line":1164,"column":2},"end":{"line":1164,"column":null}},"155":{"start":{"line":1166,"column":2},"end":{"line":1166,"column":null}},"156":{"start":{"line":1168,"column":2},"end":{"line":1168,"column":null}},"157":{"start":{"line":1170,"column":2},"end":{"line":1170,"column":null}},"158":{"start":{"line":1172,"column":2},"end":{"line":1172,"column":null}},"159":{"start":{"line":1174,"column":2},"end":{"line":1174,"column":null}},"160":{"start":{"line":1176,"column":2},"end":{"line":1176,"column":null}},"161":{"start":{"line":1178,"column":2},"end":{"line":1178,"column":null}},"162":{"start":{"line":1256,"column":0},"end":{"line":1256,"column":null}},"163":{"start":{"line":1258,"column":2},"end":{"line":1258,"column":null}},"164":{"start":{"line":1260,"column":2},"end":{"line":1260,"column":null}},"165":{"start":{"line":1270,"column":0},"end":{"line":1270,"column":null}},"166":{"start":{"line":1272,"column":2},"end":{"line":1272,"column":null}},"167":{"start":{"line":1274,"column":2},"end":{"line":1274,"column":null}},"168":{"start":{"line":1329,"column":0},"end":{"line":1329,"column":null}},"169":{"start":{"line":1331,"column":2},"end":{"line":1331,"column":null}},"170":{"start":{"line":1334,"column":0},"end":{"line":1334,"column":null}},"171":{"start":{"line":1336,"column":2},"end":{"line":1336,"column":null}},"172":{"start":{"line":1338,"column":2},"end":{"line":1338,"column":null}},"173":{"start":{"line":1416,"column":0},"end":{"line":1416,"column":null}},"174":{"start":{"line":1418,"column":2},"end":{"line":1418,"column":null}},"175":{"start":{"line":1420,"column":2},"end":{"line":1420,"column":null}},"176":{"start":{"line":1430,"column":0},"end":{"line":1430,"column":null}},"177":{"start":{"line":1432,"column":2},"end":{"line":1432,"column":null}},"178":{"start":{"line":1434,"column":2},"end":{"line":1434,"column":null}},"179":{"start":{"line":1494,"column":0},"end":{"line":1494,"column":null}},"180":{"start":{"line":1496,"column":2},"end":{"line":1496,"column":null}},"181":{"start":{"line":1499,"column":0},"end":{"line":1499,"column":null}},"182":{"start":{"line":1500,"column":2},"end":{"line":1500,"column":null}},"183":{"start":{"line":1501,"column":2},"end":{"line":1501,"column":null}},"184":{"start":{"line":1502,"column":2},"end":{"line":1502,"column":null}},"185":{"start":{"line":1503,"column":2},"end":{"line":1503,"column":null}},"186":{"start":{"line":1508,"column":2},"end":{"line":1508,"column":null}},"187":{"start":{"line":1513,"column":2},"end":{"line":1513,"column":null}},"188":{"start":{"line":1591,"column":0},"end":{"line":1591,"column":null}},"189":{"start":{"line":1593,"column":2},"end":{"line":1593,"column":null}},"190":{"start":{"line":1595,"column":2},"end":{"line":1595,"column":null}},"191":{"start":{"line":1605,"column":0},"end":{"line":1605,"column":null}},"192":{"start":{"line":1607,"column":2},"end":{"line":1607,"column":null}},"193":{"start":{"line":1609,"column":2},"end":{"line":1609,"column":null}},"194":{"start":{"line":1664,"column":0},"end":{"line":1664,"column":null}},"195":{"start":{"line":1666,"column":2},"end":{"line":1666,"column":null}},"196":{"start":{"line":1669,"column":0},"end":{"line":1669,"column":null}},"197":{"start":{"line":1670,"column":2},"end":{"line":1670,"column":null}},"198":{"start":{"line":1671,"column":2},"end":{"line":1671,"column":null}},"199":{"start":{"line":1672,"column":2},"end":{"line":1672,"column":null}},"200":{"start":{"line":1673,"column":2},"end":{"line":1673,"column":null}},"201":{"start":{"line":1674,"column":2},"end":{"line":1674,"column":null}},"202":{"start":{"line":1675,"column":2},"end":{"line":1675,"column":null}},"203":{"start":{"line":1676,"column":2},"end":{"line":1676,"column":null}},"204":{"start":{"line":1677,"column":2},"end":{"line":1677,"column":null}},"205":{"start":{"line":1678,"column":2},"end":{"line":1678,"column":null}},"206":{"start":{"line":1679,"column":2},"end":{"line":1679,"column":null}},"207":{"start":{"line":1680,"column":2},"end":{"line":1680,"column":null}},"208":{"start":{"line":1681,"column":2},"end":{"line":1681,"column":null}},"209":{"start":{"line":1759,"column":0},"end":{"line":1759,"column":null}},"210":{"start":{"line":1761,"column":2},"end":{"line":1761,"column":null}},"211":{"start":{"line":1763,"column":2},"end":{"line":1763,"column":null}},"212":{"start":{"line":1773,"column":0},"end":{"line":1773,"column":null}},"213":{"start":{"line":1775,"column":2},"end":{"line":1775,"column":null}},"214":{"start":{"line":1777,"column":2},"end":{"line":1777,"column":null}},"215":{"start":{"line":1832,"column":0},"end":{"line":1832,"column":null}},"216":{"start":{"line":1834,"column":2},"end":{"line":1834,"column":null}},"217":{"start":{"line":1837,"column":0},"end":{"line":1837,"column":null}},"218":{"start":{"line":1839,"column":2},"end":{"line":1839,"column":null}},"219":{"start":{"line":1841,"column":2},"end":{"line":1841,"column":null}},"220":{"start":{"line":1842,"column":2},"end":{"line":1842,"column":null}},"221":{"start":{"line":1847,"column":2},"end":{"line":1847,"column":null}},"222":{"start":{"line":1848,"column":2},"end":{"line":1848,"column":null}},"223":{"start":{"line":1853,"column":2},"end":{"line":1853,"column":null}},"224":{"start":{"line":1855,"column":2},"end":{"line":1855,"column":null}},"225":{"start":{"line":1857,"column":2},"end":{"line":1857,"column":null}},"226":{"start":{"line":1859,"column":2},"end":{"line":1859,"column":null}},"227":{"start":{"line":1861,"column":2},"end":{"line":1861,"column":null}},"228":{"start":{"line":1863,"column":2},"end":{"line":1863,"column":null}},"229":{"start":{"line":1864,"column":2},"end":{"line":1864,"column":null}},"230":{"start":{"line":1866,"column":2},"end":{"line":1866,"column":null}},"231":{"start":{"line":1944,"column":0},"end":{"line":1944,"column":null}},"232":{"start":{"line":1946,"column":2},"end":{"line":1946,"column":null}},"233":{"start":{"line":1948,"column":2},"end":{"line":1948,"column":null}},"234":{"start":{"line":1958,"column":0},"end":{"line":1958,"column":null}},"235":{"start":{"line":1960,"column":2},"end":{"line":1960,"column":null}},"236":{"start":{"line":1962,"column":2},"end":{"line":1962,"column":null}},"237":{"start":{"line":2017,"column":0},"end":{"line":2017,"column":null}},"238":{"start":{"line":2019,"column":2},"end":{"line":2019,"column":null}},"239":{"start":{"line":2022,"column":0},"end":{"line":2022,"column":null}},"240":{"start":{"line":2023,"column":2},"end":{"line":2023,"column":null}},"241":{"start":{"line":2024,"column":2},"end":{"line":2024,"column":null}},"242":{"start":{"line":2025,"column":2},"end":{"line":2025,"column":null}},"243":{"start":{"line":2026,"column":2},"end":{"line":2026,"column":null}},"244":{"start":{"line":2104,"column":0},"end":{"line":2104,"column":null}},"245":{"start":{"line":2106,"column":2},"end":{"line":2106,"column":null}},"246":{"start":{"line":2108,"column":2},"end":{"line":2108,"column":null}},"247":{"start":{"line":2118,"column":0},"end":{"line":2118,"column":null}},"248":{"start":{"line":2120,"column":2},"end":{"line":2120,"column":null}},"249":{"start":{"line":2122,"column":2},"end":{"line":2122,"column":null}},"250":{"start":{"line":2182,"column":0},"end":{"line":2182,"column":null}},"251":{"start":{"line":2184,"column":2},"end":{"line":2184,"column":null}},"252":{"start":{"line":2187,"column":0},"end":{"line":2187,"column":null}},"253":{"start":{"line":2189,"column":2},"end":{"line":2189,"column":null}},"254":{"start":{"line":2191,"column":2},"end":{"line":2191,"column":null}},"255":{"start":{"line":2193,"column":2},"end":{"line":2193,"column":null}},"256":{"start":{"line":2195,"column":2},"end":{"line":2195,"column":null}},"257":{"start":{"line":2197,"column":2},"end":{"line":2197,"column":null}},"258":{"start":{"line":2199,"column":2},"end":{"line":2199,"column":null}},"259":{"start":{"line":2201,"column":2},"end":{"line":2201,"column":null}},"260":{"start":{"line":2203,"column":2},"end":{"line":2203,"column":null}},"261":{"start":{"line":2205,"column":2},"end":{"line":2205,"column":null}},"262":{"start":{"line":2283,"column":0},"end":{"line":2283,"column":null}},"263":{"start":{"line":2285,"column":2},"end":{"line":2285,"column":null}},"264":{"start":{"line":2287,"column":2},"end":{"line":2287,"column":null}},"265":{"start":{"line":2297,"column":0},"end":{"line":2297,"column":null}},"266":{"start":{"line":2299,"column":2},"end":{"line":2299,"column":null}},"267":{"start":{"line":2301,"column":2},"end":{"line":2301,"column":null}},"268":{"start":{"line":2361,"column":0},"end":{"line":2361,"column":null}},"269":{"start":{"line":2363,"column":2},"end":{"line":2363,"column":null}},"270":{"start":{"line":2366,"column":0},"end":{"line":2366,"column":null}},"271":{"start":{"line":2367,"column":2},"end":{"line":2367,"column":null}},"272":{"start":{"line":2368,"column":2},"end":{"line":2368,"column":null}},"273":{"start":{"line":2369,"column":2},"end":{"line":2369,"column":null}},"274":{"start":{"line":2374,"column":2},"end":{"line":2374,"column":null}},"275":{"start":{"line":2375,"column":2},"end":{"line":2375,"column":null}},"276":{"start":{"line":2380,"column":2},"end":{"line":2380,"column":null}},"277":{"start":{"line":2382,"column":2},"end":{"line":2382,"column":null}},"278":{"start":{"line":2384,"column":2},"end":{"line":2384,"column":null}},"279":{"start":{"line":2462,"column":0},"end":{"line":2462,"column":null}},"280":{"start":{"line":2464,"column":2},"end":{"line":2464,"column":null}},"281":{"start":{"line":2466,"column":2},"end":{"line":2466,"column":null}},"282":{"start":{"line":2476,"column":0},"end":{"line":2476,"column":null}},"283":{"start":{"line":2478,"column":2},"end":{"line":2478,"column":null}},"284":{"start":{"line":2480,"column":2},"end":{"line":2480,"column":null}},"285":{"start":{"line":2535,"column":0},"end":{"line":2535,"column":null}},"286":{"start":{"line":2537,"column":2},"end":{"line":2537,"column":null}},"287":{"start":{"line":2540,"column":0},"end":{"line":2540,"column":null}},"288":{"start":{"line":2541,"column":2},"end":{"line":2541,"column":null}},"289":{"start":{"line":2542,"column":2},"end":{"line":2542,"column":null}},"290":{"start":{"line":2543,"column":2},"end":{"line":2543,"column":null}},"291":{"start":{"line":2544,"column":2},"end":{"line":2544,"column":null}},"292":{"start":{"line":2622,"column":0},"end":{"line":2622,"column":null}},"293":{"start":{"line":2624,"column":2},"end":{"line":2624,"column":null}},"294":{"start":{"line":2626,"column":2},"end":{"line":2626,"column":null}},"295":{"start":{"line":2636,"column":0},"end":{"line":2636,"column":null}},"296":{"start":{"line":2638,"column":2},"end":{"line":2638,"column":null}},"297":{"start":{"line":2640,"column":2},"end":{"line":2640,"column":null}},"298":{"start":{"line":2700,"column":0},"end":{"line":2700,"column":null}},"299":{"start":{"line":2702,"column":2},"end":{"line":2702,"column":null}},"300":{"start":{"line":2705,"column":0},"end":{"line":2705,"column":null}},"301":{"start":{"line":2707,"column":2},"end":{"line":2707,"column":null}},"302":{"start":{"line":2708,"column":2},"end":{"line":2708,"column":null}},"303":{"start":{"line":2709,"column":2},"end":{"line":2709,"column":null}},"304":{"start":{"line":2787,"column":0},"end":{"line":2787,"column":null}},"305":{"start":{"line":2789,"column":2},"end":{"line":2789,"column":null}},"306":{"start":{"line":2791,"column":2},"end":{"line":2791,"column":null}},"307":{"start":{"line":2801,"column":0},"end":{"line":2801,"column":null}},"308":{"start":{"line":2803,"column":2},"end":{"line":2803,"column":null}},"309":{"start":{"line":2805,"column":2},"end":{"line":2805,"column":null}},"310":{"start":{"line":2865,"column":0},"end":{"line":2865,"column":null}},"311":{"start":{"line":2867,"column":2},"end":{"line":2867,"column":null}},"312":{"start":{"line":2870,"column":0},"end":{"line":2870,"column":null}},"313":{"start":{"line":2872,"column":2},"end":{"line":2872,"column":null}},"314":{"start":{"line":2874,"column":2},"end":{"line":2874,"column":null}},"315":{"start":{"line":2876,"column":2},"end":{"line":2876,"column":null}},"316":{"start":{"line":2878,"column":2},"end":{"line":2878,"column":null}},"317":{"start":{"line":2880,"column":2},"end":{"line":2880,"column":null}},"318":{"start":{"line":2882,"column":2},"end":{"line":2882,"column":null}},"319":{"start":{"line":2960,"column":0},"end":{"line":2960,"column":null}},"320":{"start":{"line":2962,"column":2},"end":{"line":2962,"column":null}},"321":{"start":{"line":2964,"column":2},"end":{"line":2964,"column":null}},"322":{"start":{"line":2974,"column":0},"end":{"line":2974,"column":null}},"323":{"start":{"line":2976,"column":2},"end":{"line":2976,"column":null}},"324":{"start":{"line":2978,"column":2},"end":{"line":2978,"column":null}},"325":{"start":{"line":3038,"column":0},"end":{"line":3038,"column":null}},"326":{"start":{"line":3040,"column":2},"end":{"line":3040,"column":null}},"327":{"start":{"line":3043,"column":0},"end":{"line":3043,"column":null}},"328":{"start":{"line":3045,"column":2},"end":{"line":3045,"column":null}},"329":{"start":{"line":3047,"column":2},"end":{"line":3047,"column":null}},"330":{"start":{"line":3049,"column":2},"end":{"line":3049,"column":null}},"331":{"start":{"line":3051,"column":2},"end":{"line":3051,"column":null}},"332":{"start":{"line":3053,"column":2},"end":{"line":3053,"column":null}},"333":{"start":{"line":3054,"column":2},"end":{"line":3054,"column":null}},"334":{"start":{"line":3132,"column":0},"end":{"line":3132,"column":null}},"335":{"start":{"line":3134,"column":2},"end":{"line":3134,"column":null}},"336":{"start":{"line":3136,"column":2},"end":{"line":3136,"column":null}},"337":{"start":{"line":3146,"column":0},"end":{"line":3146,"column":null}},"338":{"start":{"line":3148,"column":2},"end":{"line":3148,"column":null}},"339":{"start":{"line":3150,"column":2},"end":{"line":3150,"column":null}},"340":{"start":{"line":3205,"column":0},"end":{"line":3205,"column":null}},"341":{"start":{"line":3207,"column":2},"end":{"line":3207,"column":null}},"342":{"start":{"line":3210,"column":0},"end":{"line":3210,"column":null}},"343":{"start":{"line":3212,"column":2},"end":{"line":3212,"column":null}},"344":{"start":{"line":3214,"column":2},"end":{"line":3214,"column":null}},"345":{"start":{"line":3216,"column":2},"end":{"line":3216,"column":null}},"346":{"start":{"line":3294,"column":0},"end":{"line":3294,"column":null}},"347":{"start":{"line":3296,"column":2},"end":{"line":3296,"column":null}},"348":{"start":{"line":3298,"column":2},"end":{"line":3298,"column":null}},"349":{"start":{"line":3308,"column":0},"end":{"line":3308,"column":null}},"350":{"start":{"line":3310,"column":2},"end":{"line":3310,"column":null}},"351":{"start":{"line":3312,"column":2},"end":{"line":3312,"column":null}},"352":{"start":{"line":3372,"column":0},"end":{"line":3372,"column":null}},"353":{"start":{"line":3374,"column":2},"end":{"line":3374,"column":null}},"354":{"start":{"line":3377,"column":0},"end":{"line":3377,"column":null}},"355":{"start":{"line":3379,"column":2},"end":{"line":3379,"column":null}},"356":{"start":{"line":3381,"column":2},"end":{"line":3381,"column":null}},"357":{"start":{"line":3383,"column":2},"end":{"line":3383,"column":null}},"358":{"start":{"line":3385,"column":2},"end":{"line":3385,"column":null}},"359":{"start":{"line":3463,"column":0},"end":{"line":3463,"column":null}},"360":{"start":{"line":3465,"column":2},"end":{"line":3465,"column":null}},"361":{"start":{"line":3467,"column":2},"end":{"line":3467,"column":null}},"362":{"start":{"line":3477,"column":0},"end":{"line":3477,"column":null}},"363":{"start":{"line":3479,"column":2},"end":{"line":3479,"column":null}},"364":{"start":{"line":3481,"column":2},"end":{"line":3481,"column":null}},"365":{"start":{"line":3541,"column":0},"end":{"line":3541,"column":null}},"366":{"start":{"line":3543,"column":2},"end":{"line":3543,"column":null}},"367":{"start":{"line":3546,"column":0},"end":{"line":3546,"column":null}},"368":{"start":{"line":3548,"column":2},"end":{"line":3548,"column":null}},"369":{"start":{"line":3549,"column":2},"end":{"line":3549,"column":null}},"370":{"start":{"line":3550,"column":2},"end":{"line":3550,"column":null}},"371":{"start":{"line":3552,"column":2},"end":{"line":3552,"column":null}},"372":{"start":{"line":3557,"column":2},"end":{"line":3557,"column":null}},"373":{"start":{"line":3559,"column":2},"end":{"line":3559,"column":null}},"374":{"start":{"line":3560,"column":2},"end":{"line":3560,"column":null}},"375":{"start":{"line":3561,"column":2},"end":{"line":3561,"column":null}},"376":{"start":{"line":3562,"column":2},"end":{"line":3562,"column":null}},"377":{"start":{"line":3567,"column":2},"end":{"line":3567,"column":null}},"378":{"start":{"line":3645,"column":0},"end":{"line":3645,"column":null}},"379":{"start":{"line":3647,"column":2},"end":{"line":3647,"column":null}},"380":{"start":{"line":3649,"column":2},"end":{"line":3649,"column":null}},"381":{"start":{"line":3659,"column":0},"end":{"line":3659,"column":null}},"382":{"start":{"line":3661,"column":2},"end":{"line":3661,"column":null}},"383":{"start":{"line":3663,"column":2},"end":{"line":3663,"column":null}},"384":{"start":{"line":3723,"column":0},"end":{"line":3723,"column":null}},"385":{"start":{"line":3725,"column":2},"end":{"line":3725,"column":null}},"386":{"start":{"line":3728,"column":0},"end":{"line":3728,"column":null}},"387":{"start":{"line":3729,"column":2},"end":{"line":3729,"column":null}},"388":{"start":{"line":3731,"column":2},"end":{"line":3731,"column":null}},"389":{"start":{"line":3732,"column":2},"end":{"line":3732,"column":null}},"390":{"start":{"line":3733,"column":2},"end":{"line":3733,"column":null}},"391":{"start":{"line":3811,"column":0},"end":{"line":3811,"column":null}},"392":{"start":{"line":3813,"column":2},"end":{"line":3813,"column":null}},"393":{"start":{"line":3815,"column":2},"end":{"line":3815,"column":null}},"394":{"start":{"line":3825,"column":0},"end":{"line":3825,"column":null}},"395":{"start":{"line":3827,"column":2},"end":{"line":3827,"column":null}},"396":{"start":{"line":3829,"column":2},"end":{"line":3829,"column":null}},"397":{"start":{"line":3884,"column":0},"end":{"line":3884,"column":null}},"398":{"start":{"line":3886,"column":2},"end":{"line":3886,"column":null}},"399":{"start":{"line":3955,"column":0},"end":{"line":3955,"column":null}},"400":{"start":{"line":3957,"column":2},"end":{"line":3957,"column":null}},"401":{"start":{"line":3959,"column":2},"end":{"line":3959,"column":null}},"402":{"start":{"line":3969,"column":0},"end":{"line":3969,"column":null}},"403":{"start":{"line":3971,"column":2},"end":{"line":3971,"column":null}},"404":{"start":{"line":3973,"column":2},"end":{"line":3973,"column":null}},"405":{"start":{"line":4028,"column":0},"end":{"line":4028,"column":null}},"406":{"start":{"line":4030,"column":2},"end":{"line":4030,"column":null}},"407":{"start":{"line":4099,"column":0},"end":{"line":4099,"column":null}},"408":{"start":{"line":4101,"column":2},"end":{"line":4101,"column":null}},"409":{"start":{"line":4103,"column":2},"end":{"line":4103,"column":null}},"410":{"start":{"line":4113,"column":0},"end":{"line":4113,"column":null}},"411":{"start":{"line":4115,"column":2},"end":{"line":4115,"column":null}},"412":{"start":{"line":4117,"column":2},"end":{"line":4117,"column":null}},"413":{"start":{"line":4172,"column":0},"end":{"line":4172,"column":null}},"414":{"start":{"line":4174,"column":2},"end":{"line":4174,"column":null}},"415":{"start":{"line":4243,"column":0},"end":{"line":4243,"column":null}},"416":{"start":{"line":4245,"column":2},"end":{"line":4245,"column":null}},"417":{"start":{"line":4247,"column":2},"end":{"line":4247,"column":null}},"418":{"start":{"line":4257,"column":0},"end":{"line":4257,"column":null}},"419":{"start":{"line":4259,"column":2},"end":{"line":4259,"column":null}},"420":{"start":{"line":4261,"column":2},"end":{"line":4261,"column":null}},"421":{"start":{"line":4316,"column":0},"end":{"line":4316,"column":null}},"422":{"start":{"line":4318,"column":2},"end":{"line":4318,"column":null}},"423":{"start":{"line":4387,"column":0},"end":{"line":4387,"column":null}},"424":{"start":{"line":4389,"column":2},"end":{"line":4389,"column":null}},"425":{"start":{"line":4391,"column":2},"end":{"line":4391,"column":null}},"426":{"start":{"line":4401,"column":0},"end":{"line":4401,"column":null}},"427":{"start":{"line":4403,"column":2},"end":{"line":4403,"column":null}},"428":{"start":{"line":4405,"column":2},"end":{"line":4405,"column":null}},"429":{"start":{"line":4460,"column":0},"end":{"line":4460,"column":null}},"430":{"start":{"line":4462,"column":2},"end":{"line":4462,"column":null}},"431":{"start":{"line":4531,"column":0},"end":{"line":4531,"column":null}},"432":{"start":{"line":4533,"column":2},"end":{"line":4533,"column":null}},"433":{"start":{"line":4535,"column":2},"end":{"line":4535,"column":null}},"434":{"start":{"line":4545,"column":0},"end":{"line":4545,"column":null}},"435":{"start":{"line":4547,"column":2},"end":{"line":4547,"column":null}},"436":{"start":{"line":4549,"column":2},"end":{"line":4549,"column":null}},"437":{"start":{"line":4604,"column":0},"end":{"line":4604,"column":null}},"438":{"start":{"line":4606,"column":2},"end":{"line":4606,"column":null}},"439":{"start":{"line":4675,"column":0},"end":{"line":4675,"column":null}},"440":{"start":{"line":4677,"column":2},"end":{"line":4677,"column":null}},"441":{"start":{"line":4679,"column":2},"end":{"line":4679,"column":null}},"442":{"start":{"line":4689,"column":0},"end":{"line":4689,"column":null}},"443":{"start":{"line":4691,"column":2},"end":{"line":4691,"column":null}},"444":{"start":{"line":4693,"column":2},"end":{"line":4693,"column":null}},"445":{"start":{"line":4753,"column":0},"end":{"line":4753,"column":null}},"446":{"start":{"line":4755,"column":2},"end":{"line":4755,"column":null}},"447":{"start":{"line":4758,"column":0},"end":{"line":4758,"column":null}},"448":{"start":{"line":4759,"column":2},"end":{"line":4759,"column":null}},"449":{"start":{"line":4760,"column":2},"end":{"line":4760,"column":null}},"450":{"start":{"line":4761,"column":2},"end":{"line":4761,"column":null}},"451":{"start":{"line":4762,"column":2},"end":{"line":4762,"column":null}},"452":{"start":{"line":4763,"column":2},"end":{"line":4763,"column":null}},"453":{"start":{"line":4764,"column":2},"end":{"line":4764,"column":null}},"454":{"start":{"line":4766,"column":2},"end":{"line":4766,"column":null}},"455":{"start":{"line":4844,"column":0},"end":{"line":4844,"column":null}},"456":{"start":{"line":4846,"column":2},"end":{"line":4846,"column":null}},"457":{"start":{"line":4848,"column":2},"end":{"line":4848,"column":null}},"458":{"start":{"line":4858,"column":0},"end":{"line":4858,"column":null}},"459":{"start":{"line":4860,"column":2},"end":{"line":4860,"column":null}},"460":{"start":{"line":4862,"column":2},"end":{"line":4862,"column":null}},"461":{"start":{"line":4917,"column":0},"end":{"line":4917,"column":null}},"462":{"start":{"line":4919,"column":2},"end":{"line":4919,"column":null}},"463":{"start":{"line":4922,"column":0},"end":{"line":4922,"column":null}},"464":{"start":{"line":4924,"column":2},"end":{"line":4924,"column":null}},"465":{"start":{"line":4926,"column":2},"end":{"line":4926,"column":null}},"466":{"start":{"line":4928,"column":2},"end":{"line":4928,"column":null}},"467":{"start":{"line":4930,"column":2},"end":{"line":4930,"column":null}},"468":{"start":{"line":5008,"column":0},"end":{"line":5008,"column":null}},"469":{"start":{"line":5010,"column":2},"end":{"line":5010,"column":null}},"470":{"start":{"line":5012,"column":2},"end":{"line":5012,"column":null}},"471":{"start":{"line":5022,"column":0},"end":{"line":5022,"column":null}},"472":{"start":{"line":5024,"column":2},"end":{"line":5024,"column":null}},"473":{"start":{"line":5026,"column":2},"end":{"line":5026,"column":null}},"474":{"start":{"line":5086,"column":0},"end":{"line":5086,"column":null}},"475":{"start":{"line":5088,"column":2},"end":{"line":5088,"column":null}},"476":{"start":{"line":5091,"column":0},"end":{"line":5091,"column":null}},"477":{"start":{"line":5092,"column":2},"end":{"line":5092,"column":null}},"478":{"start":{"line":5093,"column":2},"end":{"line":5093,"column":null}},"479":{"start":{"line":5094,"column":2},"end":{"line":5094,"column":null}},"480":{"start":{"line":5095,"column":2},"end":{"line":5095,"column":null}},"481":{"start":{"line":5096,"column":2},"end":{"line":5096,"column":null}},"482":{"start":{"line":5097,"column":2},"end":{"line":5097,"column":null}},"483":{"start":{"line":5098,"column":2},"end":{"line":5098,"column":null}},"484":{"start":{"line":5176,"column":0},"end":{"line":5176,"column":null}},"485":{"start":{"line":5178,"column":2},"end":{"line":5178,"column":null}},"486":{"start":{"line":5180,"column":2},"end":{"line":5180,"column":null}},"487":{"start":{"line":5190,"column":0},"end":{"line":5190,"column":null}},"488":{"start":{"line":5192,"column":2},"end":{"line":5192,"column":null}},"489":{"start":{"line":5194,"column":2},"end":{"line":5194,"column":null}},"490":{"start":{"line":5254,"column":0},"end":{"line":5254,"column":null}},"491":{"start":{"line":5256,"column":2},"end":{"line":5256,"column":null}},"492":{"start":{"line":5259,"column":0},"end":{"line":5259,"column":null}},"493":{"start":{"line":5261,"column":2},"end":{"line":5261,"column":null}},"494":{"start":{"line":5263,"column":2},"end":{"line":5263,"column":null}},"495":{"start":{"line":5265,"column":2},"end":{"line":5265,"column":null}},"496":{"start":{"line":5267,"column":2},"end":{"line":5267,"column":null}},"497":{"start":{"line":5345,"column":0},"end":{"line":5345,"column":null}},"498":{"start":{"line":5347,"column":2},"end":{"line":5347,"column":null}},"499":{"start":{"line":5349,"column":2},"end":{"line":5349,"column":null}},"500":{"start":{"line":5359,"column":0},"end":{"line":5359,"column":null}},"501":{"start":{"line":5361,"column":2},"end":{"line":5361,"column":null}},"502":{"start":{"line":5363,"column":2},"end":{"line":5363,"column":null}},"503":{"start":{"line":5418,"column":0},"end":{"line":5418,"column":null}},"504":{"start":{"line":5420,"column":2},"end":{"line":5420,"column":null}},"505":{"start":{"line":5423,"column":0},"end":{"line":5423,"column":null}},"506":{"start":{"line":5424,"column":2},"end":{"line":5424,"column":null}},"507":{"start":{"line":5426,"column":2},"end":{"line":5426,"column":null}},"508":{"start":{"line":5504,"column":0},"end":{"line":5504,"column":null}},"509":{"start":{"line":5506,"column":2},"end":{"line":5506,"column":null}},"510":{"start":{"line":5508,"column":2},"end":{"line":5508,"column":null}},"511":{"start":{"line":5518,"column":0},"end":{"line":5518,"column":null}},"512":{"start":{"line":5520,"column":2},"end":{"line":5520,"column":null}},"513":{"start":{"line":5522,"column":2},"end":{"line":5522,"column":null}},"514":{"start":{"line":5694,"column":0},"end":{"line":5694,"column":null}},"515":{"start":{"line":5696,"column":2},"end":{"line":5696,"column":null}},"516":{"start":{"line":5698,"column":2},"end":{"line":5698,"column":null}},"517":{"start":{"line":5813,"column":0},"end":{"line":5813,"column":null}},"518":{"start":{"line":5815,"column":2},"end":{"line":5815,"column":null}},"519":{"start":{"line":5817,"column":2},"end":{"line":5817,"column":null}},"520":{"start":{"line":5917,"column":0},"end":{"line":5917,"column":null}},"521":{"start":{"line":5919,"column":2},"end":{"line":5919,"column":null}},"522":{"start":{"line":5921,"column":2},"end":{"line":5921,"column":null}},"523":{"start":{"line":5923,"column":2},"end":{"line":5923,"column":null}},"524":{"start":{"line":5925,"column":2},"end":{"line":5925,"column":null}},"525":{"start":{"line":5981,"column":0},"end":{"line":5981,"column":null}},"526":{"start":{"line":5983,"column":2},"end":{"line":5983,"column":null}},"527":{"start":{"line":5985,"column":2},"end":{"line":5985,"column":null}},"528":{"start":{"line":5987,"column":2},"end":{"line":5987,"column":null}},"529":{"start":{"line":5989,"column":2},"end":{"line":5989,"column":null}},"530":{"start":{"line":6115,"column":0},"end":{"line":6115,"column":null}},"531":{"start":{"line":6117,"column":2},"end":{"line":6117,"column":null}},"532":{"start":{"line":6196,"column":0},"end":{"line":6196,"column":null}},"533":{"start":{"line":6198,"column":2},"end":{"line":6198,"column":null}},"534":{"start":{"line":6200,"column":2},"end":{"line":6200,"column":null}},"535":{"start":{"line":6254,"column":0},"end":{"line":6254,"column":null}},"536":{"start":{"line":6256,"column":2},"end":{"line":6256,"column":null}},"537":{"start":{"line":6258,"column":2},"end":{"line":6258,"column":null}},"538":{"start":{"line":6349,"column":0},"end":{"line":6349,"column":null}},"539":{"start":{"line":6351,"column":2},"end":{"line":6351,"column":null}},"540":{"start":{"line":6423,"column":0},"end":{"line":6423,"column":null}},"541":{"start":{"line":6425,"column":2},"end":{"line":6425,"column":null}},"542":{"start":{"line":6427,"column":2},"end":{"line":6427,"column":null}},"543":{"start":{"line":6437,"column":0},"end":{"line":6437,"column":null}},"544":{"start":{"line":6439,"column":2},"end":{"line":6439,"column":null}},"545":{"start":{"line":6441,"column":2},"end":{"line":6441,"column":null}},"546":{"start":{"line":6522,"column":0},"end":{"line":6522,"column":null}},"547":{"start":{"line":6524,"column":2},"end":{"line":6524,"column":null}},"548":{"start":{"line":6526,"column":2},"end":{"line":6526,"column":null}},"549":{"start":{"line":6528,"column":2},"end":{"line":6528,"column":null}},"550":{"start":{"line":6530,"column":2},"end":{"line":6530,"column":null}},"551":{"start":{"line":6532,"column":2},"end":{"line":6532,"column":null}},"552":{"start":{"line":6545,"column":0},"end":{"line":6545,"column":null}},"553":{"start":{"line":6547,"column":2},"end":{"line":6547,"column":null}},"554":{"start":{"line":6549,"column":2},"end":{"line":6549,"column":null}},"555":{"start":{"line":6551,"column":2},"end":{"line":6551,"column":null}},"556":{"start":{"line":6553,"column":2},"end":{"line":6553,"column":null}},"557":{"start":{"line":6555,"column":2},"end":{"line":6555,"column":null}},"558":{"start":{"line":6952,"column":0},"end":{"line":6952,"column":null}},"559":{"start":{"line":6954,"column":2},"end":{"line":6954,"column":null}},"560":{"start":{"line":6956,"column":2},"end":{"line":6956,"column":null}},"561":{"start":{"line":7066,"column":0},"end":{"line":7066,"column":null}},"562":{"start":{"line":7068,"column":2},"end":{"line":7068,"column":null}},"563":{"start":{"line":7155,"column":0},"end":{"line":7155,"column":null}},"564":{"start":{"line":7157,"column":2},"end":{"line":7157,"column":null}},"565":{"start":{"line":7159,"column":2},"end":{"line":7159,"column":null}},"566":{"start":{"line":7161,"column":2},"end":{"line":7161,"column":null}},"567":{"start":{"line":7232,"column":0},"end":{"line":7232,"column":null}},"568":{"start":{"line":7234,"column":2},"end":{"line":7234,"column":null}},"569":{"start":{"line":7236,"column":2},"end":{"line":7236,"column":null}},"570":{"start":{"line":7238,"column":2},"end":{"line":7238,"column":null}},"571":{"start":{"line":7363,"column":0},"end":{"line":7363,"column":null}},"572":{"start":{"line":7365,"column":2},"end":{"line":7365,"column":null}},"573":{"start":{"line":7367,"column":2},"end":{"line":7367,"column":null}},"574":{"start":{"line":7369,"column":2},"end":{"line":7369,"column":null}},"575":{"start":{"line":7371,"column":2},"end":{"line":7371,"column":null}},"576":{"start":{"line":7373,"column":2},"end":{"line":7373,"column":null}},"577":{"start":{"line":7430,"column":0},"end":{"line":7430,"column":null}},"578":{"start":{"line":7432,"column":2},"end":{"line":7432,"column":null}},"579":{"start":{"line":7434,"column":2},"end":{"line":7434,"column":null}},"580":{"start":{"line":7436,"column":2},"end":{"line":7436,"column":null}},"581":{"start":{"line":7438,"column":2},"end":{"line":7438,"column":null}},"582":{"start":{"line":7440,"column":2},"end":{"line":7440,"column":null}},"583":{"start":{"line":7642,"column":0},"end":{"line":7642,"column":null}},"584":{"start":{"line":7644,"column":2},"end":{"line":7644,"column":null}},"585":{"start":{"line":7857,"column":0},"end":{"line":7857,"column":null}},"586":{"start":{"line":7859,"column":2},"end":{"line":7859,"column":null}},"587":{"start":{"line":7861,"column":2},"end":{"line":7861,"column":null}},"588":{"start":{"line":7863,"column":2},"end":{"line":7863,"column":null}},"589":{"start":{"line":7865,"column":2},"end":{"line":7865,"column":null}},"590":{"start":{"line":7867,"column":2},"end":{"line":7867,"column":null}},"591":{"start":{"line":7869,"column":2},"end":{"line":7869,"column":null}},"592":{"start":{"line":7871,"column":2},"end":{"line":7871,"column":null}},"593":{"start":{"line":7873,"column":2},"end":{"line":7873,"column":null}},"594":{"start":{"line":7875,"column":2},"end":{"line":7875,"column":null}},"595":{"start":{"line":7877,"column":2},"end":{"line":7877,"column":null}},"596":{"start":{"line":7879,"column":2},"end":{"line":7879,"column":null}},"597":{"start":{"line":7881,"column":2},"end":{"line":7881,"column":null}},"598":{"start":{"line":7883,"column":2},"end":{"line":7883,"column":null}},"599":{"start":{"line":7885,"column":2},"end":{"line":7885,"column":null}},"600":{"start":{"line":7887,"column":2},"end":{"line":7887,"column":null}},"601":{"start":{"line":7889,"column":2},"end":{"line":7889,"column":null}},"602":{"start":{"line":7891,"column":2},"end":{"line":7891,"column":null}},"603":{"start":{"line":7893,"column":2},"end":{"line":7893,"column":null}},"604":{"start":{"line":7895,"column":2},"end":{"line":7895,"column":null}},"605":{"start":{"line":7897,"column":2},"end":{"line":7897,"column":null}},"606":{"start":{"line":7899,"column":2},"end":{"line":7899,"column":null}},"607":{"start":{"line":7901,"column":2},"end":{"line":7901,"column":null}},"608":{"start":{"line":8031,"column":0},"end":{"line":8031,"column":null}},"609":{"start":{"line":8033,"column":2},"end":{"line":8033,"column":null}},"610":{"start":{"line":8035,"column":2},"end":{"line":8035,"column":null}},"611":{"start":{"line":8037,"column":2},"end":{"line":8037,"column":null}},"612":{"start":{"line":8039,"column":2},"end":{"line":8039,"column":null}},"613":{"start":{"line":8041,"column":2},"end":{"line":8041,"column":null}},"614":{"start":{"line":8043,"column":2},"end":{"line":8043,"column":null}},"615":{"start":{"line":8045,"column":2},"end":{"line":8045,"column":null}},"616":{"start":{"line":8047,"column":2},"end":{"line":8047,"column":null}},"617":{"start":{"line":8049,"column":2},"end":{"line":8049,"column":null}},"618":{"start":{"line":8051,"column":2},"end":{"line":8051,"column":null}},"619":{"start":{"line":8053,"column":2},"end":{"line":8053,"column":null}},"620":{"start":{"line":8055,"column":2},"end":{"line":8055,"column":null}},"621":{"start":{"line":8057,"column":2},"end":{"line":8057,"column":null}},"622":{"start":{"line":8059,"column":2},"end":{"line":8059,"column":null}},"623":{"start":{"line":8061,"column":2},"end":{"line":8061,"column":null}},"624":{"start":{"line":8063,"column":2},"end":{"line":8063,"column":null}},"625":{"start":{"line":8065,"column":2},"end":{"line":8065,"column":null}},"626":{"start":{"line":8067,"column":2},"end":{"line":8067,"column":null}},"627":{"start":{"line":8069,"column":2},"end":{"line":8069,"column":null}},"628":{"start":{"line":8071,"column":2},"end":{"line":8071,"column":null}},"629":{"start":{"line":8073,"column":2},"end":{"line":8073,"column":null}},"630":{"start":{"line":8075,"column":2},"end":{"line":8075,"column":null}},"631":{"start":{"line":8154,"column":0},"end":{"line":8154,"column":null}},"632":{"start":{"line":8156,"column":2},"end":{"line":8156,"column":null}},"633":{"start":{"line":8318,"column":0},"end":{"line":8318,"column":null}},"634":{"start":{"line":8320,"column":2},"end":{"line":8320,"column":null}},"635":{"start":{"line":8509,"column":0},"end":{"line":8509,"column":null}},"636":{"start":{"line":8511,"column":2},"end":{"line":8511,"column":null}},"637":{"start":{"line":8513,"column":2},"end":{"line":8513,"column":null}},"638":{"start":{"line":8515,"column":2},"end":{"line":8515,"column":null}},"639":{"start":{"line":8517,"column":2},"end":{"line":8517,"column":null}},"640":{"start":{"line":8519,"column":2},"end":{"line":8519,"column":null}},"641":{"start":{"line":8521,"column":2},"end":{"line":8521,"column":null}},"642":{"start":{"line":8523,"column":2},"end":{"line":8523,"column":null}},"643":{"start":{"line":8525,"column":2},"end":{"line":8525,"column":null}},"644":{"start":{"line":8527,"column":2},"end":{"line":8527,"column":null}},"645":{"start":{"line":8529,"column":2},"end":{"line":8529,"column":null}},"646":{"start":{"line":8531,"column":2},"end":{"line":8531,"column":null}},"647":{"start":{"line":8533,"column":2},"end":{"line":8533,"column":null}},"648":{"start":{"line":8535,"column":2},"end":{"line":8535,"column":null}},"649":{"start":{"line":8537,"column":2},"end":{"line":8537,"column":null}},"650":{"start":{"line":8539,"column":2},"end":{"line":8539,"column":null}},"651":{"start":{"line":8541,"column":2},"end":{"line":8541,"column":null}},"652":{"start":{"line":8543,"column":2},"end":{"line":8543,"column":null}},"653":{"start":{"line":8545,"column":2},"end":{"line":8545,"column":null}},"654":{"start":{"line":8547,"column":2},"end":{"line":8547,"column":null}},"655":{"start":{"line":8658,"column":0},"end":{"line":8658,"column":null}},"656":{"start":{"line":8660,"column":2},"end":{"line":8660,"column":null}},"657":{"start":{"line":8662,"column":2},"end":{"line":8662,"column":null}},"658":{"start":{"line":8664,"column":2},"end":{"line":8664,"column":null}},"659":{"start":{"line":8666,"column":2},"end":{"line":8666,"column":null}},"660":{"start":{"line":8668,"column":2},"end":{"line":8668,"column":null}},"661":{"start":{"line":8670,"column":2},"end":{"line":8670,"column":null}},"662":{"start":{"line":8672,"column":2},"end":{"line":8672,"column":null}},"663":{"start":{"line":8674,"column":2},"end":{"line":8674,"column":null}},"664":{"start":{"line":8676,"column":2},"end":{"line":8676,"column":null}},"665":{"start":{"line":8678,"column":2},"end":{"line":8678,"column":null}},"666":{"start":{"line":8680,"column":2},"end":{"line":8680,"column":null}},"667":{"start":{"line":8682,"column":2},"end":{"line":8682,"column":null}},"668":{"start":{"line":8684,"column":2},"end":{"line":8684,"column":null}},"669":{"start":{"line":8686,"column":2},"end":{"line":8686,"column":null}},"670":{"start":{"line":8688,"column":2},"end":{"line":8688,"column":null}},"671":{"start":{"line":8690,"column":2},"end":{"line":8690,"column":null}},"672":{"start":{"line":8692,"column":2},"end":{"line":8692,"column":null}},"673":{"start":{"line":8694,"column":2},"end":{"line":8694,"column":null}},"674":{"start":{"line":8696,"column":2},"end":{"line":8696,"column":null}},"675":{"start":{"line":8841,"column":0},"end":{"line":8841,"column":null}},"676":{"start":{"line":8843,"column":2},"end":{"line":8843,"column":null}},"677":{"start":{"line":8917,"column":0},"end":{"line":8917,"column":null}},"678":{"start":{"line":8919,"column":2},"end":{"line":8919,"column":null}},"679":{"start":{"line":8921,"column":2},"end":{"line":8921,"column":null}},"680":{"start":{"line":8975,"column":0},"end":{"line":8975,"column":null}},"681":{"start":{"line":8977,"column":2},"end":{"line":8977,"column":null}},"682":{"start":{"line":8979,"column":2},"end":{"line":8979,"column":null}},"683":{"start":{"line":9109,"column":0},"end":{"line":9109,"column":null}},"684":{"start":{"line":9111,"column":2},"end":{"line":9111,"column":null}},"685":{"start":{"line":9199,"column":0},"end":{"line":9199,"column":null}},"686":{"start":{"line":9201,"column":2},"end":{"line":9201,"column":null}},"687":{"start":{"line":9203,"column":2},"end":{"line":9203,"column":null}},"688":{"start":{"line":9205,"column":2},"end":{"line":9205,"column":null}},"689":{"start":{"line":9207,"column":2},"end":{"line":9207,"column":null}},"690":{"start":{"line":9209,"column":2},"end":{"line":9209,"column":null}},"691":{"start":{"line":9211,"column":2},"end":{"line":9211,"column":null}},"692":{"start":{"line":9213,"column":2},"end":{"line":9213,"column":null}},"693":{"start":{"line":9272,"column":0},"end":{"line":9272,"column":null}},"694":{"start":{"line":9274,"column":2},"end":{"line":9274,"column":null}},"695":{"start":{"line":9276,"column":2},"end":{"line":9276,"column":null}},"696":{"start":{"line":9278,"column":2},"end":{"line":9278,"column":null}},"697":{"start":{"line":9280,"column":2},"end":{"line":9280,"column":null}},"698":{"start":{"line":9282,"column":2},"end":{"line":9282,"column":null}},"699":{"start":{"line":9284,"column":2},"end":{"line":9284,"column":null}},"700":{"start":{"line":9286,"column":2},"end":{"line":9286,"column":null}},"701":{"start":{"line":9409,"column":0},"end":{"line":9409,"column":null}},"702":{"start":{"line":9411,"column":2},"end":{"line":9411,"column":null}},"703":{"start":{"line":9618,"column":0},"end":{"line":9618,"column":null}},"704":{"start":{"line":9620,"column":2},"end":{"line":9620,"column":null}},"705":{"start":{"line":9823,"column":0},"end":{"line":9823,"column":null}},"706":{"start":{"line":9825,"column":2},"end":{"line":9825,"column":null}},"707":{"start":{"line":9827,"column":2},"end":{"line":9827,"column":null}},"708":{"start":{"line":9829,"column":2},"end":{"line":9829,"column":null}},"709":{"start":{"line":9831,"column":2},"end":{"line":9831,"column":null}},"710":{"start":{"line":9833,"column":2},"end":{"line":9833,"column":null}},"711":{"start":{"line":9835,"column":2},"end":{"line":9835,"column":null}},"712":{"start":{"line":9837,"column":2},"end":{"line":9837,"column":null}},"713":{"start":{"line":9839,"column":2},"end":{"line":9839,"column":null}},"714":{"start":{"line":9841,"column":2},"end":{"line":9841,"column":null}},"715":{"start":{"line":9843,"column":2},"end":{"line":9843,"column":null}},"716":{"start":{"line":9845,"column":2},"end":{"line":9845,"column":null}},"717":{"start":{"line":9847,"column":2},"end":{"line":9847,"column":null}},"718":{"start":{"line":9849,"column":2},"end":{"line":9849,"column":null}},"719":{"start":{"line":9851,"column":2},"end":{"line":9851,"column":null}},"720":{"start":{"line":9853,"column":2},"end":{"line":9853,"column":null}},"721":{"start":{"line":9855,"column":2},"end":{"line":9855,"column":null}},"722":{"start":{"line":9857,"column":2},"end":{"line":9857,"column":null}},"723":{"start":{"line":9859,"column":2},"end":{"line":9859,"column":null}},"724":{"start":{"line":9861,"column":2},"end":{"line":9861,"column":null}},"725":{"start":{"line":9863,"column":2},"end":{"line":9863,"column":null}},"726":{"start":{"line":9865,"column":2},"end":{"line":9865,"column":null}},"727":{"start":{"line":9867,"column":2},"end":{"line":9867,"column":null}},"728":{"start":{"line":9869,"column":2},"end":{"line":9869,"column":null}},"729":{"start":{"line":9871,"column":2},"end":{"line":9871,"column":null}},"730":{"start":{"line":9873,"column":2},"end":{"line":9873,"column":null}},"731":{"start":{"line":9875,"column":2},"end":{"line":9875,"column":null}},"732":{"start":{"line":9877,"column":2},"end":{"line":9877,"column":null}},"733":{"start":{"line":9879,"column":2},"end":{"line":9879,"column":null}},"734":{"start":{"line":10031,"column":0},"end":{"line":10031,"column":null}},"735":{"start":{"line":10033,"column":2},"end":{"line":10033,"column":null}},"736":{"start":{"line":10035,"column":2},"end":{"line":10035,"column":null}},"737":{"start":{"line":10037,"column":2},"end":{"line":10037,"column":null}},"738":{"start":{"line":10039,"column":2},"end":{"line":10039,"column":null}},"739":{"start":{"line":10041,"column":2},"end":{"line":10041,"column":null}},"740":{"start":{"line":10043,"column":2},"end":{"line":10043,"column":null}},"741":{"start":{"line":10045,"column":2},"end":{"line":10045,"column":null}},"742":{"start":{"line":10047,"column":2},"end":{"line":10047,"column":null}},"743":{"start":{"line":10049,"column":2},"end":{"line":10049,"column":null}},"744":{"start":{"line":10051,"column":2},"end":{"line":10051,"column":null}},"745":{"start":{"line":10053,"column":2},"end":{"line":10053,"column":null}},"746":{"start":{"line":10055,"column":2},"end":{"line":10055,"column":null}},"747":{"start":{"line":10057,"column":2},"end":{"line":10057,"column":null}},"748":{"start":{"line":10059,"column":2},"end":{"line":10059,"column":null}},"749":{"start":{"line":10061,"column":2},"end":{"line":10061,"column":null}},"750":{"start":{"line":10063,"column":2},"end":{"line":10063,"column":null}},"751":{"start":{"line":10065,"column":2},"end":{"line":10065,"column":null}},"752":{"start":{"line":10067,"column":2},"end":{"line":10067,"column":null}},"753":{"start":{"line":10069,"column":2},"end":{"line":10069,"column":null}},"754":{"start":{"line":10071,"column":2},"end":{"line":10071,"column":null}},"755":{"start":{"line":10073,"column":2},"end":{"line":10073,"column":null}},"756":{"start":{"line":10075,"column":2},"end":{"line":10075,"column":null}},"757":{"start":{"line":10077,"column":2},"end":{"line":10077,"column":null}},"758":{"start":{"line":10079,"column":2},"end":{"line":10079,"column":null}},"759":{"start":{"line":10081,"column":2},"end":{"line":10081,"column":null}},"760":{"start":{"line":10083,"column":2},"end":{"line":10083,"column":null}},"761":{"start":{"line":10085,"column":2},"end":{"line":10085,"column":null}},"762":{"start":{"line":10087,"column":2},"end":{"line":10087,"column":null}},"763":{"start":{"line":10245,"column":0},"end":{"line":10245,"column":null}},"764":{"start":{"line":10247,"column":2},"end":{"line":10247,"column":null}},"765":{"start":{"line":10249,"column":2},"end":{"line":10249,"column":null}},"766":{"start":{"line":10251,"column":2},"end":{"line":10251,"column":null}},"767":{"start":{"line":10253,"column":2},"end":{"line":10253,"column":null}},"768":{"start":{"line":10255,"column":2},"end":{"line":10255,"column":null}},"769":{"start":{"line":10257,"column":2},"end":{"line":10257,"column":null}},"770":{"start":{"line":10315,"column":0},"end":{"line":10315,"column":null}},"771":{"start":{"line":10317,"column":2},"end":{"line":10317,"column":null}},"772":{"start":{"line":10319,"column":2},"end":{"line":10319,"column":null}},"773":{"start":{"line":10321,"column":2},"end":{"line":10321,"column":null}},"774":{"start":{"line":10323,"column":2},"end":{"line":10323,"column":null}},"775":{"start":{"line":10325,"column":2},"end":{"line":10325,"column":null}},"776":{"start":{"line":10327,"column":2},"end":{"line":10327,"column":null}},"777":{"start":{"line":10498,"column":0},"end":{"line":10498,"column":null}},"778":{"start":{"line":10500,"column":2},"end":{"line":10500,"column":null}},"779":{"start":{"line":10670,"column":0},"end":{"line":10670,"column":null}},"780":{"start":{"line":10672,"column":2},"end":{"line":10672,"column":null}},"781":{"start":{"line":10674,"column":2},"end":{"line":10674,"column":null}},"782":{"start":{"line":10676,"column":2},"end":{"line":10676,"column":null}},"783":{"start":{"line":10678,"column":2},"end":{"line":10678,"column":null}},"784":{"start":{"line":10680,"column":2},"end":{"line":10680,"column":null}},"785":{"start":{"line":10682,"column":2},"end":{"line":10682,"column":null}},"786":{"start":{"line":10684,"column":2},"end":{"line":10684,"column":null}},"787":{"start":{"line":10686,"column":2},"end":{"line":10686,"column":null}},"788":{"start":{"line":10688,"column":2},"end":{"line":10688,"column":null}},"789":{"start":{"line":10690,"column":2},"end":{"line":10690,"column":null}},"790":{"start":{"line":10692,"column":2},"end":{"line":10692,"column":null}},"791":{"start":{"line":10694,"column":2},"end":{"line":10694,"column":null}},"792":{"start":{"line":10696,"column":2},"end":{"line":10696,"column":null}},"793":{"start":{"line":10698,"column":2},"end":{"line":10698,"column":null}},"794":{"start":{"line":10700,"column":2},"end":{"line":10700,"column":null}},"795":{"start":{"line":10702,"column":2},"end":{"line":10702,"column":null}},"796":{"start":{"line":10704,"column":2},"end":{"line":10704,"column":null}},"797":{"start":{"line":10706,"column":2},"end":{"line":10706,"column":null}},"798":{"start":{"line":10708,"column":2},"end":{"line":10708,"column":null}},"799":{"start":{"line":10859,"column":0},"end":{"line":10859,"column":null}},"800":{"start":{"line":10861,"column":2},"end":{"line":10861,"column":null}},"801":{"start":{"line":10863,"column":2},"end":{"line":10863,"column":null}},"802":{"start":{"line":10865,"column":2},"end":{"line":10865,"column":null}},"803":{"start":{"line":10867,"column":2},"end":{"line":10867,"column":null}},"804":{"start":{"line":10869,"column":2},"end":{"line":10869,"column":null}},"805":{"start":{"line":10871,"column":2},"end":{"line":10871,"column":null}},"806":{"start":{"line":10873,"column":2},"end":{"line":10873,"column":null}},"807":{"start":{"line":10875,"column":2},"end":{"line":10875,"column":null}},"808":{"start":{"line":10877,"column":2},"end":{"line":10877,"column":null}},"809":{"start":{"line":10879,"column":2},"end":{"line":10879,"column":null}},"810":{"start":{"line":10881,"column":2},"end":{"line":10881,"column":null}},"811":{"start":{"line":10883,"column":2},"end":{"line":10883,"column":null}},"812":{"start":{"line":10885,"column":2},"end":{"line":10885,"column":null}},"813":{"start":{"line":10887,"column":2},"end":{"line":10887,"column":null}},"814":{"start":{"line":10889,"column":2},"end":{"line":10889,"column":null}},"815":{"start":{"line":10891,"column":2},"end":{"line":10891,"column":null}},"816":{"start":{"line":10893,"column":2},"end":{"line":10893,"column":null}},"817":{"start":{"line":10895,"column":2},"end":{"line":10895,"column":null}},"818":{"start":{"line":10897,"column":2},"end":{"line":10897,"column":null}},"819":{"start":{"line":11107,"column":0},"end":{"line":11107,"column":null}},"820":{"start":{"line":11109,"column":2},"end":{"line":11109,"column":null}},"821":{"start":{"line":11229,"column":0},"end":{"line":11229,"column":null}},"822":{"start":{"line":11231,"column":2},"end":{"line":11231,"column":null}},"823":{"start":{"line":11233,"column":2},"end":{"line":11233,"column":null}},"824":{"start":{"line":11235,"column":2},"end":{"line":11235,"column":null}},"825":{"start":{"line":11237,"column":2},"end":{"line":11237,"column":null}},"826":{"start":{"line":11239,"column":2},"end":{"line":11239,"column":null}},"827":{"start":{"line":11241,"column":2},"end":{"line":11241,"column":null}},"828":{"start":{"line":11243,"column":2},"end":{"line":11243,"column":null}},"829":{"start":{"line":11245,"column":2},"end":{"line":11245,"column":null}},"830":{"start":{"line":11247,"column":2},"end":{"line":11247,"column":null}},"831":{"start":{"line":11249,"column":2},"end":{"line":11249,"column":null}},"832":{"start":{"line":11251,"column":2},"end":{"line":11251,"column":null}},"833":{"start":{"line":11253,"column":2},"end":{"line":11253,"column":null}},"834":{"start":{"line":11255,"column":2},"end":{"line":11255,"column":null}},"835":{"start":{"line":11352,"column":0},"end":{"line":11352,"column":null}},"836":{"start":{"line":11354,"column":2},"end":{"line":11354,"column":null}},"837":{"start":{"line":11356,"column":2},"end":{"line":11356,"column":null}},"838":{"start":{"line":11358,"column":2},"end":{"line":11358,"column":null}},"839":{"start":{"line":11360,"column":2},"end":{"line":11360,"column":null}},"840":{"start":{"line":11362,"column":2},"end":{"line":11362,"column":null}},"841":{"start":{"line":11364,"column":2},"end":{"line":11364,"column":null}},"842":{"start":{"line":11366,"column":2},"end":{"line":11366,"column":null}},"843":{"start":{"line":11368,"column":2},"end":{"line":11368,"column":null}},"844":{"start":{"line":11370,"column":2},"end":{"line":11370,"column":null}},"845":{"start":{"line":11372,"column":2},"end":{"line":11372,"column":null}},"846":{"start":{"line":11374,"column":2},"end":{"line":11374,"column":null}},"847":{"start":{"line":11376,"column":2},"end":{"line":11376,"column":null}},"848":{"start":{"line":11378,"column":2},"end":{"line":11378,"column":null}},"849":{"start":{"line":11525,"column":0},"end":{"line":11525,"column":null}},"850":{"start":{"line":11527,"column":2},"end":{"line":11527,"column":null}},"851":{"start":{"line":11529,"column":2},"end":{"line":11529,"column":null}},"852":{"start":{"line":11531,"column":2},"end":{"line":11531,"column":null}},"853":{"start":{"line":11586,"column":0},"end":{"line":11586,"column":null}},"854":{"start":{"line":11588,"column":2},"end":{"line":11588,"column":null}},"855":{"start":{"line":11590,"column":2},"end":{"line":11590,"column":null}},"856":{"start":{"line":11592,"column":2},"end":{"line":11592,"column":null}},"857":{"start":{"line":11860,"column":0},"end":{"line":11860,"column":null}},"858":{"start":{"line":11862,"column":2},"end":{"line":11862,"column":null}},"859":{"start":{"line":11864,"column":2},"end":{"line":11864,"column":null}},"860":{"start":{"line":11866,"column":2},"end":{"line":11866,"column":null}},"861":{"start":{"line":11868,"column":2},"end":{"line":11868,"column":null}},"862":{"start":{"line":11870,"column":2},"end":{"line":11870,"column":null}},"863":{"start":{"line":11872,"column":2},"end":{"line":11872,"column":null}},"864":{"start":{"line":11874,"column":2},"end":{"line":11874,"column":null}},"865":{"start":{"line":11876,"column":2},"end":{"line":11876,"column":null}},"866":{"start":{"line":11878,"column":2},"end":{"line":11878,"column":null}},"867":{"start":{"line":11880,"column":2},"end":{"line":11880,"column":null}},"868":{"start":{"line":12276,"column":0},"end":{"line":12276,"column":null}},"869":{"start":{"line":12278,"column":2},"end":{"line":12278,"column":null}},"870":{"start":{"line":12280,"column":2},"end":{"line":12280,"column":null}},"871":{"start":{"line":12401,"column":0},"end":{"line":12401,"column":null}},"872":{"start":{"line":12403,"column":2},"end":{"line":12403,"column":null}},"873":{"start":{"line":12478,"column":0},"end":{"line":12478,"column":null}},"874":{"start":{"line":12480,"column":2},"end":{"line":12480,"column":null}},"875":{"start":{"line":12482,"column":2},"end":{"line":12482,"column":null}},"876":{"start":{"line":12536,"column":0},"end":{"line":12536,"column":null}},"877":{"start":{"line":12538,"column":2},"end":{"line":12538,"column":null}},"878":{"start":{"line":12540,"column":2},"end":{"line":12540,"column":null}},"879":{"start":{"line":12676,"column":0},"end":{"line":12676,"column":null}},"880":{"start":{"line":12678,"column":2},"end":{"line":12678,"column":null}},"881":{"start":{"line":12680,"column":2},"end":{"line":12680,"column":null}},"882":{"start":{"line":12682,"column":2},"end":{"line":12682,"column":null}},"883":{"start":{"line":12684,"column":2},"end":{"line":12684,"column":null}},"884":{"start":{"line":12686,"column":2},"end":{"line":12686,"column":null}},"885":{"start":{"line":12688,"column":2},"end":{"line":12688,"column":null}},"886":{"start":{"line":12690,"column":2},"end":{"line":12690,"column":null}},"887":{"start":{"line":12692,"column":2},"end":{"line":12692,"column":null}},"888":{"start":{"line":12694,"column":2},"end":{"line":12694,"column":null}},"889":{"start":{"line":12887,"column":0},"end":{"line":12887,"column":null}},"890":{"start":{"line":12889,"column":2},"end":{"line":12889,"column":null}},"891":{"start":{"line":12891,"column":2},"end":{"line":12891,"column":null}},"892":{"start":{"line":13004,"column":0},"end":{"line":13004,"column":null}},"893":{"start":{"line":13006,"column":2},"end":{"line":13006,"column":null}},"894":{"start":{"line":13008,"column":2},"end":{"line":13008,"column":null}},"895":{"start":{"line":13010,"column":2},"end":{"line":13010,"column":null}},"896":{"start":{"line":13012,"column":2},"end":{"line":13012,"column":null}},"897":{"start":{"line":13014,"column":2},"end":{"line":13014,"column":null}},"898":{"start":{"line":13079,"column":0},"end":{"line":13079,"column":null}},"899":{"start":{"line":13081,"column":2},"end":{"line":13081,"column":null}},"900":{"start":{"line":13083,"column":2},"end":{"line":13083,"column":null}},"901":{"start":{"line":13085,"column":2},"end":{"line":13085,"column":null}},"902":{"start":{"line":13087,"column":2},"end":{"line":13087,"column":null}},"903":{"start":{"line":13089,"column":2},"end":{"line":13089,"column":null}},"904":{"start":{"line":13132,"column":0},"end":{"line":13132,"column":null}},"905":{"start":{"line":13134,"column":2},"end":{"line":13134,"column":null}},"906":{"start":{"line":13136,"column":2},"end":{"line":13136,"column":null}},"907":{"start":{"line":13138,"column":2},"end":{"line":13138,"column":null}},"908":{"start":{"line":13140,"column":2},"end":{"line":13140,"column":null}},"909":{"start":{"line":13142,"column":2},"end":{"line":13142,"column":null}},"910":{"start":{"line":13144,"column":2},"end":{"line":13144,"column":null}},"911":{"start":{"line":13146,"column":2},"end":{"line":13146,"column":null}},"912":{"start":{"line":13148,"column":2},"end":{"line":13148,"column":null}},"913":{"start":{"line":13150,"column":2},"end":{"line":13150,"column":null}},"914":{"start":{"line":13311,"column":0},"end":{"line":13311,"column":null}},"915":{"start":{"line":13313,"column":2},"end":{"line":13313,"column":null}},"916":{"start":{"line":13315,"column":2},"end":{"line":13315,"column":null}},"917":{"start":{"line":13463,"column":0},"end":{"line":13463,"column":null}},"918":{"start":{"line":13465,"column":2},"end":{"line":13465,"column":null}},"919":{"start":{"line":13467,"column":2},"end":{"line":13467,"column":null}},"920":{"start":{"line":13585,"column":0},"end":{"line":13585,"column":null}},"921":{"start":{"line":13587,"column":2},"end":{"line":13587,"column":null}},"922":{"start":{"line":13589,"column":2},"end":{"line":13589,"column":null}},"923":{"start":{"line":13591,"column":2},"end":{"line":13591,"column":null}},"924":{"start":{"line":13593,"column":2},"end":{"line":13593,"column":null}},"925":{"start":{"line":13595,"column":2},"end":{"line":13595,"column":null}},"926":{"start":{"line":13597,"column":2},"end":{"line":13597,"column":null}},"927":{"start":{"line":13599,"column":2},"end":{"line":13599,"column":null}},"928":{"start":{"line":13601,"column":2},"end":{"line":13601,"column":null}},"929":{"start":{"line":13677,"column":0},"end":{"line":13677,"column":null}},"930":{"start":{"line":13679,"column":2},"end":{"line":13679,"column":null}},"931":{"start":{"line":13681,"column":2},"end":{"line":13681,"column":null}},"932":{"start":{"line":13683,"column":2},"end":{"line":13683,"column":null}},"933":{"start":{"line":13685,"column":2},"end":{"line":13685,"column":null}},"934":{"start":{"line":13687,"column":2},"end":{"line":13687,"column":null}},"935":{"start":{"line":13689,"column":2},"end":{"line":13689,"column":null}},"936":{"start":{"line":13691,"column":2},"end":{"line":13691,"column":null}},"937":{"start":{"line":13693,"column":2},"end":{"line":13693,"column":null}},"938":{"start":{"line":13813,"column":0},"end":{"line":13813,"column":null}},"939":{"start":{"line":13815,"column":2},"end":{"line":13815,"column":null}},"940":{"start":{"line":13817,"column":2},"end":{"line":13817,"column":null}},"941":{"start":{"line":13819,"column":2},"end":{"line":13819,"column":null}},"942":{"start":{"line":13821,"column":2},"end":{"line":13821,"column":null}},"943":{"start":{"line":13885,"column":0},"end":{"line":13885,"column":null}},"944":{"start":{"line":13887,"column":2},"end":{"line":13887,"column":null}},"945":{"start":{"line":13889,"column":2},"end":{"line":13889,"column":null}},"946":{"start":{"line":13891,"column":2},"end":{"line":13891,"column":null}},"947":{"start":{"line":13893,"column":2},"end":{"line":13893,"column":null}},"948":{"start":{"line":17615,"column":0},"end":{"line":17615,"column":null}},"949":{"start":{"line":17617,"column":2},"end":{"line":17617,"column":null}},"950":{"start":{"line":17619,"column":2},"end":{"line":17619,"column":null}},"951":{"start":{"line":17621,"column":2},"end":{"line":17621,"column":null}},"952":{"start":{"line":17623,"column":2},"end":{"line":17623,"column":null}},"953":{"start":{"line":17625,"column":2},"end":{"line":17625,"column":null}},"954":{"start":{"line":17627,"column":2},"end":{"line":17627,"column":null}},"955":{"start":{"line":17631,"column":0},"end":{"line":17631,"column":null}},"956":{"start":{"line":17633,"column":2},"end":{"line":17633,"column":null}},"957":{"start":{"line":17802,"column":0},"end":{"line":17802,"column":null}},"958":{"start":{"line":17804,"column":2},"end":{"line":17804,"column":null}},"959":{"start":{"line":17806,"column":2},"end":{"line":17806,"column":null}},"960":{"start":{"line":17808,"column":2},"end":{"line":17808,"column":null}},"961":{"start":{"line":17810,"column":2},"end":{"line":17810,"column":null}},"962":{"start":{"line":17812,"column":2},"end":{"line":17812,"column":null}},"963":{"start":{"line":17814,"column":2},"end":{"line":17814,"column":null}},"964":{"start":{"line":17961,"column":0},"end":{"line":17961,"column":null}},"965":{"start":{"line":17963,"column":2},"end":{"line":17963,"column":null}},"966":{"start":{"line":17965,"column":2},"end":{"line":17965,"column":null}},"967":{"start":{"line":17967,"column":2},"end":{"line":17967,"column":null}},"968":{"start":{"line":17969,"column":2},"end":{"line":17969,"column":null}},"969":{"start":{"line":17971,"column":2},"end":{"line":17971,"column":null}},"970":{"start":{"line":17973,"column":2},"end":{"line":17973,"column":null}},"971":{"start":{"line":17975,"column":2},"end":{"line":17975,"column":null}},"972":{"start":{"line":17977,"column":2},"end":{"line":17977,"column":null}},"973":{"start":{"line":17979,"column":2},"end":{"line":17979,"column":null}},"974":{"start":{"line":17981,"column":2},"end":{"line":17981,"column":null}},"975":{"start":{"line":17983,"column":2},"end":{"line":17983,"column":null}},"976":{"start":{"line":18118,"column":0},"end":{"line":18118,"column":null}},"977":{"start":{"line":18120,"column":2},"end":{"line":18120,"column":null}},"978":{"start":{"line":18122,"column":2},"end":{"line":18122,"column":null}},"979":{"start":{"line":18124,"column":2},"end":{"line":18124,"column":null}},"980":{"start":{"line":18126,"column":2},"end":{"line":18126,"column":null}},"981":{"start":{"line":18128,"column":2},"end":{"line":18128,"column":null}},"982":{"start":{"line":18130,"column":2},"end":{"line":18130,"column":null}},"983":{"start":{"line":18132,"column":2},"end":{"line":18132,"column":null}},"984":{"start":{"line":18134,"column":2},"end":{"line":18134,"column":null}},"985":{"start":{"line":18136,"column":2},"end":{"line":18136,"column":null}},"986":{"start":{"line":18138,"column":2},"end":{"line":18138,"column":null}},"987":{"start":{"line":18140,"column":2},"end":{"line":18140,"column":null}},"988":{"start":{"line":18339,"column":0},"end":{"line":18339,"column":null}},"989":{"start":{"line":18341,"column":2},"end":{"line":18341,"column":null}},"990":{"start":{"line":18343,"column":2},"end":{"line":18343,"column":null}},"991":{"start":{"line":18345,"column":2},"end":{"line":18345,"column":null}},"992":{"start":{"line":18347,"column":2},"end":{"line":18347,"column":null}},"993":{"start":{"line":18349,"column":2},"end":{"line":18349,"column":null}},"994":{"start":{"line":18351,"column":2},"end":{"line":18351,"column":null}},"995":{"start":{"line":18353,"column":2},"end":{"line":18353,"column":null}},"996":{"start":{"line":18355,"column":2},"end":{"line":18355,"column":null}},"997":{"start":{"line":18357,"column":2},"end":{"line":18357,"column":null}},"998":{"start":{"line":18359,"column":2},"end":{"line":18359,"column":null}},"999":{"start":{"line":18361,"column":2},"end":{"line":18361,"column":null}},"1000":{"start":{"line":18464,"column":0},"end":{"line":18464,"column":null}},"1001":{"start":{"line":18466,"column":2},"end":{"line":18466,"column":null}},"1002":{"start":{"line":18468,"column":2},"end":{"line":18468,"column":null}},"1003":{"start":{"line":18470,"column":2},"end":{"line":18470,"column":null}},"1004":{"start":{"line":18472,"column":2},"end":{"line":18472,"column":null}},"1005":{"start":{"line":18474,"column":2},"end":{"line":18474,"column":null}},"1006":{"start":{"line":18476,"column":2},"end":{"line":18476,"column":null}},"1007":{"start":{"line":18478,"column":2},"end":{"line":18478,"column":null}},"1008":{"start":{"line":18480,"column":2},"end":{"line":18480,"column":null}},"1009":{"start":{"line":18482,"column":2},"end":{"line":18482,"column":null}},"1010":{"start":{"line":18484,"column":2},"end":{"line":18484,"column":null}},"1011":{"start":{"line":18486,"column":2},"end":{"line":18486,"column":null}},"1012":{"start":{"line":18633,"column":0},"end":{"line":18633,"column":null}},"1013":{"start":{"line":18635,"column":2},"end":{"line":18635,"column":null}},"1014":{"start":{"line":18711,"column":0},"end":{"line":18711,"column":null}},"1015":{"start":{"line":18713,"column":2},"end":{"line":18713,"column":null}},"1016":{"start":{"line":18715,"column":2},"end":{"line":18715,"column":null}},"1017":{"start":{"line":18717,"column":2},"end":{"line":18717,"column":null}},"1018":{"start":{"line":18772,"column":0},"end":{"line":18772,"column":null}},"1019":{"start":{"line":18774,"column":2},"end":{"line":18774,"column":null}},"1020":{"start":{"line":18776,"column":2},"end":{"line":18776,"column":null}},"1021":{"start":{"line":18778,"column":2},"end":{"line":18778,"column":null}},"1022":{"start":{"line":18905,"column":0},"end":{"line":18905,"column":null}},"1023":{"start":{"line":18907,"column":2},"end":{"line":18907,"column":null}},"1024":{"start":{"line":19004,"column":0},"end":{"line":19004,"column":null}},"1025":{"start":{"line":19006,"column":2},"end":{"line":19006,"column":null}},"1026":{"start":{"line":19008,"column":2},"end":{"line":19008,"column":null}},"1027":{"start":{"line":19010,"column":2},"end":{"line":19010,"column":null}},"1028":{"start":{"line":19012,"column":2},"end":{"line":19012,"column":null}},"1029":{"start":{"line":19014,"column":2},"end":{"line":19014,"column":null}},"1030":{"start":{"line":19095,"column":0},"end":{"line":19095,"column":null}},"1031":{"start":{"line":19097,"column":2},"end":{"line":19097,"column":null}},"1032":{"start":{"line":19099,"column":2},"end":{"line":19099,"column":null}},"1033":{"start":{"line":19101,"column":2},"end":{"line":19101,"column":null}},"1034":{"start":{"line":19103,"column":2},"end":{"line":19103,"column":null}},"1035":{"start":{"line":19105,"column":2},"end":{"line":19105,"column":null}},"1036":{"start":{"line":19265,"column":0},"end":{"line":19265,"column":null}},"1037":{"start":{"line":19267,"column":2},"end":{"line":19267,"column":null}},"1038":{"start":{"line":19378,"column":0},"end":{"line":19378,"column":null}},"1039":{"start":{"line":19380,"column":2},"end":{"line":19380,"column":null}},"1040":{"start":{"line":19382,"column":2},"end":{"line":19382,"column":null}},"1041":{"start":{"line":19384,"column":2},"end":{"line":19384,"column":null}},"1042":{"start":{"line":19386,"column":2},"end":{"line":19386,"column":null}},"1043":{"start":{"line":19388,"column":2},"end":{"line":19388,"column":null}},"1044":{"start":{"line":19390,"column":2},"end":{"line":19390,"column":null}},"1045":{"start":{"line":19392,"column":2},"end":{"line":19392,"column":null}},"1046":{"start":{"line":19394,"column":2},"end":{"line":19394,"column":null}},"1047":{"start":{"line":19396,"column":2},"end":{"line":19396,"column":null}},"1048":{"start":{"line":19398,"column":2},"end":{"line":19398,"column":null}},"1049":{"start":{"line":19484,"column":0},"end":{"line":19484,"column":null}},"1050":{"start":{"line":19486,"column":2},"end":{"line":19486,"column":null}},"1051":{"start":{"line":19488,"column":2},"end":{"line":19488,"column":null}},"1052":{"start":{"line":19490,"column":2},"end":{"line":19490,"column":null}},"1053":{"start":{"line":19492,"column"
[...]
":{"line":25865,"column":12},"end":{"line":25865,"column":28}},{"start":{"line":25865,"column":12},"end":{"line":25865,"column":null}}]},"217":{"loc":{"start":{"line":26007,"column":12},"end":{"line":26007,"column":32}},"type":"binary-expr","locations":[{"start":{"line":26007,"column":12},"end":{"line":26007,"column":32}},{"start":{"line":26007,"column":12},"end":{"line":26007,"column":null}}]},"218":{"loc":{"start":{"line":26111,"column":12},"end":{"line":26111,"column":34}},"type":"binary-expr","locations":[{"start":{"line":26111,"column":12},"end":{"line":26111,"column":34}},{"start":{"line":26111,"column":12},"end":{"line":26111,"column":null}}]},"219":{"loc":{"start":{"line":26194,"column":12},"end":{"line":26194,"column":34}},"type":"binary-expr","locations":[{"start":{"line":26194,"column":12},"end":{"line":26194,"column":34}},{"start":{"line":26194,"column":12},"end":{"line":26194,"column":null}}]},"220":{"loc":{"start":{"line":26325,"column":12},"end":{"line":26325,"column":30}},"type":"binary-expr","locations":[{"start":{"line":26325,"column":12},"end":{"line":26325,"column":30}},{"start":{"line":26325,"column":12},"end":{"line":26325,"column":null}}]},"221":{"loc":{"start":{"line":26389,"column":12},"end":{"line":26389,"column":30}},"type":"binary-expr","locations":[{"start":{"line":26389,"column":12},"end":{"line":26389,"column":30}},{"start":{"line":26389,"column":12},"end":{"line":26389,"column":null}}]}},"s":{"0":1,"1":1,"2":1,"3":1,"4":1,"5":1,"6":1,"7":1,"8":1,"9":1,"10":1,"11":1,"12":1,"13":1,"14":1,"15":1,"16":1,"17":1,"18":1,"19":1,"20":1,"21":1,"22":1,"23":1,"24":1,"25":1,"26":1,"27":1,"28":1,"29":1,"30":1,"31":1,"32":1,"33":1,"34":1,"35":1,"36":1,"37":1,"38":1,"39":1,"40":1,"41":1,"42":1,"43":1,"44":1,"45":1,"46":1,"47":1,"48":1,"49":1,"50":1,"51":1,"52":1,"53":1,"54":1,"55":1,"56":1,"57":1,"58":1,"59":1,"60":1,"61":1,"62":1,"63":1,"64":1,"65":1,"66":1,"67":1,"68":1,"69":1,"70":1,"71":1,"72":1,"73":1,"74":1,"75":1,"76":1,"77":1,"78":1,"79":1,"80":1,"81":1,"82":1,"83":1,"84":1,"85":1,"86":1,"87":1,"88":1,"89":1,"90":1,"91":1,"92":1,"93":1,"94":1,"95":1,"96":1,"97":1,"98":1,"99":1,"100":1,"101":1,"102":1,"103":1,"104":1,"105":1,"106":1,"107":1,"108":1,"109":1,"110":1,"111":1,"112":1,"113":1,"114":1,"115":1,"116":1,"117":1,"118":1,"119":1,"120":1,"121":1,"122":1,"123":1,"124":1,"125":1,"126":1,"127":1,"128":1,"129":1,"130":1,"131":1,"132":1,"133":1,"134":1,"135":1,"136":1,"137":1,"138":1,"139":1,"140":1,"141":1,"142":1,"143":1,"144":1,"145":1,"146":1,"147":1,"148":1,"149":1,"150":1,"151":1,"152":1,"153":1,"154":1,"155":1,"156":1,"157":1,"158":1,"159":1,"160":1,"161":1,"162":1,"163":1,"164":1,"165":1,"166":1,"167":1,"168":1,"169":1,"170":1,"171":1,"172":1,"173":1,"174":1,"175":1,"176":1,"177":1,"178":1,"179":1,"180":1,"181":1,"182":1,"183":1,"184":1,"185":1,"186":1,"187":1,"188":1,"189":1,"190":1,"191":1,"192":1,"193":1,"194":1,"195":1,"196":1,"197":1,"198":1,"199":1,"200":1,"201":1,"202":1,"203":1,"204":1,"205":1,"206":1,"207":1,"208":1,"209":1,"210":1,"211":1,"212":1,"213":1,"214":1,"215":1,"216":1,"217":1,"218":1,"219":1,"220":1,"221":1,"222":1,"223":1,"224":1,"225":1,"226":1,"227":1,"228":1,"229":1,"230":1,"231":1,"232":1,"233":1,"234":1,"235":1,"236":1,"237":1,"238":1,"239":1,"240":1,"241":1,"242":1,"243":1,"244":1,"245":1,"246":1,"247":1,"248":1,"249":1,"250":1,"251":1,"252":1,"253":1,"254":1,"255":1,"256":1,"257":1,"258":1,"259":1,"260":1,"261":1,"262":1,"263":1,"264":1,"265":1,"266":1,"267":1,"268":1,"269":1,"270":1,"271":1,"272":1,"273":1,"274":1,"275":1,"276":1,"277":1,"278":1,"279":1,"280":1,"281":1,"282":1,"283":1,"284":1,"285":1,"286":1,"287":1,"288":1,"289":1,"290":1,"291":1,"292":1,"293":1,"294":1,"295":1,"296":1,"297":1,"298":1,"299":1,"300":1,"301":1,"302":1,"303":1,"304":1,"305":1,"306":1,"307":1,"308":1,"309":1,"310":1,"311":1,"312":1,"313":1,"314":1,"315":1,"316":1,"317":1,"318":1,"319":1,"320":1,"321":1,"322":1,"323":1,"324":1,"325":1,"326":1,"327":1,"328":1,"329":1,"330":1,"331":1,"332":1,"333":1,"334":1,"335":1,"336":1,"337":1,"338":1,"339":1,"340":1,"341":1,"342":1,"343":1,"344":1,"345":1,"346":1,"347":1,"348":1,"349":1,"350":1,"351":1,"352":1,"353":1,"354":1,"355":1,"356":1,"357":1,"358":1,"359":1,"360":1,"361":1,"362":1,"363":1,"364":1,"365":1,"366":1,"367":1,"368":1,"369":1,"370":1,"371":1,"372":1,"373":1,"374":1,"375":1,"376":1,"377":1,"378":1,"379":1,"380":1,"381":1,"382":1,"383":1,"384":1,"385":1,"386":1,"387":1,"388":1,"389":1,"390":1,"391":1,"392":1,"393":1,"394":1,"395":1,"396":1,"397":1,"398":1,"399":1,"400":1,"401":1,"402":1,"403":1,"404":1,"405":1,"406":1,"407":1,"408":1,"409":1,"410":1,"411":1,"412":1,"413":1,"414":1,"415":1,"416":1,"417":1,"418":1,"419":1,"420":1,"421":1,"422":1,"423":1,"424":1,"425":1,"426":1,"427":1,"428":1,"429":1,"430":1,"431":1,"432":1,"433":1,"434":1,"435":1,"436":1,"437":1,"438":1,"439":1,"440":1,"441":1,"442":1,"443":1,"444":1,"445":1,"446":1,"447":1,"448":1,"449":1,"450":1,"451":1,"452":1,"453":1,"454":1,"455":1,"456":1,"457":1,"458":1,"459":1,"460":1,"461":1,"462":1,"463":1,"464":1,"465":1,"466":1,"467":1,"468":1,"469":1,"470":1,"471":1,"472":1,"473":1,"474":1,"475":1,"476":1,"477":1,"478":1,"479":1,"480":1,"481":1,"482":1,"483":1,"484":1,"485":1,"486":1,"487":1,"488":1,"489":1,"490":1,"491":1,"492":1,"493":1,"494":1,"495":1,"496":1,"497":1,"498":1,"499":1,"500":1,"501":1,"502":1,"503":1,"504":1,"505":1,"506":1,"507":1,"508":1,"509":1,"510":1,"511":1,"512":1,"513":1,"514":1,"515":1,"516":1,"517":1,"518":1,"519":1,"520":1,"521":1,"522":1,"523":1,"524":1,"525":1,"526":1,"527":1,"528":1,"529":1,"530":1,"531":1,"532":1,"533":1,"534":1,"535":1,"536":1,"537":1,"538":1,"539":1,"540":1,"541":1,"542":1,"543":1,"544":1,"545":1,"546":1,"547":1,"548":1,"549":1,"550":1,"551":1,"552":1,"553":1,"554":1,"555":1,"556":1,"557":1,"558":1,"559":1,"560":1,"561":1,"562":1,"563":1,"564":1,"565":1,"566":1,"567":1,"568":1,"569":1,"570":1,"571":1,"572":1,"573":1,"574":1,"575":1,"576":1,"577":1,"578":1,"579":1,"580":1,"581":1,"582":1,"583":1,"584":1,"585":1,"586":1,"587":1,"588":1,"589":1,"590":1,"591":1,"592":1,"593":1,"594":1,"595":1,"596":1,"597":1,"598":1,"599":1,"600":1,"601":1,"602":1,"603":1,"604":1,"605":1,"606":1,"607":1,"608":1,"609":1,"610":1,"611":1,"612":1,"613":1,"614":1,"615":1,"616":1,"617":1,"618":1,"619":1,"620":1,"621":1,"622":1,"623":1,"624":1,"625":1,"626":1,"627":1,"628":1,"629":1,"630":1,"631":1,"632":1,"633":1,"634":1,"635":1,"636":1,"637":1,"638":1,"639":1,"640":1,"641":1,"642":1,"643":1,"644":1,"645":1,"646":1,"647":1,"648":1,"649":1,"650":1,"651":1,"652":1,"653":1,"654":1,"655":1,"656":1,"657":1,"658":1,"659":1,"660":1,"661":1,"662":1,"663":1,"664":1,"665":1,"666":1,"667":1,"668":1,"669":1,"670":1,"671":1,"672":1,"673":1,"674":1,"675":1,"676":1,"677":1,"678":1,"679":1,"680":1,"681":1,"682":1,"683":1,"684":1,"685":1,"686":1,"687":1,"688":1,"689":1,"690":1,"691":1,"692":1,"693":1,"694":1,"695":1,"696":1,"697":1,"698":1,"699":1,"700":1,"701":1,"702":1,"703":1,"704":1,"705":1,"706":1,"707":1,"708":1,"709":1,"710":1,"711":1,"712":1,"713":1,"714":1,"715":1,"716":1,"717":1,"718":1,"719":1,"720":1,"721":1,"722":1,"723":1,"724":1,"725":1,"726":1,"727":1,"728":1,"729":1,"730":1,"731":1,"732":1,"733":1,"734":1,"735":1,"736":1,"737":1,"738":1,"739":1,"740":1,"741":1,"742":1,"743":1,"744":1,"745":1,"746":1,"747":1,"748":1,"749":1,"750":1,"751":1,"752":1,"753":1,"754":1,"755":1,"756":1,"757":1,"758":1,"759":1,"760":1,"761":1,"762":1,"763":1,"764":1,"765":1,"766":1,"767":1,"768":1,"769":1,"770":1,"771":1,"772":1,"773":1,"774":1,"775":1,"776":1,"777":1,"778":1,"779":1,"780":1,"781":1,"782":1,"783":1,"784":1,"785":1,"786":1,"787":1,"788":1,"789":1,"790":1,"791":1,"792":1,"793":1,"794":1,"795":1,"796":1,"797":1,"798":1,"799":1,"800":1,"801":1,"802":1,"803":1,"804":1,"805":1,"806":1,"807":1,"808":1,"809":1,"810":1,"811":1,"812":1,"813":1,"814":1,"815":1,"816":1,"817":1,"818":1,"819":1,"820":1,"821":1,"822":1,"823":1,"824":1,"825":1,"826":1,"827":1,"828":1,"829":1,"830":1,"831":1,"832":1,"833":1,"834":1,"835":1,"836":1,"837":1,"838":1,"839":1,"840":1,"841":1,"842":1,"843":1,"844":1,"845":1,"846":1,"847":1,"848":1,"849":1,"850":1,"851":1,"852":1,"853":1,"854":1,"855":1,"856":1,"857":1,"858":1,"859":1,"860":1,"861":1,"862":1,"863":1,"864":1,"865":1,"866":1,"867":1,"868":1,"869":1,"870":1,"871":1,"872":1,"873":1,"874":1,"875":1,"876":1,"877":1,"878":1,"879":1,"880":1,"881":1,"882":1,"883":1,"884":1,"885":1,"886":1,"887":1,"888":1,"889":1,"890":1,"891":1,"892":1,"893":1,"894":1,"895":1,"896":1,"897":1,"898":1,"899":1,"900":1,"901":1,"902":1,"903":1,"904":1,"905":1,"906":1,"907":1,"908":1,"909":1,"910":1,"911":1,"912":1,"913":1,"914":1,"915":1,"916":1,"917":1,"918":1,"919":1,"920":1,"921":1,"922":1,"923":1,"924":1,"925":1,"926":1,"927":1,"928":1,"929":1,"930":1,"931":1,"932":1,"933":1,"934":1,"935":1,"936":1,"937":1,"938":1,"939":1,"940":1,"941":1,"942":1,"943":1,"944":1,"945":1,"946":1,"947":1,"948":1,"949":1,"950":1,"951":1,"952":1,"953":1,"954":1,"955":1,"956":1,"957":1,"958":1,"959":1,"960":1,"961":1,"962":1,"963":1,"964":1,"965":1,"966":1,"967":1,"968":1,"969":1,"970":1,"971":1,"972":1,"973":1,"974":1,"975":1,"976":1,"977":1,"978":1,"979":1,"980":1,"981":1,"982":1,"983":1,"984":1,"985":1,"986":1,"987":1,"988":1,"989":1,"990":1,"991":1,"992":1,"993":1,"994":1,"995":1,"996":1,"997":1,"998":1,"999":1,"1000":1,"1001":1,"1002":1,"1003":1,"1004":1,"1005":1,"1006":1,"1007":1,"1008":1,"1009":1,"1010":1,"1011":1,"1012":1,"1013":1,"1014":1,"1015":1,"1016":1,"1017":1,"1018":1,"1019":1,"1020":1,"1021":1,"1022":1,"1023":1,"1024":1,"1025":1,"1026":1,"1027":1,"1028":1,"1029":1,"1030":1,"1031":1,"1032":1,"1033":1,"1034":1,"1035":1,"1036":1,"1037":1,"1038":1,"1039":1,"1040":1,"1041":1,"1042":1,"1043":1,"1044":1,"1045":1,"1046":1,"1047":1,"1048":1,"1049":1,"1050":1,"1051":1,"1052":1,"1053":1,"1054":1,"1055":1,"1056":1,"1057":1,"1058":1,"1059":1,"1060":1,"1061":1,"1062":1,"1063":1,"1064":1,"1065":1,"1066":1,"1067":1,"1068":1,"1069":1,"1070":1,"1071":1,"1072":1,"1073":1,"1074":1,"1075":1,"1076":1,"1077":1,"1078":1,"1079":1,"1080":1,"1081":1,"1082":1,"1083":1,"1084":1,"1085":1,"1086":1,"1087":1,"1088":1,"1089":1,"1090":1,"1091":1,"1092":1,"1093":1,"1094":1,"1095":1,"1096":1,"1097":1,"1098":1,"1099":1,"1100":1,"1101":1,"1102":1,"1103":1,"1104":1,"1105":1,"1106":1,"1107":1,"1108":1,"1109":1,"1110":1,"1111":1,"1112":1,"1113":1,"1114":1,"1115":1,"1116":1,"1117":1,"1118":1,"1119":1,"1120":1,"1121":1,"1122":1,"1123":1,"1124":1,"1125":1,"1126":1,"1127":1,"1128":1,"1129":1,"1130":1,"1131":1,"1132":1,"1133":1,"1134":1,"1135":1,"1136":1,"1137":1,"1138":1,"1139":1,"1140":1,"1141":1,"1142":1,"1143":1,"1144":1,"1145":1,"1146":1,"1147":1,"1148":1,"1149":1,"1150":1,"1151":1,"1152":1,"1153":1,"1154":1,"1155":1,"1156":1,"1157":1,"1158":1,"1159":1,"1160":1,"1161":1,"1162":1,"1163":1,"1164":1,"1165":1,"1166":1,"1167":1,"1168":1,"1169":1,"1170":1,"1171":1,"1172":1,"1173":1,"1174":1,"1175":1,"1176":1,"1177":1,"1178":1,"1179":1,"1180":1,"1181":1,"1182":1,"1183":1,"1184":0,"1185":1,"1186":0,"1187":1,"1188":1,"1189":0,"1190":1,"1191":0,"1192":1,"1193":0,"1194":1,"1195":1,"1196":0,"1197":1,"1198":0,"1199":1,"1200":0,"1201":1,"1202":1,"1203":0,"1204":1,"1205":0,"1206":1,"1207":0,"1208":1,"1209":1,"1210":0,"1211":1,"1212":0,"1213":1,"1214":0,"1215":1,"1216":1,"1217":0,"1218":1,"1219":0,"1220":1,"1221":0,"1222":1,"1223":1,"1224":0,"1225":1,"1226":0,"1227":1,"1228":0,"1229":1,"1230":1,"1231":0,"1232":1,"1233":0,"1234":1,"1235":0,"1236":1,"1237":1,"1238":0,"1239":1,"1240":0,"1241":1,"1242":0,"1243":1,"1244":1,"1245":0,"1246":1,"1247":0,"1248":1,"1249":1,"1250":0,"1251":1,"1252":0,"1253":1,"1254":1,"1255":0,"1256":1,"1257":0,"1258":1,"1259":0,"1260":1,"1261":1,"1262":0,"1263":1,"1264":0,"1265":1,"1266":0,"1267":1,"1268":1,"1269":0,"1270":1,"1271":0,"1272":1,"1273":0,"1274":1,"1275":1,"1276":0,"1277":1,"1278":0,"1279":1,"1280":1,"1281":0,"1282":1,"1283":0,"1284":1,"1285":1,"1286":0,"1287":1,"1288":0,"1289":1,"1290":1,"1291":0,"1292":1,"1293":0,"1294":1,"1295":1,"1296":0,"1297":1,"1298":0,"1299":1,"1300":1,"1301":0,"1302":1,"1303":0,"1304":1,"1305":0,"1306":1,"1307":1,"1308":0,"1309":1,"1310":0,"1311":1,"1312":0,"1313":1,"1314":1,"1315":0,"1316":1,"1317":0,"1318":1,"1319":0,"1320":1,"1321":1,"1322":0,"1323":1,"1324":0,"1325":1,"1326":1,"1327":0,"1328":1,"1329":0,"1330":1,"1331":1,"1332":0,"1333":1,"1334":0,"1335":1,"1336":1,"1337":0,"1338":1,"1339":0,"1340":1,"1341":0,"1342":1,"1343":1,"1344":0,"1345":1,"1346":0,"1347":1,"1348":0,"1349":1,"1350":1,"1351":0,"1352":1,"1353":0,"1354":1,"1355":0,"1356":1,"1357":1,"1358":0,"1359":1,"1360":0,"1361":1,"1362":1,"1363":0,"1364":1,"1365":0,"1366":1,"1367":1,"1368":0,"1369":1,"1370":0,"1371":1,"1372":1,"1373":0,"1374":1,"1375":0,"1376":1,"1377":0,"1378":1,"1379":1,"1380":0,"1381":1,"1382":0,"1383":1,"1384":0,"1385":1,"1386":1,"1387":0,"1388":1,"1389":0,"1390":1,"1391":1,"1392":0,"1393":1,"1394":0,"1395":1,"1396":0,"1397":1,"1398":1,"1399":0,"1400":1,"1401":0,"1402":1,"1403":1,"1404":0,"1405":1,"1406":0,"1407":1,"1408":0,"1409":1,"1410":1,"1411":0,"1412":1,"1413":0,"1414":1,"1415":0,"1416":1,"1417":1,"1418":0,"1419":1,"1420":0,"1421":1,"1422":0,"1423":1,"1424":1,"1425":0,"1426":1,"1427":0,"1428":1,"1429":1,"1430":0,"1431":1,"1432":0,"1433":1,"1434":1,"1435":0,"1436":1,"1437":0,"1438":1,"1439":1,"1440":0,"1441":1,"1442":0,"1443":1,"1444":0,"1445":1,"1446":1,"1447":0,"1448":1,"1449":0,"1450":1,"1451":0,"1452":1,"1453":1,"1454":0,"1455":1,"1456":0,"1457":1,"1458":0,"1459":1,"1460":1,"1461":0,"1462":1,"1463":0,"1464":1,"1465":1,"1466":0,"1467":1,"1468":0,"1469":1,"1470":1,"1471":0,"1472":1,"1473":0,"1474":1,"1475":1,"1476":0,"1477":1,"1478":0,"1479":1,"1480":0,"1481":1,"1482":1,"1483":0,"1484":1,"1485":0,"1486":1,"1487":0,"1488":1,"1489":1,"1490":0,"1491":1,"1492":0,"1493":1,"1494":0,"1495":1,"1496":1,"1497":0,"1498":1,"1499":0,"1500":1,"1501":1,"1502":0,"1503":1,"1504":0,"1505":1,"1506":1,"1507":0,"1508":1,"1509":0,"1510":1,"1511":1,"1512":0,"1513":1,"1514":0,"1515":1,"1516":0,"1517":1,"1518":1,"1519":0,"1520":1,"1521":0,"1522":1,"1523":0,"1524":1,"1525":1,"1526":0,"1527":1,"1528":0,"1529":1,"1530":0,"1531":1,"1532":1,"1533":0,"1534":1,"1535":0,"1536":1,"1537":0,"1538":1,"1539":1,"1540":0,"1541":1,"1542":0,"1543":1,"1544":0,"1545":1,"1546":1,"1547":0,"1548":1,"1549":0,"1550":1,"1551":0,"1552":1,"1553":1,"1554":0,"1555":1,"1556":0,"1557":1,"1558":1,"1559":0,"1560":1,"1561":0,"1562":1,"1563":0,"1564":1,"1565":1,"1566":0,"1567":1,"1568":0,"1569":1},"f":{"0":1,"1":1,"2":1,"3":1,"4":1,"5":1,"6":1,"7":1,"8":1,"9":1,"10":1,"11":1,"12":1,"13":1,"14":1,"15":1,"16":1,"17":1,"18":1,"19":1,"20":1,"21":1,"22":1,"23":1,"24":1,"25":1,"26":1,"27":1,"28":1,"29":1,"30":1,"31":1,"32":1,"33":1,"34":1,"35":1,"36":1,"37":1,"38":1,"39":1,"40":1,"41":1,"42":1,"43":1,"44":1,"45":1,"46":1,"47":1,"48":1,"49":1,"50":1,"51":1,"52":1,"53":1,"54":1,"55":1,"56":1,"57":1,"58":1,"59":1,"60":1,"61":1,"62":1,"63":1,"64":1,"65":1,"66":1,"67":1,"68":1,"69":1,"70":1,"71":1,"72":1,"73":1,"74":1,"75":1,"76":1,"77":1,"78":1,"79":1,"80":1,"81":1,"82":1,"83":1,"84":1,"85":1,"86":1,"87":1,"88":1,"89":1,"90":1,"91":1,"92":1,"93":1,"94":1,"95":1,"96":1,"97":1,"98":1,"99":1,"100":1,"101":1,"102":1,"103":1,"104":1,"105":1,"106":1,"107":1,"108":1,"109":1,"110":1,"111":1,"112":1,"113":1,"114":1,"115":1,"116":1,"117":1,"118":1,"119":1,"120":1,"121":1,"122":1,"123":1,"124":1,"125":1,"126":1,"127":1,"128":1,"129":1,"130":1,"131":1,"132":1,"133":1,"134":1,"135":1,"136":1,"137":1,"138":1,"139":1,"140":1,"141":1,"142":1,"143":1,"144":1,"145":1,"146":1,"147":1,"148":1,"149":1,"150":1,"151":1,"152":1,"153":1,"154":1,"155":1,"156":1,"157":1,"158":1,"159":1,"160":1,"161":1,"162":1,"163":1,"164":1,"165":1,"166":1,"167":1,"168":1,"169":1,"170":1,"171":1,"172":1,"173":1,"174":1,"175":1,"176":1,"177":1,"178":1,"179":1,"180":1,"181":1,"182":1,"183":1,"184":1,"185":1,"186":1,"187":1,"188":1,"189":1,"190":1,"191":1,"192":1,"193":1,"194":1,"195":1,"196":1,"197":1,"198":1,"199":1,"200":1,"201":1,"202":1,"203":1,"204":1,"205":1,"206":1,"207":1,"208":1,"209":1,"210":1,"211":1,"212":1,"213":1,"214":1,"215":1,"216":1,"217":1,"218":1,"219":1,"220":1,"221":1,"222":0,"223":0,"224":0,"225":0,"226":0,"227":0,"228":0,"229":0,"230":0,"231":0,"232":0,"233":0,"234":0,"235":0,"236":0,"237":0,"238":0,"239":0,"240":0,"241":0,"242":0,"243":0,"244":0,"245":0,"246":0,"247":0,"248":0,"249":0,"250":0,"251":0,"252":0,"253":0,"254":0,"255":0,"256":0,"257":0,"258":0,"259":0,"260":0,"261":0,"262":0,"263":0,"264":0,"265":0,"266":0,"267":0,"268":0,"269":0,"270":0,"271":0,"272":0,"273":0,"274":0,"275":0,"276":0,"277":0,"278":0,"279":0,"280":0,"281":0,"282":0,"283":0,"284":0,"285":0,"286":0,"287":0,"288":0,"289":0,"290":0,"291":0,"292":0,"293":0,"294":0,"295":0,"296":0,"297":0,"298":0,"299":0,"300":0,"301":0,"302":0,"303":0,"304":0,"305":0,"306":0,"307":0,"308":0,"309":0,"310":0,"311":0,"312":0,"313":0,"314":0,"315":0,"316":0,"317":0,"318":0,"319":0,"320":0,"321":0,"322":0,"323":0,"324":0,"325":0,"326":0,"327":0,"328":0,"329":0,"330":0,"331":0,"332":0,"333":0,"334":0,"335":0,"336":0,"337":0,"338":0,"339":0,"340":0,"341":0,"342":0,"343":0,"344":0,"345":0,"346":0,"347":0,"348":0,"349":0,"350":0,"351":0,"352":0,"353":0,"354":0,"355":0,"356":0,"357":0,"358":0,"359":0,"360":0,"361":0,"362":0,"363":0,"364":0,"365":0,"366":0,"367":0,"368":0,"369":0,"370":0,"371":0,"372":0,"373":0,"374":0,"375":0,"376":0,"377":0,"378":0,"379":0,"380":0,"381":0,"382":0,"383":0},"b":{"0":[1,1],"1":[1,1],"2":[1,1],"3":[1,1],"4":[1,1],"5":[1,1],"6":[1,1],"7":[1,1],"8":[1,1],"9":[1,1],"10":[1,1],"11":[1,1],"12":[1,1],"13":[1,1],"14":[1,1],"15":[1,1],"16":[1,1],"17":[1,1],"18":[1,1],"19":[1,1],"20":[1,1],"21":[1,1],"22":[1,1],"23":[1,1],"24":[1,1],"25":[1,1],"26":[1,1],"27":[1,1],"28":[1,1],"29":[1,1],"30":[1,1],"31":[1,1],"32":[1,1],"33":[1,1],"34":[1,1],"35":[1,1],"36":[1,1],"37":[1,1],"38":[1,1],"39":[1,1],"40":[1,1],"41":[1,1],"42":[1,1],"43":[1,1],"44":[1,1],"45":[1,1],"46":[1,1],"47":[1,1],"48":[1,1],"49":[1,1],"50":[1,1],"51":[1,1],"52":[1,1],"53":[1,1],"54":[1,1],"55":[1,1],"56":[1,1],"57":[1,1],"58":[1,1],"59":[1,1],"60":[1,1],"61":[1,1],"62":[1,1],"63":[1,1],"64":[1,1],"65":[1,1],"66":[1,1],"67":[1,1],"68":[1,1],"69":[1,1],"70":[1,1],"71":[1,1],"72":[1,1],"73":[1,1],"74":[1,1],"75":[1,1],"76":[1,1],"77":[1,1],"78":[1,1],"79":[1,1],"80":[1,1],"81":[1,1],"82":[1,1],"83":[1,1],"84":[1,1],"85":[1,1],"86":[1,1],"87":[1,1],"88":[1,1],"89":[1,1],"90":[1,1],"91":[1,1],"92":[1,1],"93":[1,1],"94":[1,1],"95":[1,1],"96":[1,1],"97":[1,1],"98":[1,1],"99":[1,1],"100":[1,1],"101":[1,1],"102":[1,1],"103":[1,1],"104":[1,1],"105":[1,1],"106":[1,1],"107":[1,1],"108":[1,1],"109":[1,1],"110":[1,1],"111":[1,1],"112":[1,1],"113":[1,1],"114":[1,1],"115":[1,1],"116":[1,1],"117":[1,1],"118":[1,1],"119":[1,1],"120":[1,1],"121":[1,1],"122":[1,1],"123":[1,1],"124":[1,1],"125":[1,1],"126":[1,1],"127":[1,1],"128":[1,1],"129":[1,1],"130":[1,1],"131":[1,1],"132":[1,1],"133":[1,1],"134":[1,1],"135":[1,1],"136":[1,1],"137":[1,1],"138":[1,1],"139":[1,1],"140":[1,1],"141":[1,1],"142":[1,1],"143":[1,1],"144":[1,1],"145":[1,1],"146":[1,1],"147":[1,1],"148":[1,1],"149":[1,1],"150":[1,1],"151":[1,1],"152":[1,1],"153":[1,1],"154":[1,1],"155":[1,1],"156":[1,1],"157":[1,1],"158":[1,1],"159":[1,1],"160":[1,1],"161":[1,1],"162":[1,1],"163":[1,1],"164":[1,1],"165":[1,1],"166":[1,1],"167":[1,1],"168":[1,1],"169":[1,1],"170":[1,1],"171":[1,1],"172":[1,1],"173":[1,1],"174":[1,1],"175":[1,1],"176":[1,1],"177":[1,1],"178":[1,1],"179":[1,1],"180":[1,1],"181":[1,1],"182":[1,1],"183":[1,1],"184":[1,1],"185":[1,1],"186":[1,1],"187":[1,1],"188":[1,1],"189":[1,1],"190":[1,1],"191":[1,1],"192":[1,1],"193":[1,1],"194":[1,1],"195":[1,1],"196":[1,1],"197":[1,1],"198":[1,1],"199":[1,1],"200":[1,1],"201":[1,1],"202":[1,1],"203":[1,1],"204":[1,1],"205":[1,1],"206":[1,1],"207":[1,1],"208":[1,1],"209":[1,1],"210":[1,1],"211":[1,1],"212":[1,1],"213":[1,1],"214":[1,1],"215":[1,1],"216":[1,1],"217":[1,1],"218":[1,1],"219":[1,1],"220":[1,1],"221":[1,1]}}
}
