TN:
SF:src\lib\types\UtilityTypes.ts
FNF:0
FNH:0
DA:1,1
DA:2,1
LF:2
LH:2
BRF:0
BRH:0
end_of_record
TN:
SF:src\lib\types\graphql.tsx
FN:70,(anonymous_7)
FN:155,(anonymous_8)
FN:188,(anonymous_9)
FN:282,(anonymous_10)
FN:353,(anonymous_11)
FN:367,(anonymous_12)
FN:426,(anonymous_13)
FN:433,(anonymous_14)
FN:518,(anonymous_15)
FN:532,(anonymous_16)
FN:591,(anonymous_17)
FN:596,(anonymous_18)
FN:678,(anonymous_19)
FN:692,(anonymous_20)
FN:756,(anonymous_21)
FN:761,(anonymous_22)
FN:885,(anonymous_23)
FN:899,(anonymous_24)
FN:965,(anonymous_25)
FN:970,(anonymous_26)
FN:1070,(anonymous_27)
FN:1084,(anonymous_28)
FN:1143,(anonymous_29)
FN:1148,(anonymous_30)
FN:1256,(anonymous_31)
FN:1270,(anonymous_32)
FN:1329,(anonymous_33)
FN:1334,(anonymous_34)
FN:1416,(anonymous_35)
FN:1430,(anonymous_36)
FN:1494,(anonymous_37)
FN:1499,(anonymous_38)
FN:1591,(anonymous_39)
FN:1605,(anonymous_40)
FN:1664,(anonymous_41)
FN:1669,(anonymous_42)
FN:1759,(anonymous_43)
FN:1773,(anonymous_44)
FN:1832,(anonymous_45)
FN:1837,(anonymous_46)
FN:1944,(anonymous_47)
FN:1958,(anonymous_48)
FN:2017,(anonymous_49)
FN:2022,(anonymous_50)
FN:2104,(anonymous_51)
FN:2118,(anonymous_52)
FN:2182,(anonymous_53)
FN:2187,(anonymous_54)
FN:2283,(anonymous_55)
FN:2297,(anonymous_56)
FN:2361,(anonymous_57)
FN:2366,(anonymous_58)
FN:2462,(anonymous_59)
FN:2476,(anonymous_60)
FN:2535,(anonymous_61)
FN:2540,(anonymous_62)
FN:2622,(anonymous_63)
FN:2636,(anonymous_64)
FN:2700,(anonymous_65)
FN:2705,(anonymous_66)
FN:2787,(anonymous_67)
FN:2801,(anonymous_68)
FN:2865,(anonymous_69)
FN:2870,(anonymous_70)
FN:2960,(anonymous_71)
FN:2974,(anonymous_72)
FN:3038,(anonymous_73)
FN:3043,(anonymous_74)
FN:3132,(anonymous_75)
FN:3146,(anonymous_76)
FN:3205,(anonymous_77)
FN:3210,(anonymous_78)
FN:3294,(anonymous_79)
FN:3308,(anonymous_80)
FN:3372,(anonymous_81)
FN:3377,(anonymous_82)
FN:3463,(anonymous_83)
FN:3477,(anonymous_84)
FN:3541,(anonymous_85)
FN:3546,(anonymous_86)
FN:3645,(anonymous_87)
FN:3659,(anonymous_88)
FN:3723,(anonymous_89)
FN:3728,(anonymous_90)
FN:3811,(anonymous_91)
FN:3825,(anonymous_92)
FN:3884,(anonymous_93)
FN:3955,(anonymous_94)
FN:3969,(anonymous_95)
FN:4028,(anonymous_96)
FN:4099,(anonymous_97)
FN:4113,(anonymous_98)
FN:4172,(anonymous_99)
FN:4243,(anonymous_100)
FN:4257,(anonymous_101)
FN:4316,(anonymous_102)
FN:4387,(anonymous_103)
FN:4401,(anonymous_104)
FN:4460,(anonymous_105)
FN:4531,(anonymous_106)
FN:4545,(anonymous_107)
FN:4604,(anonymous_108)
FN:4675,(anonymous_109)
FN:4689,(anonymous_110)
FN:4753,(anonymous_111)
FN:4758,(anonymous_112)
FN:4844,(anonymous_113)
FN:4858,(anonymous_114)
FN:4917,(anonymous_115)
FN:4922,(anonymous_116)
FN:5008,(anonymous_117)
FN:5022,(anonymous_118)
FN:5086,(anonymous_119)
FN:5091,(anonymous_120)
FN:5176,(anonymous_121)
FN:5190,(anonymous_122)
FN:5254,(anonymous_123)
FN:5259,(anonymous_124)
FN:5345,(anonymous_125)
FN:5359,(anonymous_126)
FN:5418,(anonymous_127)
FN:5423,(anonymous_128)
FN:5504,(anonymous_129)
FN:5518,(anonymous_130)
FN:5694,(anonymous_131)
FN:5813,(anonymous_132)
FN:5917,(anonymous_133)
FN:5981,(anonymous_134)
FN:6115,(anonymous_135)
FN:6196,(anonymous_136)
FN:6254,(anonymous_137)
FN:6349,(anonymous_138)
FN:6423,(anonymous_139)
FN:6437,(anonymous_140)
FN:6522,(anonymous_141)
FN:6545,(anonymous_142)
FN:6952,(anonymous_143)
FN:7066,(anonymous_144)
FN:7155,(anonymous_145)
FN:7232,(anonymous_146)
FN:7363,(anonymous_147)
FN:7430,(anonymous_148)
FN:7642,(anonymous_149)
FN:7857,(anonymous_150)
FN:8031,(anonymous_151)
FN:8154,(anonymous_152)
FN:8318,(anonymous_153)
FN:8509,(anonymous_154)
FN:8658,(anonymous_155)
FN:8841,(anonymous_156)
FN:8917,(anonymous_157)
FN:8975,(anonymous_158)
FN:9109,(anonymous_159)
FN:9199,(anonymous_160)
FN:9272,(anonymous_161)
FN:9409,(anonymous_162)
FN:9618,(anonymous_163)
FN:9823,(anonymous_164)
FN:10031,(anonymous_165)
FN:10245,(anonymous_166)
FN:10315,(anonymous_167)
FN:10498,(anonymous_168)
FN:10670,(anonymous_169)
FN:10859,(anonymous_170)
FN:11107,(anonymous_171)
FN:11229,(anonymous_172)
FN:11352,(anonymous_173)
FN:11525,(anonymous_174)
FN:11586,(anonymous_175)
FN:11860,(anonymous_176)
FN:12276,(anonymous_177)
FN:12401,(anonymous_178)
FN:12478,(anonymous_179)
FN:12536,(anonymous_180)
FN:12676,(anonymous_181)
FN:12887,(anonymous_182)
FN:13004,(anonymous_183)
FN:13079,(anonymous_184)
FN:13132,(anonymous_185)
FN:13311,(anonymous_186)
FN:13463,(anonymous_187)
FN:13585,(anonymous_188)
FN:13677,(anonymous_189)
FN:13813,(anonymous_190)
FN:13885,(anonymous_191)
FN:17615,(anonymous_192)
FN:17631,(anonymous_193)
FN:17802,(anonymous_194)
FN:17961,(anonymous_195)
FN:18118,(anonymous_196)
FN:18339,(anonymous_197)
FN:18464,(anonymous_198)
FN:18633,(anonymous_199)
FN:18711,(anonymous_200)
FN:18772,(anonymous_201)
FN:18905,(anonymous_202)
FN:19004,(anonymous_203)
FN:19095,(anonymous_204)
FN:19265,(anonymous_205)
FN:19378,(anonymous_206)
FN:19484,(anonymous_207)
FN:21830,(anonymous_208)
FN:21932,(anonymous_209)
FN:21999,(anonymous_210)
FN:22194,(anonymous_211)
FN:22310,(anonymous_212)
FN:22399,(anonymous_213)
FN:22585,(anonymous_214)
FN:22705,(anonymous_215)
FN:22832,(anonymous_216)
FN:23011,(anonymous_217)
FN:23110,(anonymous_218)
FN:23188,(anonymous_219)
FN:25488,(anonymous_220)
FN:25566,(anonymous_221)
FN:25624,(anonymous_222)
FN:25865,(anonymous_223)
FN:26007,(anonymous_224)
FN:26111,(anonymous_225)
FN:26194,(anonymous_226)
FN:26325,(anonymous_227)
FN:26389,(anonymous_228)
FN:27828,withInsertIcon
FN:27861,useInsertIconMutation
FN:27888,withGetIcon
FN:27915,useGetIconQuery
FN:27918,useGetIconLazyQuery
FN:27945,withGetIcons
FN:27971,useGetIconsQuery
FN:27974,useGetIconsLazyQuery
FN:27993,withSearchItems
FN:28021,useSearchItemsQuery
FN:28024,useSearchItemsLazyQuery
FN:28040,withGetLabels
FN:28066,useGetLabelsQuery
FN:28069,useGetLabelsLazyQuery
FN:28085,withGetLabel
FN:28112,useGetLabelQuery
FN:28115,useGetLabelLazyQuery
FN:28131,withGetLabelByItemId
FN:28158,useGetLabelByItemIdQuery
FN:28161,useGetLabelByItemIdLazyQuery
FN:28177,withGetTemplates
FN:28203,useGetTemplatesQuery
FN:28206,useGetTemplatesLazyQuery
FN:28222,withGetSingleLabels
FN:28248,useGetSingleLabelsQuery
FN:28251,useGetSingleLabelsLazyQuery
FN:28271,withSaveLabel
FN:28304,useSaveLabelMutation
FN:28325,withEditLabel
FN:28358,useEditLabelMutation
FN:28374,withGetManufacturers
FN:28400,useGetManufacturersQuery
FN:28403,useGetManufacturersLazyQuery
FN:28421,withGetManufacturer
FN:28448,useGetManufacturerQuery
FN:28451,useGetManufacturerLazyQuery
FN:28467,withSearchManufacturers
FN:28494,useSearchManufacturersQuery
FN:28497,useSearchManufacturersLazyQuery
FN:28514,withInsertManufacturer
FN:28544,useInsertManufacturerMutation
FN:28561,withInsertManufacturerWithVendor
FN:28591,useInsertManufacturerWithVendorMutation
FN:28610,withUpdateManufacturerUnchangedVendor
FN:28640,useUpdateManufacturerUnchangedVendorMutation
FN:28657,withDeleteManufacturer
FN:28685,useDeleteManufacturerMutation
FN:28709,withInsertVendorWithExistingManufacturer
FN:28740,useInsertVendorWithExistingManufacturerMutation
FN:28756,withGetManufacturerItems
FN:28782,useGetManufacturerItemsQuery
FN:28785,useGetManufacturerItemsLazyQuery
FN:28811,withSearchManufacturerItems
FN:28839,useSearchManufacturerItemsQuery
FN:28842,useSearchManufacturerItemsLazyQuery
FN:28858,withGetManufacturerItem
FN:28885,useGetManufacturerItemQuery
FN:28888,useGetManufacturerItemLazyQuery
FN:28905,withUpdateManufacturerItem
FN:28940,useUpdateManufacturerItemMutation
FN:28957,withInsertManufacturerItem
FN:28991,useInsertManufacturerItemMutation
FN:29008,withDeleteManufacturerItem
FN:29036,useDeleteManufacturerItemMutation
FN:29054,withGetOrdersByDateRange
FN:29082,useGetOrdersByDateRangeQuery
FN:29085,useGetOrdersByDateRangeLazyQuery
FN:29103,withGetOrders
FN:29129,useGetOrdersQuery
FN:29132,useGetOrdersLazyQuery
FN:29201,withGetOrder
FN:29228,useGetOrderQuery
FN:29231,useGetOrderLazyQuery
FN:29250,withInsertOrder
FN:29291,useInsertOrderMutation
FN:29310,withUpdateOrder
FN:29348,useUpdateOrderMutation
FN:29365,withDeleteOrder
FN:29393,useDeleteOrderMutation
FN:29409,withGetItemVariants
FN:29437,useGetItemVariantsQuery
FN:29440,useGetItemVariantsLazyQuery
FN:29456,withGetItemVariantByAttached
FN:29487,useGetItemVariantByAttachedQuery
FN:29490,useGetItemVariantByAttachedLazyQuery
FN:29507,withUpdateOrderItem
FN:29545,useUpdateOrderItemMutation
FN:29573,withGetPrinterStatus
FN:29599,useGetPrinterStatusQuery
FN:29602,useGetPrinterStatusLazyQuery
FN:29619,withSendBuffer
FN:29647,useSendBufferMutation
FN:29665,withGetShipments
FN:29691,useGetShipmentsQuery
FN:29694,useGetShipmentsLazyQuery
FN:29712,withGetShipment
FN:29739,useGetShipmentQuery
FN:29742,useGetShipmentLazyQuery
FN:29760,withSearchShipments
FN:29787,useSearchShipmentsQuery
FN:29790,useSearchShipmentsLazyQuery
FN:29807,withInsertShipment
FN:29840,useInsertShipmentMutation
FN:29857,withUpdateShipment
FN:29891,useUpdateShipmentMutation
FN:29908,withDeleteShipment
FN:29936,useDeleteShipmentMutation
FN:29955,withGetVendors
FN:29981,useGetVendorsQuery
FN:29984,useGetVendorsLazyQuery
FN:30002,withGetVendor
FN:30029,useGetVendorQuery
FN:30032,useGetVendorLazyQuery
FN:30048,withSearchVendors
FN:30075,useSearchVendorsQuery
FN:30078,useSearchVendorsLazyQuery
FN:30095,withInsertVendor
FN:30126,useInsertVendorMutation
FN:30145,withUpdateVendor
FN:30176,useUpdateVendorMutation
FN:30193,withDeleteVendor
FN:30221,useDeleteVendorMutation
FN:30237,withGetVendorItems
FN:30263,useGetVendorItemsQuery
FN:30266,useGetVendorItemsLazyQuery
FN:30293,withSearchVendorItems
FN:30321,useSearchVendorItemsQuery
FN:30324,useSearchVendorItemsLazyQuery
FN:30340,withGetVendorItem
FN:30367,useGetVendorItemQuery
FN:30370,useGetVendorItemLazyQuery
FN:30387,withUpdateVendorItem
FN:30419,useUpdateVendorItemMutation
FN:30436,withInsertVendorItem
FN:30467,useInsertVendorItemMutation
FN:30484,withDeleteVendorItem
FN:30512,useDeleteVendorItemMutation
FN:30528,withGetItems
FN:30555,useGetItemsQuery
FN:30558,useGetItemsLazyQuery
FN:30574,withGetItemsById
FN:30601,useGetItemsByIdQuery
FN:30604,useGetItemsByIdLazyQuery
FN:30620,withGetItem
FN:30647,useGetItemQuery
FN:30650,useGetItemLazyQuery
FN:30669,withItemSearch
FN:30696,useItemSearchQuery
FN:30699,useItemSearchLazyQuery
FN:30722,withItemBundle
FN:30748,useItemBundleQuery
FN:30751,useItemBundleLazyQuery
FN:30767,withItemHardwareFastenerScrewMachine
FN:30793,useItemHardwareFastenerScrewMachineQuery
FN:30796,useItemHardwareFastenerScrewMachineLazyQuery
FN:30813,withInsertItemHardwareFastenerScrewMachine
FN:30868,useInsertItemHardwareFastenerScrewMachineMutation
FN:30885,withGetEnumItemHardwareFastenerThreadStandard
FN:30911,useGetEnumItemHardwareFastenerThreadStandardQuery
FN:30914,useGetEnumItemHardwareFastenerThreadStandardLazyQuery
FN:30931,withUpdateItemHardwareFastenerScrewMachine
FN:30986,useUpdateItemHardwareFastenerScrewMachineMutation
FNF:384
FNH:222
FNDA:1,(anonymous_7)
FNDA:1,(anonymous_8)
FNDA:1,(anonymous_9)
FNDA:1,(anonymous_10)
FNDA:1,(anonymous_11)
FNDA:1,(anonymous_12)
FNDA:1,(anonymous_13)
FNDA:1,(anonymous_14)
FNDA:1,(anonymous_15)
FNDA:1,(anonymous_16)
FNDA:1,(anonymous_17)
FNDA:1,(anonymous_18)
FNDA:1,(anonymous_19)
FNDA:1,(anonymous_20)
FNDA:1,(anonymous_21)
FNDA:1,(anonymous_22)
FNDA:1,(anonymous_23)
FNDA:1,(anonymous_24)
FNDA:1,(anonymous_25)
FNDA:1,(anonymous_26)
FNDA:1,(anonymous_27)
FNDA:1,(anonymous_28)
FNDA:1,(anonymous_29)
FNDA:1,(anonymous_30)
FNDA:1,(anonymous_31)
FNDA:1,(anonymous_32)
FNDA:1,(anonymous_33)
FNDA:1,(anonymous_34)
FNDA:1,(anonymous_35)
FNDA:1,(anonymous_36)
FNDA:1,(anonymous_37)
FNDA:1,(anonymous_38)
FNDA:1,(anonymous_39)
FNDA:1,(anonymous_40)
FNDA:1,(anonymous_41)
FNDA:1,(anonymous_42)
FNDA:1,(anonymous_43)
FNDA:1,(anonymous_44)
FNDA:1,(anonymous_45)
FNDA:1,(anonymous_46)
FNDA:1,(anonymous_47)
FNDA:1,(anonymous_48)
FNDA:1,(anonymous_49)
FNDA:1,(anonymous_50)
FNDA:1,(anonymous_51)
FNDA:1,(anonymous_52)
FNDA:1,(anonymous_53)
FNDA:1,(anonymous_54)
FNDA:1,(anonymous_55)
FNDA:1,(anonymous_56)
FNDA:1,(anonymous_57)
FNDA:1,(anonymous_58)
FNDA:1,(anonymous_59)
FNDA:1,(anonymous_60)
FNDA:1,(anonymous_61)
FNDA:1,(anonymous_62)
FNDA:1,(anonymous_63)
FNDA:1,(anonymous_64)
FNDA:1,(anonymous_65)
FNDA:1,(anonymous_66)
FNDA:1,(anonymous_67)
FNDA:1,(anonymous_68)
FNDA:1,(anonymous_69)
FNDA:1,(anonymous_70)
FNDA:1,(anonymous_71)
FNDA:1,(anonymous_72)
FNDA:1,(anonymous_73)
FNDA:1,(anonymous_74)
FNDA:1,(anonymous_75)
FNDA:1,(anonymous_76)
FNDA:1,(anonymous_77)
FNDA:1,(anonymous_78)
FNDA:1,(anonymous_79)
FNDA:1,(anonymous_80)
FNDA:1,(anonymous_81)
FNDA:1,(anonymous_82)
FNDA:1,(anonymous_83)
FNDA:1,(anonymous_84)
FNDA:1,(anonymous_85)
FNDA:1,(anonymous_86)
FNDA:1,(anonymous_87)
FNDA:1,(anonymous_88)
FNDA:1,(anonymous_89)
FNDA:1,(anonymous_90)
FNDA:1,(anonymous_91)
FNDA:1,(anonymous_92)
FNDA:1,(anonymous_93)
FNDA:1,(anonymous_94)
FNDA:1,(anonymous_95)
FNDA:1,(anonymous_96)
FNDA:1,(anonymous_97)
FNDA:1,(anonymous_98)
FNDA:1,(anonymous_99)
FNDA:1,(anonymous_100)
FNDA:1,(anonymous_101)
FNDA:1,(anonymous_102)
FNDA:1,(anonymous_103)
FNDA:1,(anonymous_104)
FNDA:1,(anonymous_105)
FNDA:1,(anonymous_106)
FNDA:1,(anonymous_107)
FNDA:1,(anonymous_108)
FNDA:1,(anonymous_109)
FNDA:1,(anonymous_110)
FNDA:1,(anonymous_111)
FNDA:1,(anonymous_112)
FNDA:1,(anonymous_113)
FNDA:1,(anonymous_114)
FNDA:1,(anonymous_115)
FNDA:1,(anonymous_116)
FNDA:1,(anonymous_117)
FNDA:1,(anonymous_118)
FNDA:1,(anonymous_119)
FNDA:1,(anonymous_120)
FNDA:1,(anonymous_121)
FNDA:1,(anonymous_122)
FNDA:1,(anonymous_123)
FNDA:1,(anonymous_124)
FNDA:1,(anonymous_125)
FNDA:1,(anonymous_126)
FNDA:1,(anonymous_127)
FNDA:1,(anonymous_128)
FNDA:1,(anonymous_129)
FNDA:1,(anonymous_130)
FNDA:1,(anonymous_131)
FNDA:1,(anonymous_132)
FNDA:1,(anonymous_133)
FNDA:1,(anonymous_134)
FNDA:1,(anonymous_135)
FNDA:1,(anonymous_136)
FNDA:1,(anonymous_137)
FNDA:1,(anonymous_138)
FNDA:1,(anonymous_139)
FNDA:1,(anonymous_140)
FNDA:1,(anonymous_141)
FNDA:1,(anonymous_142)
FNDA:1,(anonymous_143)
FNDA:1,(anonymous_144)
FNDA:1,(anonymous_145)
FNDA:1,(anonymous_146)
FNDA:1,(anonymous_147)
FNDA:1,(anonymous_148)
FNDA:1,(anonymous_149)
FNDA:1,(anonymous_150)
FNDA:1,(anonymous_151)
FNDA:1,(anonymous_152)
FNDA:1,(anonymous_153)
FNDA:1,(anonymous_154)
FNDA:1,(anonymous_155)
FNDA:1,(anonymous_156)
FNDA:1,(anonymous_157)
FNDA:1,(anonymous_158)
FNDA:1,(anonymous_159)
FNDA:1,(anonymous_160)
FNDA:1,(anonymous_161)
FNDA:1,(anonymous_162)
FNDA:1,(anonymous_163)
FNDA:1,(anonymous_164)
FNDA:1,(anonymous_165)
FNDA:1,(anonymous_166)
FNDA:1,(anonymous_167)
FNDA:1,(anonymous_168)
FNDA:1,(anonymous_169)
FNDA:1,(anonymous_170)
FNDA:1,(anonymous_171)
FNDA:1,(anonymous_172)
FNDA:1,(anonymous_173)
FNDA:1,(anonymous_174)
FNDA:1,(anonymous_175)
FNDA:1,(anonymous_176)
FNDA:1,(anonymous_177)
FNDA:1,(anonymous_178)
FNDA:1,(anonymous_179)
FNDA:1,(anonymous_180)
FNDA:1,(anonymous_181)
FNDA:1,(anonymous_182)
FNDA:1,(anonymous_183)
FNDA:1,(anonymous_184)
FNDA:1,(anonymous_185)
FNDA:1,(anonymous_186)
FNDA:1,(anonymous_187)
FNDA:1,(anonymous_188)
FNDA:1,(anonymous_189)
FNDA:1,(anonymous_190)
FNDA:1,(anonymous_191)
FNDA:1,(anonymous_192)
FNDA:1,(anonymous_193)
FNDA:1,(anonymous_194)
FNDA:1,(anonymous_195)
FNDA:1,(anonymous_196)
FNDA:1,(anonymous_197)
FNDA:1,(anonymous_198)
FNDA:1,(anonymous_199)
FNDA:1,(anonymous_200)
FNDA:1,(anonymous_201)
FNDA:1,(anonymous_202)
FNDA:1,(anonymous_203)
FNDA:1,(anonymous_204)
FNDA:1,(anonymous_205)
FNDA:1,(anonymous_206)
FNDA:1,(anonymous_207)
FNDA:1,(anonymous_208)
FNDA:1,(anonymous_209)
FNDA:1,(anonymous_210)
FNDA:1,(anonymous_211)
FNDA:1,(anonymous_212)
FNDA:1,(anonymous_213)
FNDA:1,(anonymous_214)
FNDA:1,(anonymous_215)
FNDA:1,(anonymous_216)
FNDA:1,(anonymous_217)
FNDA:1,(anonymous_218)
FNDA:1,(anonymous_219)
FNDA:1,(anonymous_220)
FNDA:1,(anonymous_221)
FNDA:1,(anonymous_222)
FNDA:1,(anonymous_223)
FNDA:1,(anonymous_224)
FNDA:1,(anonymous_225)
FNDA:1,(anonymous_226)
FNDA:1,(anonymous_227)
FNDA:1,(anonymous_228)
FNDA:0,withInsertIcon
FNDA:0,useInsertIconMutation
FNDA:0,withGetIcon
FNDA:0,useGetIconQuery
FNDA:0,useGetIconLazyQuery
FNDA:0,withGetIcons
FNDA:0,useGetIconsQuery
FNDA:0,useGetIconsLazyQuery
FNDA:0,withSearchItems
FNDA:0,useSearchItemsQuery
FNDA:0,useSearchItemsLazyQuery
FNDA:0,withGetLabels
FNDA:0,useGetLabelsQuery
FNDA:0,useGetLabelsLazyQuery
FNDA:0,withGetLabel
FNDA:0,useGetLabelQuery
FNDA:0,useGetLabelLazyQuery
FNDA:0,withGetLabelByItemId
FNDA:0,useGetLabelByItemIdQuery
FNDA:0,useGetLabelByItemIdLazyQuery
FNDA:0,withGetTemplates
FNDA:0,useGetTemplatesQuery
FNDA:0,useGetTemplatesLazyQuery
FNDA:0,withGetSingleLabels
FNDA:0,useGetSingleLabelsQuery
FNDA:0,useGetSingleLabelsLazyQuery
FNDA:0,withSaveLabel
FNDA:0,useSaveLabelMutation
FNDA:0,withEditLabel
FNDA:0,useEditLabelMutation
FNDA:0,withGetManufacturers
FNDA:0,useGetManufacturersQuery
FNDA:0,useGetManufacturersLazyQuery
FNDA:0,withGetManufacturer
FNDA:0,useGetManufacturerQuery
FNDA:0,useGetManufacturerLazyQuery
FNDA:0,withSearchManufacturers
FNDA:0,useSearchManufacturersQuery
FNDA:0,useSearchManufacturersLazyQuery
FNDA:0,withInsertManufacturer
FNDA:0,useInsertManufacturerMutation
FNDA:0,withInsertManufacturerWithVendor
FNDA:0,useInsertManufacturerWithVendorMutation
FNDA:0,withUpdateManufacturerUnchangedVendor
FNDA:0,useUpdateManufacturerUnchangedVendorMutation
FNDA:0,withDeleteManufacturer
FNDA:0,useDeleteManufacturerMutation
FNDA:0,withInsertVendorWithExistingManufacturer
FNDA:0,useInsertVendorWithExistingManufacturerMutation
FNDA:0,withGetManufacturerItems
FNDA:0,useGetManufacturerItemsQuery
FNDA:0,useGetManufacturerItemsLazyQuery
FNDA:0,withSearchManufacturerItems
FNDA:0,useSearchManufacturerItemsQuery
FNDA:0,useSearchManufacturerItemsLazyQuery
FNDA:0,withGetManufacturerItem
FNDA:0,useGetManufacturerItemQuery
FNDA:0,useGetManufacturerItemLazyQuery
FNDA:0,withUpdateManufacturerItem
FNDA:0,useUpdateManufacturerItemMutation
FNDA:0,withInsertManufacturerItem
FNDA:0,useInsertManufacturerItemMutation
FNDA:0,withDeleteManufacturerItem
FNDA:0,useDeleteManufacturerItemMutation
FNDA:0,withGetOrdersByDateRange
FNDA:0,useGetOrdersByDateRangeQuery
FNDA:0,useGetOrdersByDateRangeLazyQuery
FNDA:0,withGetOrders
FNDA:0,useGetOrdersQuery
FNDA:0,useGetOrdersLazyQuery
FNDA:0,withGetOrder
FNDA:0,useGetOrderQuery
FNDA:0,useGetOrderLazyQuery
FNDA:0,withInsertOrder
FNDA:0,useInsertOrderMutation
FNDA:0,withUpdateOrder
FNDA:0,useUpdateOrderMutation
FNDA:0,withDeleteOrder
FNDA:0,useDeleteOrderMutation
FNDA:0,withGetItemVariants
FNDA:0,useGetItemVariantsQuery
FNDA:0,useGetItemVariantsLazyQuery
FNDA:0,withGetItemVariantByAttached
FNDA:0,useGetItemVariantByAttachedQuery
FNDA:0,useGetItemVariantByAttachedLazyQuery
FNDA:0,withUpdateOrderItem
FNDA:0,useUpdateOrderItemMutation
FNDA:0,withGetPrinterStatus
FNDA:0,useGetPrinterStatusQuery
FNDA:0,useGetPrinterStatusLazyQuery
FNDA:0,withSendBuffer
FNDA:0,useSendBufferMutation
FNDA:0,withGetShipments
FNDA:0,useGetShipmentsQuery
FNDA:0,useGetShipmentsLazyQuery
FNDA:0,withGetShipment
FNDA:0,useGetShipmentQuery
FNDA:0,useGetShipmentLazyQuery
FNDA:0,withSearchShipments
FNDA:0,useSearchShipmentsQuery
FNDA:0,useSearchShipmentsLazyQuery
FNDA:0,withInsertShipment
FNDA:0,useInsertShipmentMutation
FNDA:0,withUpdateShipment
FNDA:0,useUpdateShipmentMutation
FNDA:0,withDeleteShipment
FNDA:0,useDeleteShipmentMutation
FNDA:0,withGetVendors
FNDA:0,useGetVendorsQuery
FNDA:0,useGetVendorsLazyQuery
FNDA:0,withGetVendor
FNDA:0,useGetVendorQuery
FNDA:0,useGetVendorLazyQuery
FNDA:0,withSearchVendors
FNDA:0,useSearchVendorsQuery
FNDA:0,useSearchVendorsLazyQuery
FNDA:0,withInsertVendor
FNDA:0,useInsertVendorMutation
FNDA:0,withUpdateVendor
FNDA:0,useUpdateVendorMutation
FNDA:0,withDeleteVendor
FNDA:0,useDeleteVendorMutation
FNDA:0,withGetVendorItems
FNDA:0,useGetVendorItemsQuery
FNDA:0,useGetVendorItemsLazyQuery
FNDA:0,withSearchVendorItems
FNDA:0,useSearchVendorItemsQuery
FNDA:0,useSearchVendorItemsLazyQuery
FNDA:0,withGetVendorItem
FNDA:0,useGetVendorItemQuery
FNDA:0,useGetVendorItemLazyQuery
FNDA:0,withUpdateVendorItem
FNDA:0,useUpdateVendorItemMutation
FNDA:0,withInsertVendorItem
FNDA:0,useInsertVendorItemMutation
FNDA:0,withDeleteVendorItem
FNDA:0,useDeleteVendorItemMutation
FNDA:0,withGetItems
FNDA:0,useGetItemsQuery
FNDA:0,useGetItemsLazyQuery
FNDA:0,withGetItemsById
FNDA:0,useGetItemsByIdQuery
FNDA:0,useGetItemsByIdLazyQuery
FNDA:0,withGetItem
FNDA:0,useGetItemQuery
FNDA:0,useGetItemLazyQuery
FNDA:0,withItemSearch
FNDA:0,useItemSearchQuery
FNDA:0,useItemSearchLazyQuery
FNDA:0,withItemBundle
FNDA:0,useItemBundleQuery
FNDA:0,useItemBundleLazyQuery
FNDA:0,withItemHardwareFastenerScrewMachine
FNDA:0,useItemHardwareFastenerScrewMachineQuery
FNDA:0,useItemHardwareFastenerScrewMachineLazyQuery
FNDA:0,withInsertItemHardwareFastenerScrewMachine
FNDA:0,useInsertItemHardwareFastenerScrewMachineMutation
FNDA:0,withGetEnumItemHardwareFastenerThreadStandard
FNDA:0,useGetEnumItemHardwareFastenerThreadStandardQuery
FNDA:0,useGetEnumItemHardwareFastenerThreadStandardLazyQuery
FNDA:0,withUpdateItemHardwareFastenerScrewMachine
FNDA:0,useUpdateItemHardwareFastenerScrewMachineMutation
DA:1,1
DA:2,1
DA:3,1
DA:4,1
DA:70,1
DA:71,1
DA:72,1
DA:73,1
DA:74,1
DA:75,1
DA:76,1
DA:77,1
DA:78,1
DA:79,1
DA:155,1
DA:156,1
DA:157,1
DA:158,1
DA:159,1
DA:160,1
DA:161,1
DA:162,1
DA:163,1
DA:164,1
DA:165,1
DA:166,1
DA:167,1
DA:168,1
DA:169,1
DA:170,1
DA:171,1
DA:172,1
DA:173,1
DA:174,1
DA:175,1
DA:176,1
DA:177,1
DA:178,1
DA:179,1
DA:180,1
DA:181,1
DA:182,1
DA:183,1
DA:184,1
DA:185,1
DA:188,1
DA:189,1
DA:190,1
DA:191,1
DA:192,1
DA:193,1
DA:194,1
DA:195,1
DA:196,1
DA:197,1
DA:198,1
DA:282,1
DA:284,1
DA:353,1
DA:355,1
DA:357,1
DA:367,1
DA:369,1
DA:371,1
DA:426,1
DA:428,1
DA:430,1
DA:433,1
DA:434,1
DA:435,1
DA:436,1
DA:437,1
DA:438,1
DA:440,1
DA:518,1
DA:520,1
DA:522,1
DA:532,1
DA:534,1
DA:536,1
DA:591,1
DA:593,1
DA:596,1
DA:598,1
DA:600,1
DA:678,1
DA:680,1
DA:682,1
DA:692,1
DA:694,1
DA:696,1
DA:756,1
DA:758,1
DA:761,1
DA:763,1
DA:765,1
DA:767,1
DA:769,1
DA:771,1
DA:773,1
DA:775,1
DA:777,1
DA:779,1
DA:781,1
DA:783,1
DA:785,1
DA:787,1
DA:789,1
DA:791,1
DA:793,1
DA:795,1
DA:797,1
DA:799,1
DA:801,1
DA:803,1
DA:805,1
DA:807,1
DA:885,1
DA:887,1
DA:889,1
DA:899,1
DA:901,1
DA:903,1
DA:965,1
DA:967,1
DA:970,1
DA:972,1
DA:974,1
DA:976,1
DA:977,1
DA:979,1
DA:981,1
DA:983,1
DA:985,1
DA:987,1
DA:989,1
DA:991,1
DA:992,1
DA:1070,1
DA:1072,1
DA:1074,1
DA:1084,1
DA:1086,1
DA:1088,1
DA:1143,1
DA:1145,1
DA:1148,1
DA:1150,1
DA:1152,1
DA:1154,1
DA:1156,1
DA:1158,1
DA:1160,1
DA:1162,1
DA:1164,1
DA:1166,1
DA:1168,1
DA:1170,1
DA:1172,1
DA:1174,1
DA:1176,1
DA:1178,1
DA:1256,1
DA:1258,1
DA:1260,1
DA:1270,1
DA:1272,1
DA:1274,1
DA:1329,1
DA:1331,1
DA:1334,1
DA:1336,1
DA:1338,1
DA:1416,1
DA:1418,1
DA:1420,1
DA:1430,1
DA:1432,1
DA:1434,1
DA:1494,1
DA:1496,1
DA:1499,1
DA:1500,1
DA:1501,1
DA:1502,1
DA:1503,1
DA:1508,1
DA:1513,1
DA:1591,1
DA:1593,1
DA:1595,1
DA:1605,1
DA:1607,1
DA:1609,1
DA:1664,1
DA:1666,1
DA:1669,1
DA:1670,1
DA:1671,1
DA:1672,1
DA:1673,1
DA:1674,1
DA:1675,1
DA:1676,1
DA:1677,1
DA:1678,1
DA:1679,1
DA:1680,1
DA:1681,1
DA:1759,1
DA:1761,1
DA:1763,1
DA:1773,1
DA:1775,1
DA:1777,1
DA:1832,1
DA:1834,1
DA:1837,1
DA:1839,1
DA:1841,1
DA:1842,1
DA:1847,1
DA:1848,1
DA:1853,1
DA:1855,1
DA:1857,1
DA:1859,1
DA:1861,1
DA:1863,1
DA:1864,1
DA:1866,1
DA:1944,1
DA:1946,1
DA:1948,1
DA:1958,1
DA:1960,1
DA:1962,1
DA:2017,1
DA:2019,1
DA:2022,1
DA:2023,1
DA:2024,1
DA:2025,1
DA:2026,1
DA:2104,1
DA:2106,1
DA:2108,1
DA:2118,1
DA:2120,1
DA:2122,1
DA:2182,1
DA:2184,1
DA:2187,1
DA:2189,1
DA:2191,1
DA:2193,1
DA:2195,1
DA:2197,1
DA:2199,1
DA:2201,1
DA:2203,1
DA:2205,1
DA:2283,1
DA:2285,1
DA:2287,1
DA:2297,1
DA:2299,1
DA:2301,1
DA:2361,1
DA:2363,1
DA:2366,1
DA:2367,1
DA:2368,1
DA:2369,1
DA:2374,1
DA:2375,1
DA:2380,1
DA:2382,1
DA:2384,1
DA:2462,1
DA:2464,1
DA:2466,1
DA:2476,1
DA:2478,1
DA:2480,1
DA:2535,1
DA:2537,1
DA:2540,1
DA:2541,1
DA:2542,1
DA:2543,1
DA:2544,1
DA:2622,1
DA:2624,1
DA:2626,1
DA:2636,1
DA:2638,1
DA:2640,1
DA:2700,1
DA:2702,1
DA:2705,1
DA:2707,1
DA:2708,1
DA:2709,1
DA:2787,1
DA:2789,1
DA:2791,1
DA:2801,1
DA:2803,1
DA:2805,1
DA:2865,1
DA:2867,1
DA:2870,1
DA:2872,1
DA:2874,1
DA:2876,1
DA:2878,1
DA:2880,1
DA:2882,1
DA:2960,1
DA:2962,1
DA:2964,1
DA:2974,1
DA:2976,1
DA:2978,1
DA:3038,1
DA:3040,1
DA:3043,1
DA:3045,1
DA:3047,1
DA:3049,1
DA:3051,1
DA:3053,1
DA:3054,1
DA:3132,1
DA:3134,1
DA:3136,1
DA:3146,1
DA:3148,1
DA:3150,1
DA:3205,1
DA:3207,1
DA:3210,1
DA:3212,1
DA:3214,1
DA:3216,1
DA:3294,1
DA:3296,1
DA:3298,1
DA:3308,1
DA:3310,1
DA:3312,1
DA:3372,1
DA:3374,1
DA:3377,1
DA:3379,1
DA:3381,1
DA:3383,1
DA:3385,1
DA:3463,1
DA:3465,1
DA:3467,1
DA:3477,1
DA:3479,1
DA:3481,1
DA:3541,1
DA:3543,1
DA:3546,1
DA:3548,1
DA:3549,1
DA:3550,1
DA:3552,1
DA:3557,1
DA:3559,1
DA:3560,1
DA:3561,1
DA:3562,1
DA:3567,1
DA:3645,1
DA:3647,1
DA:3649,1
DA:3659,1
DA:3661,1
DA:3663,1
DA:3723,1
DA:3725,1
DA:3728,1
DA:3729,1
DA:3731,1
DA:3732,1
DA:3733,1
DA:3811,1
DA:3813,1
DA:3815,1
DA:3825,1
DA:3827,1
DA:3829,1
DA:3884,1
DA:3886,1
DA:3955,1
DA:3957,1
DA:3959,1
DA:3969,1
DA:3971,1
DA:3973,1
DA:4028,1
DA:4030,1
DA:4099,1
DA:4101,1
DA:4103,1
DA:4113,1
DA:4115,1
DA:4117,1
DA:4172,1
DA:4174,1
DA:4243,1
DA:4245,1
DA:4247,1
DA:4257,1
DA:4259,1
DA:4261,1
DA:4316,1
DA:4318,1
DA:4387,1
DA:4389,1
DA:4391,1
DA:4401,1
DA:4403,1
DA:4405,1
DA:4460,1
DA:4462,1
DA:4531,1
DA:4533,1
DA:4535,1
DA:4545,1
DA:4547,1
DA:4549,1
DA:4604,1
DA:4606,1
DA:4675,1
DA:4677,1
DA:4679,1
DA:4689,1
DA:4691,1
DA:4693,1
DA:4753,1
DA:4755,1
DA:4758,1
DA:4759,1
DA:4760,1
DA:4761,1
DA:4762,1
DA:4763,1
DA:4764,1
DA:4766,1
DA:4844,1
DA:4846,1
DA:4848,1
DA:4858,1
DA:4860,1
DA:4862,1
DA:4917,1
DA:4919,1
DA:4922,1
DA:4924,1
DA:4926,1
DA:4928,1
DA:4930,1
DA:5008,1
DA:5010,1
DA:5012,1
DA:5022,1
DA:5024,1
DA:5026,1
DA:5086,1
DA:5088,1
DA:5091,1
DA:5092,1
DA:5093,1
DA:5094,1
DA:5095,1
DA:5096,1
DA:5097,1
DA:5098,1
DA:5176,1
DA:5178,1
DA:5180,1
DA:5190,1
DA:5192,1
DA:5194,1
DA:5254,1
DA:5256,1
DA:5259,1
DA:5261,1
DA:5263,1
DA:5265,1
DA:5267,1
DA:5345,1
DA:5347,1
DA:5349,1
DA:5359,1
DA:5361,1
DA:5363,1
DA:5418,1
DA:5420,1
DA:5423,1
DA:5424,1
DA:5426,1
DA:5504,1
DA:5506,1
DA:5508,1
DA:5518,1
DA:5520,1
DA:5522,1
DA:5694,1
DA:5696,1
DA:5698,1
DA:5813,1
DA:5815,1
DA:5817,1
DA:5917,1
DA:5919,1
DA:5921,1
DA:5923,1
DA:5925,1
DA:5981,1
DA:5983,1
DA:5985,1
DA:5987,1
DA:5989,1
DA:6115,1
DA:6117,1
DA:6196,1
DA:6198,1
DA:6200,1
DA:6254,1
DA:6256,1
DA:6258,1
DA:6349,1
DA:6351,1
DA:6423,1
DA:6425,1
DA:6427,1
DA:6437,1
DA:6439,1
DA:6441,1
DA:6522,1
DA:6524,1
DA:6526,1
DA:6528,1
DA:6530,1
DA:6532,1
DA:6545,1
DA:6547,1
DA:6549,1
DA:6551,1
DA:6553,1
DA:6555,1
DA:6952,1
DA:6954,1
DA:6956,1
DA:7066,1
DA:7068,1
DA:7155,1
DA:7157,1
DA:7159,1
DA:7161,1
DA:7232,1
DA:7234,1
DA:7236,1
DA:7238,1
DA:7363,1
DA:7365,1
DA:7367,1
DA:7369,1
DA:7371,1
DA:7373,1
DA:7430,1
DA:7432,1
DA:7434,1
DA:7436,1
DA:7438,1
DA:7440,1
DA:7642,1
DA:7644,1
DA:7857,1
DA:7859,1
DA:7861,1
DA:7863,1
DA:7865,1
DA:7867,1
DA:7869,1
DA:7871,1
DA:7873,1
DA:7875,1
DA:7877,1
DA:7879,1
DA:7881,1
DA:7883,1
DA:7885,1
DA:7887,1
DA:7889,1
DA:7891,1
DA:7893,1
DA:7895,1
DA:7897,1
DA:7899,1
DA:7901,1
DA:8031,1
DA:8033,1
DA:8035,1
DA:8037,1
DA:8039,1
DA:8041,1
DA:8043,1
DA:8045,1
DA:8047,1
DA:8049,1
DA:8051,1
DA:8053,1
DA:8055,1
DA:8057,1
DA:8059,1
DA:8061,1
DA:8063,1
DA:8065,1
DA:8067,1
DA:8069,1
DA:8071,1
DA:8073,1
DA:8075,1
DA:8154,1
DA:8156,1
DA:8318,1
DA:8320,1
DA:8509,1
DA:8511,1
DA:8513,1
DA:8515,1
DA:8517,1
DA:8519,1
DA:8521,1
DA:8523,1
DA:8525,1
DA:8527,1
DA:8529,1
DA:8531,1
DA:8533,1
DA:8535,1
DA:8537,1
DA:8539,1
DA:8541,1
DA:8543,1
DA:8545,1
DA:8547,1
DA:8658,1
DA:8660,1
DA:8662,1
DA:8664,1
DA:8666,1
DA:8668,1
DA:8670,1
DA:8672,1
DA:8674,1
DA:8676,1
DA:8678,1
DA:8680,1
DA:8682,1
DA:8684,1
DA:8686,1
DA:8688,1
DA:8690,1
DA:8692,1
DA:8694,1
DA:8696,1
DA:8841,1
DA:8843,1
DA:8917,1
DA:8919,1
DA:8921,1
DA:8975,1
DA:8977,1
DA:8979,1
DA:9109,1
DA:9111,1
DA:9199,1
DA:9201,1
DA:9203,1
DA:9205,1
DA:9207,1
DA:9209,1
DA:9211,1
DA:9213,1
DA:9272,1
DA:9274,1
DA:9276,1
DA:9278,1
DA:9280,1
DA:9282,1
DA:9284,1
DA:9286,1
DA:9409,1
DA:9411,1
DA:9618,1
DA:9620,1
DA:9823,1
DA:9825,1
DA:9827,1
DA:9829,1
DA:9831,1
DA:9833,1
DA:9835,1
DA:9837,1
DA:9839,1
DA:9841,1
DA:9843,1
DA:9845,1
DA:9847,1
DA:9849,1
DA:9851,1
DA:9853,1
DA:9855,1
DA:9857,1
DA:9859,1
DA:9861,1
DA:9863,1
DA:9865,1
DA:9867,1
DA:9869,1
DA:9871,1
DA:9873,1
DA:9875,1
DA:9877,1
DA:9879,1
DA:10031,1
DA:10033,1
DA:10035,1
DA:10037,1
DA:10039,1
DA:10041,1
DA:10043,1
DA:10045,1
DA:10047,1
DA:10049,1
DA:10051,1
DA:10053,1
DA:10055,1
DA:10057,1
DA:10059,1
DA:10061,1
DA:10063,1
DA:10065,1
DA:10067,1
DA:10069,1
DA:10071,1
DA:10073,1
DA:10075,1
DA:10077,1
DA:10079,1
DA:10081,1
DA:10083,1
DA:10085,1
DA:10087,1
DA:10245,1
DA:10247,1
DA:10249,1
DA:10251,1
DA:10253,1
DA:10255,1
DA:10257,1
DA:10315,1
DA:10317,1
DA:10319,1
DA:10321,1
DA:10323,1
DA:10325,1
DA:10327,1
DA:10498,1
DA:10500,1
DA:10670,1
DA:10672,1
DA:10674,1
DA:10676,1
DA:10678,1
DA:10680,1
DA:10682,1
DA:10684,1
DA:10686,1
DA:10688,1
DA:10690,1
DA:10692,1
DA:10694,1
DA:10696,1
DA:10698,1
DA:10700,1
DA:10702,1
DA:10704,1
DA:10706,1
DA:10708,1
DA:10859,1
DA:10861,1
DA:10863,1
DA:10865,1
DA:10867,1
DA:10869,1
DA:10871,1
DA:10873,1
DA:10875,1
DA:10877,1
DA:10879,1
DA:10881,1
DA:10883,1
DA:10885,1
DA:10887,1
DA:10889,1
DA:10891,1
DA:10893,1
DA:10895,1
DA:10897,1
DA:11107,1
DA:11109,1
DA:11229,1
DA:11231,1
DA:11233,1
DA:11235,1
DA:11237,1
DA:11239,1
DA:11241,1
DA:11243,1
DA:11245,1
DA:11247,1
DA:11249,1
DA:11251,1
DA:11253,1
DA:11255,1
DA:11352,1
DA:11354,1
DA:11356,1
DA:11358,1
DA:11360,1
DA:11362,1
DA:11364,1
DA:11366,1
DA:11368,1
DA:11370,1
DA:11372,1
DA:11374,1
DA:11376,1
DA:11378,1
DA:11525,1
DA:11527,1
DA:11529,1
DA:11531,1
DA:11586,1
DA:11588,1
DA:11590,1
DA:11592,1
DA:11860,1
DA:11862,1
DA:11864,1
DA:11866,1
DA:11868,1
DA:11870,1
DA:11872,1
DA:11874,1
DA:11876,1
DA:11878,1
DA:11880,1
DA:12276,1
DA:12278,1
DA:12280,1
DA:12401,1
DA:12403,1
DA:12478,1
DA:12480,1
DA:12482,1
DA:12536,1
DA:12538,1
DA:12540,1
DA:12676,1
DA:12678,1
DA:12680,1
DA:12682,1
DA:12684,1
DA:12686,1
DA:12688,1
DA:12690,1
DA:12692,1
DA:12694,1
DA:12887,1
DA:12889,1
DA:12891,1
DA:13004,1
DA:13006,1
DA:13008,1
DA:13010,1
DA:13012,1
DA:13014,1
DA:13079,1
DA:13081,1
DA:13083,1
DA:13085,1
DA:13087,1
DA:13089,1
DA:13132,1
DA:13134,1
DA:13136,1
DA:13138,1
DA:13140,1
DA:13142,1
DA:13144,1
DA:13146,1
DA:13148,1
DA:13150,1
DA:13311,1
DA:13313,1
DA:13315,1
DA:13463,1
DA:13465,1
DA:13467,1
DA:13585,1
DA:13587,1
DA:13589,1
DA:13591,1
DA:13593,1
DA:13595,1
DA:13597,1
DA:13599,1
DA:13601,1
DA:13677,1
DA:13679,1
DA:13681,1
DA:13683,1
DA:13685,1
DA:13687,1
DA:13689,1
DA:13691,1
DA:13693,1
DA:13813,1
DA:13815,1
DA:13817,1
DA:13819,1
DA:13821,1
DA:13885,1
DA:13887,1
DA:13889,1
DA:13891,1
DA:13893,1
DA:17615,1
DA:17617,1
DA:17619,1
DA:17621,1
DA:17623,1
DA:17625,1
DA:17627,1
DA:17631,1
DA:17633,1
DA:17802,1
DA:17804,1
DA:17806,1
DA:17808,1
DA:17810,1
DA:17812,1
DA:17814,1
DA:17961,1
DA:17963,1
DA:17965,1
DA:17967,1
DA:17969,1
DA:17971,1
DA:17973,1
DA:17975,1
DA:17977,1
DA:17979,1
DA:17981,1
DA:17983,1
DA:18118,1
DA:18120,1
DA:18122,1
DA:18124,1
DA:18126,1
DA:18128,1
DA:18130,1
DA:18132,1
DA:18134,1
DA:18136,1
DA:18138,1
DA:18140,1
DA:18339,1
DA:18341,1
DA:18343,1
DA:18345,1
DA:18347,1
DA:18349,1
DA:18351,1
DA:18353,1
DA:18355,1
DA:18357,1
DA:18359,1
DA:18361,1
DA:18464,1
DA:18466,1
DA:18468,1
DA:18470,1
DA:18472,1
DA:18474,1
DA:18476,1
DA:18478,1
DA:18480,1
DA:18482,1
DA:18484,1
DA:18486,1
DA:18633,1
DA:18635,1
DA:18711,1
DA:18713,1
DA:18715,1
DA:18717,1
DA:18772,1
DA:18774,1
DA:18776,1
DA:18778,1
DA:18905,1
DA:18907,1
DA:19004,1
DA:19006,1
DA:19008,1
DA:19010,1
DA:19012,1
DA:19014,1
DA:19095,1
DA:19097,1
DA:19099,1
DA:19101,1
DA:19103,1
DA:19105,1
DA:19265,1
DA:19267,1
DA:19378,1
DA:19380,1
DA:19382,1
DA:19384,1
DA:19386,1
DA:19388,1
DA:19390,1
DA:19392,1
DA:19394,1
DA:19396,1
DA:19398,1
DA:19484,1
DA:19486,1
DA:19488,1
DA:19490,1
DA:19492,1
DA:19494,1
DA:19496,1
DA:19498,1
DA:19500,1
DA:19502,1
DA:19504,1
DA:21830,1
DA:21832,1
DA:21932,1
DA:21934,1
DA:21936,1
DA:21938,1
DA:21940,1
DA:21942,1
DA:21999,1
DA:22001,1
DA:22003,1
DA:22005,1
DA:22007,1
DA:22009,1
DA:22194,1
DA:22196,1
DA:22198,1
DA:22310,1
DA:22312,1
DA:22314,1
DA:22316,1
DA:22318,1
DA:22320,1
DA:22322,1
DA:22324,1
DA:22399,1
DA:22401,1
DA:22403,1
DA:22405,1
DA:22407,1
DA:22409,1
DA:22411,1
DA:22413,1
DA:22585,1
DA:22587,1
DA:22705,1
DA:22707,1
DA:22709,1
DA:22711,1
DA:22713,1
DA:22715,1
DA:22717,1
DA:22719,1
DA:22721,1
DA:22723,1
DA:22832,1
DA:22834,1
DA:22836,1
DA:22838,1
DA:22840,1
DA:22842,1
DA:22844,1
DA:22846,1
DA:22848,1
DA:22850,1
DA:23011,1
DA:23013,1
DA:23015,1
DA:23110,1
DA:23112,1
DA:23114,1
DA:23116,1
DA:23118,1
DA:23120,1
DA:23122,1
DA:23188,1
DA:23190,1
DA:23192,1
DA:23194,1
DA:23196,1
DA:23198,1
DA:23200,1
DA:25488,1
DA:25490,1
DA:25492,1
DA:25566,1
DA:25568,1
DA:25570,1
DA:25624,1
DA:25626,1
DA:25628,1
DA:25865,1
DA:25867,1
DA:26007,1
DA:26009,1
DA:26011,1
DA:26111,1
DA:26113,1
DA:26115,1
DA:26117,1
DA:26119,1
DA:26121,1
DA:26194,1
DA:26196,1
DA:26198,1
DA:26200,1
DA:26202,1
DA:26204,1
DA:26325,1
DA:26327,1
DA:26329,1
DA:26331,1
DA:26333,1
DA:26389,1
DA:26391,1
DA:26393,1
DA:26395,1
DA:26397,1
DA:27607,1
DA:27621,1
DA:27629,1
DA:27637,1
DA:27649,1
DA:27660,1
DA:27667,1
DA:27703,1
DA:27714,1
DA:27728,1
DA:27743,1
DA:27759,1
DA:27774,1
DA:27783,1
DA:27791,1
DA:27817,1
DA:27828,1
DA:27833,0
DA:27861,1
DA:27862,0
DA:27867,1
DA:27888,1
DA:27893,0
DA:27915,1
DA:27916,0
DA:27918,1
DA:27919,0
DA:27924,1
DA:27945,1
DA:27950,0
DA:27971,1
DA:27972,0
DA:27974,1
DA:27975,0
DA:27980,1
DA:27993,1
DA:27998,0
DA:28021,1
DA:28022,0
DA:28024,1
DA:28025,0
DA:28030,1
DA:28040,1
DA:28045,0
DA:28066,1
DA:28067,0
DA:28069,1
DA:28070,0
DA:28075,1
DA:28085,1
DA:28090,0
DA:28112,1
DA:28113,0
DA:28115,1
DA:28116,0
DA:28121,1
DA:28131,1
DA:28136,0
DA:28158,1
DA:28159,0
DA:28161,1
DA:28162,0
DA:28167,1
DA:28177,1
DA:28182,0
DA:28203,1
DA:28204,0
DA:28206,1
DA:28207,0
DA:28212,1
DA:28222,1
DA:28227,0
DA:28248,1
DA:28249,0
DA:28251,1
DA:28252,0
DA:28257,1
DA:28271,1
DA:28276,0
DA:28304,1
DA:28305,0
DA:28310,1
DA:28325,1
DA:28330,0
DA:28358,1
DA:28359,0
DA:28364,1
DA:28374,1
DA:28379,0
DA:28400,1
DA:28401,0
DA:28403,1
DA:28404,0
DA:28409,1
DA:28421,1
DA:28426,0
DA:28448,1
DA:28449,0
DA:28451,1
DA:28452,0
DA:28457,1
DA:28467,1
DA:28472,0
DA:28494,1
DA:28495,0
DA:28497,1
DA:28498,0
DA:28503,1
DA:28514,1
DA:28519,0
DA:28544,1
DA:28545,0
DA:28550,1
DA:28561,1
DA:28566,0
DA:28591,1
DA:28592,0
DA:28597,1
DA:28610,1
DA:28615,0
DA:28640,1
DA:28641,0
DA:28646,1
DA:28657,1
DA:28662,0
DA:28685,1
DA:28686,0
DA:28691,1
DA:28709,1
DA:28714,0
DA:28740,1
DA:28741,0
DA:28746,1
DA:28756,1
DA:28761,0
DA:28782,1
DA:28783,0
DA:28785,1
DA:28786,0
DA:28791,1
DA:28811,1
DA:28816,0
DA:28839,1
DA:28840,0
DA:28842,1
DA:28843,0
DA:28848,1
DA:28858,1
DA:28863,0
DA:28885,1
DA:28886,0
DA:28888,1
DA:28889,0
DA:28894,1
DA:28905,1
DA:28910,0
DA:28940,1
DA:28941,0
DA:28946,1
DA:28957,1
DA:28962,0
DA:28991,1
DA:28992,0
DA:28997,1
DA:29008,1
DA:29013,0
DA:29036,1
DA:29037,0
DA:29042,1
DA:29054,1
DA:29059,0
DA:29082,1
DA:29083,0
DA:29085,1
DA:29086,0
DA:29091,1
DA:29103,1
DA:29108,0
DA:29129,1
DA:29130,0
DA:29132,1
DA:29133,0
DA:29138,1
DA:29201,1
DA:29206,0
DA:29228,1
DA:29229,0
DA:29231,1
DA:29232,0
DA:29237,1
DA:29250,1
DA:29255,0
DA:29291,1
DA:29292,0
DA:29297,1
DA:29310,1
DA:29315,0
DA:29348,1
DA:29349,0
DA:29354,1
DA:29365,1
DA:29370,0
DA:29393,1
DA:29394,0
DA:29399,1
DA:29409,1
DA:29414,0
DA:29437,1
DA:29438,0
DA:29440,1
DA:29441,0
DA:29446,1
DA:29456,1
DA:29461,0
DA:29487,1
DA:29488,0
DA:29490,1
DA:29491,0
DA:29496,1
DA:29507,1
DA:29512,0
DA:29545,1
DA:29546,0
DA:29551,1
DA:29573,1
DA:29578,0
DA:29599,1
DA:29600,0
DA:29602,1
DA:29603,0
DA:29608,1
DA:29619,1
DA:29624,0
DA:29647,1
DA:29648,0
DA:29653,1
DA:29665,1
DA:29670,0
DA:29691,1
DA:29692,0
DA:29694,1
DA:29695,0
DA:29700,1
DA:29712,1
DA:29717,0
DA:29739,1
DA:29740,0
DA:29742,1
DA:29743,0
DA:29748,1
DA:29760,1
DA:29765,0
DA:29787,1
DA:29788,0
DA:29790,1
DA:29791,0
DA:29796,1
DA:29807,1
DA:29812,0
DA:29840,1
DA:29841,0
DA:29846,1
DA:29857,1
DA:29862,0
DA:29891,1
DA:29892,0
DA:29897,1
DA:29908,1
DA:29913,0
DA:29936,1
DA:29937,0
DA:29942,1
DA:29955,1
DA:29960,0
DA:29981,1
DA:29982,0
DA:29984,1
DA:29985,0
DA:29990,1
DA:30002,1
DA:30007,0
DA:30029,1
DA:30030,0
DA:30032,1
DA:30033,0
DA:30038,1
DA:30048,1
DA:30053,0
DA:30075,1
DA:30076,0
DA:30078,1
DA:30079,0
DA:30084,1
DA:30095,1
DA:30100,0
DA:30126,1
DA:30127,0
DA:30132,1
DA:30145,1
DA:30150,0
DA:30176,1
DA:30177,0
DA:30182,1
DA:30193,1
DA:30198,0
DA:30221,1
DA:30222,0
DA:30227,1
DA:30237,1
DA:30242,0
DA:30263,1
DA:30264,0
DA:30266,1
DA:30267,0
DA:30272,1
DA:30293,1
DA:30298,0
DA:30321,1
DA:30322,0
DA:30324,1
DA:30325,0
DA:30330,1
DA:30340,1
DA:30345,0
DA:30367,1
DA:30368,0
DA:30370,1
DA:30371,0
DA:30376,1
DA:30387,1
DA:30392,0
DA:30419,1
DA:30420,0
DA:30425,1
DA:30436,1
DA:30441,0
DA:30467,1
DA:30468,0
DA:30473,1
DA:30484,1
DA:30489,0
DA:30512,1
DA:30513,0
DA:30518,1
DA:30528,1
DA:30533,0
DA:30555,1
DA:30556,0
DA:30558,1
DA:30559,0
DA:30564,1
DA:30574,1
DA:30579,0
DA:30601,1
DA:30602,0
DA:30604,1
DA:30605,0
DA:30610,1
DA:30620,1
DA:30625,0
DA:30647,1
DA:30648,0
DA:30650,1
DA:30651,0
DA:30656,1
DA:30669,1
DA:30674,0
DA:30696,1
DA:30697,0
DA:30699,1
DA:30700,0
DA:30705,1
DA:30722,1
DA:30727,0
DA:30748,1
DA:30749,0
DA:30751,1
DA:30752,0
DA:30757,1
DA:30767,1
DA:30772,0
DA:30793,1
DA:30794,0
DA:30796,1
DA:30797,0
DA:30802,1
DA:30813,1
DA:30818,0
DA:30868,1
DA:30869,0
DA:30874,1
DA:30885,1
DA:30890,0
DA:30911,1
DA:30912,0
DA:30914,1
DA:30915,0
DA:30920,1
DA:30931,1
DA:30936,0
DA:30986,1
DA:30987,0
LF:1570
LH:1408
BRDA:70,0,0,1
BRDA:70,0,1,1
BRDA:155,1,0,1
BRDA:155,1,1,1
BRDA:188,2,0,1
BRDA:188,2,1,1
BRDA:282,3,0,1
BRDA:282,3,1,1
BRDA:353,4,0,1
BRDA:353,4,1,1
BRDA:367,5,0,1
BRDA:367,5,1,1
BRDA:426,6,0,1
BRDA:426,6,1,1
BRDA:433,7,0,1
BRDA:433,7,1,1
BRDA:518,8,0,1
BRDA:518,8,1,1
BRDA:532,9,0,1
BRDA:532,9,1,1
BRDA:591,10,0,1
BRDA:591,10,1,1
BRDA:596,11,0,1
BRDA:596,11,1,1
BRDA:678,12,0,1
BRDA:678,12,1,1
BRDA:692,13,0,1
BRDA:692,13,1,1
BRDA:756,14,0,1
BRDA:756,14,1,1
BRDA:761,15,0,1
BRDA:761,15,1,1
BRDA:885,16,0,1
BRDA:885,16,1,1
BRDA:899,17,0,1
BRDA:899,17,1,1
BRDA:965,18,0,1
BRDA:965,18,1,1
BRDA:970,19,0,1
BRDA:970,19,1,1
BRDA:1070,20,0,1
BRDA:1070,20,1,1
BRDA:1084,21,0,1
BRDA:1084,21,1,1
BRDA:1143,22,0,1
BRDA:1143,22,1,1
BRDA:1148,23,0,1
BRDA:1148,23,1,1
BRDA:1256,24,0,1
BRDA:1256,24,1,1
BRDA:1270,25,0,1
BRDA:1270,25,1,1
BRDA:1329,26,0,1
BRDA:1329,26,1,1
BRDA:1334,27,0,1
BRDA:1334,27,1,1
BRDA:1416,28,0,1
BRDA:1416,28,1,1
BRDA:1430,29,0,1
BRDA:1430,29,1,1
BRDA:1494,30,0,1
BRDA:1494,30,1,1
BRDA:1499,31,0,1
BRDA:1499,31,1,1
BRDA:1591,32,0,1
BRDA:1591,32,1,1
BRDA:1605,33,0,1
BRDA:1605,33,1,1
BRDA:1664,34,0,1
BRDA:1664,34,1,1
BRDA:1669,35,0,1
BRDA:1669,35,1,1
BRDA:1759,36,0,1
BRDA:1759,36,1,1
BRDA:1773,37,0,1
BRDA:1773,37,1,1
BRDA:1832,38,0,1
BRDA:1832,38,1,1
BRDA:1837,39,0,1
BRDA:1837,39,1,1
BRDA:1944,40,0,1
BRDA:1944,40,1,1
BRDA:1958,41,0,1
BRDA:1958,41,1,1
BRDA:2017,42,0,1
BRDA:2017,42,1,1
BRDA:2022,43,0,1
BRDA:2022,43,1,1
BRDA:2104,44,0,1
BRDA:2104,44,1,1
BRDA:2118,45,0,1
BRDA:2118,45,1,1
BRDA:2182,46,0,1
BRDA:2182,46,1,1
BRDA:2187,47,0,1
BRDA:2187,47,1,1
BRDA:2283,48,0,1
BRDA:2283,48,1,1
BRDA:2297,49,0,1
BRDA:2297,49,1,1
BRDA:2361,50,0,1
BRDA:2361,50,1,1
BRDA:2366,51,0,1
BRDA:2366,51,1,1
BRDA:2462,52,0,1
BRDA:2462,52,1,1
BRDA:2476,53,0,1
BRDA:2476,53,1,1
BRDA:2535,54,0,1
BRDA:2535,54,1,1
BRDA:2540,55,0,1
BRDA:2540,55,1,1
BRDA:2622,56,0,1
BRDA:2622,56,1,1
BRDA:2636,57,0,1
BRDA:2636,57,1,1
BRDA:2700,58,0,1
BRDA:2700,58,1,1
BRDA:2705,59,0,1
BRDA:2705,59,1,1
BRDA:2787,60,0,1
BRDA:2787,60,1,1
BRDA:2801,61,0,1
BRDA:2801,61,1,1
BRDA:2865,62,0,1
BRDA:2865,62,1,1
BRDA:2870,63,0,1
BRDA:2870,63,1,1
BRDA:2960,64,0,1
BRDA:2960,64,1,1
BRDA:2974,65,0,1
BRDA:2974,65,1,1
BRDA:3038,66,0,1
BRDA:3038,66,1,1
BRDA:3043,67,0,1
BRDA:3043,67,1,1
BRDA:3132,68,0,1
BRDA:3132,68,1,1
BRDA:3146,69,0,1
BRDA:3146,69,1,1
BRDA:3205,70,0,1
BRDA:3205,70,1,1
BRDA:3210,71,0,1
BRDA:3210,71,1,1
BRDA:3294,72,0,1
BRDA:3294,72,1,1
BRDA:3308,73,0,1
BRDA:3308,73,1,1
BRDA:3372,74,0,1
BRDA:3372,74,1,1
BRDA:3377,75,0,1
BRDA:3377,75,1,1
BRDA:3463,76,0,1
BRDA:3463,76,1,1
BRDA:3477,77,0,1
BRDA:3477,77,1,1
BRDA:3541,78,0,1
BRDA:3541,78,1,1
BRDA:3546,79,0,1
BRDA:3546,79,1,1
BRDA:3645,80,0,1
BRDA:3645,80,1,1
BRDA:3659,81,0,1
BRDA:3659,81,1,1
BRDA:3723,82,0,1
BRDA:3723,82,1,1
BRDA:3728,83,0,1
BRDA:3728,83,1,1
BRDA:3811,84,0,1
BRDA:3811,84,1,1
BRDA:3825,85,0,1
BRDA:3825,85,1,1
BRDA:3884,86,0,1
BRDA:3884,86,1,1
BRDA:3955,87,0,1
BRDA:3955,87,1,1
BRDA:3969,88,0,1
BRDA:3969,88,1,1
BRDA:4028,89,0,1
BRDA:4028,89,1,1
BRDA:4099,90,0,1
BRDA:4099,90,1,1
BRDA:4113,91,0,1
BRDA:4113,91,1,1
BRDA:4172,92,0,1
BRDA:4172,92,1,1
BRDA:4243,93,0,1
BRDA:4243,93,1,1
BRDA:4257,94,0,1
BRDA:4257,94,1,1
BRDA:4316,95,0,1
BRDA:4316,95,1,1
BRDA:4387,96,0,1
BRDA:4387,96,1,1
BRDA:4401,97,0,1
BRDA:4401,97,1,1
BRDA:4460,98,0,1
BRDA:4460,98,1,1
BRDA:4531,99,0,1
BRDA:4531,99,1,1
BRDA:4545,100,0,1
BRDA:4545,100,1,1
BRDA:4604,101,0,1
BRDA:4604,101,1,1
BRDA:4675,102,0,1
BRDA:4675,102,1,1
BRDA:4689,103,0,1
BRDA:4689,103,1,1
BRDA:4753,104,0,1
BRDA:4753,104,1,1
BRDA:4758,105,0,1
BRDA:4758,105,1,1
BRDA:4844,106,0,1
BRDA:4844,106,1,1
BRDA:4858,107,0,1
BRDA:4858,107,1,1
BRDA:4917,108,0,1
BRDA:4917,108,1,1
BRDA:4922,109,0,1
BRDA:4922,109,1,1
BRDA:5008,110,0,1
BRDA:5008,110,1,1
BRDA:5022,111,0,1
BRDA:5022,111,1,1
BRDA:5086,112,0,1
BRDA:5086,112,1,1
BRDA:5091,113,0,1
BRDA:5091,113,1,1
BRDA:5176,114,0,1
BRDA:5176,114,1,1
BRDA:5190,115,0,1
BRDA:5190,115,1,1
BRDA:5254,116,0,1
BRDA:5254,116,1,1
BRDA:5259,117,0,1
BRDA:5259,117,1,1
BRDA:5345,118,0,1
BRDA:5345,118,1,1
BRDA:5359,119,0,1
BRDA:5359,119,1,1
BRDA:5418,120,0,1
BRDA:5418,120,1,1
BRDA:5423,121,0,1
BRDA:5423,121,1,1
BRDA:5504,122,0,1
BRDA:5504,122,1,1
BRDA:5518,123,0,1
BRDA:5518,123,1,1
BRDA:5694,124,0,1
BRDA:5694,124,1,1
BRDA:5813,125,0,1
BRDA:5813,125,1,1
BRDA:5917,126,0,1
BRDA:5917,126,1,1
BRDA:5981,127,0,1
BRDA:5981,127,1,1
BRDA:6115,128,0,1
BRDA:6115,128,1,1
BRDA:6196,129,0,1
BRDA:6196,129,1,1
BRDA:6254,130,0,1
BRDA:6254,130,1,1
BRDA:6349,131,0,1
BRDA:6349,131,1,1
BRDA:6423,132,0,1
BRDA:6423,132,1,1
BRDA:6437,133,0,1
BRDA:6437,133,1,1
BRDA:6522,134,0,1
BRDA:6522,134,1,1
BRDA:6545,135,0,1
BRDA:6545,135,1,1
BRDA:6952,136,0,1
BRDA:6952,136,1,1
BRDA:7066,137,0,1
BRDA:7066,137,1,1
BRDA:7155,138,0,1
BRDA:7155,138,1,1
BRDA:7232,139,0,1
BRDA:7232,139,1,1
BRDA:7363,140,0,1
BRDA:7363,140,1,1
BRDA:7430,141,0,1
BRDA:7430,141,1,1
BRDA:7642,142,0,1
BRDA:7642,142,1,1
BRDA:7857,143,0,1
BRDA:7857,143,1,1
BRDA:8031,144,0,1
BRDA:8031,144,1,1
BRDA:8154,145,0,1
BRDA:8154,145,1,1
BRDA:8318,146,0,1
BRDA:8318,146,1,1
BRDA:8509,147,0,1
BRDA:8509,147,1,1
BRDA:8658,148,0,1
BRDA:8658,148,1,1
BRDA:8841,149,0,1
BRDA:8841,149,1,1
BRDA:8917,150,0,1
BRDA:8917,150,1,1
BRDA:8975,151,0,1
BRDA:8975,151,1,1
BRDA:9109,152,0,1
BRDA:9109,152,1,1
BRDA:9199,153,0,1
BRDA:9199,153,1,1
BRDA:9272,154,0,1
BRDA:9272,154,1,1
BRDA:9409,155,0,1
BRDA:9409,155,1,1
BRDA:9618,156,0,1
BRDA:9618,156,1,1
BRDA:9823,157,0,1
BRDA:9823,157,1,1
BRDA:10031,158,0,1
BRDA:10031,158,1,1
BRDA:10245,159,0,1
BRDA:10245,159,1,1
BRDA:10315,160,0,1
BRDA:10315,160,1,1
BRDA:10498,161,0,1
BRDA:10498,161,1,1
BRDA:10670,162,0,1
BRDA:10670,162,1,1
BRDA:10859,163,0,1
BRDA:10859,163,1,1
BRDA:11107,164,0,1
BRDA:11107,164,1,1
BRDA:11229,165,0,1
BRDA:11229,165,1,1
BRDA:11352,166,0,1
BRDA:11352,166,1,1
BRDA:11525,167,0,1
BRDA:11525,167,1,1
BRDA:11586,168,0,1
BRDA:11586,168,1,1
BRDA:11860,169,0,1
BRDA:11860,169,1,1
BRDA:12276,170,0,1
BRDA:12276,170,1,1
BRDA:12401,171,0,1
BRDA:12401,171,1,1
BRDA:12478,172,0,1
BRDA:12478,172,1,1
BRDA:12536,173,0,1
BRDA:12536,173,1,1
BRDA:12676,174,0,1
BRDA:12676,174,1,1
BRDA:12887,175,0,1
BRDA:12887,175,1,1
BRDA:13004,176,0,1
BRDA:13004,176,1,1
BRDA:13079,177,0,1
BRDA:13079,177,1,1
BRDA:13132,178,0,1
BRDA:13132,178,1,1
BRDA:13311,179,0,1
BRDA:13311,179,1,1
BRDA:13463,180,0,1
BRDA:13463,180,1,1
BRDA:13585,181,0,1
BRDA:13585,181,1,1
BRDA:13677,182,0,1
BRDA:13677,182,1,1
BRDA:13813,183,0,1
BRDA:13813,183,1,1
BRDA:13885,184,0,1
BRDA:13885,184,1,1
BRDA:17615,185,0,1
BRDA:17615,185,1,1
BRDA:17631,186,0,1
BRDA:17631,186,1,1
BRDA:17802,187,0,1
BRDA:17802,187,1,1
BRDA:17961,188,0,1
BRDA:17961,188,1,1
BRDA:18118,189,0,1
BRDA:18118,189,1,1
BRDA:18339,190,0,1
BRDA:18339,190,1,1
BRDA:18464,191,0,1
BRDA:18464,191,1,1
BRDA:18633,192,0,1
BRDA:18633,192,1,1
BRDA:18711,193,0,1
BRDA:18711,193,1,1
BRDA:18772,194,0,1
BRDA:18772,194,1,1
BRDA:18905,195,0,1
BRDA:18905,195,1,1
BRDA:19004,196,0,1
BRDA:19004,196,1,1
BRDA:19095,197,0,1
BRDA:19095,197,1,1
BRDA:19265,198,0,1
BRDA:19265,198,1,1
BRDA:19378,199,0,1
BRDA:19378,199,1,1
BRDA:19484,200,0,1
BRDA:19484,200,1,1
BRDA:21830,201,0,1
BRDA:21830,201,1,1
BRDA:21932,202,0,1
BRDA:21932,202,1,1
BRDA:21999,203,0,1
BRDA:21999,203,1,1
BRDA:22194,204,0,1
BRDA:22194,204,1,1
BRDA:22310,205,0,1
BRDA:22310,205,1,1
BRDA:22399,206,0,1
BRDA:22399,206,1,1
BRDA:22585,207,0,1
BRDA:22585,207,1,1
BRDA:22705,208,0,1
BRDA:22705,208,1,1
BRDA:22832,209,0,1
BRDA:22832,209,1,1
BRDA:23011,210,0,1
BRDA:23011,210,1,1
BRDA:23110,211,0,1
BRDA:23110,211,1,1
BRDA:23188,212,0,1
BRDA:23188,212,1,1
BRDA:25488,213,0,1
BRDA:25488,213,1,1
BRDA:25566,214,0,1
BRDA:25566,214,1,1
BRDA:25624,215,0,1
BRDA:25624,215,1,1
BRDA:25865,216,0,1
BRDA:25865,216,1,1
BRDA:26007,217,0,1
BRDA:26007,217,1,1
BRDA:26111,218,0,1
BRDA:26111,218,1,1
BRDA:26194,219,0,1
BRDA:26194,219,1,1
BRDA:26325,220,0,1
BRDA:26325,220,1,1
BRDA:26389,221,0,1
BRDA:26389,221,1,1
BRF:444
BRH:444
end_of_record
