TN:
SF:src\lib\UtilityFunctions.ts
FN:9,buf2hex
FN:10,(anonymous_5)
FN:13,toTitleCase
FN:22,(anonymous_7)
FN:36,filterObject
FN:38,(anonymous_9)
FN:40,(anonymous_10)
FN:41,(anonymous_11)
FN:45,(anonymous_12)
FN:52,filterObjectKeysWithProperty
FN:54,(anonymous_14)
FN:94,matchFirstOfArrayOrNull
FN:99,(anonymous_16)
FN:110,lengthZeroArrayToNull
FN:124,parseIntSafe
FN:139,parseFloatSafeWithDefault
FN:149,toUpperCamelCase
FN:150,(anonymous_21)
FN:159,toLowerCamelCase
FN:177,toMinimumFixed
FN:192,eliminateArrayDuplicates
FN:193,(anonymous_25)
FN:201,transparentLog
FN:220,getDaysInMonth
FN:241,isNumberArray
FN:292,is
FN:303,enumerable
FN:304,(anonymous_31)
FN:315,computeDefaultPagination
FN:325,getUnitFromUnitSystem
FN:340,sortByCaseInsensitiveText
FN:341,(anonymous_35)
FN:362,sortByNumber
FN:363,(anonymous_37)
FN:372,tableFilterFromEnum
FN:373,(anonymous_39)
FN:396,deepCopy
FN:410,deepEqual
FN:451,makeColumn
FN:458,(anonymous_43)
FN:477,commonFilterConfig
FN:481,(anonymous_45)
FN:504,flatArrayObjectProperty
FN:506,(anonymous_47)
FN:512,(anonymous_48)
FN:527,propValuesEqual
FNF:46
FNH:5
FNDA:0,buf2hex
FNDA:0,(anonymous_5)
FNDA:0,toTitleCase
FNDA:0,(anonymous_7)
FNDA:0,filterObject
FNDA:0,(anonymous_9)
FNDA:0,(anonymous_10)
FNDA:0,(anonymous_11)
FNDA:0,(anonymous_12)
FNDA:0,filterObjectKeysWithProperty
FNDA:0,(anonymous_14)
FNDA:0,matchFirstOfArrayOrNull
FNDA:0,(anonymous_16)
FNDA:0,lengthZeroArrayToNull
FNDA:0,parseIntSafe
FNDA:0,parseFloatSafeWithDefault
FNDA:0,toUpperCamelCase
FNDA:0,(anonymous_21)
FNDA:0,toLowerCamelCase
FNDA:0,toMinimumFixed
FNDA:0,eliminateArrayDuplicates
FNDA:0,(anonymous_25)
FNDA:0,transparentLog
FNDA:0,getDaysInMonth
FNDA:0,isNumberArray
FNDA:0,is
FNDA:1,enumerable
FNDA:1,(anonymous_31)
FNDA:0,computeDefaultPagination
FNDA:0,getUnitFromUnitSystem
FNDA:0,sortByCaseInsensitiveText
FNDA:0,(anonymous_35)
FNDA:0,sortByNumber
FNDA:0,(anonymous_37)
FNDA:0,tableFilterFromEnum
FNDA:0,(anonymous_39)
FNDA:0,deepCopy
FNDA:0,deepEqual
FNDA:0,makeColumn
FNDA:0,(anonymous_43)
FNDA:0,commonFilterConfig
FNDA:0,(anonymous_45)
FNDA:1,flatArrayObjectProperty
FNDA:3,(anonymous_47)
FNDA:5,(anonymous_48)
FNDA:0,propValuesEqual
DA:1,1
DA:2,1
DA:3,1
DA:4,1
DA:5,1
DA:7,1
DA:9,1
DA:10,0
DA:13,1
DA:15,0
DA:17,0
DA:19,0
DA:21,0
DA:22,0
DA:23,0
DA:36,1
DA:37,0
DA:38,0
DA:40,0
DA:41,0
DA:43,0
DA:46,0
DA:47,0
DA:52,1
DA:53,0
DA:54,0
DA:55,0
DA:56,0
DA:59,0
DA:94,1
DA:95,0
DA:96,0
DA:98,0
DA:99,0
DA:101,0
DA:110,1
DA:111,0
DA:115,0
DA:117,0
DA:124,1
DA:126,0
DA:127,0
DA:128,0
DA:130,0
DA:132,0
DA:133,0
DA:134,0
DA:139,1
DA:140,0
DA:141,0
DA:142,0
DA:149,1
DA:150,0
DA:151,0
DA:159,1
DA:160,0
DA:177,1
DA:178,0
DA:179,0
DA:181,0
DA:183,0
DA:185,0
DA:192,1
DA:193,0
DA:201,1
DA:202,0
DA:203,0
DA:220,1
DA:221,0
DA:222,0
DA:223,0
DA:224,0
DA:225,0
DA:226,0
DA:228,0
DA:229,0
DA:233,0
DA:241,1
DA:242,0
DA:243,0
DA:244,0
DA:245,0
DA:249,0
DA:292,1
DA:293,0
DA:303,1
DA:304,1
DA:305,1
DA:315,1
DA:316,0
DA:325,1
DA:326,0
DA:329,0
DA:332,0
DA:334,0
DA:340,1
DA:341,0
DA:342,0
DA:343,0
DA:344,0
DA:345,0
DA:347,0
DA:348,0
DA:351,0
DA:362,1
DA:363,0
DA:364,0
DA:372,1
DA:373,0
DA:374,0
DA:396,1
DA:397,0
DA:398,0
DA:400,0
DA:401,0
DA:410,1
DA:411,0
DA:412,0
DA:414,0
DA:415,0
DA:416,0
DA:451,1
DA:458,0
DA:459,0
DA:460,0
DA:477,1
DA:478,0
DA:481,0
DA:504,1
DA:505,1
DA:506,1
DA:507,3
DA:508,3
DA:509,0
DA:511,3
DA:512,2
DA:513,5
DA:516,1
DA:519,1
DA:527,1
DA:528,0
DA:529,0
DA:530,0
DA:533,0
LF:144
LH:45
BRDA:15,0,0,0
BRDA:15,0,1,0
BRDA:15,1,0,0
BRDA:15,1,1,0
BRDA:17,2,0,0
BRDA:17,2,1,0
BRDA:19,3,0,0
BRDA:19,3,1,0
BRDA:19,4,0,0
BRDA:19,4,1,0
BRDA:19,4,2,0
BRDA:21,5,0,0
BRDA:21,5,1,0
BRDA:36,6,0,0
BRDA:38,7,0,0
BRDA:38,7,1,0
BRDA:40,8,0,0
BRDA:40,8,1,0
BRDA:55,9,0,0
BRDA:55,9,1,0
BRDA:95,10,0,0
BRDA:95,10,1,0
BRDA:95,11,0,0
BRDA:95,11,1,0
BRDA:98,12,0,0
BRDA:98,12,1,0
BRDA:99,13,0,0
BRDA:99,13,1,0
BRDA:111,14,0,0
BRDA:111,14,1,0
BRDA:111,15,0,0
BRDA:111,15,1,0
BRDA:126,16,0,0
BRDA:126,16,1,0
BRDA:127,17,0,0
BRDA:127,17,1,0
BRDA:132,18,0,0
BRDA:132,18,1,0
BRDA:133,19,0,0
BRDA:133,19,1,0
BRDA:134,20,0,0
BRDA:134,20,1,0
BRDA:134,21,0,0
BRDA:134,21,1,0
BRDA:134,22,0,0
BRDA:134,22,1,0
BRDA:140,23,0,0
BRDA:140,23,1,0
BRDA:142,24,0,0
BRDA:142,24,1,0
BRDA:177,25,0,0
BRDA:178,26,0,0
BRDA:178,26,1,0
BRDA:181,27,0,0
BRDA:181,27,1,0
BRDA:181,28,0,0
BRDA:181,28,1,0
BRDA:223,29,0,0
BRDA:223,29,1,0
BRDA:242,30,0,0
BRDA:242,30,1,0
BRDA:243,31,0,0
BRDA:243,31,1,0
BRDA:244,32,0,0
BRDA:244,32,1,0
BRDA:327,33,0,0
BRDA:327,33,1,0
BRDA:327,33,2,0
BRDA:327,33,3,0
BRDA:327,33,4,0
BRDA:342,34,0,0
BRDA:342,34,1,0
BRDA:342,35,0,0
BRDA:342,35,1,0
BRDA:343,36,0,0
BRDA:343,36,1,0
BRDA:343,37,0,0
BRDA:343,37,1,0
BRDA:344,38,0,0
BRDA:344,38,1,0
BRDA:347,39,0,0
BRDA:347,39,1,0
BRDA:397,40,0,0
BRDA:397,40,1,0
BRDA:411,41,0,0
BRDA:411,41,1,0
BRDA:411,42,0,0
BRDA:411,42,1,0
BRDA:458,43,0,0
BRDA:458,43,1,0
BRDA:459,44,0,0
BRDA:459,44,1,0
BRDA:467,45,0,0
BRDA:467,45,1,0
BRDA:508,46,0,0
BRDA:508,46,1,3
BRDA:511,47,0,2
BRDA:511,47,1,1
BRDA:529,48,0,0
BRDA:529,48,1,0
BRF:100
BRH:3
end_of_record
TN:
SF:src\lib\types\UtilityTypes.ts
FNF:0
FNH:0
DA:1,2
DA:2,2
LF:2
LH:2
BRF:0
BRH:0
end_of_record
TN:
SF:src\lib\types\graphql.tsx
FN:70,(anonymous_7)
FN:155,(anonymous_8)
FN:188,(anonymous_9)
FN:282,(anonymous_10)
FN:353,(anonymous_11)
FN:367,(anonymous_12)
FN:426,(anonymous_13)
FN:433,(anonymous_14)
FN:518,(anonymous_15)
FN:532,(anonymous_16)
FN:591,(anonymous_17)
FN:596,(anonymous_18)
FN:678,(anonymous_19)
FN:692,(anonymous_20)
FN:756,(anonymous_21)
FN:761,(anonymous_22)
FN:885,(anonymous_23)
FN:899,(anonymous_24)
FN:965,(anonymous_25)
FN:970,(anonymous_26)
FN:1070,(anonymous_27)
FN:1084,(anonymous_28)
FN:1143,(anonymous_29)
FN:1148,(anonymous_30)
FN:1256,(anonymous_31)
FN:1270,(anonymous_32)
FN:1329,(anonymous_33)
FN:1334,(anonymous_34)
FN:1416,(anonymous_35)
FN:1430,(anonymous_36)
FN:1494,(anonymous_37)
FN:1499,(anonymous_38)
FN:1591,(anonymous_39)
FN:1605,(anonymous_40)
FN:1664,(anonymous_41)
FN:1669,(anonymous_42)
FN:1759,(anonymous_43)
FN:1773,(anonymous_44)
FN:1832,(anonymous_45)
FN:1837,(anonymous_46)
FN:1944,(anonymous_47)
FN:1958,(anonymous_48)
FN:2017,(anonymous_49)
FN:2022,(anonymous_50)
FN:2104,(anonymous_51)
FN:2118,(anonymous_52)
FN:2182,(anonymous_53)
FN:2187,(anonymous_54)
FN:2283,(anonymous_55)
FN:2297,(anonymous_56)
FN:2361,(anonymous_57)
FN:2366,(anonymous_58)
FN:2462,(anonymous_59)
FN:2476,(anonymous_60)
FN:2535,(anonymous_61)
FN:2540,(anonymous_62)
FN:2622,(anonymous_63)
FN:2636,(anonymous_64)
FN:2700,(anonymous_65)
FN:2705,(anonymous_66)
FN:2787,(anonymous_67)
FN:2801,(anonymous_68)
FN:2865,(anonymous_69)
FN:2870,(anonymous_70)
FN:2960,(anonymous_71)
FN:2974,(anonymous_72)
FN:3038,(anonymous_73)
FN:3043,(anonymous_74)
FN:3132,(anonymous_75)
FN:3146,(anonymous_76)
FN:3205,(anonymous_77)
FN:3210,(anonymous_78)
FN:3294,(anonymous_79)
FN:3308,(anonymous_80)
FN:3372,(anonymous_81)
FN:3377,(anonymous_82)
FN:3463,(anonymous_83)
FN:3477,(anonymous_84)
FN:3541,(anonymous_85)
FN:3546,(anonymous_86)
FN:3645,(anonymous_87)
FN:3659,(anonymous_88)
FN:3723,(anonymous_89)
FN:3728,(anonymous_90)
FN:3811,(anonymous_91)
FN:3825,(anonymous_92)
FN:3884,(anonymous_93)
FN:3955,(anonymous_94)
FN:3969,(anonymous_95)
FN:4028,(anonymous_96)
FN:4099,(anonymous_97)
FN:4113,(anonymous_98)
FN:4172,(anonymous_99)
FN:4243,(anonymous_100)
FN:4257,(anonymous_101)
FN:4316,(anonymous_102)
FN:4387,(anonymous_103)
FN:4401,(anonymous_104)
FN:4460,(anonymous_105)
FN:4531,(anonymous_106)
FN:4545,(anonymous_107)
FN:4604,(anonymous_108)
FN:4675,(anonymous_109)
FN:4689,(anonymous_110)
FN:4753,(anonymous_111)
FN:4758,(anonymous_112)
FN:4844,(anonymous_113)
FN:4858,(anonymous_114)
FN:4917,(anonymous_115)
FN:4922,(anonymous_116)
FN:5008,(anonymous_117)
FN:5022,(anonymous_118)
FN:5086,(anonymous_119)
FN:5091,(anonymous_120)
FN:5176,(anonymous_121)
FN:5190,(anonymous_122)
FN:5254,(anonymous_123)
FN:5259,(anonymous_124)
FN:5345,(anonymous_125)
FN:5359,(anonymous_126)
FN:5418,(anonymous_127)
FN:5423,(anonymous_128)
FN:5504,(anonymous_129)
FN:5518,(anonymous_130)
FN:5694,(anonymous_131)
FN:5813,(anonymous_132)
FN:5917,(anonymous_133)
FN:5981,(anonymous_134)
FN:6115,(anonymous_135)
FN:6196,(anonymous_136)
FN:6254,(anonymous_137)
FN:6349,(anonymous_138)
FN:6423,(anonymous_139)
FN:6437,(anonymous_140)
FN:6522,(anonymous_141)
FN:6545,(anonymous_142)
FN:6952,(anonymous_143)
FN:7066,(anonymous_144)
FN:7155,(anonymous_145)
FN:7232,(anonymous_146)
FN:7363,(anonymous_147)
FN:7430,(anonymous_148)
FN:7642,(anonymous_149)
FN:7857,(anonymous_150)
FN:8031,(anonymous_151)
FN:8154,(anonymous_152)
FN:8318,(anonymous_153)
FN:8509,(anonymous_154)
FN:8658,(anonymous_155)
FN:8841,(anonymous_156)
FN:8917,(anonymous_157)
FN:8975,(anonymous_158)
FN:9109,(anonymous_159)
FN:9199,(anonymous_160)
FN:9272,(anonymous_161)
FN:9409,(anonymous_162)
FN:9618,(anonymous_163)
FN:9823,(anonymous_164)
FN:10031,(anonymous_165)
FN:10245,(anonymous_166)
FN:10315,(anonymous_167)
FN:10498,(anonymous_168)
FN:10670,(anonymous_169)
FN:10859,(anonymous_170)
FN:11107,(anonymous_171)
FN:11229,(anonymous_172)
FN:11352,(anonymous_173)
FN:11525,(anonymous_174)
FN:11586,(anonymous_175)
FN:11860,(anonymous_176)
FN:12276,(anonymous_177)
FN:12401,(anonymous_178)
FN:12478,(anonymous_179)
FN:12536,(anonymous_180)
FN:12676,(anonymous_181)
FN:12887,(anonymous_182)
FN:13004,(anonymous_183)
FN:13079,(anonymous_184)
FN:13132,(anonymous_185)
FN:13311,(anonymous_186)
FN:13463,(anonymous_187)
FN:13585,(anonymous_188)
FN:13677,(anonymous_189)
FN:13813,(anonymous_190)
FN:13885,(anonymous_191)
FN:17615,(anonymous_192)
FN:17631,(anonymous_193)
FN:17802,(anonymous_194)
FN:17961,(anonymous_195)
FN:18118,(anonymous_196)
FN:18339,(anonymous_197)
FN:18464,(anonymous_198)
FN:18633,(anonymous_199)
FN:18711,(anonymous_200)
FN:18772,(anonymous_201)
FN:18905,(anonymous_202)
FN:19004,(anonymous_203)
FN:19095,(anonymous_204)
FN:19265,(anonymous_205)
FN:19378,(anonymous_206)
FN:19484,(anonymous_207)
FN:21830,(anonymous_208)
FN:21932,(anonymous_209)
FN:21999,(anonymous_210)
FN:22194,(anonymous_211)
FN:22310,(anonymous_212)
FN:22399,(anonymous_213)
FN:22585,(anonymous_214)
FN:22705,(anonymous_215)
FN:22832,(anonymous_216)
FN:23011,(anonymous_217)
FN:23110,(anonymous_218)
FN:23188,(anonymous_219)
FN:25488,(anonymous_220)
FN:25566,(anonymous_221)
FN:25624,(anonymous_222)
FN:25865,(anonymous_223)
FN:26007,(anonymous_224)
FN:26111,(anonymous_225)
FN:26194,(anonymous_226)
FN:26325,(anonymous_227)
FN:26389,(anonymous_228)
FN:27828,withInsertIcon
FN:27861,useInsertIconMutation
FN:27888,withGetIcon
FN:27915,useGetIconQuery
FN:27918,useGetIconLazyQuery
FN:27945,withGetIcons
FN:27971,useGetIconsQuery
FN:27974,useGetIconsLazyQuery
FN:27993,withSearchItems
FN:28021,useSearchItemsQuery
FN:28024,useSearchItemsLazyQuery
FN:28040,withGetLabels
FN:28066,useGetLabelsQuery
FN:28069,useGetLabelsLazyQuery
FN:28085,withGetLabel
FN:28112,useGetLabelQuery
FN:28115,useGetLabelLazyQuery
FN:28131,withGetLabelByItemId
FN:28158,useGetLabelByItemIdQuery
FN:28161,useGetLabelByItemIdLazyQuery
FN:28177,withGetTemplates
FN:28203,useGetTemplatesQuery
FN:28206,useGetTemplatesLazyQuery
FN:28222,withGetSingleLabels
FN:28248,useGetSingleLabelsQuery
FN:28251,useGetSingleLabelsLazyQuery
FN:28271,withSaveLabel
FN:28304,useSaveLabelMutation
FN:28325,withEditLabel
FN:28358,useEditLabelMutation
FN:28374,withGetManufacturers
FN:28400,useGetManufacturersQuery
FN:28403,useGetManufacturersLazyQuery
FN:28421,withGetManufacturer
FN:28448,useGetManufacturerQuery
FN:28451,useGetManufacturerLazyQuery
FN:28467,withSearchManufacturers
FN:28494,useSearchManufacturersQuery
FN:28497,useSearchManufacturersLazyQuery
FN:28514,withInsertManufacturer
FN:28544,useInsertManufacturerMutation
FN:28561,withInsertManufacturerWithVendor
FN:28591,useInsertManufacturerWithVendorMutation
FN:28610,withUpdateManufacturerUnchangedVendor
FN:28640,useUpdateManufacturerUnchangedVendorMutation
FN:28657,withDeleteManufacturer
FN:28685,useDeleteManufacturerMutation
FN:28709,withInsertVendorWithExistingManufacturer
FN:28740,useInsertVendorWithExistingManufacturerMutation
FN:28756,withGetManufacturerItems
FN:28782,useGetManufacturerItemsQuery
FN:28785,useGetManufacturerItemsLazyQuery
FN:28811,withSearchManufacturerItems
FN:28839,useSearchManufacturerItemsQuery
FN:28842,useSearchManufacturerItemsLazyQuery
FN:28858,withGetManufacturerItem
FN:28885,useGetManufacturerItemQuery
FN:28888,useGetManufacturerItemLazyQuery
FN:28905,withUpdateManufacturerItem
FN:28940,useUpdateManufacturerItemMutation
FN:28957,withInsertManufacturerItem
FN:28991,useInsertManufacturerItemMutation
FN:29008,withDeleteManufacturerItem
FN:29036,useDeleteManufacturerItemMutation
FN:29054,withGetOrdersByDateRange
FN:29082,useGetOrdersByDateRangeQuery
FN:29085,useGetOrdersByDateRangeLazyQuery
FN:29103,withGetOrders
FN:29129,useGetOrdersQuery
FN:29132,useGetOrdersLazyQuery
FN:29201,withGetOrder
FN:29228,useGetOrderQuery
FN:29231,useGetOrderLazyQuery
FN:29250,withInsertOrder
FN:29291,useInsertOrderMutation
FN:29310,withUpdateOrder
FN:29348,useUpdateOrderMutation
FN:29365,withDeleteOrder
FN:29393,useDeleteOrderMutation
FN:29409,withGetItemVariants
FN:29437,useGetItemVariantsQuery
FN:29440,useGetItemVariantsLazyQuery
FN:29456,withGetItemVariantByAttached
FN:29487,useGetItemVariantByAttachedQuery
FN:29490,useGetItemVariantByAttachedLazyQuery
FN:29507,withUpdateOrderItem
FN:29545,useUpdateOrderItemMutation
FN:29573,withGetPrinterStatus
FN:29599,useGetPrinterStatusQuery
FN:29602,useGetPrinterStatusLazyQuery
FN:29619,withSendBuffer
FN:29647,useSendBufferMutation
FN:29665,withGetShipments
FN:29691,useGetShipmentsQuery
FN:29694,useGetShipmentsLazyQuery
FN:29712,withGetShipment
FN:29739,useGetShipmentQuery
FN:29742,useGetShipmentLazyQuery
FN:29760,withSearchShipments
FN:29787,useSearchShipmentsQuery
FN:29790,useSearchShipmentsLazyQuery
FN:29807,withInsertShipment
FN:29840,useInsertShipmentMutation
FN:29857,withUpdateShipment
FN:29891,useUpdateShipmentMutation
FN:29908,withDeleteShipment
FN:29936,useDeleteShipmentMutation
FN:29955,withGetVendors
FN:29981,useGetVendorsQuery
FN:29984,useGetVendorsLazyQuery
FN:30002,withGetVendor
FN:30029,useGetVendorQuery
FN:30032,useGetVendorLazyQuery
FN:30048,withSearchVendors
FN:30075,useSearchVendorsQuery
FN:30078,useSearchVendorsLazyQuery
FN:30095,withInsertVendor
FN:30126,useInsertVendorMutation
FN:30145,withUpdateVendor
FN:30176,useUpdateVendorMutation
FN:30193,withDeleteVendor
FN:30221,useDeleteVendorMutation
FN:30237,withGetVendorItems
FN:30263,useGetVendorItemsQuery
FN:30266,useGetVendorItemsLazyQuery
FN:30293,withSearchVendorItems
FN:30321,useSearchVendorItemsQuery
FN:30324,useSearchVendorItemsLazyQuery
FN:30340,withGetVendorItem
FN:30367,useGetVendorItemQuery
FN:30370,useGetVendorItemLazyQuery
FN:30387,withUpdateVendorItem
FN:30419,useUpdateVendorItemMutation
FN:30436,withInsertVendorItem
FN:30467,useInsertVendorItemMutation
FN:30484,withDeleteVendorItem
FN:30512,useDeleteVendorItemMutation
FN:30528,withGetItems
FN:30555,useGetItemsQuery
FN:30558,useGetItemsLazyQuery
FN:30574,withGetItemsById
FN:30601,useGetItemsByIdQuery
FN:30604,useGetItemsByIdLazyQuery
FN:30620,withGetItem
FN:30647,useGetItemQuery
FN:30650,useGetItemLazyQuery
FN:30669,withItemSearch
FN:30696,useItemSearchQuery
FN:30699,useItemSearchLazyQuery
FN:30722,withItemBundle
FN:30748,useItemBundleQuery
FN:30751,useItemBundleLazyQuery
FN:30767,withItemHardwareFastenerScrewMachine
FN:30793,useItemHardwareFastenerScrewMachineQuery
FN:30796,useItemHardwareFastenerScrewMachineLazyQuery
FN:30813,withInsertItemHardwareFastenerScrewMachine
FN:30868,useInsertItemHardwareFastenerScrewMachineMutation
FN:30885,withGetEnumItemHardwareFastenerThreadStandard
FN:30911,useGetEnumItemHardwareFastenerThreadStandardQuery
FN:30914,useGetEnumItemHardwareFastenerThreadStandardLazyQuery
FN:30931,withUpdateItemHardwareFastenerScrewMachine
FN:30986,useUpdateItemHardwareFastenerScrewMachineMutation
FNF:384
FNH:222
FNDA:2,(anonymous_7)
FNDA:2,(anonymous_8)
FNDA:2,(anonymous_9)
FNDA:2,(anonymous_10)
FNDA:2,(anonymous_11)
FNDA:2,(anonymous_12)
FNDA:2,(anonymous_13)
FNDA:2,(anonymous_14)
FNDA:2,(anonymous_15)
FNDA:2,(anonymous_16)
FNDA:2,(anonymous_17)
FNDA:2,(anonymous_18)
FNDA:2,(anonymous_19)
FNDA:2,(anonymous_20)
FNDA:2,(anonymous_21)
FNDA:2,(anonymous_22)
FNDA:2,(anonymous_23)
FNDA:2,(anonymous_24)
FNDA:2,(anonymous_25)
FNDA:2,(anonymous_26)
FNDA:2,(anonymous_27)
FNDA:2,(anonymous_28)
FNDA:2,(anonymous_29)
FNDA:2,(anonymous_30)
FNDA:2,(anonymous_31)
FNDA:2,(anonymous_32)
FNDA:2,(anonymous_33)
FNDA:2,(anonymous_34)
FNDA:2,(anonymous_35)
FNDA:2,(anonymous_36)
FNDA:2,(anonymous_37)
FNDA:2,(anonymous_38)
FNDA:2,(anonymous_39)
FNDA:2,(anonymous_40)
FNDA:2,(anonymous_41)
FNDA:2,(anonymous_42)
FNDA:2,(anonymous_43)
FNDA:2,(anonymous_44)
FNDA:2,(anonymous_45)
FNDA:2,(anonymous_46)
FNDA:2,(anonymous_47)
FNDA:2,(anonymous_48)
FNDA:2,(anonymous_49)
FNDA:2,(anonymous_50)
FNDA:2,(anonymous_51)
FNDA:2,(anonymous_52)
FNDA:2,(anonymous_53)
FNDA:2,(anonymous_54)
FNDA:2,(anonymous_55)
FNDA:2,(anonymous_56)
FNDA:2,(anonymous_57)
FNDA:2,(anonymous_58)
FNDA:2,(anonymous_59)
FNDA:2,(anonymous_60)
FNDA:2,(anonymous_61)
FNDA:2,(anonymous_62)
FNDA:2,(anonymous_63)
FNDA:2,(anonymous_64)
FNDA:2,(anonymous_65)
FNDA:2,(anonymous_66)
FNDA:2,(anonymous_67)
FNDA:2,(anonymous_68)
FNDA:2,(anonymous_69)
FNDA:2,(anonymous_70)
FNDA:2,(anonymous_71)
FNDA:2,(anonymous_72)
FNDA:2,(anonymous_73)
FNDA:2,(anonymous_74)
FNDA:2,(anonymous_75)
FNDA:2,(anonymous_76)
FNDA:2,(anonymous_77)
FNDA:2,(anonymous_78)
FNDA:2,(anonymous_79)
FNDA:2,(anonymous_80)
FNDA:2,(anonymous_81)
FNDA:2,(anonymous_82)
FNDA:2,(anonymous_83)
FNDA:2,(anonymous_84)
FNDA:2,(anonymous_85)
FNDA:2,(anonymous_86)
FNDA:2,(anonymous_87)
FNDA:2,(anonymous_88)
FNDA:2,(anonymous_89)
FNDA:2,(anonymous_90)
FNDA:2,(anonymous_91)
FNDA:2,(anonymous_92)
FNDA:2,(anonymous_93)
FNDA:2,(anonymous_94)
FNDA:2,(anonymous_95)
FNDA:2,(anonymous_96)
FNDA:2,(anonymous_97)
FNDA:2,(anonymous_98)
FNDA:2,(anonymous_99)
FNDA:2,(anonymous_100)
FNDA:2,(anonymous_101)
FNDA:2,(anonymous_102)
FNDA:2,(anonymous_103)
FNDA:2,(anonymous_104)
FNDA:2,(anonymous_105)
FNDA:2,(anonymous_106)
FNDA:2,(anonymous_107)
FNDA:2,(anonymous_108)
FNDA:2,(anonymous_109)
FNDA:2,(anonymous_110)
FNDA:2,(anonymous_111)
FNDA:2,(anonymous_112)
FNDA:2,(anonymous_113)
FNDA:2,(anonymous_114)
FNDA:2,(anonymous_115)
FNDA:2,(anonymous_116)
FNDA:2,(anonymous_117)
FNDA:2,(anonymous_118)
FNDA:2,(anonymous_119)
FNDA:2,(anonymous_120)
FNDA:2,(anonymous_121)
FNDA:2,(anonymous_122)
FNDA:2,(anonymous_123)
FNDA:2,(anonymous_124)
FNDA:2,(anonymous_125)
FNDA:2,(anonymous_126)
FNDA:2,(anonymous_127)
FNDA:2,(anonymous_128)
FNDA:2,(anonymous_129)
FNDA:2,(anonymous_130)
FNDA:2,(anonymous_131)
FNDA:2,(anonymous_132)
FNDA:2,(anonymous_133)
FNDA:2,(anonymous_134)
FNDA:2,(anonymous_135)
FNDA:2,(anonymous_136)
FNDA:2,(anonymous_137)
FNDA:2,(anonymous_138)
FNDA:2,(anonymous_139)
FNDA:2,(anonymous_140)
FNDA:2,(anonymous_141)
FNDA:2,(anonymous_142)
FNDA:2,(anonymous_143)
FNDA:2,(anonymous_144)
FNDA:2,(anonymous_145)
FNDA:2,(anonymous_146)
FNDA:2,(anonymous_147)
FNDA:2,(anonymous_148)
FNDA:2,(anonymous_149)
FNDA:2,(anonymous_150)
FNDA:2,(anonymous_151)
FNDA:2,(anonymous_152)
FNDA:2,(anonymous_153)
FNDA:2,(anonymous_154)
FNDA:2,(anonymous_155)
FNDA:2,(anonymous_156)
FNDA:2,(anonymous_157)
FNDA:2,(anonymous_158)
FNDA:2,(anonymous_159)
FNDA:2,(anonymous_160)
FNDA:2,(anonymous_161)
FNDA:2,(anonymous_162)
FNDA:2,(anonymous_163)
FNDA:2,(anonymous_164)
FNDA:2,(anonymous_165)
FNDA:2,(anonymous_166)
FNDA:2,(anonymous_167)
FNDA:2,(anonymous_168)
FNDA:2,(anonymous_169)
FNDA:2,(anonymous_170)
FNDA:2,(anonymous_171)
FNDA:2,(anonymous_172)
FNDA:2,(anonymous_173)
FNDA:2,(anonymous_174)
FNDA:2,(anonymous_175)
FNDA:2,(anonymous_176)
FNDA:2,(anonymous_177)
FNDA:2,(anonymous_178)
FNDA:2,(anonymous_179)
FNDA:2,(anonymous_180)
FNDA:2,(anonymous_181)
FNDA:2,(anonymous_182)
FNDA:2,(anonymous_183)
FNDA:2,(anonymous_184)
FNDA:2,(anonymous_185)
FNDA:2,(anonymous_186)
FNDA:2,(anonymous_187)
FNDA:2,(anonymous_188)
FNDA:2,(anonymous_189)
FNDA:2,(anonymous_190)
FNDA:2,(anonymous_191)
FNDA:2,(anonymous_192)
FNDA:2,(anonymous_193)
FNDA:2,(anonymous_194)
FNDA:2,(anonymous_195)
FNDA:2,(anonymous_196)
FNDA:2,(anonymous_197)
FNDA:2,(anonymous_198)
FNDA:2,(anonymous_199)
FNDA:2,(anonymous_200)
FNDA:2,(anonymous_201)
FNDA:2,(anonymous_202)
FNDA:2,(anonymous_203)
FNDA:2,(anonymous_204)
FNDA:2,(anonymous_205)
FNDA:2,(anonymous_206)
FNDA:2,(anonymous_207)
FNDA:2,(anonymous_208)
FNDA:2,(anonymous_209)
FNDA:2,(anonymous_210)
FNDA:2,(anonymous_211)
FNDA:2,(anonymous_212)
FNDA:2,(anonymous_213)
FNDA:2,(anonymous_214)
FNDA:2,(anonymous_215)
FNDA:2,(anonymous_216)
FNDA:2,(anonymous_217)
FNDA:2,(anonymous_218)
FNDA:2,(anonymous_219)
FNDA:2,(anonymous_220)
FNDA:2,(anonymous_221)
FNDA:2,(anonymous_222)
FNDA:2,(anonymous_223)
FNDA:2,(anonymous_224)
FNDA:2,(anonymous_225)
FNDA:2,(anonymous_226)
FNDA:2,(anonymous_227)
FNDA:2,(anonymous_228)
FNDA:0,withInsertIcon
FNDA:0,useInsertIconMutation
FNDA:0,withGetIcon
FNDA:0,useGetIconQuery
FNDA:0,useGetIconLazyQuery
FNDA:0,withGetIcons
FNDA:0,useGetIconsQuery
FNDA:0,useGetIconsLazyQuery
FNDA:0,withSearchItems
FNDA:0,useSearchItemsQuery
FNDA:0,useSearchItemsLazyQuery
FNDA:0,withGetLabels
FNDA:0,useGetLabelsQuery
FNDA:0,useGetLabelsLazyQuery
FNDA:0,withGetLabel
FNDA:0,useGetLabelQuery
FNDA:0,useGetLabelLazyQuery
FNDA:0,withGetLabelByItemId
FNDA:0,useGetLabelByItemIdQuery
FNDA:0,useGetLabelByItemIdLazyQuery
FNDA:0,withGetTemplates
FNDA:0,useGetTemplatesQuery
FNDA:0,useGetTemplatesLazyQuery
FNDA:0,withGetSingleLabels
FNDA:0,useGetSingleLabelsQuery
FNDA:0,useGetSingleLabelsLazyQuery
FNDA:0,withSaveLabel
FNDA:0,useSaveLabelMutation
FNDA:0,withEditLabel
FNDA:0,useEditLabelMutation
FNDA:0,withGetManufacturers
FNDA:0,useGetManufacturersQuery
FNDA:0,useGetManufacturersLazyQuery
FNDA:0,withGetManufacturer
FNDA:0,useGetManufacturerQuery
FNDA:0,useGetManufacturerLazyQuery
FNDA:0,withSearchManufacturers
FNDA:0,useSearchManufacturersQuery
FNDA:0,useSearchManufacturersLazyQuery
FNDA:0,withInsertManufacturer
FNDA:0,useInsertManufacturerMutation
FNDA:0,withInsertManufacturerWithVendor
FNDA:0,useInsertManufacturerWithVendorMutation
FNDA:0,withUpdateManufacturerUnchangedVendor
FNDA:0,useUpdateManufacturerUnchangedVendorMutation
FNDA:0,withDeleteManufacturer
FNDA:0,useDeleteManufacturerMutation
FNDA:0,withInsertVendorWithExistingManufacturer
FNDA:0,useInsertVendorWithExistingManufacturerMutation
FNDA:0,withGetManufacturerItems
FNDA:0,useGetManufacturerItemsQuery
FNDA:0,useGetManufacturerItemsLazyQuery
FNDA:0,withSearchManufacturerItems
FNDA:0,useSearchManufacturerItemsQuery
FNDA:0,useSearchManufacturerItemsLazyQuery
FNDA:0,withGetManufacturerItem
FNDA:0,useGetManufacturerItemQuery
FNDA:0,useGetManufacturerItemLazyQuery
FNDA:0,withUpdateManufacturerItem
FNDA:0,useUpdateManufacturerItemMutation
FNDA:0,withInsertManufacturerItem
FNDA:0,useInsertManufacturerItemMutation
FNDA:0,withDeleteManufacturerItem
FNDA:0,useDeleteManufacturerItemMutation
FNDA:0,withGetOrdersByDateRange
FNDA:0,useGetOrdersByDateRangeQuery
FNDA:0,useGetOrdersByDateRangeLazyQuery
FNDA:0,withGetOrders
FNDA:0,useGetOrdersQuery
FNDA:0,useGetOrdersLazyQuery
FNDA:0,withGetOrder
FNDA:0,useGetOrderQuery
FNDA:0,useGetOrderLazyQuery
FNDA:0,withInsertOrder
FNDA:0,useInsertOrderMutation
FNDA:0,withUpdateOrder
FNDA:0,useUpdateOrderMutation
FNDA:0,withDeleteOrder
FNDA:0,useDeleteOrderMutation
FNDA:0,withGetItemVariants
FNDA:0,useGetItemVariantsQuery
FNDA:0,useGetItemVariantsLazyQuery
FNDA:0,withGetItemVariantByAttached
FNDA:0,useGetItemVariantByAttachedQuery
FNDA:0,useGetItemVariantByAttachedLazyQuery
FNDA:0,withUpdateOrderItem
FNDA:0,useUpdateOrderItemMutation
FNDA:0,withGetPrinterStatus
FNDA:0,useGetPrinterStatusQuery
FNDA:0,useGetPrinterStatusLazyQuery
FNDA:0,withSendBuffer
FNDA:0,useSendBufferMutation
FNDA:0,withGetShipments
FNDA:0,useGetShipmentsQuery
FNDA:0,useGetShipmentsLazyQuery
FNDA:0,withGetShipment
FNDA:0,useGetShipmentQuery
FNDA:0,useGetShipmentLazyQuery
FNDA:0,withSearchShipments
FNDA:0,useSearchShipmentsQuery
FNDA:0,useSearchShipmentsLazyQuery
FNDA:0,withInsertShipment
FNDA:0,useInsertShipmentMutation
FNDA:0,withUpdateShipment
FNDA:0,useUpdateShipmentMutation
FNDA:0,withDeleteShipment
FNDA:0,useDeleteShipmentMutation
FNDA:0,withGetVendors
FNDA:0,useGetVendorsQuery
FNDA:0,useGetVendorsLazyQuery
FNDA:0,withGetVendor
FNDA:0,useGetVendorQuery
FNDA:0,useGetVendorLazyQuery
FNDA:0,withSearchVendors
FNDA:0,useSearchVendorsQuery
FNDA:0,useSearchVendorsLazyQuery
FNDA:0,withInsertVendor
FNDA:0,useInsertVendorMutation
FNDA:0,withUpdateVendor
FNDA:0,useUpdateVendorMutation
FNDA:0,withDeleteVendor
FNDA:0,useDeleteVendorMutation
FNDA:0,withGetVendorItems
FNDA:0,useGetVendorItemsQuery
FNDA:0,useGetVendorItemsLazyQuery
FNDA:0,withSearchVendorItems
FNDA:0,useSearchVendorItemsQuery
FNDA:0,useSearchVendorItemsLazyQuery
FNDA:0,withGetVendorItem
FNDA:0,useGetVendorItemQuery
FNDA:0,useGetVendorItemLazyQuery
FNDA:0,withUpdateVendorItem
FNDA:0,useUpdateVendorItemMutation
FNDA:0,withInsertVendorItem
FNDA:0,useInsertVendorItemMutation
FNDA:0,withDeleteVendorItem
FNDA:0,useDeleteVendorItemMutation
FNDA:0,withGetItems
FNDA:0,useGetItemsQuery
FNDA:0,useGetItemsLazyQuery
FNDA:0,withGetItemsById
FNDA:0,useGetItemsByIdQuery
FNDA:0,useGetItemsByIdLazyQuery
FNDA:0,withGetItem
FNDA:0,useGetItemQuery
FNDA:0,useGetItemLazyQuery
FNDA:0,withItemSearch
FNDA:0,useItemSearchQuery
FNDA:0,useItemSearchLazyQuery
FNDA:0,withItemBundle
FNDA:0,useItemBundleQuery
FNDA:0,useItemBundleLazyQuery
FNDA:0,withItemHardwareFastenerScrewMachine
FNDA:0,useItemHardwareFastenerScrewMachineQuery
FNDA:0,useItemHardwareFastenerScrewMachineLazyQuery
FNDA:0,withInsertItemHardwareFastenerScrewMachine
FNDA:0,useInsertItemHardwareFastenerScrewMachineMutation
FNDA:0,withGetEnumItemHardwareFastenerThreadStandard
FNDA:0,useGetEnumItemHardwareFastenerThreadStandardQuery
FNDA:0,useGetEnumItemHardwareFastenerThreadStandardLazyQuery
FNDA:0,withUpdateItemHardwareFastenerScrewMachine
FNDA:0,useUpdateItemHardwareFastenerScrewMachineMutation
DA:1,2
DA:2,2
DA:3,2
DA:4,2
DA:70,2
DA:71,2
DA:72,2
DA:73,2
DA:74,2
DA:75,2
DA:76,2
DA:77,2
DA:78,2
DA:79,2
DA:155,2
DA:156,2
DA:157,2
DA:158,2
DA:159,2
DA:160,2
DA:161,2
DA:162,2
DA:163,2
DA:164,2
DA:165,2
DA:166,2
DA:167,2
DA:168,2
DA:169,2
DA:170,2
DA:171,2
DA:172,2
DA:173,2
DA:174,2
DA:175,2
DA:176,2
DA:177,2
DA:178,2
DA:179,2
DA:180,2
DA:181,2
DA:182,2
DA:183,2
DA:184,2
DA:185,2
DA:188,2
DA:189,2
DA:190,2
DA:191,2
DA:192,2
DA:193,2
DA:194,2
DA:195,2
DA:196,2
DA:197,2
DA:198,2
DA:282,2
DA:284,2
DA:353,2
DA:355,2
DA:357,2
DA:367,2
DA:369,2
DA:371,2
DA:426,2
DA:428,2
DA:430,2
DA:433,2
DA:434,2
DA:435,2
DA:436,2
DA:437,2
DA:438,2
DA:440,2
DA:518,2
DA:520,2
DA:522,2
DA:532,2
DA:534,2
DA:536,2
DA:591,2
DA:593,2
DA:596,2
DA:598,2
DA:600,2
DA:678,2
DA:680,2
DA:682,2
DA:692,2
DA:694,2
DA:696,2
DA:756,2
DA:758,2
DA:761,2
DA:763,2
DA:765,2
DA:767,2
DA:769,2
DA:771,2
DA:773,2
DA:775,2
DA:777,2
DA:779,2
DA:781,2
DA:783,2
DA:785,2
DA:787,2
DA:789,2
DA:791,2
DA:793,2
DA:795,2
DA:797,2
DA:799,2
DA:801,2
DA:803,2
DA:805,2
DA:807,2
DA:885,2
DA:887,2
DA:889,2
DA:899,2
DA:901,2
DA:903,2
DA:965,2
DA:967,2
DA:970,2
DA:972,2
DA:974,2
DA:976,2
DA:977,2
DA:979,2
DA:981,2
DA:983,2
DA:985,2
DA:987,2
DA:989,2
DA:991,2
DA:992,2
DA:1070,2
DA:1072,2
DA:1074,2
DA:1084,2
DA:1086,2
DA:1088,2
DA:1143,2
DA:1145,2
DA:1148,2
DA:1150,2
DA:1152,2
DA:1154,2
DA:1156,2
DA:1158,2
DA:1160,2
DA:1162,2
DA:1164,2
DA:1166,2
DA:1168,2
DA:1170,2
DA:1172,2
DA:1174,2
DA:1176,2
DA:1178,2
DA:1256,2
DA:1258,2
DA:1260,2
DA:1270,2
DA:1272,2
DA:1274,2
DA:1329,2
DA:1331,2
DA:1334,2
DA:1336,2
DA:1338,2
DA:1416,2
DA:1418,2
DA:1420,2
DA:1430,2
DA:1432,2
DA:1434,2
DA:1494,2
DA:1496,2
DA:1499,2
DA:1500,2
DA:1501,2
DA:1502,2
DA:1503,2
DA:1508,2
DA:1513,2
DA:1591,2
DA:1593,2
DA:1595,2
DA:1605,2
DA:1607,2
DA:1609,2
DA:1664,2
DA:1666,2
DA:1669,2
DA:1670,2
DA:1671,2
DA:1672,2
DA:1673,2
DA:1674,2
DA:1675,2
DA:1676,2
DA:1677,2
DA:1678,2
DA:1679,2
DA:1680,2
DA:1681,2
DA:1759,2
DA:1761,2
DA:1763,2
DA:1773,2
DA:1775,2
DA:1777,2
DA:1832,2
DA:1834,2
DA:1837,2
DA:1839,2
DA:1841,2
DA:1842,2
DA:1847,2
DA:1848,2
DA:1853,2
DA:1855,2
DA:1857,2
DA:1859,2
DA:1861,2
DA:1863,2
DA:1864,2
DA:1866,2
DA:1944,2
DA:1946,2
DA:1948,2
DA:1958,2
DA:1960,2
DA:1962,2
DA:2017,2
DA:2019,2
DA:2022,2
DA:2023,2
DA:2024,2
DA:2025,2
DA:2026,2
DA:2104,2
DA:2106,2
DA:2108,2
DA:2118,2
DA:2120,2
DA:2122,2
DA:2182,2
DA:2184,2
DA:2187,2
DA:2189,2
DA:2191,2
DA:2193,2
DA:2195,2
DA:2197,2
DA:2199,2
DA:2201,2
DA:2203,2
DA:2205,2
DA:2283,2
DA:2285,2
DA:2287,2
DA:2297,2
DA:2299,2
DA:2301,2
DA:2361,2
DA:2363,2
DA:2366,2
DA:2367,2
DA:2368,2
DA:2369,2
DA:2374,2
DA:2375,2
DA:2380,2
DA:2382,2
DA:2384,2
DA:2462,2
DA:2464,2
DA:2466,2
DA:2476,2
DA:2478,2
DA:2480,2
DA:2535,2
DA:2537,2
DA:2540,2
DA:2541,2
DA:2542,2
DA:2543,2
DA:2544,2
DA:2622,2
DA:2624,2
DA:2626,2
DA:2636,2
DA:2638,2
DA:2640,2
DA:2700,2
DA:2702,2
DA:2705,2
DA:2707,2
DA:2708,2
DA:2709,2
DA:2787,2
DA:2789,2
DA:2791,2
DA:2801,2
DA:2803,2
DA:2805,2
DA:2865,2
DA:2867,2
DA:2870,2
DA:2872,2
DA:2874,2
DA:2876,2
DA:2878,2
DA:2880,2
DA:2882,2
DA:2960,2
DA:2962,2
DA:2964,2
DA:2974,2
DA:2976,2
DA:2978,2
DA:3038,2
DA:3040,2
DA:3043,2
DA:3045,2
DA:3047,2
DA:3049,2
DA:3051,2
DA:3053,2
DA:3054,2
DA:3132,2
DA:3134,2
DA:3136,2
DA:3146,2
DA:3148,2
DA:3150,2
DA:3205,2
DA:3207,2
DA:3210,2
DA:3212,2
DA:3214,2
DA:3216,2
DA:3294,2
DA:3296,2
DA:3298,2
DA:3308,2
DA:3310,2
DA:3312,2
DA:3372,2
DA:3374,2
DA:3377,2
DA:3379,2
DA:3381,2
DA:3383,2
DA:3385,2
DA:3463,2
DA:3465,2
DA:3467,2
DA:3477,2
DA:3479,2
DA:3481,2
DA:3541,2
DA:3543,2
DA:3546,2
DA:3548,2
DA:3549,2
DA:3550,2
DA:3552,2
DA:3557,2
DA:3559,2
DA:3560,2
DA:3561,2
DA:3562,2
DA:3567,2
DA:3645,2
DA:3647,2
DA:3649,2
DA:3659,2
DA:3661,2
DA:3663,2
DA:3723,2
DA:3725,2
DA:3728,2
DA:3729,2
DA:3731,2
DA:3732,2
DA:3733,2
DA:3811,2
DA:3813,2
DA:3815,2
DA:3825,2
DA:3827,2
DA:3829,2
DA:3884,2
DA:3886,2
DA:3955,2
DA:3957,2
DA:3959,2
DA:3969,2
DA:3971,2
DA:3973,2
DA:4028,2
DA:4030,2
DA:4099,2
DA:4101,2
DA:4103,2
DA:4113,2
DA:4115,2
DA:4117,2
DA:4172,2
DA:4174,2
DA:4243,2
DA:4245,2
DA:4247,2
DA:4257,2
DA:4259,2
DA:4261,2
DA:4316,2
DA:4318,2
DA:4387,2
DA:4389,2
DA:4391,2
DA:4401,2
DA:4403,2
DA:4405,2
DA:4460,2
DA:4462,2
DA:4531,2
DA:4533,2
DA:4535,2
DA:4545,2
DA:4547,2
DA:4549,2
DA:4604,2
DA:4606,2
DA:4675,2
DA:4677,2
DA:4679,2
DA:4689,2
DA:4691,2
DA:4693,2
DA:4753,2
DA:4755,2
DA:4758,2
DA:4759,2
DA:4760,2
DA:4761,2
DA:4762,2
DA:4763,2
DA:4764,2
DA:4766,2
DA:4844,2
DA:4846,2
DA:4848,2
DA:4858,2
DA:4860,2
DA:4862,2
DA:4917,2
DA:4919,2
DA:4922,2
DA:4924,2
DA:4926,2
DA:4928,2
DA:4930,2
DA:5008,2
DA:5010,2
DA:5012,2
DA:5022,2
DA:5024,2
DA:5026,2
DA:5086,2
DA:5088,2
DA:5091,2
DA:5092,2
DA:5093,2
DA:5094,2
DA:5095,2
DA:5096,2
DA:5097,2
DA:5098,2
DA:5176,2
DA:5178,2
DA:5180,2
DA:5190,2
DA:5192,2
DA:5194,2
DA:5254,2
DA:5256,2
DA:5259,2
DA:5261,2
DA:5263,2
DA:5265,2
DA:5267,2
DA:5345,2
DA:5347,2
DA:5349,2
DA:5359,2
DA:5361,2
DA:5363,2
DA:5418,2
DA:5420,2
DA:5423,2
DA:5424,2
DA:5426,2
DA:5504,2
DA:5506,2
DA:5508,2
DA:5518,2
DA:5520,2
DA:5522,2
DA:5694,2
DA:5696,2
DA:5698,2
DA:5813,2
DA:5815,2
DA:5817,2
DA:5917,2
DA:5919,2
DA:5921,2
DA:5923,2
DA:5925,2
DA:5981,2
DA:5983,2
DA:5985,2
DA:5987,2
DA:5989,2
DA:6115,2
DA:6117,2
DA:6196,2
DA:6198,2
DA:6200,2
DA:6254,2
DA:6256,2
DA:6258,2
DA:6349,2
DA:6351,2
DA:6423,2
DA:6425,2
DA:6427,2
DA:6437,2
DA:6439,2
DA:6441,2
DA:6522,2
DA:6524,2
DA:6526,2
DA:6528,2
DA:6530,2
DA:6532,2
DA:6545,2
DA:6547,2
DA:6549,2
DA:6551,2
DA:6553,2
DA:6555,2
DA:6952,2
DA:6954,2
DA:6956,2
DA:7066,2
DA:7068,2
DA:7155,2
DA:7157,2
DA:7159,2
DA:7161,2
DA:7232,2
DA:7234,2
DA:7236,2
DA:7238,2
DA:7363,2
DA:7365,2
DA:7367,2
DA:7369,2
DA:7371,2
DA:7373,2
DA:7430,2
DA:7432,2
DA:7434,2
DA:7436,2
DA:7438,2
DA:7440,2
DA:7642,2
DA:7644,2
DA:7857,2
DA:7859,2
DA:7861,2
DA:7863,2
DA:7865,2
DA:7867,2
DA:7869,2
DA:7871,2
DA:7873,2
DA:7875,2
DA:7877,2
DA:7879,2
DA:7881,2
DA:7883,2
DA:7885,2
DA:7887,2
DA:7889,2
DA:7891,2
DA:7893,2
DA:7895,2
DA:7897,2
DA:7899,2
DA:7901,2
DA:8031,2
DA:8033,2
DA:8035,2
DA:8037,2
DA:8039,2
DA:8041,2
DA:8043,2
DA:8045,2
DA:8047,2
DA:8049,2
DA:8051,2
DA:8053,2
DA:8055,2
DA:8057,2
DA:8059,2
DA:8061,2
DA:8063,2
DA:8065,2
DA:8067,2
DA:8069,2
DA:8071,2
DA:8073,2
DA:8075,2
DA:8154,2
DA:8156,2
DA:8318,2
DA:8320,2
DA:8509,2
DA:8511,2
DA:8513,2
DA:8515,2
DA:8517,2
DA:8519,2
DA:8521,2
DA:8523,2
DA:8525,2
DA:8527,2
DA:8529,2
DA:8531,2
DA:8533,2
DA:8535,2
DA:8537,2
DA:8539,2
DA:8541,2
DA:8543,2
DA:8545,2
DA:8547,2
DA:8658,2
DA:8660,2
DA:8662,2
DA:8664,2
DA:8666,2
DA:8668,2
DA:8670,2
DA:8672,2
DA:8674,2
DA:8676,2
DA:8678,2
DA:8680,2
DA:8682,2
DA:8684,2
DA:8686,2
DA:8688,2
DA:8690,2
DA:8692,2
DA:8694,2
DA:8696,2
DA:8841,2
DA:8843,2
DA:8917,2
DA:8919,2
DA:8921,2
DA:8975,2
DA:8977,2
DA:8979,2
DA:9109,2
DA:9111,2
DA:9199,2
DA:9201,2
DA:9203,2
DA:9205,2
DA:9207,2
DA:9209,2
DA:9211,2
DA:9213,2
DA:9272,2
DA:9274,2
DA:9276,2
DA:9278,2
DA:9280,2
DA:9282,2
DA:9284,2
DA:9286,2
DA:9409,2
DA:9411,2
DA:9618,2
DA:9620,2
DA:9823,2
DA:9825,2
DA:9827,2
DA:9829,2
DA:9831,2
DA:9833,2
DA:9835,2
DA:9837,2
DA:9839,2
DA:9841,2
DA:9843,2
DA:9845,2
DA:9847,2
DA:9849,2
DA:9851,2
DA:9853,2
DA:9855,2
DA:9857,2
DA:9859,2
DA:9861,2
DA:9863,2
DA:9865,2
DA:9867,2
DA:9869,2
DA:9871,2
DA:9873,2
DA:9875,2
DA:9877,2
DA:9879,2
DA:10031,2
DA:10033,2
DA:10035,2
DA:10037,2
DA:10039,2
DA:10041,2
DA:10043,2
DA:10045,2
DA:10047,2
DA:10049,2
DA:10051,2
DA:10053,2
DA:10055,2
DA:10057,2
DA:10059,2
DA:10061,2
DA:10063,2
DA:10065,2
DA:10067,2
DA:10069,2
DA:10071,2
DA:10073,2
DA:10075,2
DA:10077,2
DA:10079,2
DA:10081,2
DA:10083,2
DA:10085,2
DA:10087,2
DA:10245,2
DA:10247,2
DA:10249,2
DA:10251,2
DA:10253,2
DA:10255,2
DA:10257,2
DA:10315,2
DA:10317,2
DA:10319,2
DA:10321,2
DA:10323,2
DA:10325,2
DA:10327,2
DA:10498,2
DA:10500,2
DA:10670,2
DA:10672,2
DA:10674,2
DA:10676,2
DA:10678,2
DA:10680,2
DA:10682,2
DA:10684,2
DA:10686,2
DA:10688,2
DA:10690,2
DA:10692,2
DA:10694,2
DA:10696,2
DA:10698,2
DA:10700,2
DA:10702,2
DA:10704,2
DA:10706,2
DA:10708,2
DA:10859,2
DA:10861,2
DA:10863,2
DA:10865,2
DA:10867,2
DA:10869,2
DA:10871,2
DA:10873,2
DA:10875,2
DA:10877,2
DA:10879,2
DA:10881,2
DA:10883,2
DA:10885,2
DA:10887,2
DA:10889,2
DA:10891,2
DA:10893,2
DA:10895,2
DA:10897,2
DA:11107,2
DA:11109,2
DA:11229,2
DA:11231,2
DA:11233,2
DA:11235,2
DA:11237,2
DA:11239,2
DA:11241,2
DA:11243,2
DA:11245,2
DA:11247,2
DA:11249,2
DA:11251,2
DA:11253,2
DA:11255,2
DA:11352,2
DA:11354,2
DA:11356,2
DA:11358,2
DA:11360,2
DA:11362,2
DA:11364,2
DA:11366,2
DA:11368,2
DA:11370,2
DA:11372,2
DA:11374,2
DA:11376,2
DA:11378,2
DA:11525,2
DA:11527,2
DA:11529,2
DA:11531,2
DA:11586,2
DA:11588,2
DA:11590,2
DA:11592,2
DA:11860,2
DA:11862,2
DA:11864,2
DA:11866,2
DA:11868,2
DA:11870,2
DA:11872,2
DA:11874,2
DA:11876,2
DA:11878,2
DA:11880,2
DA:12276,2
DA:12278,2
DA:12280,2
DA:12401,2
DA:12403,2
DA:12478,2
DA:12480,2
DA:12482,2
DA:12536,2
DA:12538,2
DA:12540,2
DA:12676,2
DA:12678,2
DA:12680,2
DA:12682,2
DA:12684,2
DA:12686,2
DA:12688,2
DA:12690,2
DA:12692,2
DA:12694,2
DA:12887,2
DA:12889,2
DA:12891,2
DA:13004,2
DA:13006,2
DA:13008,2
DA:13010,2
DA:13012,2
DA:13014,2
DA:13079,2
DA:13081,2
DA:13083,2
DA:13085,2
DA:13087,2
DA:13089,2
DA:13132,2
DA:13134,2
DA:13136,2
DA:13138,2
DA:13140,2
DA:13142,2
DA:13144,2
DA:13146,2
DA:13148,2
DA:13150,2
DA:13311,2
DA:13313,2
DA:13315,2
DA:13463,2
DA:13465,2
DA:13467,2
DA:13585,2
DA:13587,2
DA:13589,2
DA:13591,2
DA:13593,2
DA:13595,2
DA:13597,2
DA:13599,2
DA:13601,2
DA:13677,2
DA:13679,2
DA:13681,2
DA:13683,2
DA:13685,2
DA:13687,2
DA:13689,2
DA:13691,2
DA:13693,2
DA:13813,2
DA:13815,2
DA:13817,2
DA:13819,2
DA:13821,2
DA:13885,2
DA:13887,2
DA:13889,2
DA:13891,2
DA:13893,2
DA:17615,2
DA:17617,2
DA:17619,2
DA:17621,2
DA:17623,2
DA:17625,2
DA:17627,2
DA:17631,2
DA:17633,2
DA:17802,2
DA:17804,2
DA:17806,2
DA:17808,2
DA:17810,2
DA:17812,2
DA:17814,2
DA:17961,2
DA:17963,2
DA:17965,2
DA:17967,2
DA:17969,2
DA:17971,2
DA:17973,2
DA:17975,2
DA:17977,2
DA:17979,2
DA:17981,2
DA:17983,2
DA:18118,2
DA:18120,2
DA:18122,2
DA:18124,2
DA:18126,2
DA:18128,2
DA:18130,2
DA:18132,2
DA:18134,2
DA:18136,2
DA:18138,2
DA:18140,2
DA:18339,2
DA:18341,2
DA:18343,2
DA:18345,2
DA:18347,2
DA:18349,2
DA:18351,2
DA:18353,2
DA:18355,2
DA:18357,2
DA:18359,2
DA:18361,2
DA:18464,2
DA:18466,2
DA:18468,2
DA:18470,2
DA:18472,2
DA:18474,2
DA:18476,2
DA:18478,2
DA:18480,2
DA:18482,2
DA:18484,2
DA:18486,2
DA:18633,2
DA:18635,2
DA:18711,2
DA:18713,2
DA:18715,2
DA:18717,2
DA:18772,2
DA:18774,2
DA:18776,2
DA:18778,2
DA:18905,2
DA:18907,2
DA:19004,2
DA:19006,2
DA:19008,2
DA:19010,2
DA:19012,2
DA:19014,2
DA:19095,2
DA:19097,2
DA:19099,2
DA:19101,2
DA:19103,2
DA:19105,2
DA:19265,2
DA:19267,2
DA:19378,2
DA:19380,2
DA:19382,2
DA:19384,2
DA:19386,2
DA:19388,2
DA:19390,2
DA:19392,2
DA:19394,2
DA:19396,2
DA:19398,2
DA:19484,2
DA:19486,2
DA:19488,2
DA:19490,2
DA:19492,2
DA:19494,2
DA:19496,2
DA:19498,2
DA:19500,2
DA:19502,2
DA:19504,2
DA:21830,2
DA:21832,2
DA:21932,2
DA:21934,2
DA:21936,2
DA:21938,2
DA:21940,2
DA:21942,2
DA:21999,2
DA:22001,2
DA:22003,2
DA:22005,2
DA:22007,2
DA:22009,2
DA:22194,2
DA:22196,2
DA:22198,2
DA:22310,2
DA:22312,2
DA:22314,2
DA:22316,2
DA:22318,2
DA:22320,2
DA:22322,2
DA:22324,2
DA:22399,2
DA:22401,2
DA:22403,2
DA:22405,2
DA:22407,2
DA:22409,2
DA:22411,2
DA:22413,2
DA:22585,2
DA:22587,2
DA:22705,2
DA:22707,2
DA:22709,2
DA:22711,2
DA:22713,2
DA:22715,2
DA:22717,2
DA:22719,2
DA:22721,2
DA:22723,2
DA:22832,2
DA:22834,2
DA:22836,2
DA:22838,2
DA:22840,2
DA:22842,2
DA:22844,2
DA:22846,2
DA:22848,2
DA:22850,2
DA:23011,2
DA:23013,2
DA:23015,2
DA:23110,2
DA:23112,2
DA:23114,2
DA:23116,2
DA:23118,2
DA:23120,2
DA:23122,2
DA:23188,2
DA:23190,2
DA:23192,2
DA:23194,2
DA:23196,2
DA:23198,2
DA:23200,2
DA:25488,2
DA:25490,2
DA:25492,2
DA:25566,2
DA:25568,2
DA:25570,2
DA:25624,2
DA:25626,2
DA:25628,2
DA:25865,2
DA:25867,2
DA:26007,2
DA:26009,2
DA:26011,2
DA:26111,2
DA:26113,2
DA:26115,2
DA:26117,2
DA:26119,2
DA:26121,2
DA:26194,2
DA:26196,2
DA:26198,2
DA:26200,2
DA:26202,2
DA:26204,2
DA:26325,2
DA:26327,2
DA:26329,2
DA:26331,2
DA:26333,2
DA:26389,2
DA:26391,2
DA:26393,2
DA:26395,2
DA:26397,2
DA:27607,2
DA:27621,2
DA:27629,2
DA:27637,2
DA:27649,2
DA:27660,2
DA:27667,2
DA:27703,2
DA:27714,2
DA:27728,2
DA:27743,2
DA:27759,2
DA:27774,2
DA:27783,2
DA:27791,2
DA:27817,2
DA:27828,2
DA:27833,0
DA:27861,2
DA:27862,0
DA:27867,2
DA:27888,2
DA:27893,0
DA:27915,2
DA:27916,0
DA:27918,2
DA:27919,0
DA:27924,2
DA:27945,2
DA:27950,0
DA:27971,2
DA:27972,0
DA:27974,2
DA:27975,0
DA:27980,2
DA:27993,2
DA:27998,0
DA:28021,2
DA:28022,0
DA:28024,2
DA:28025,0
DA:28030,2
DA:28040,2
DA:28045,0
DA:28066,2
DA:28067,0
DA:28069,2
DA:28070,0
DA:28075,2
DA:28085,2
DA:28090,0
DA:28112,2
DA:28113,0
DA:28115,2
DA:28116,0
DA:28121,2
DA:28131,2
DA:28136,0
DA:28158,2
DA:28159,0
DA:28161,2
DA:28162,0
DA:28167,2
DA:28177,2
DA:28182,0
DA:28203,2
DA:28204,0
DA:28206,2
DA:28207,0
DA:28212,2
DA:28222,2
DA:28227,0
DA:28248,2
DA:28249,0
DA:28251,2
DA:28252,0
DA:28257,2
DA:28271,2
DA:28276,0
DA:28304,2
DA:28305,0
DA:28310,2
DA:28325,2
DA:28330,0
DA:28358,2
DA:28359,0
DA:28364,2
DA:28374,2
DA:28379,0
DA:28400,2
DA:28401,0
DA:28403,2
DA:28404,0
DA:28409,2
DA:28421,2
DA:28426,0
DA:28448,2
DA:28449,0
DA:28451,2
DA:28452,0
DA:28457,2
DA:28467,2
DA:28472,0
DA:28494,2
DA:28495,0
DA:28497,2
DA:28498,0
DA:28503,2
DA:28514,2
DA:28519,0
DA:28544,2
DA:28545,0
DA:28550,2
DA:28561,2
DA:28566,0
DA:28591,2
DA:28592,0
DA:28597,2
DA:28610,2
DA:28615,0
DA:28640,2
DA:28641,0
DA:28646,2
DA:28657,2
DA:28662,0
DA:28685,2
DA:28686,0
DA:28691,2
DA:28709,2
DA:28714,0
DA:28740,2
DA:28741,0
DA:28746,2
DA:28756,2
DA:28761,0
DA:28782,2
DA:28783,0
DA:28785,2
DA:28786,0
DA:28791,2
DA:28811,2
DA:28816,0
DA:28839,2
DA:28840,0
DA:28842,2
DA:28843,0
DA:28848,2
DA:28858,2
DA:28863,0
DA:28885,2
DA:28886,0
DA:28888,2
DA:28889,0
DA:28894,2
DA:28905,2
DA:28910,0
DA:28940,2
DA:28941,0
DA:28946,2
DA:28957,2
DA:28962,0
DA:28991,2
DA:28992,0
DA:28997,2
DA:29008,2
DA:29013,0
DA:29036,2
DA:29037,0
DA:29042,2
DA:29054,2
DA:29059,0
DA:29082,2
DA:29083,0
DA:29085,2
DA:29086,0
DA:29091,2
DA:29103,2
DA:29108,0
DA:29129,2
DA:29130,0
DA:29132,2
DA:29133,0
DA:29138,2
DA:29201,2
DA:29206,0
DA:29228,2
DA:29229,0
DA:29231,2
DA:29232,0
DA:29237,2
DA:29250,2
DA:29255,0
DA:29291,2
DA:29292,0
DA:29297,2
DA:29310,2
DA:29315,0
DA:29348,2
DA:29349,0
DA:29354,2
DA:29365,2
DA:29370,0
DA:29393,2
DA:29394,0
DA:29399,2
DA:29409,2
DA:29414,0
DA:29437,2
DA:29438,0
DA:29440,2
DA:29441,0
DA:29446,2
DA:29456,2
DA:29461,0
DA:29487,2
DA:29488,0
DA:29490,2
DA:29491,0
DA:29496,2
DA:29507,2
DA:29512,0
DA:29545,2
DA:29546,0
DA:29551,2
DA:29573,2
DA:29578,0
DA:29599,2
DA:29600,0
DA:29602,2
DA:29603,0
DA:29608,2
DA:29619,2
DA:29624,0
DA:29647,2
DA:29648,0
DA:29653,2
DA:29665,2
DA:29670,0
DA:29691,2
DA:29692,0
DA:29694,2
DA:29695,0
DA:29700,2
DA:29712,2
DA:29717,0
DA:29739,2
DA:29740,0
DA:29742,2
DA:29743,0
DA:29748,2
DA:29760,2
DA:29765,0
DA:29787,2
DA:29788,0
DA:29790,2
DA:29791,0
DA:29796,2
DA:29807,2
DA:29812,0
DA:29840,2
DA:29841,0
DA:29846,2
DA:29857,2
DA:29862,0
DA:29891,2
DA:29892,0
DA:29897,2
DA:29908,2
DA:29913,0
DA:29936,2
DA:29937,0
DA:29942,2
DA:29955,2
DA:29960,0
DA:29981,2
DA:29982,0
DA:29984,2
DA:29985,0
DA:29990,2
DA:30002,2
DA:30007,0
DA:30029,2
DA:30030,0
DA:30032,2
DA:30033,0
DA:30038,2
DA:30048,2
DA:30053,0
DA:30075,2
DA:30076,0
DA:30078,2
DA:30079,0
DA:30084,2
DA:30095,2
DA:30100,0
DA:30126,2
DA:30127,0
DA:30132,2
DA:30145,2
DA:30150,0
DA:30176,2
DA:30177,0
DA:30182,2
DA:30193,2
DA:30198,0
DA:30221,2
DA:30222,0
DA:30227,2
DA:30237,2
DA:30242,0
DA:30263,2
DA:30264,0
DA:30266,2
DA:30267,0
DA:30272,2
DA:30293,2
DA:30298,0
DA:30321,2
DA:30322,0
DA:30324,2
DA:30325,0
DA:30330,2
DA:30340,2
DA:30345,0
DA:30367,2
DA:30368,0
DA:30370,2
DA:30371,0
DA:30376,2
DA:30387,2
DA:30392,0
DA:30419,2
DA:30420,0
DA:30425,2
DA:30436,2
DA:30441,0
DA:30467,2
DA:30468,0
DA:30473,2
DA:30484,2
DA:30489,0
DA:30512,2
DA:30513,0
DA:30518,2
DA:30528,2
DA:30533,0
DA:30555,2
DA:30556,0
DA:30558,2
DA:30559,0
DA:30564,2
DA:30574,2
DA:30579,0
DA:30601,2
DA:30602,0
DA:30604,2
DA:30605,0
DA:30610,2
DA:30620,2
DA:30625,0
DA:30647,2
DA:30648,0
DA:30650,2
DA:30651,0
DA:30656,2
DA:30669,2
DA:30674,0
DA:30696,2
DA:30697,0
DA:30699,2
DA:30700,0
DA:30705,2
DA:30722,2
DA:30727,0
DA:30748,2
DA:30749,0
DA:30751,2
DA:30752,0
DA:30757,2
DA:30767,2
DA:30772,0
DA:30793,2
DA:30794,0
DA:30796,2
DA:30797,0
DA:30802,2
DA:30813,2
DA:30818,0
DA:30868,2
DA:30869,0
DA:30874,2
DA:30885,2
DA:30890,0
DA:30911,2
DA:30912,0
DA:30914,2
DA:30915,0
DA:30920,2
DA:30931,2
DA:30936,0
DA:30986,2
DA:30987,0
LF:1570
LH:1408
BRDA:70,0,0,2
BRDA:70,0,1,2
BRDA:155,1,0,2
BRDA:155,1,1,2
BRDA:188,2,0,2
BRDA:188,2,1,2
BRDA:282,3,0,2
BRDA:282,3,1,2
BRDA:353,4,0,2
BRDA:353,4,1,2
BRDA:367,5,0,2
BRDA:367,5,1,2
BRDA:426,6,0,2
BRDA:426,6,1,2
BRDA:433,7,0,2
BRDA:433,7,1,2
BRDA:518,8,0,2
BRDA:518,8,1,2
BRDA:532,9,0,2
BRDA:532,9,1,2
BRDA:591,10,0,2
BRDA:591,10,1,2
BRDA:596,11,0,2
BRDA:596,11,1,2
BRDA:678,12,0,2
BRDA:678,12,1,2
BRDA:692,13,0,2
BRDA:692,13,1,2
BRDA:756,14,0,2
BRDA:756,14,1,2
BRDA:761,15,0,2
BRDA:761,15,1,2
BRDA:885,16,0,2
BRDA:885,16,1,2
BRDA:899,17,0,2
BRDA:899,17,1,2
BRDA:965,18,0,2
BRDA:965,18,1,2
BRDA:970,19,0,2
BRDA:970,19,1,2
BRDA:1070,20,0,2
BRDA:1070,20,1,2
BRDA:1084,21,0,2
BRDA:1084,21,1,2
BRDA:1143,22,0,2
BRDA:1143,22,1,2
BRDA:1148,23,0,2
BRDA:1148,23,1,2
BRDA:1256,24,0,2
BRDA:1256,24,1,2
BRDA:1270,25,0,2
BRDA:1270,25,1,2
BRDA:1329,26,0,2
BRDA:1329,26,1,2
BRDA:1334,27,0,2
BRDA:1334,27,1,2
BRDA:1416,28,0,2
BRDA:1416,28,1,2
BRDA:1430,29,0,2
BRDA:1430,29,1,2
BRDA:1494,30,0,2
BRDA:1494,30,1,2
BRDA:1499,31,0,2
BRDA:1499,31,1,2
BRDA:1591,32,0,2
BRDA:1591,32,1,2
BRDA:1605,33,0,2
BRDA:1605,33,1,2
BRDA:1664,34,0,2
BRDA:1664,34,1,2
BRDA:1669,35,0,2
BRDA:1669,35,1,2
BRDA:1759,36,0,2
BRDA:1759,36,1,2
BRDA:1773,37,0,2
BRDA:1773,37,1,2
BRDA:1832,38,0,2
BRDA:1832,38,1,2
BRDA:1837,39,0,2
BRDA:1837,39,1,2
BRDA:1944,40,0,2
BRDA:1944,40,1,2
BRDA:1958,41,0,2
BRDA:1958,41,1,2
BRDA:2017,42,0,2
BRDA:2017,42,1,2
BRDA:2022,43,0,2
BRDA:2022,43,1,2
BRDA:2104,44,0,2
BRDA:2104,44,1,2
BRDA:2118,45,0,2
BRDA:2118,45,1,2
BRDA:2182,46,0,2
BRDA:2182,46,1,2
BRDA:2187,47,0,2
BRDA:2187,47,1,2
BRDA:2283,48,0,2
BRDA:2283,48,1,2
BRDA:2297,49,0,2
BRDA:2297,49,1,2
BRDA:2361,50,0,2
BRDA:2361,50,1,2
BRDA:2366,51,0,2
BRDA:2366,51,1,2
BRDA:2462,52,0,2
BRDA:2462,52,1,2
BRDA:2476,53,0,2
BRDA:2476,53,1,2
BRDA:2535,54,0,2
BRDA:2535,54,1,2
BRDA:2540,55,0,2
BRDA:2540,55,1,2
BRDA:2622,56,0,2
BRDA:2622,56,1,2
BRDA:2636,57,0,2
BRDA:2636,57,1,2
BRDA:2700,58,0,2
BRDA:2700,58,1,2
BRDA:2705,59,0,2
BRDA:2705,59,1,2
BRDA:2787,60,0,2
BRDA:2787,60,1,2
BRDA:2801,61,0,2
BRDA:2801,61,1,2
BRDA:2865,62,0,2
BRDA:2865,62,1,2
BRDA:2870,63,0,2
BRDA:2870,63,1,2
BRDA:2960,64,0,2
BRDA:2960,64,1,2
BRDA:2974,65,0,2
BRDA:2974,65,1,2
BRDA:3038,66,0,2
BRDA:3038,66,1,2
BRDA:3043,67,0,2
BRDA:3043,67,1,2
BRDA:3132,68,0,2
BRDA:3132,68,1,2
BRDA:3146,69,0,2
BRDA:3146,69,1,2
BRDA:3205,70,0,2
BRDA:3205,70,1,2
BRDA:3210,71,0,2
BRDA:3210,71,1,2
BRDA:3294,72,0,2
BRDA:3294,72,1,2
BRDA:3308,73,0,2
BRDA:3308,73,1,2
BRDA:3372,74,0,2
BRDA:3372,74,1,2
BRDA:3377,75,0,2
BRDA:3377,75,1,2
BRDA:3463,76,0,2
BRDA:3463,76,1,2
BRDA:3477,77,0,2
BRDA:3477,77,1,2
BRDA:3541,78,0,2
BRDA:3541,78,1,2
BRDA:3546,79,0,2
BRDA:3546,79,1,2
BRDA:3645,80,0,2
BRDA:3645,80,1,2
BRDA:3659,81,0,2
BRDA:3659,81,1,2
BRDA:3723,82,0,2
BRDA:3723,82,1,2
BRDA:3728,83,0,2
BRDA:3728,83,1,2
BRDA:3811,84,0,2
BRDA:3811,84,1,2
BRDA:3825,85,0,2
BRDA:3825,85,1,2
BRDA:3884,86,0,2
BRDA:3884,86,1,2
BRDA:3955,87,0,2
BRDA:3955,87,1,2
BRDA:3969,88,0,2
BRDA:3969,88,1,2
BRDA:4028,89,0,2
BRDA:4028,89,1,2
BRDA:4099,90,0,2
BRDA:4099,90,1,2
BRDA:4113,91,0,2
BRDA:4113,91,1,2
BRDA:4172,92,0,2
BRDA:4172,92,1,2
BRDA:4243,93,0,2
BRDA:4243,93,1,2
BRDA:4257,94,0,2
BRDA:4257,94,1,2
BRDA:4316,95,0,2
BRDA:4316,95,1,2
BRDA:4387,96,0,2
BRDA:4387,96,1,2
BRDA:4401,97,0,2
BRDA:4401,97,1,2
BRDA:4460,98,0,2
BRDA:4460,98,1,2
BRDA:4531,99,0,2
BRDA:4531,99,1,2
BRDA:4545,100,0,2
BRDA:4545,100,1,2
BRDA:4604,101,0,2
BRDA:4604,101,1,2
BRDA:4675,102,0,2
BRDA:4675,102,1,2
BRDA:4689,103,0,2
BRDA:4689,103,1,2
BRDA:4753,104,0,2
BRDA:4753,104,1,2
BRDA:4758,105,0,2
BRDA:4758,105,1,2
BRDA:4844,106,0,2
BRDA:4844,106,1,2
BRDA:4858,107,0,2
BRDA:4858,107,1,2
BRDA:4917,108,0,2
BRDA:4917,108,1,2
BRDA:4922,109,0,2
BRDA:4922,109,1,2
BRDA:5008,110,0,2
BRDA:5008,110,1,2
BRDA:5022,111,0,2
BRDA:5022,111,1,2
BRDA:5086,112,0,2
BRDA:5086,112,1,2
BRDA:5091,113,0,2
BRDA:5091,113,1,2
BRDA:5176,114,0,2
BRDA:5176,114,1,2
BRDA:5190,115,0,2
BRDA:5190,115,1,2
BRDA:5254,116,0,2
BRDA:5254,116,1,2
BRDA:5259,117,0,2
BRDA:5259,117,1,2
BRDA:5345,118,0,2
BRDA:5345,118,1,2
BRDA:5359,119,0,2
BRDA:5359,119,1,2
BRDA:5418,120,0,2
BRDA:5418,120,1,2
BRDA:5423,121,0,2
BRDA:5423,121,1,2
BRDA:5504,122,0,2
BRDA:5504,122,1,2
BRDA:5518,123,0,2
BRDA:5518,123,1,2
BRDA:5694,124,0,2
BRDA:5694,124,1,2
BRDA:5813,125,0,2
BRDA:5813,125,1,2
BRDA:5917,126,0,2
BRDA:5917,126,1,2
BRDA:5981,127,0,2
BRDA:5981,127,1,2
BRDA:6115,128,0,2
BRDA:6115,128,1,2
BRDA:6196,129,0,2
BRDA:6196,129,1,2
BRDA:6254,130,0,2
BRDA:6254,130,1,2
BRDA:6349,131,0,2
BRDA:6349,131,1,2
BRDA:6423,132,0,2
BRDA:6423,132,1,2
BRDA:6437,133,0,2
BRDA:6437,133,1,2
BRDA:6522,134,0,2
BRDA:6522,134,1,2
BRDA:6545,135,0,2
BRDA:6545,135,1,2
BRDA:6952,136,0,2
BRDA:6952,136,1,2
BRDA:7066,137,0,2
BRDA:7066,137,1,2
BRDA:7155,138,0,2
BRDA:7155,138,1,2
BRDA:7232,139,0,2
BRDA:7232,139,1,2
BRDA:7363,140,0,2
BRDA:7363,140,1,2
BRDA:7430,141,0,2
BRDA:7430,141,1,2
BRDA:7642,142,0,2
BRDA:7642,142,1,2
BRDA:7857,143,0,2
BRDA:7857,143,1,2
BRDA:8031,144,0,2
BRDA:8031,144,1,2
BRDA:8154,145,0,2
BRDA:8154,145,1,2
BRDA:8318,146,0,2
BRDA:8318,146,1,2
BRDA:8509,147,0,2
BRDA:8509,147,1,2
BRDA:8658,148,0,2
BRDA:8658,148,1,2
BRDA:8841,149,0,2
BRDA:8841,149,1,2
BRDA:8917,150,0,2
BRDA:8917,150,1,2
BRDA:8975,151,0,2
BRDA:8975,151,1,2
BRDA:9109,152,0,2
BRDA:9109,152,1,2
BRDA:9199,153,0,2
BRDA:9199,153,1,2
BRDA:9272,154,0,2
BRDA:9272,154,1,2
BRDA:9409,155,0,2
BRDA:9409,155,1,2
BRDA:9618,156,0,2
BRDA:9618,156,1,2
BRDA:9823,157,0,2
BRDA:9823,157,1,2
BRDA:10031,158,0,2
BRDA:10031,158,1,2
BRDA:10245,159,0,2
BRDA:10245,159,1,2
BRDA:10315,160,0,2
BRDA:10315,160,1,2
BRDA:10498,161,0,2
BRDA:10498,161,1,2
BRDA:10670,162,0,2
BRDA:10670,162,1,2
BRDA:10859,163,0,2
BRDA:10859,163,1,2
BRDA:11107,164,0,2
BRDA:11107,164,1,2
BRDA:11229,165,0,2
BRDA:11229,165,1,2
BRDA:11352,166,0,2
BRDA:11352,166,1,2
BRDA:11525,167,0,2
BRDA:11525,167,1,2
BRDA:11586,168,0,2
BRDA:11586,168,1,2
BRDA:11860,169,0,2
BRDA:11860,169,1,2
BRDA:12276,170,0,2
BRDA:12276,170,1,2
BRDA:12401,171,0,2
BRDA:12401,171,1,2
BRDA:12478,172,0,2
BRDA:12478,172,1,2
BRDA:12536,173,0,2
BRDA:12536,173,1,2
BRDA:12676,174,0,2
BRDA:12676,174,1,2
BRDA:12887,175,0,2
BRDA:12887,175,1,2
BRDA:13004,176,0,2
BRDA:13004,176,1,2
BRDA:13079,177,0,2
BRDA:13079,177,1,2
BRDA:13132,178,0,2
BRDA:13132,178,1,2
BRDA:13311,179,0,2
BRDA:13311,179,1,2
BRDA:13463,180,0,2
BRDA:13463,180,1,2
BRDA:13585,181,0,2
BRDA:13585,181,1,2
BRDA:13677,182,0,2
BRDA:13677,182,1,2
BRDA:13813,183,0,2
BRDA:13813,183,1,2
BRDA:13885,184,0,2
BRDA:13885,184,1,2
BRDA:17615,185,0,2
BRDA:17615,185,1,2
BRDA:17631,186,0,2
BRDA:17631,186,1,2
BRDA:17802,187,0,2
BRDA:17802,187,1,2
BRDA:17961,188,0,2
BRDA:17961,188,1,2
BRDA:18118,189,0,2
BRDA:18118,189,1,2
BRDA:18339,190,0,2
BRDA:18339,190,1,2
BRDA:18464,191,0,2
BRDA:18464,191,1,2
BRDA:18633,192,0,2
BRDA:18633,192,1,2
BRDA:18711,193,0,2
BRDA:18711,193,1,2
BRDA:18772,194,0,2
BRDA:18772,194,1,2
BRDA:18905,195,0,2
BRDA:18905,195,1,2
BRDA:19004,196,0,2
BRDA:19004,196,1,2
BRDA:19095,197,0,2
BRDA:19095,197,1,2
BRDA:19265,198,0,2
BRDA:19265,198,1,2
BRDA:19378,199,0,2
BRDA:19378,199,1,2
BRDA:19484,200,0,2
BRDA:19484,200,1,2
BRDA:21830,201,0,2
BRDA:21830,201,1,2
BRDA:21932,202,0,2
BRDA:21932,202,1,2
BRDA:21999,203,0,2
BRDA:21999,203,1,2
BRDA:22194,204,0,2
BRDA:22194,204,1,2
BRDA:22310,205,0,2
BRDA:22310,205,1,2
BRDA:22399,206,0,2
BRDA:22399,206,1,2
BRDA:22585,207,0,2
BRDA:22585,207,1,2
BRDA:22705,208,0,2
BRDA:22705,208,1,2
BRDA:22832,209,0,2
BRDA:22832,209,1,2
BRDA:23011,210,0,2
BRDA:23011,210,1,2
BRDA:23110,211,0,2
BRDA:23110,211,1,2
BRDA:23188,212,0,2
BRDA:23188,212,1,2
BRDA:25488,213,0,2
BRDA:25488,213,1,2
BRDA:25566,214,0,2
BRDA:25566,214,1,2
BRDA:25624,215,0,2
BRDA:25624,215,1,2
BRDA:25865,216,0,2
BRDA:25865,216,1,2
BRDA:26007,217,0,2
BRDA:26007,217,1,2
BRDA:26111,218,0,2
BRDA:26111,218,1,2
BRDA:26194,219,0,2
BRDA:26194,219,1,2
BRDA:26325,220,0,2
BRDA:26325,220,1,2
BRDA:26389,221,0,2
BRDA:26389,221,1,2
BRF:444
BRH:444
end_of_record
